[1.664s] Invoking command in '/workspace/ros2_ws/src/mi_accion': PYTHONPATH=/workspace/ros2_ws/build/mi_accion/prefix_override:/usr/lib/python3/dist-packages/colcon_core/task/python/colcon_distutils_commands:/workspace/ros2_ws/install/mi_accion/lib/python3.10/site-packages:${PYTHONPATH} /usr/bin/python3 -W ignore:setup.py install is deprecated -W ignore:easy_install command is deprecated setup.py egg_info --egg-base ../../build/mi_accion build --build-base /workspace/ros2_ws/build/mi_accion/build install --record /workspace/ros2_ws/build/mi_accion/install.log --single-version-externally-managed install_data
[1.936s] running egg_info
[1.937s] writing ../../build/mi_accion/mi_accion.egg-info/PKG-INFO
[1.937s] writing dependency_links to ../../build/mi_accion/mi_accion.egg-info/dependency_links.txt
[1.938s] writing entry points to ../../build/mi_accion/mi_accion.egg-info/entry_points.txt
[1.938s] writing requirements to ../../build/mi_accion/mi_accion.egg-info/requires.txt
[1.938s] writing top-level names to ../../build/mi_accion/mi_accion.egg-info/top_level.txt
[1.940s] reading manifest file '../../build/mi_accion/mi_accion.egg-info/SOURCES.txt'
[1.940s] adding license file 'LICENSE'
[1.941s] writing manifest file '../../build/mi_accion/mi_accion.egg-info/SOURCES.txt'
[1.941s] running build
[1.941s] running build_py
[1.941s] copying mi_accion/fibonacci_action_server.py -> /workspace/ros2_ws/build/mi_accion/build/lib/mi_accion
[1.942s] copying mi_accion/fibonacci_action_client.py -> /workspace/ros2_ws/build/mi_accion/build/lib/mi_accion
[1.942s] running install
[1.942s] running install_lib
[1.944s] copying /workspace/ros2_ws/build/mi_accion/build/lib/mi_accion/fibonacci_action_server.py -> /workspace/ros2_ws/install/mi_accion/lib/python3.10/site-packages/mi_accion
[1.944s] copying /workspace/ros2_ws/build/mi_accion/build/lib/mi_accion/fibonacci_action_client.py -> /workspace/ros2_ws/install/mi_accion/lib/python3.10/site-packages/mi_accion
[1.945s] byte-compiling /workspace/ros2_ws/install/mi_accion/lib/python3.10/site-packages/mi_accion/fibonacci_action_server.py to fibonacci_action_server.cpython-310.pyc
[1.946s] byte-compiling /workspace/ros2_ws/install/mi_accion/lib/python3.10/site-packages/mi_accion/fibonacci_action_client.py to fibonacci_action_client.cpython-310.pyc
[1.946s] running install_data
[1.947s] running install_egg_info
[1.950s] removing '/workspace/ros2_ws/install/mi_accion/lib/python3.10/site-packages/mi_accion-0.0.0-py3.10.egg-info' (and everything under it)
[1.950s] Copying ../../build/mi_accion/mi_accion.egg-info to /workspace/ros2_ws/install/mi_accion/lib/python3.10/site-packages/mi_accion-0.0.0-py3.10.egg-info
[1.951s] running install_scripts
[1.976s] Installing client script to /workspace/ros2_ws/install/mi_accion/lib/mi_accion
[1.977s] Installing server script to /workspace/ros2_ws/install/mi_accion/lib/mi_accion
[1.977s] writing list of installed files to '/workspace/ros2_ws/build/mi_accion/install.log'
[2.017s] Invoked command in '/workspace/ros2_ws/src/mi_accion' returned '0': PYTHONPATH=/workspace/ros2_ws/build/mi_accion/prefix_override:/usr/lib/python3/dist-packages/colcon_core/task/python/colcon_distutils_commands:/workspace/ros2_ws/install/mi_accion/lib/python3.10/site-packages:${PYTHONPATH} /usr/bin/python3 -W ignore:setup.py install is deprecated -W ignore:easy_install command is deprecated setup.py egg_info --egg-base ../../build/mi_accion build --build-base /workspace/ros2_ws/build/mi_accion/build install --record /workspace/ros2_ws/build/mi_accion/install.log --single-version-externally-managed install_data
