[2.492s] Invoking command in '/workspace/ros2_ws/src/servicio_suma': PYTHONPATH=/workspace/ros2_ws/build/servicio_suma/prefix_override:/usr/lib/python3/dist-packages/colcon_core/task/python/colcon_distutils_commands:/workspace/ros2_ws/install/servicio_suma/lib/python3.10/site-packages:${PYTHONPATH} /usr/bin/python3 -W ignore:setup.py install is deprecated -W ignore:easy_install command is deprecated setup.py egg_info --egg-base ../../build/servicio_suma build --build-base /workspace/ros2_ws/build/servicio_suma/build install --record /workspace/ros2_ws/build/servicio_suma/install.log --single-version-externally-managed install_data
[2.931s] running egg_info
[2.931s] writing ../../build/servicio_suma/servicio_suma.egg-info/PKG-INFO
[2.932s] writing dependency_links to ../../build/servicio_suma/servicio_suma.egg-info/dependency_links.txt
[2.933s] writing entry points to ../../build/servicio_suma/servicio_suma.egg-info/entry_points.txt
[2.933s] writing requirements to ../../build/servicio_suma/servicio_suma.egg-info/requires.txt
[2.933s] writing top-level names to ../../build/servicio_suma/servicio_suma.egg-info/top_level.txt
[2.935s] reading manifest file '../../build/servicio_suma/servicio_suma.egg-info/SOURCES.txt'
[2.936s] adding license file 'LICENSE'
[2.937s] writing manifest file '../../build/servicio_suma/servicio_suma.egg-info/SOURCES.txt'
[2.937s] running build
[2.937s] running build_py
[2.939s] running install
[2.939s] running install_lib
[2.941s] running install_data
[2.941s] running install_egg_info
[2.947s] removing '/workspace/ros2_ws/install/servicio_suma/lib/python3.10/site-packages/servicio_suma-0.0.0-py3.10.egg-info' (and everything under it)
[2.947s] Copying ../../build/servicio_suma/servicio_suma.egg-info to /workspace/ros2_ws/install/servicio_suma/lib/python3.10/site-packages/servicio_suma-0.0.0-py3.10.egg-info
[2.950s] running install_scripts
[2.990s] Installing client script to /workspace/ros2_ws/install/servicio_suma/lib/servicio_suma
[2.994s] Installing server script to /workspace/ros2_ws/install/servicio_suma/lib/servicio_suma
[2.994s] writing list of installed files to '/workspace/ros2_ws/build/servicio_suma/install.log'
[3.099s] Invoked command in '/workspace/ros2_ws/src/servicio_suma' returned '0': PYTHONPATH=/workspace/ros2_ws/build/servicio_suma/prefix_override:/usr/lib/python3/dist-packages/colcon_core/task/python/colcon_distutils_commands:/workspace/ros2_ws/install/servicio_suma/lib/python3.10/site-packages:${PYTHONPATH} /usr/bin/python3 -W ignore:setup.py install is deprecated -W ignore:easy_install command is deprecated setup.py egg_info --egg-base ../../build/servicio_suma build --build-base /workspace/ros2_ws/build/servicio_suma/build install --record /workspace/ros2_ws/build/servicio_suma/install.log --single-version-externally-managed install_data
