[1.716s] Invoking command in '/workspace/ros2_ws/src/mi_accion': PYTHONPATH=/workspace/ros2_ws/build/mi_accion/prefix_override:/usr/lib/python3/dist-packages/colcon_core/task/python/colcon_distutils_commands:/workspace/ros2_ws/install/mi_accion/lib/python3.10/site-packages:${PYTHONPATH} /usr/bin/python3 -W ignore:setup.py install is deprecated -W ignore:easy_install command is deprecated setup.py egg_info --egg-base ../../build/mi_accion build --build-base /workspace/ros2_ws/build/mi_accion/build install --record /workspace/ros2_ws/build/mi_accion/install.log --single-version-externally-managed install_data
[1.969s] running egg_info
[1.970s] writing ../../build/mi_accion/mi_accion.egg-info/PKG-INFO
[1.970s] writing dependency_links to ../../build/mi_accion/mi_accion.egg-info/dependency_links.txt
[1.971s] writing entry points to ../../build/mi_accion/mi_accion.egg-info/entry_points.txt
[1.971s] writing requirements to ../../build/mi_accion/mi_accion.egg-info/requires.txt
[1.971s] writing top-level names to ../../build/mi_accion/mi_accion.egg-info/top_level.txt
[1.973s] reading manifest file '../../build/mi_accion/mi_accion.egg-info/SOURCES.txt'
[1.981s] adding license file 'LICENSE'
[1.982s] writing manifest file '../../build/mi_accion/mi_accion.egg-info/SOURCES.txt'
[1.983s] running build
[1.983s] running build_py
[1.983s] running install
[1.984s] running install_lib
[1.986s] running install_data
[1.986s] running install_egg_info
[1.990s] removing '/workspace/ros2_ws/install/mi_accion/lib/python3.10/site-packages/mi_accion-0.0.0-py3.10.egg-info' (and everything under it)
[1.990s] Copying ../../build/mi_accion/mi_accion.egg-info to /workspace/ros2_ws/install/mi_accion/lib/python3.10/site-packages/mi_accion-0.0.0-py3.10.egg-info
[1.992s] running install_scripts
[2.026s] Installing client script to /workspace/ros2_ws/install/mi_accion/lib/mi_accion
[2.026s] Installing ej_fibClient script to /workspace/ros2_ws/install/mi_accion/lib/mi_accion
[2.027s] Installing ej_fibServer script to /workspace/ros2_ws/install/mi_accion/lib/mi_accion
[2.027s] Installing server script to /workspace/ros2_ws/install/mi_accion/lib/mi_accion
[2.027s] writing list of installed files to '/workspace/ros2_ws/build/mi_accion/install.log'
[2.082s] Invoked command in '/workspace/ros2_ws/src/mi_accion' returned '0': PYTHONPATH=/workspace/ros2_ws/build/mi_accion/prefix_override:/usr/lib/python3/dist-packages/colcon_core/task/python/colcon_distutils_commands:/workspace/ros2_ws/install/mi_accion/lib/python3.10/site-packages:${PYTHONPATH} /usr/bin/python3 -W ignore:setup.py install is deprecated -W ignore:easy_install command is deprecated setup.py egg_info --egg-base ../../build/mi_accion build --build-base /workspace/ros2_ws/build/mi_accion/build install --record /workspace/ros2_ws/build/mi_accion/install.log --single-version-externally-managed install_data
