[0.020s] Invoking command in '/workspace/ros2_ws/build/interfaz': CMAKE_PREFIX_PATH=${CMAKE_PREFIX_PATH}:/workspace/ros2_ws/install/servicio_suma:/workspace/ros2_ws/install/primer_paquete:/workspace/ros2_ws/install/p2pkg:/opt/ros/humble /usr/bin/cmake --build /workspace/ros2_ws/build/interfaz -- -j8 -l8
[0.045s] -- Found ament_cmake: 1.3.12 (/opt/ros/humble/share/ament_cmake/cmake)
[0.214s] -- Found ament_lint_auto: 0.12.14 (/opt/ros/humble/share/ament_lint_auto/cmake)
[0.287s] -- Found std_msgs: 4.9.0 (/opt/ros/humble/share/std_msgs/cmake)
[0.311s] -- Found rosidl_generator_c: 3.1.8 (/opt/ros/humble/share/rosidl_generator_c/cmake)
[0.314s] -- Found rosidl_adapter: 3.1.8 (/opt/ros/humble/share/rosidl_adapter/cmake)
[0.320s] -- Found rosidl_generator_cpp: 3.1.8 (/opt/ros/humble/share/rosidl_generator_cpp/cmake)
[0.330s] -- Using all available rosidl_typesupport_c: rosidl_typesupport_fastrtps_c;rosidl_typesupport_introspection_c
[0.349s] -- Using all available rosidl_typesupport_cpp: rosidl_typesupport_fastrtps_cpp;rosidl_typesupport_introspection_cpp
[0.386s] -- Found rosidl_default_generators: 1.2.0 (/opt/ros/humble/share/rosidl_default_generators/cmake)
[0.644s] -- Found ament_cmake_ros: 0.10.0 (/opt/ros/humble/share/ament_cmake_ros/cmake)
[1.031s] -- Using all available rosidl_typesupport_c: rosidl_typesupport_fastrtps_c;rosidl_typesupport_introspection_c
[1.169s] -- Using all available rosidl_typesupport_cpp: rosidl_typesupport_fastrtps_cpp;rosidl_typesupport_introspection_cpp
[1.196s] -- Found python_cmake_module: 0.10.0 (/opt/ros/humble/share/python_cmake_module/cmake)
[1.225s] -- Using PYTHON_EXECUTABLE: /usr/bin/python3
[1.225s] -- Using PYTHON_INCLUDE_DIRS: /usr/include/python3.10
[1.225s] -- Using PYTHON_LIBRARIES: /usr/lib/x86_64-linux-gnu/libpython3.10.so
[1.266s] -- Added test 'lint_cmake' to check CMake code style
[1.267s] -- Added test 'xmllint' to check XML markup files
[1.274s] -- Configuring done
[1.312s] -- Generating done
[1.324s] -- Build files have been written to: /workspace/ros2_ws/build/interfaz
[1.352s] [  2%] [34m[1mGenerating C code for ROS interfaces[0m
[1.383s] [  2%] Built target ament_cmake_python_copy_interfaz
[1.403s] [  5%] [34m[1mGenerating C++ code for ROS interfaces[0m
[1.827s] running egg_info
[1.831s] writing interfaz.egg-info/PKG-INFO
[1.834s] writing dependency_links to interfaz.egg-info/dependency_links.txt
[1.834s] writing top-level names to interfaz.egg-info/top_level.txt
[1.834s] reading manifest file 'interfaz.egg-info/SOURCES.txt'
[1.834s] writing manifest file 'interfaz.egg-info/SOURCES.txt'
[1.873s] [  5%] Built target ament_cmake_python_build_interfaz_egg
[1.890s] [35m[1mConsolidate compiler generated dependencies of target interfaz__rosidl_generator_c[0m
[1.902s] [  7%] [32mBuilding C object CMakeFiles/interfaz__rosidl_generator_c.dir/rosidl_generator_c/interfaz/msg/detail/mi_mensaje__functions.c.o[0m
[1.905s] [ 10%] [32mBuilding C object CMakeFiles/interfaz__rosidl_generator_c.dir/rosidl_generator_c/interfaz/msg/detail/p2pkg_mensaje__functions.c.o[0m
[1.948s] In file included from [01m[K/workspace/ros2_ws/build/interfaz/rosidl_generator_c/interfaz/msg/detail/p2pkg_mensaje__functions.h:19[m[K,
[1.948s]                  from [01m[K/workspace/ros2_ws/build/interfaz/rosidl_generator_c/interfaz/msg/detail/p2pkg_mensaje__functions.c:4[m[K:
[1.948s] [01m[K/workspace/ros2_ws/build/interfaz/rosidl_generator_c/interfaz/msg/detail/p2pkg_mensaje__struct.h:22:10:[m[K [01;31m[Kfatal error: [m[Kgeometry_msgs/msg/detail/pose__struct.h: No such file or directory
[1.949s]    22 | #include [01;31m[K"geometry_msgs/msg/detail/pose__struct.h"[m[K
[1.949s]       |          [01;31m[K^~~~~~~~~~~~~~~~~~~~~~~~~~~~~~~~~~~~~~~~~[m[K
[1.949s] compilation terminated.
[1.950s] gmake[2]: *** [CMakeFiles/interfaz__rosidl_generator_c.dir/build.make:167: CMakeFiles/interfaz__rosidl_generator_c.dir/rosidl_generator_c/interfaz/msg/detail/p2pkg_mensaje__functions.c.o] Error 1
[1.950s] gmake[2]: *** Waiting for unfinished jobs....
[2.017s] gmake[1]: *** [CMakeFiles/Makefile2:213: CMakeFiles/interfaz__rosidl_generator_c.dir/all] Error 2
[2.017s] gmake[1]: *** Waiting for unfinished jobs....
[2.027s] [ 10%] Built target interfaz__cpp
[2.028s] gmake: *** [Makefile:146: all] Error 2
[2.030s] Invoked command in '/workspace/ros2_ws/build/interfaz' returned '2': CMAKE_PREFIX_PATH=${CMAKE_PREFIX_PATH}:/workspace/ros2_ws/install/servicio_suma:/workspace/ros2_ws/install/primer_paquete:/workspace/ros2_ws/install/p2pkg:/opt/ros/humble /usr/bin/cmake --build /workspace/ros2_ws/build/interfaz -- -j8 -l8
