[  1%] Built target interfaz__cpp
[ 12%] Built target interfaz__rosidl_generator_c
[ 12%] Built target ament_cmake_python_copy_interfaz
[ 23%] Built target interfaz__rosidl_typesupport_cpp
[ 34%] Built target interfaz__rosidl_typesupport_fastrtps_c
[ 61%] Built target interfaz__rosidl_typesupport_fastrtps_cpp
[ 65%] Built target interfaz__rosidl_typesupport_c
[ 67%] Built target interfaz__rosidl_typesupport_introspection_c
[ 78%] Built target interfaz__rosidl_typesupport_introspection_cpp
[ 78%] Built target interfaz
[ 80%] Built target interfaz__py
[ 89%] Built target interfaz__rosidl_generator_py
[ 92%] Built target interfaz__rosidl_typesupport_fastrtps_c__pyext
[ 96%] Built target interfaz__rosidl_typesupport_introspection_c__pyext
[100%] Built target interfaz__rosidl_typesupport_c__pyext
running egg_info
writing interfaz.egg-info/PKG-INFO
writing dependency_links to interfaz.egg-info/dependency_links.txt
writing top-level names to interfaz.egg-info/top_level.txt
reading manifest file 'interfaz.egg-info/SOURCES.txt'
writing manifest file 'interfaz.egg-info/SOURCES.txt'
[100%] Built target ament_cmake_python_build_interfaz_egg
