[  3%] Built target interfaz_servicio_suma__cpp
[ 12%] Built target interfaz_servicio_suma__rosidl_generator_c
[ 12%] Built target ament_cmake_python_copy_interfaz_servicio_suma
[ 22%] Built target interfaz_servicio_suma__rosidl_typesupport_introspection_cpp
[ 32%] Built target interfaz_servicio_suma__rosidl_typesupport_cpp
[ 41%] Built target interfaz_servicio_suma__rosidl_typesupport_fastrtps_c
[ 51%] Built target interfaz_servicio_suma__rosidl_typesupport_introspection_c
[ 61%] Built target interfaz_servicio_suma__rosidl_typesupport_fastrtps_cpp
[ 70%] Built target interfaz_servicio_suma__rosidl_typesupport_c
[ 70%] Built target interfaz_servicio_suma
[ 74%] Built target interfaz_servicio_suma__py
[ 80%] Built target interfaz_servicio_suma__rosidl_generator_py
[ 87%] Built target interfaz_servicio_suma__rosidl_typesupport_introspection_c__pyext
[ 93%] Built target interfaz_servicio_suma__rosidl_typesupport_fastrtps_c__pyext
[100%] Built target interfaz_servicio_suma__rosidl_typesupport_c__pyext
running egg_info
writing interfaz_servicio_suma.egg-info/PKG-INFO
writing dependency_links to interfaz_servicio_suma.egg-info/dependency_links.txt
writing top-level names to interfaz_servicio_suma.egg-info/top_level.txt
reading manifest file 'interfaz_servicio_suma.egg-info/SOURCES.txt'
writing manifest file 'interfaz_servicio_suma.egg-info/SOURCES.txt'
[100%] Built target ament_cmake_python_build_interfaz_servicio_suma_egg
