[2.088s] Invoking command in '/workspace/ros2_ws/src/battery_act': PYTHONPATH=/workspace/ros2_ws/build/battery_act/prefix_override:/usr/lib/python3/dist-packages/colcon_core/task/python/colcon_distutils_commands:/workspace/ros2_ws/install/battery_act/lib/python3.10/site-packages:${PYTHONPATH} /usr/bin/python3 -W ignore:setup.py install is deprecated -W ignore:easy_install command is deprecated setup.py egg_info --egg-base ../../build/battery_act build --build-base /workspace/ros2_ws/build/battery_act/build install --record /workspace/ros2_ws/build/battery_act/install.log --single-version-externally-managed install_data
[2.725s] running egg_info
[2.727s] writing ../../build/battery_act/battery_act.egg-info/PKG-INFO
[2.728s] writing dependency_links to ../../build/battery_act/battery_act.egg-info/dependency_links.txt
[2.729s] writing entry points to ../../build/battery_act/battery_act.egg-info/entry_points.txt
[2.730s] writing requirements to ../../build/battery_act/battery_act.egg-info/requires.txt
[2.730s] writing top-level names to ../../build/battery_act/battery_act.egg-info/top_level.txt
[2.731s] reading manifest file '../../build/battery_act/battery_act.egg-info/SOURCES.txt'
[2.732s] adding license file 'LICENSE'
[2.733s] writing manifest file '../../build/battery_act/battery_act.egg-info/SOURCES.txt'
[2.733s] running build
[2.733s] running build_py
[2.734s] running install
[2.735s] running install_lib
[2.738s] running install_data
[2.738s] running install_egg_info
[2.743s] removing '/workspace/ros2_ws/install/battery_act/lib/python3.10/site-packages/battery_act-0.0.0-py3.10.egg-info' (and everything under it)
[2.743s] Copying ../../build/battery_act/battery_act.egg-info to /workspace/ros2_ws/install/battery_act/lib/python3.10/site-packages/battery_act-0.0.0-py3.10.egg-info
[2.744s] running install_scripts
[2.778s] Installing client script to /workspace/ros2_ws/install/battery_act/lib/battery_act
[2.778s] Installing server script to /workspace/ros2_ws/install/battery_act/lib/battery_act
[2.778s] writing list of installed files to '/workspace/ros2_ws/build/battery_act/install.log'
[2.822s] Invoked command in '/workspace/ros2_ws/src/battery_act' returned '0': PYTHONPATH=/workspace/ros2_ws/build/battery_act/prefix_override:/usr/lib/python3/dist-packages/colcon_core/task/python/colcon_distutils_commands:/workspace/ros2_ws/install/battery_act/lib/python3.10/site-packages:${PYTHONPATH} /usr/bin/python3 -W ignore:setup.py install is deprecated -W ignore:easy_install command is deprecated setup.py egg_info --egg-base ../../build/battery_act build --build-base /workspace/ros2_ws/build/battery_act/build install --record /workspace/ros2_ws/build/battery_act/install.log --single-version-externally-managed install_data
