/workspace/ros2_ws/install/mi_accion/lib/python3.10/site-packages/mi_accion/fibonacci_action_server.py
/workspace/ros2_ws/install/mi_accion/lib/python3.10/site-packages/mi_accion/__init__.py
/workspace/ros2_ws/install/mi_accion/lib/python3.10/site-packages/mi_accion/fibonacci_action_client.py
/workspace/ros2_ws/install/mi_accion/lib/python3.10/site-packages/mi_accion/ejercicio_fibServer.py
/workspace/ros2_ws/install/mi_accion/lib/python3.10/site-packages/mi_accion/ejercicio_fibClient.py
/workspace/ros2_ws/install/mi_accion/lib/python3.10/site-packages/mi_accion/__pycache__/fibonacci_action_server.cpython-310.pyc
/workspace/ros2_ws/install/mi_accion/lib/python3.10/site-packages/mi_accion/__pycache__/__init__.cpython-310.pyc
/workspace/ros2_ws/install/mi_accion/lib/python3.10/site-packages/mi_accion/__pycache__/fibonacci_action_client.cpython-310.pyc
/workspace/ros2_ws/install/mi_accion/lib/python3.10/site-packages/mi_accion/__pycache__/ejercicio_fibServer.cpython-310.pyc
/workspace/ros2_ws/install/mi_accion/lib/python3.10/site-packages/mi_accion/__pycache__/ejercicio_fibClient.cpython-310.pyc
/workspace/ros2_ws/install/mi_accion/share/ament_index/resource_index/packages/mi_accion
/workspace/ros2_ws/install/mi_accion/share/mi_accion/package.xml
/workspace/ros2_ws/install/mi_accion/lib/python3.10/site-packages/mi_accion-0.0.0-py3.10.egg-info/PKG-INFO
/workspace/ros2_ws/install/mi_accion/lib/python3.10/site-packages/mi_accion-0.0.0-py3.10.egg-info/dependency_links.txt
/workspace/ros2_ws/install/mi_accion/lib/python3.10/site-packages/mi_accion-0.0.0-py3.10.egg-info/zip-safe
/workspace/ros2_ws/install/mi_accion/lib/python3.10/site-packages/mi_accion-0.0.0-py3.10.egg-info/SOURCES.txt
/workspace/ros2_ws/install/mi_accion/lib/python3.10/site-packages/mi_accion-0.0.0-py3.10.egg-info/entry_points.txt
/workspace/ros2_ws/install/mi_accion/lib/python3.10/site-packages/mi_accion-0.0.0-py3.10.egg-info/requires.txt
/workspace/ros2_ws/install/mi_accion/lib/python3.10/site-packages/mi_accion-0.0.0-py3.10.egg-info/top_level.txt
/workspace/ros2_ws/install/mi_accion/lib/mi_accion/client
/workspace/ros2_ws/install/mi_accion/lib/mi_accion/ej_fibClient
/workspace/ros2_ws/install/mi_accion/lib/mi_accion/ej_fibServer
/workspace/ros2_ws/install/mi_accion/lib/mi_accion/server
