[0.719s] Invoking command in '/workspace/ros2_ws/src/primer_paquete': CMAKE_PREFIX_PATH=/workspace/ros2_ws/install/interfaz:/workspace/ros2_ws/install/interfaz_servicio_suma LD_LIBRARY_PATH=/workspace/ros2_ws/install/interfaz/lib:/workspace/ros2_ws/install/interfaz_servicio_suma/lib:/opt/ros/humble/opt/rviz_ogre_vendor/lib:/opt/ros/humble/lib/x86_64-linux-gnu:/opt/ros/humble/lib PYTHONPATH=/workspace/ros2_ws/build/primer_paquete/prefix_override:/usr/lib/python3/dist-packages/colcon_core/task/python/colcon_distutils_commands:/workspace/ros2_ws/install/primer_paquete/lib/python3.10/site-packages:${PYTHONPATH} /usr/bin/python3 -W ignore:setup.py install is deprecated -W ignore:easy_install command is deprecated setup.py egg_info --egg-base ../../build/primer_paquete build --build-base /workspace/ros2_ws/build/primer_paquete/build install --record /workspace/ros2_ws/build/primer_paquete/install.log --single-version-externally-managed install_data
[0.970s] running egg_info
[0.970s] writing ../../build/primer_paquete/primer_paquete.egg-info/PKG-INFO
[0.971s] writing dependency_links to ../../build/primer_paquete/primer_paquete.egg-info/dependency_links.txt
[0.971s] writing entry points to ../../build/primer_paquete/primer_paquete.egg-info/entry_points.txt
[0.971s] writing requirements to ../../build/primer_paquete/primer_paquete.egg-info/requires.txt
[0.971s] writing top-level names to ../../build/primer_paquete/primer_paquete.egg-info/top_level.txt
[0.973s] reading manifest file '../../build/primer_paquete/primer_paquete.egg-info/SOURCES.txt'
[0.973s] adding license file 'LICENSE'
[0.974s] writing manifest file '../../build/primer_paquete/primer_paquete.egg-info/SOURCES.txt'
[0.974s] running build
[0.974s] running build_py
[0.974s] copying primer_paquete/nodo_envia.py -> /workspace/ros2_ws/build/primer_paquete/build/lib/primer_paquete
[0.974s] copying primer_paquete/nodo_recibe.py -> /workspace/ros2_ws/build/primer_paquete/build/lib/primer_paquete
[0.975s] running install
[0.975s] running install_lib
[0.976s] copying /workspace/ros2_ws/build/primer_paquete/build/lib/primer_paquete/nodo_envia.py -> /workspace/ros2_ws/install/primer_paquete/lib/python3.10/site-packages/primer_paquete
[0.976s] copying /workspace/ros2_ws/build/primer_paquete/build/lib/primer_paquete/nodo_recibe.py -> /workspace/ros2_ws/install/primer_paquete/lib/python3.10/site-packages/primer_paquete
[0.977s] byte-compiling /workspace/ros2_ws/install/primer_paquete/lib/python3.10/site-packages/primer_paquete/nodo_envia.py to nodo_envia.cpython-310.pyc
[0.977s] byte-compiling /workspace/ros2_ws/install/primer_paquete/lib/python3.10/site-packages/primer_paquete/nodo_recibe.py to nodo_recibe.cpython-310.pyc
[0.978s] running install_data
[0.978s] running install_egg_info
[0.981s] removing '/workspace/ros2_ws/install/primer_paquete/lib/python3.10/site-packages/primer_paquete-0.0.0-py3.10.egg-info' (and everything under it)
[0.981s] Copying ../../build/primer_paquete/primer_paquete.egg-info to /workspace/ros2_ws/install/primer_paquete/lib/python3.10/site-packages/primer_paquete-0.0.0-py3.10.egg-info
[0.982s] running install_scripts
[1.003s] Installing client script to /workspace/ros2_ws/install/primer_paquete/lib/primer_paquete
[1.003s] Installing server script to /workspace/ros2_ws/install/primer_paquete/lib/primer_paquete
[1.003s] writing list of installed files to '/workspace/ros2_ws/build/primer_paquete/install.log'
[1.027s] Invoked command in '/workspace/ros2_ws/src/primer_paquete' returned '0': CMAKE_PREFIX_PATH=/workspace/ros2_ws/install/interfaz:/workspace/ros2_ws/install/interfaz_servicio_suma LD_LIBRARY_PATH=/workspace/ros2_ws/install/interfaz/lib:/workspace/ros2_ws/install/interfaz_servicio_suma/lib:/opt/ros/humble/opt/rviz_ogre_vendor/lib:/opt/ros/humble/lib/x86_64-linux-gnu:/opt/ros/humble/lib PYTHONPATH=/workspace/ros2_ws/build/primer_paquete/prefix_override:/usr/lib/python3/dist-packages/colcon_core/task/python/colcon_distutils_commands:/workspace/ros2_ws/install/primer_paquete/lib/python3.10/site-packages:${PYTHONPATH} /usr/bin/python3 -W ignore:setup.py install is deprecated -W ignore:easy_install command is deprecated setup.py egg_info --egg-base ../../build/primer_paquete build --build-base /workspace/ros2_ws/build/primer_paquete/build install --record /workspace/ros2_ws/build/primer_paquete/install.log --single-version-externally-managed install_data
