[0.789s] Invoking command in '/workspace/ros2_ws/src/servicio_suma': PYTHONPATH=/workspace/ros2_ws/build/servicio_suma/prefix_override:/usr/lib/python3/dist-packages/colcon_core/task/python/colcon_distutils_commands:/workspace/ros2_ws/install/servicio_suma/lib/python3.10/site-packages:${PYTHONPATH} /usr/bin/python3 -W ignore:setup.py install is deprecated -W ignore:easy_install command is deprecated setup.py egg_info --egg-base ../../build/servicio_suma build --build-base /workspace/ros2_ws/build/servicio_suma/build install --record /workspace/ros2_ws/build/servicio_suma/install.log --single-version-externally-managed install_data
[1.052s] running egg_info
[1.053s] creating ../../build/servicio_suma/servicio_suma.egg-info
[1.053s] writing ../../build/servicio_suma/servicio_suma.egg-info/PKG-INFO
[1.053s] writing dependency_links to ../../build/servicio_suma/servicio_suma.egg-info/dependency_links.txt
[1.054s] writing entry points to ../../build/servicio_suma/servicio_suma.egg-info/entry_points.txt
[1.054s] writing requirements to ../../build/servicio_suma/servicio_suma.egg-info/requires.txt
[1.054s] writing top-level names to ../../build/servicio_suma/servicio_suma.egg-info/top_level.txt
[1.054s] writing manifest file '../../build/servicio_suma/servicio_suma.egg-info/SOURCES.txt'
[1.056s] reading manifest file '../../build/servicio_suma/servicio_suma.egg-info/SOURCES.txt'
[1.056s] adding license file 'LICENSE'
[1.057s] writing manifest file '../../build/servicio_suma/servicio_suma.egg-info/SOURCES.txt'
[1.057s] running build
[1.057s] running build_py
[1.057s] creating /workspace/ros2_ws/build/servicio_suma/build
[1.057s] creating /workspace/ros2_ws/build/servicio_suma/build/lib
[1.057s] creating /workspace/ros2_ws/build/servicio_suma/build/lib/servicio_suma
[1.057s] copying servicio_suma/__init__.py -> /workspace/ros2_ws/build/servicio_suma/build/lib/servicio_suma
[1.057s] copying servicio_suma/add_two_ints_client.py -> /workspace/ros2_ws/build/servicio_suma/build/lib/servicio_suma
[1.057s] copying servicio_suma/add_two_ints_server.py -> /workspace/ros2_ws/build/servicio_suma/build/lib/servicio_suma
[1.058s] running install
[1.058s] running install_lib
[1.059s] creating /workspace/ros2_ws/install/servicio_suma/lib/python3.10/site-packages/servicio_suma
[1.059s] copying /workspace/ros2_ws/build/servicio_suma/build/lib/servicio_suma/__init__.py -> /workspace/ros2_ws/install/servicio_suma/lib/python3.10/site-packages/servicio_suma
[1.059s] copying /workspace/ros2_ws/build/servicio_suma/build/lib/servicio_suma/add_two_ints_client.py -> /workspace/ros2_ws/install/servicio_suma/lib/python3.10/site-packages/servicio_suma
[1.059s] copying /workspace/ros2_ws/build/servicio_suma/build/lib/servicio_suma/add_two_ints_server.py -> /workspace/ros2_ws/install/servicio_suma/lib/python3.10/site-packages/servicio_suma
[1.060s] byte-compiling /workspace/ros2_ws/install/servicio_suma/lib/python3.10/site-packages/servicio_suma/__init__.py to __init__.cpython-310.pyc
[1.060s] byte-compiling /workspace/ros2_ws/install/servicio_suma/lib/python3.10/site-packages/servicio_suma/add_two_ints_client.py to add_two_ints_client.cpython-310.pyc
[1.060s] byte-compiling /workspace/ros2_ws/install/servicio_suma/lib/python3.10/site-packages/servicio_suma/add_two_ints_server.py to add_two_ints_server.cpython-310.pyc
[1.061s] running install_data
[1.061s] creating /workspace/ros2_ws/install/servicio_suma/share/ament_index
[1.061s] creating /workspace/ros2_ws/install/servicio_suma/share/ament_index/resource_index
[1.061s] creating /workspace/ros2_ws/install/servicio_suma/share/ament_index/resource_index/packages
[1.061s] copying resource/servicio_suma -> /workspace/ros2_ws/install/servicio_suma/share/ament_index/resource_index/packages
[1.061s] copying package.xml -> /workspace/ros2_ws/install/servicio_suma/share/servicio_suma
[1.062s] running install_egg_info
[1.063s] Copying ../../build/servicio_suma/servicio_suma.egg-info to /workspace/ros2_ws/install/servicio_suma/lib/python3.10/site-packages/servicio_suma-0.0.0-py3.10.egg-info
[1.064s] running install_scripts
[1.088s] Installing client script to /workspace/ros2_ws/install/servicio_suma/lib/servicio_suma
[1.088s] Installing server script to /workspace/ros2_ws/install/servicio_suma/lib/servicio_suma
[1.088s] writing list of installed files to '/workspace/ros2_ws/build/servicio_suma/install.log'
[1.123s] Invoked command in '/workspace/ros2_ws/src/servicio_suma' returned '0': PYTHONPATH=/workspace/ros2_ws/build/servicio_suma/prefix_override:/usr/lib/python3/dist-packages/colcon_core/task/python/colcon_distutils_commands:/workspace/ros2_ws/install/servicio_suma/lib/python3.10/site-packages:${PYTHONPATH} /usr/bin/python3 -W ignore:setup.py install is deprecated -W ignore:easy_install command is deprecated setup.py egg_info --egg-base ../../build/servicio_suma build --build-base /workspace/ros2_ws/build/servicio_suma/build install --record /workspace/ros2_ws/build/servicio_suma/install.log --single-version-externally-managed install_data
