[1.966s] Invoking command in '/workspace/ros2_ws/src/service_temp': PYTHONPATH=/workspace/ros2_ws/build/service_temp/prefix_override:/usr/lib/python3/dist-packages/colcon_core/task/python/colcon_distutils_commands:/workspace/ros2_ws/install/service_temp/lib/python3.10/site-packages:${PYTHONPATH} /usr/bin/python3 -W ignore:setup.py install is deprecated -W ignore:easy_install command is deprecated setup.py egg_info --egg-base ../../build/service_temp build --build-base /workspace/ros2_ws/build/service_temp/build install --record /workspace/ros2_ws/build/service_temp/install.log --single-version-externally-managed install_data
[2.332s] running egg_info
[2.332s] writing ../../build/service_temp/service_temp.egg-info/PKG-INFO
[2.333s] writing dependency_links to ../../build/service_temp/service_temp.egg-info/dependency_links.txt
[2.333s] writing entry points to ../../build/service_temp/service_temp.egg-info/entry_points.txt
[2.333s] writing requirements to ../../build/service_temp/service_temp.egg-info/requires.txt
[2.333s] writing top-level names to ../../build/service_temp/service_temp.egg-info/top_level.txt
[2.336s] reading manifest file '../../build/service_temp/service_temp.egg-info/SOURCES.txt'
[2.336s] adding license file 'LICENSE'
[2.337s] writing manifest file '../../build/service_temp/service_temp.egg-info/SOURCES.txt'
[2.337s] running build
[2.338s] running build_py
[2.338s] running install
[2.338s] running install_lib
[2.338s] running install_data
[2.339s] running install_egg_info
[2.343s] removing '/workspace/ros2_ws/install/service_temp/lib/python3.10/site-packages/service_temp-0.0.0-py3.10.egg-info' (and everything under it)
[2.344s] Copying ../../build/service_temp/service_temp.egg-info to /workspace/ros2_ws/install/service_temp/lib/python3.10/site-packages/service_temp-0.0.0-py3.10.egg-info
[2.344s] running install_scripts
[2.371s] Installing client script to /workspace/ros2_ws/install/service_temp/lib/service_temp
[2.371s] Installing server script to /workspace/ros2_ws/install/service_temp/lib/service_temp
[2.371s] writing list of installed files to '/workspace/ros2_ws/build/service_temp/install.log'
[2.406s] Invoked command in '/workspace/ros2_ws/src/service_temp' returned '0': PYTHONPATH=/workspace/ros2_ws/build/service_temp/prefix_override:/usr/lib/python3/dist-packages/colcon_core/task/python/colcon_distutils_commands:/workspace/ros2_ws/install/service_temp/lib/python3.10/site-packages:${PYTHONPATH} /usr/bin/python3 -W ignore:setup.py install is deprecated -W ignore:easy_install command is deprecated setup.py egg_info --egg-base ../../build/service_temp build --build-base /workspace/ros2_ws/build/service_temp/build install --record /workspace/ros2_ws/build/service_temp/install.log --single-version-externally-managed install_data
