[0.149s] DEBUG:colcon:Command line arguments: ['/usr/bin/colcon', 'build']
[0.149s] DEBUG:colcon:Parsed command line arguments: Namespace(log_base=None, log_level=None, verb_name='build', build_base='build', install_base='install', merge_install=False, symlink_install=False, test_result_base=None, continue_on_error=False, executor='parallel', parallel_workers=8, event_handlers=None, ignore_user_meta=False, metas=['./colcon.meta'], base_paths=['.'], packages_ignore=None, packages_ignore_regex=None, paths=None, packages_up_to=None, packages_up_to_regex=None, packages_above=None, packages_above_and_dependencies=None, packages_above_depth=None, packages_select_by_dep=None, packages_skip_by_dep=None, packages_skip_up_to=None, packages_select_build_failed=False, packages_skip_build_finished=False, packages_select_test_failures=False, packages_skip_test_passed=False, packages_select=None, packages_skip=None, packages_select_regex=None, packages_skip_regex=None, packages_start=None, packages_end=None, allow_overriding=[], cmake_args=None, cmake_target=None, cmake_target_skip_unavailable=False, cmake_clean_cache=False, cmake_clean_first=False, cmake_force_configure=False, ament_cmake_args=None, catkin_cmake_args=None, catkin_skip_building_tests=False, mixin_files=None, mixin=None, verb_parser=<colcon_mixin.mixin.mixin_argument.MixinArgumentDecorator object at 0x7d3afd90ea70>, verb_extension=<colcon_core.verb.build.BuildVerb object at 0x7d3afda9ba00>, main=<bound method BuildVerb.main of <colcon_core.verb.build.BuildVerb object at 0x7d3afda9ba00>>, mixin_verb=('build',))
[0.396s] Level 1:colcon.colcon_core.package_discovery:discover_packages(colcon_meta) check parameters
[0.396s] Level 1:colcon.colcon_core.package_discovery:discover_packages(recursive) check parameters
[0.396s] Level 1:colcon.colcon_core.package_discovery:discover_packages(ignore) check parameters
[0.396s] Level 1:colcon.colcon_core.package_discovery:discover_packages(path) check parameters
[0.396s] Level 1:colcon.colcon_core.package_discovery:discover_packages(colcon_meta) discover
[0.396s] Level 1:colcon.colcon_core.package_discovery:discover_packages(recursive) discover
[0.396s] INFO:colcon.colcon_core.package_discovery:Crawling recursively for packages in '/workspace/ros2_ws'
[0.396s] Level 1:colcon.colcon_core.package_identification:_identify(.) by extensions ['ignore', 'ignore_ament_install']
[0.396s] Level 1:colcon.colcon_core.package_identification:_identify(.) by extension 'ignore'
[0.397s] Level 1:colcon.colcon_core.package_identification:_identify(.) by extension 'ignore_ament_install'
[0.397s] Level 1:colcon.colcon_core.package_identification:_identify(.) by extensions ['colcon_pkg']
[0.397s] Level 1:colcon.colcon_core.package_identification:_identify(.) by extension 'colcon_pkg'
[0.397s] Level 1:colcon.colcon_core.package_identification:_identify(.) by extensions ['colcon_meta']
[0.397s] Level 1:colcon.colcon_core.package_identification:_identify(.) by extension 'colcon_meta'
[0.397s] Level 1:colcon.colcon_core.package_identification:_identify(.) by extensions ['ros']
[0.397s] Level 1:colcon.colcon_core.package_identification:_identify(.) by extension 'ros'
[0.410s] Level 1:colcon.colcon_core.package_identification:_identify(.) by extensions ['cmake', 'python']
[0.411s] Level 1:colcon.colcon_core.package_identification:_identify(.) by extension 'cmake'
[0.411s] Level 1:colcon.colcon_core.package_identification:_identify(.) by extension 'python'
[0.411s] Level 1:colcon.colcon_core.package_identification:_identify(.) by extensions ['python_setup_py']
[0.411s] Level 1:colcon.colcon_core.package_identification:_identify(.) by extension 'python_setup_py'
[0.411s] Level 1:colcon.colcon_core.package_identification:_identify(build) by extensions ['ignore', 'ignore_ament_install']
[0.411s] Level 1:colcon.colcon_core.package_identification:_identify(build) by extension 'ignore'
[0.411s] Level 1:colcon.colcon_core.package_identification:_identify(build) ignored
[0.411s] Level 1:colcon.colcon_core.package_identification:_identify(install) by extensions ['ignore', 'ignore_ament_install']
[0.411s] Level 1:colcon.colcon_core.package_identification:_identify(install) by extension 'ignore'
[0.411s] Level 1:colcon.colcon_core.package_identification:_identify(install) ignored
[0.411s] Level 1:colcon.colcon_core.package_identification:_identify(log) by extensions ['ignore', 'ignore_ament_install']
[0.412s] Level 1:colcon.colcon_core.package_identification:_identify(log) by extension 'ignore'
[0.412s] Level 1:colcon.colcon_core.package_identification:_identify(log) ignored
[0.412s] Level 1:colcon.colcon_core.package_identification:_identify(src) by extensions ['ignore', 'ignore_ament_install']
[0.412s] Level 1:colcon.colcon_core.package_identification:_identify(src) by extension 'ignore'
[0.412s] Level 1:colcon.colcon_core.package_identification:_identify(src) by extension 'ignore_ament_install'
[0.412s] Level 1:colcon.colcon_core.package_identification:_identify(src) by extensions ['colcon_pkg']
[0.412s] Level 1:colcon.colcon_core.package_identification:_identify(src) by extension 'colcon_pkg'
[0.412s] Level 1:colcon.colcon_core.package_identification:_identify(src) by extensions ['colcon_meta']
[0.412s] Level 1:colcon.colcon_core.package_identification:_identify(src) by extension 'colcon_meta'
[0.412s] Level 1:colcon.colcon_core.package_identification:_identify(src) by extensions ['ros']
[0.412s] Level 1:colcon.colcon_core.package_identification:_identify(src) by extension 'ros'
[0.412s] Level 1:colcon.colcon_core.package_identification:_identify(src) by extensions ['cmake', 'python']
[0.412s] Level 1:colcon.colcon_core.package_identification:_identify(src) by extension 'cmake'
[0.412s] Level 1:colcon.colcon_core.package_identification:_identify(src) by extension 'python'
[0.412s] Level 1:colcon.colcon_core.package_identification:_identify(src) by extensions ['python_setup_py']
[0.412s] Level 1:colcon.colcon_core.package_identification:_identify(src) by extension 'python_setup_py'
[0.412s] Level 1:colcon.colcon_core.package_identification:_identify(src/battery_act) by extensions ['ignore', 'ignore_ament_install']
[0.413s] Level 1:colcon.colcon_core.package_identification:_identify(src/battery_act) by extension 'ignore'
[0.413s] Level 1:colcon.colcon_core.package_identification:_identify(src/battery_act) by extension 'ignore_ament_install'
[0.413s] Level 1:colcon.colcon_core.package_identification:_identify(src/battery_act) by extensions ['colcon_pkg']
[0.413s] Level 1:colcon.colcon_core.package_identification:_identify(src/battery_act) by extension 'colcon_pkg'
[0.413s] Level 1:colcon.colcon_core.package_identification:_identify(src/battery_act) by extensions ['colcon_meta']
[0.413s] Level 1:colcon.colcon_core.package_identification:_identify(src/battery_act) by extension 'colcon_meta'
[0.413s] Level 1:colcon.colcon_core.package_identification:_identify(src/battery_act) by extensions ['ros']
[0.413s] Level 1:colcon.colcon_core.package_identification:_identify(src/battery_act) by extension 'ros'
[0.416s] DEBUG:colcon.colcon_core.package_identification:Package 'src/battery_act' with type 'ros.ament_python' and name 'battery_act'
[0.417s] Level 1:colcon.colcon_core.package_identification:_identify(src/build) by extensions ['ignore', 'ignore_ament_install']
[0.417s] Level 1:colcon.colcon_core.package_identification:_identify(src/build) by extension 'ignore'
[0.417s] Level 1:colcon.colcon_core.package_identification:_identify(src/build) ignored
[0.417s] Level 1:colcon.colcon_core.package_identification:_identify(src/install) by extensions ['ignore', 'ignore_ament_install']
[0.417s] Level 1:colcon.colcon_core.package_identification:_identify(src/install) by extension 'ignore'
[0.417s] Level 1:colcon.colcon_core.package_identification:_identify(src/install) ignored
[0.417s] Level 1:colcon.colcon_core.package_identification:_identify(src/interfaz) by extensions ['ignore', 'ignore_ament_install']
[0.417s] Level 1:colcon.colcon_core.package_identification:_identify(src/interfaz) by extension 'ignore'
[0.417s] Level 1:colcon.colcon_core.package_identification:_identify(src/interfaz) by extension 'ignore_ament_install'
[0.417s] Level 1:colcon.colcon_core.package_identification:_identify(src/interfaz) by extensions ['colcon_pkg']
[0.417s] Level 1:colcon.colcon_core.package_identification:_identify(src/interfaz) by extension 'colcon_pkg'
[0.417s] Level 1:colcon.colcon_core.package_identification:_identify(src/interfaz) by extensions ['colcon_meta']
[0.417s] Level 1:colcon.colcon_core.package_identification:_identify(src/interfaz) by extension 'colcon_meta'
[0.417s] Level 1:colcon.colcon_core.package_identification:_identify(src/interfaz) by extensions ['ros']
[0.417s] Level 1:colcon.colcon_core.package_identification:_identify(src/interfaz) by extension 'ros'
[0.418s] DEBUG:colcon.colcon_core.package_identification:Package 'src/interfaz' with type 'ros.ament_cmake' and name 'interfaz'
[0.418s] Level 1:colcon.colcon_core.package_identification:_identify(src/interfaz_servicio_suma) by extensions ['ignore', 'ignore_ament_install']
[0.419s] Level 1:colcon.colcon_core.package_identification:_identify(src/interfaz_servicio_suma) by extension 'ignore'
[0.419s] Level 1:colcon.colcon_core.package_identification:_identify(src/interfaz_servicio_suma) by extension 'ignore_ament_install'
[0.419s] Level 1:colcon.colcon_core.package_identification:_identify(src/interfaz_servicio_suma) by extensions ['colcon_pkg']
[0.419s] Level 1:colcon.colcon_core.package_identification:_identify(src/interfaz_servicio_suma) by extension 'colcon_pkg'
[0.419s] Level 1:colcon.colcon_core.package_identification:_identify(src/interfaz_servicio_suma) by extensions ['colcon_meta']
[0.419s] Level 1:colcon.colcon_core.package_identification:_identify(src/interfaz_servicio_suma) by extension 'colcon_meta'
[0.419s] Level 1:colcon.colcon_core.package_identification:_identify(src/interfaz_servicio_suma) by extensions ['ros']
[0.419s] Level 1:colcon.colcon_core.package_identification:_identify(src/interfaz_servicio_suma) by extension 'ros'
[0.420s] DEBUG:colcon.colcon_core.package_identification:Package 'src/interfaz_servicio_suma' with type 'ros.ament_cmake' and name 'interfaz_servicio_suma'
[0.420s] Level 1:colcon.colcon_core.package_identification:_identify(src/log) by extensions ['ignore', 'ignore_ament_install']
[0.420s] Level 1:colcon.colcon_core.package_identification:_identify(src/log) by extension 'ignore'
[0.420s] Level 1:colcon.colcon_core.package_identification:_identify(src/log) ignored
[0.420s] Level 1:colcon.colcon_core.package_identification:_identify(src/mi_accion) by extensions ['ignore', 'ignore_ament_install']
[0.420s] Level 1:colcon.colcon_core.package_identification:_identify(src/mi_accion) by extension 'ignore'
[0.420s] Level 1:colcon.colcon_core.package_identification:_identify(src/mi_accion) by extension 'ignore_ament_install'
[0.421s] Level 1:colcon.colcon_core.package_identification:_identify(src/mi_accion) by extensions ['colcon_pkg']
[0.421s] Level 1:colcon.colcon_core.package_identification:_identify(src/mi_accion) by extension 'colcon_pkg'
[0.421s] Level 1:colcon.colcon_core.package_identification:_identify(src/mi_accion) by extensions ['colcon_meta']
[0.421s] Level 1:colcon.colcon_core.package_identification:_identify(src/mi_accion) by extension 'colcon_meta'
[0.421s] Level 1:colcon.colcon_core.package_identification:_identify(src/mi_accion) by extensions ['ros']
[0.421s] Level 1:colcon.colcon_core.package_identification:_identify(src/mi_accion) by extension 'ros'
[0.422s] DEBUG:colcon.colcon_core.package_identification:Package 'src/mi_accion' with type 'ros.ament_python' and name 'mi_accion'
[0.422s] Level 1:colcon.colcon_core.package_identification:_identify(src/p2pkg) by extensions ['ignore', 'ignore_ament_install']
[0.422s] Level 1:colcon.colcon_core.package_identification:_identify(src/p2pkg) by extension 'ignore'
[0.422s] Level 1:colcon.colcon_core.package_identification:_identify(src/p2pkg) by extension 'ignore_ament_install'
[0.422s] Level 1:colcon.colcon_core.package_identification:_identify(src/p2pkg) by extensions ['colcon_pkg']
[0.422s] Level 1:colcon.colcon_core.package_identification:_identify(src/p2pkg) by extension 'colcon_pkg'
[0.422s] Level 1:colcon.colcon_core.package_identification:_identify(src/p2pkg) by extensions ['colcon_meta']
[0.422s] Level 1:colcon.colcon_core.package_identification:_identify(src/p2pkg) by extension 'colcon_meta'
[0.422s] Level 1:colcon.colcon_core.package_identification:_identify(src/p2pkg) by extensions ['ros']
[0.422s] Level 1:colcon.colcon_core.package_identification:_identify(src/p2pkg) by extension 'ros'
[0.423s] DEBUG:colcon.colcon_core.package_identification:Package 'src/p2pkg' with type 'ros.ament_python' and name 'p2pkg'
[0.423s] Level 1:colcon.colcon_core.package_identification:_identify(src/primer_paquete) by extensions ['ignore', 'ignore_ament_install']
[0.423s] Level 1:colcon.colcon_core.package_identification:_identify(src/primer_paquete) by extension 'ignore'
[0.423s] Level 1:colcon.colcon_core.package_identification:_identify(src/primer_paquete) by extension 'ignore_ament_install'
[0.423s] Level 1:colcon.colcon_core.package_identification:_identify(src/primer_paquete) by extensions ['colcon_pkg']
[0.424s] Level 1:colcon.colcon_core.package_identification:_identify(src/primer_paquete) by extension 'colcon_pkg'
[0.424s] Level 1:colcon.colcon_core.package_identification:_identify(src/primer_paquete) by extensions ['colcon_meta']
[0.424s] Level 1:colcon.colcon_core.package_identification:_identify(src/primer_paquete) by extension 'colcon_meta'
[0.424s] Level 1:colcon.colcon_core.package_identification:_identify(src/primer_paquete) by extensions ['ros']
[0.424s] Level 1:colcon.colcon_core.package_identification:_identify(src/primer_paquete) by extension 'ros'
[0.425s] DEBUG:colcon.colcon_core.package_identification:Package 'src/primer_paquete' with type 'ros.ament_python' and name 'primer_paquete'
[0.425s] Level 1:colcon.colcon_core.package_identification:_identify(src/service_temp) by extensions ['ignore', 'ignore_ament_install']
[0.425s] Level 1:colcon.colcon_core.package_identification:_identify(src/service_temp) by extension 'ignore'
[0.425s] Level 1:colcon.colcon_core.package_identification:_identify(src/service_temp) by extension 'ignore_ament_install'
[0.425s] Level 1:colcon.colcon_core.package_identification:_identify(src/service_temp) by extensions ['colcon_pkg']
[0.425s] Level 1:colcon.colcon_core.package_identification:_identify(src/service_temp) by extension 'colcon_pkg'
[0.425s] Level 1:colcon.colcon_core.package_identification:_identify(src/service_temp) by extensions ['colcon_meta']
[0.425s] Level 1:colcon.colcon_core.package_identification:_identify(src/service_temp) by extension 'colcon_meta'
[0.425s] Level 1:colcon.colcon_core.package_identification:_identify(src/service_temp) by extensions ['ros']
[0.425s] Level 1:colcon.colcon_core.package_identification:_identify(src/service_temp) by extension 'ros'
[0.426s] DEBUG:colcon.colcon_core.package_identification:Package 'src/service_temp' with type 'ros.ament_python' and name 'service_temp'
[0.426s] Level 1:colcon.colcon_core.package_identification:_identify(src/servicio_suma) by extensions ['ignore', 'ignore_ament_install']
[0.426s] Level 1:colcon.colcon_core.package_identification:_identify(src/servicio_suma) by extension 'ignore'
[0.426s] Level 1:colcon.colcon_core.package_identification:_identify(src/servicio_suma) by extension 'ignore_ament_install'
[0.426s] Level 1:colcon.colcon_core.package_identification:_identify(src/servicio_suma) by extensions ['colcon_pkg']
[0.426s] Level 1:colcon.colcon_core.package_identification:_identify(src/servicio_suma) by extension 'colcon_pkg'
[0.426s] Level 1:colcon.colcon_core.package_identification:_identify(src/servicio_suma) by extensions ['colcon_meta']
[0.426s] Level 1:colcon.colcon_core.package_identification:_identify(src/servicio_suma) by extension 'colcon_meta'
[0.426s] Level 1:colcon.colcon_core.package_identification:_identify(src/servicio_suma) by extensions ['ros']
[0.426s] Level 1:colcon.colcon_core.package_identification:_identify(src/servicio_suma) by extension 'ros'
[0.427s] DEBUG:colcon.colcon_core.package_identification:Package 'src/servicio_suma' with type 'ros.ament_python' and name 'servicio_suma'
[0.427s] Level 1:colcon.colcon_core.package_discovery:discover_packages(recursive) using defaults
[0.427s] Level 1:colcon.colcon_core.package_discovery:discover_packages(ignore) discover
[0.427s] Level 1:colcon.colcon_core.package_discovery:discover_packages(ignore) using defaults
[0.427s] Level 1:colcon.colcon_core.package_discovery:discover_packages(path) discover
[0.427s] Level 1:colcon.colcon_core.package_discovery:discover_packages(path) using defaults
[0.465s] Level 1:colcon.colcon_core.package_discovery:discover_packages(prefix_path) check parameters
[0.465s] Level 1:colcon.colcon_core.package_discovery:discover_packages(prefix_path) discover
[0.468s] DEBUG:colcon.colcon_installed_package_information.package_discovery:Found 8 installed packages in /workspace/ros2_ws/install
[0.471s] DEBUG:colcon.colcon_installed_package_information.package_discovery:Found 386 installed packages in /opt/ros/humble
[0.473s] Level 1:colcon.colcon_core.package_discovery:discover_packages(prefix_path) using defaults
[0.561s] Level 5:colcon.colcon_core.verb:set package 'battery_act' build argument 'cmake_args' from command line to 'None'
[0.562s] Level 5:colcon.colcon_core.verb:set package 'battery_act' build argument 'cmake_target' from command line to 'None'
[0.562s] Level 5:colcon.colcon_core.verb:set package 'battery_act' build argument 'cmake_target_skip_unavailable' from command line to 'False'
[0.562s] Level 5:colcon.colcon_core.verb:set package 'battery_act' build argument 'cmake_clean_cache' from command line to 'False'
[0.562s] Level 5:colcon.colcon_core.verb:set package 'battery_act' build argument 'cmake_clean_first' from command line to 'False'
[0.562s] Level 5:colcon.colcon_core.verb:set package 'battery_act' build argument 'cmake_force_configure' from command line to 'False'
[0.562s] Level 5:colcon.colcon_core.verb:set package 'battery_act' build argument 'ament_cmake_args' from command line to 'None'
[0.562s] Level 5:colcon.colcon_core.verb:set package 'battery_act' build argument 'catkin_cmake_args' from command line to 'None'
[0.562s] Level 5:colcon.colcon_core.verb:set package 'battery_act' build argument 'catkin_skip_building_tests' from command line to 'False'
[0.562s] DEBUG:colcon.colcon_core.verb:Building package 'battery_act' with the following arguments: {'ament_cmake_args': None, 'build_base': '/workspace/ros2_ws/build/battery_act', 'catkin_cmake_args': None, 'catkin_skip_building_tests': False, 'cmake_args': None, 'cmake_clean_cache': False, 'cmake_clean_first': False, 'cmake_force_configure': False, 'cmake_target': None, 'cmake_target_skip_unavailable': False, 'install_base': '/workspace/ros2_ws/install/battery_act', 'merge_install': False, 'path': '/workspace/ros2_ws/src/battery_act', 'symlink_install': False, 'test_result_base': None}
[0.562s] Level 5:colcon.colcon_core.verb:set package 'interfaz' build argument 'cmake_args' from command line to 'None'
[0.562s] Level 5:colcon.colcon_core.verb:set package 'interfaz' build argument 'cmake_target' from command line to 'None'
[0.562s] Level 5:colcon.colcon_core.verb:set package 'interfaz' build argument 'cmake_target_skip_unavailable' from command line to 'False'
[0.562s] Level 5:colcon.colcon_core.verb:set package 'interfaz' build argument 'cmake_clean_cache' from command line to 'False'
[0.562s] Level 5:colcon.colcon_core.verb:set package 'interfaz' build argument 'cmake_clean_first' from command line to 'False'
[0.562s] Level 5:colcon.colcon_core.verb:set package 'interfaz' build argument 'cmake_force_configure' from command line to 'False'
[0.562s] Level 5:colcon.colcon_core.verb:set package 'interfaz' build argument 'ament_cmake_args' from command line to 'None'
[0.562s] Level 5:colcon.colcon_core.verb:set package 'interfaz' build argument 'catkin_cmake_args' from command line to 'None'
[0.562s] Level 5:colcon.colcon_core.verb:set package 'interfaz' build argument 'catkin_skip_building_tests' from command line to 'False'
[0.562s] DEBUG:colcon.colcon_core.verb:Building package 'interfaz' with the following arguments: {'ament_cmake_args': None, 'build_base': '/workspace/ros2_ws/build/interfaz', 'catkin_cmake_args': None, 'catkin_skip_building_tests': False, 'cmake_args': None, 'cmake_clean_cache': False, 'cmake_clean_first': False, 'cmake_force_configure': False, 'cmake_target': None, 'cmake_target_skip_unavailable': False, 'install_base': '/workspace/ros2_ws/install/interfaz', 'merge_install': False, 'path': '/workspace/ros2_ws/src/interfaz', 'symlink_install': False, 'test_result_base': None}
[0.563s] Level 5:colcon.colcon_core.verb:set package 'interfaz_servicio_suma' build argument 'cmake_args' from command line to 'None'
[0.563s] Level 5:colcon.colcon_core.verb:set package 'interfaz_servicio_suma' build argument 'cmake_target' from command line to 'None'
[0.563s] Level 5:colcon.colcon_core.verb:set package 'interfaz_servicio_suma' build argument 'cmake_target_skip_unavailable' from command line to 'False'
[0.563s] Level 5:colcon.colcon_core.verb:set package 'interfaz_servicio_suma' build argument 'cmake_clean_cache' from command line to 'False'
[0.563s] Level 5:colcon.colcon_core.verb:set package 'interfaz_servicio_suma' build argument 'cmake_clean_first' from command line to 'False'
[0.563s] Level 5:colcon.colcon_core.verb:set package 'interfaz_servicio_suma' build argument 'cmake_force_configure' from command line to 'False'
[0.563s] Level 5:colcon.colcon_core.verb:set package 'interfaz_servicio_suma' build argument 'ament_cmake_args' from command line to 'None'
[0.563s] Level 5:colcon.colcon_core.verb:set package 'interfaz_servicio_suma' build argument 'catkin_cmake_args' from command line to 'None'
[0.563s] Level 5:colcon.colcon_core.verb:set package 'interfaz_servicio_suma' build argument 'catkin_skip_building_tests' from command line to 'False'
[0.563s] DEBUG:colcon.colcon_core.verb:Building package 'interfaz_servicio_suma' with the following arguments: {'ament_cmake_args': None, 'build_base': '/workspace/ros2_ws/build/interfaz_servicio_suma', 'catkin_cmake_args': None, 'catkin_skip_building_tests': False, 'cmake_args': None, 'cmake_clean_cache': False, 'cmake_clean_first': False, 'cmake_force_configure': False, 'cmake_target': None, 'cmake_target_skip_unavailable': False, 'install_base': '/workspace/ros2_ws/install/interfaz_servicio_suma', 'merge_install': False, 'path': '/workspace/ros2_ws/src/interfaz_servicio_suma', 'symlink_install': False, 'test_result_base': None}
[0.563s] Level 5:colcon.colcon_core.verb:set package 'mi_accion' build argument 'cmake_args' from command line to 'None'
[0.563s] Level 5:colcon.colcon_core.verb:set package 'mi_accion' build argument 'cmake_target' from command line to 'None'
[0.564s] Level 5:colcon.colcon_core.verb:set package 'mi_accion' build argument 'cmake_target_skip_unavailable' from command line to 'False'
[0.564s] Level 5:colcon.colcon_core.verb:set package 'mi_accion' build argument 'cmake_clean_cache' from command line to 'False'
[0.564s] Level 5:colcon.colcon_core.verb:set package 'mi_accion' build argument 'cmake_clean_first' from command line to 'False'
[0.564s] Level 5:colcon.colcon_core.verb:set package 'mi_accion' build argument 'cmake_force_configure' from command line to 'False'
[0.564s] Level 5:colcon.colcon_core.verb:set package 'mi_accion' build argument 'ament_cmake_args' from command line to 'None'
[0.564s] Level 5:colcon.colcon_core.verb:set package 'mi_accion' build argument 'catkin_cmake_args' from command line to 'None'
[0.564s] Level 5:colcon.colcon_core.verb:set package 'mi_accion' build argument 'catkin_skip_building_tests' from command line to 'False'
[0.564s] DEBUG:colcon.colcon_core.verb:Building package 'mi_accion' with the following arguments: {'ament_cmake_args': None, 'build_base': '/workspace/ros2_ws/build/mi_accion', 'catkin_cmake_args': None, 'catkin_skip_building_tests': False, 'cmake_args': None, 'cmake_clean_cache': False, 'cmake_clean_first': False, 'cmake_force_configure': False, 'cmake_target': None, 'cmake_target_skip_unavailable': False, 'install_base': '/workspace/ros2_ws/install/mi_accion', 'merge_install': False, 'path': '/workspace/ros2_ws/src/mi_accion', 'symlink_install': False, 'test_result_base': None}
[0.564s] Level 5:colcon.colcon_core.verb:set package 'service_temp' build argument 'cmake_args' from command line to 'None'
[0.564s] Level 5:colcon.colcon_core.verb:set package 'service_temp' build argument 'cmake_target' from command line to 'None'
[0.564s] Level 5:colcon.colcon_core.verb:set package 'service_temp' build argument 'cmake_target_skip_unavailable' from command line to 'False'
[0.564s] Level 5:colcon.colcon_core.verb:set package 'service_temp' build argument 'cmake_clean_cache' from command line to 'False'
[0.564s] Level 5:colcon.colcon_core.verb:set package 'service_temp' build argument 'cmake_clean_first' from command line to 'False'
[0.564s] Level 5:colcon.colcon_core.verb:set package 'service_temp' build argument 'cmake_force_configure' from command line to 'False'
[0.564s] Level 5:colcon.colcon_core.verb:set package 'service_temp' build argument 'ament_cmake_args' from command line to 'None'
[0.564s] Level 5:colcon.colcon_core.verb:set package 'service_temp' build argument 'catkin_cmake_args' from command line to 'None'
[0.564s] Level 5:colcon.colcon_core.verb:set package 'service_temp' build argument 'catkin_skip_building_tests' from command line to 'False'
[0.564s] DEBUG:colcon.colcon_core.verb:Building package 'service_temp' with the following arguments: {'ament_cmake_args': None, 'build_base': '/workspace/ros2_ws/build/service_temp', 'catkin_cmake_args': None, 'catkin_skip_building_tests': False, 'cmake_args': None, 'cmake_clean_cache': False, 'cmake_clean_first': False, 'cmake_force_configure': False, 'cmake_target': None, 'cmake_target_skip_unavailable': False, 'install_base': '/workspace/ros2_ws/install/service_temp', 'merge_install': False, 'path': '/workspace/ros2_ws/src/service_temp', 'symlink_install': False, 'test_result_base': None}
[0.565s] Level 5:colcon.colcon_core.verb:set package 'servicio_suma' build argument 'cmake_args' from command line to 'None'
[0.565s] Level 5:colcon.colcon_core.verb:set package 'servicio_suma' build argument 'cmake_target' from command line to 'None'
[0.565s] Level 5:colcon.colcon_core.verb:set package 'servicio_suma' build argument 'cmake_target_skip_unavailable' from command line to 'False'
[0.565s] Level 5:colcon.colcon_core.verb:set package 'servicio_suma' build argument 'cmake_clean_cache' from command line to 'False'
[0.565s] Level 5:colcon.colcon_core.verb:set package 'servicio_suma' build argument 'cmake_clean_first' from command line to 'False'
[0.565s] Level 5:colcon.colcon_core.verb:set package 'servicio_suma' build argument 'cmake_force_configure' from command line to 'False'
[0.565s] Level 5:colcon.colcon_core.verb:set package 'servicio_suma' build argument 'ament_cmake_args' from command line to 'None'
[0.565s] Level 5:colcon.colcon_core.verb:set package 'servicio_suma' build argument 'catkin_cmake_args' from command line to 'None'
[0.565s] Level 5:colcon.colcon_core.verb:set package 'servicio_suma' build argument 'catkin_skip_building_tests' from command line to 'False'
[0.565s] DEBUG:colcon.colcon_core.verb:Building package 'servicio_suma' with the following arguments: {'ament_cmake_args': None, 'build_base': '/workspace/ros2_ws/build/servicio_suma', 'catkin_cmake_args': None, 'catkin_skip_building_tests': False, 'cmake_args': None, 'cmake_clean_cache': False, 'cmake_clean_first': False, 'cmake_force_configure': False, 'cmake_target': None, 'cmake_target_skip_unavailable': False, 'install_base': '/workspace/ros2_ws/install/servicio_suma', 'merge_install': False, 'path': '/workspace/ros2_ws/src/servicio_suma', 'symlink_install': False, 'test_result_base': None}
[0.565s] Level 5:colcon.colcon_core.verb:set package 'p2pkg' build argument 'cmake_args' from command line to 'None'
[0.565s] Level 5:colcon.colcon_core.verb:set package 'p2pkg' build argument 'cmake_target' from command line to 'None'
[0.565s] Level 5:colcon.colcon_core.verb:set package 'p2pkg' build argument 'cmake_target_skip_unavailable' from command line to 'False'
[0.565s] Level 5:colcon.colcon_core.verb:set package 'p2pkg' build argument 'cmake_clean_cache' from command line to 'False'
[0.565s] Level 5:colcon.colcon_core.verb:set package 'p2pkg' build argument 'cmake_clean_first' from command line to 'False'
[0.565s] Level 5:colcon.colcon_core.verb:set package 'p2pkg' build argument 'cmake_force_configure' from command line to 'False'
[0.565s] Level 5:colcon.colcon_core.verb:set package 'p2pkg' build argument 'ament_cmake_args' from command line to 'None'
[0.565s] Level 5:colcon.colcon_core.verb:set package 'p2pkg' build argument 'catkin_cmake_args' from command line to 'None'
[0.565s] Level 5:colcon.colcon_core.verb:set package 'p2pkg' build argument 'catkin_skip_building_tests' from command line to 'False'
[0.565s] DEBUG:colcon.colcon_core.verb:Building package 'p2pkg' with the following arguments: {'ament_cmake_args': None, 'build_base': '/workspace/ros2_ws/build/p2pkg', 'catkin_cmake_args': None, 'catkin_skip_building_tests': False, 'cmake_args': None, 'cmake_clean_cache': False, 'cmake_clean_first': False, 'cmake_force_configure': False, 'cmake_target': None, 'cmake_target_skip_unavailable': False, 'install_base': '/workspace/ros2_ws/install/p2pkg', 'merge_install': False, 'path': '/workspace/ros2_ws/src/p2pkg', 'symlink_install': False, 'test_result_base': None}
[0.566s] Level 5:colcon.colcon_core.verb:set package 'primer_paquete' build argument 'cmake_args' from command line to 'None'
[0.566s] Level 5:colcon.colcon_core.verb:set package 'primer_paquete' build argument 'cmake_target' from command line to 'None'
[0.566s] Level 5:colcon.colcon_core.verb:set package 'primer_paquete' build argument 'cmake_target_skip_unavailable' from command line to 'False'
[0.566s] Level 5:colcon.colcon_core.verb:set package 'primer_paquete' build argument 'cmake_clean_cache' from command line to 'False'
[0.566s] Level 5:colcon.colcon_core.verb:set package 'primer_paquete' build argument 'cmake_clean_first' from command line to 'False'
[0.566s] Level 5:colcon.colcon_core.verb:set package 'primer_paquete' build argument 'cmake_force_configure' from command line to 'False'
[0.566s] Level 5:colcon.colcon_core.verb:set package 'primer_paquete' build argument 'ament_cmake_args' from command line to 'None'
[0.566s] Level 5:colcon.colcon_core.verb:set package 'primer_paquete' build argument 'catkin_cmake_args' from command line to 'None'
[0.566s] Level 5:colcon.colcon_core.verb:set package 'primer_paquete' build argument 'catkin_skip_building_tests' from command line to 'False'
[0.566s] DEBUG:colcon.colcon_core.verb:Building package 'primer_paquete' with the following arguments: {'ament_cmake_args': None, 'build_base': '/workspace/ros2_ws/build/primer_paquete', 'catkin_cmake_args': None, 'catkin_skip_building_tests': False, 'cmake_args': None, 'cmake_clean_cache': False, 'cmake_clean_first': False, 'cmake_force_configure': False, 'cmake_target': None, 'cmake_target_skip_unavailable': False, 'install_base': '/workspace/ros2_ws/install/primer_paquete', 'merge_install': False, 'path': '/workspace/ros2_ws/src/primer_paquete', 'symlink_install': False, 'test_result_base': None}
[0.566s] INFO:colcon.colcon_core.executor:Executing jobs using 'parallel' executor
[0.567s] DEBUG:colcon.colcon_parallel_executor.executor.parallel:run_until_complete
[0.567s] INFO:colcon.colcon_ros.task.ament_cmake.build:Building ROS package in '/workspace/ros2_ws/src/interfaz' with build type 'ament_cmake'
[0.568s] INFO:colcon.colcon_cmake.task.cmake.build:Building CMake package in '/workspace/ros2_ws/src/interfaz'
[0.573s] INFO:colcon.colcon_core.plugin_system:Skipping extension 'colcon_core.shell.bat': Not used on non-Windows systems
[0.573s] INFO:colcon.colcon_core.shell:Skip shell extension 'powershell' for command environment: Not usable outside of PowerShell
[0.573s] DEBUG:colcon.colcon_core.shell:Skip shell extension 'dsv' for command environment
[0.578s] INFO:colcon.colcon_ros.task.ament_python.build:Building ROS package in '/workspace/ros2_ws/src/battery_act' with build type 'ament_python'
[0.578s] Level 1:colcon.colcon_core.shell:create_environment_hook('battery_act', 'ament_prefix_path')
[0.578s] INFO:colcon.colcon_core.shell:Creating environment hook '/workspace/ros2_ws/install/battery_act/share/battery_act/hook/ament_prefix_path.ps1'
[0.579s] INFO:colcon.colcon_core.shell:Creating environment descriptor '/workspace/ros2_ws/install/battery_act/share/battery_act/hook/ament_prefix_path.dsv'
[0.580s] INFO:colcon.colcon_core.shell:Creating environment hook '/workspace/ros2_ws/install/battery_act/share/battery_act/hook/ament_prefix_path.sh'
[0.581s] INFO:colcon.colcon_core.shell:Skip shell extension 'powershell' for command environment: Not usable outside of PowerShell
[0.581s] DEBUG:colcon.colcon_core.shell:Skip shell extension 'dsv' for command environment
[0.585s] INFO:colcon.colcon_ros.task.ament_cmake.build:Building ROS package in '/workspace/ros2_ws/src/interfaz_servicio_suma' with build type 'ament_cmake'
[0.585s] INFO:colcon.colcon_cmake.task.cmake.build:Building CMake package in '/workspace/ros2_ws/src/interfaz_servicio_suma'
[0.585s] INFO:colcon.colcon_core.shell:Skip shell extension 'powershell' for command environment: Not usable outside of PowerShell
[0.585s] DEBUG:colcon.colcon_core.shell:Skip shell extension 'dsv' for command environment
[0.590s] INFO:colcon.colcon_ros.task.ament_python.build:Building ROS package in '/workspace/ros2_ws/src/mi_accion' with build type 'ament_python'
[0.590s] Level 1:colcon.colcon_core.shell:create_environment_hook('mi_accion', 'ament_prefix_path')
[0.590s] INFO:colcon.colcon_core.shell:Creating environment hook '/workspace/ros2_ws/install/mi_accion/share/mi_accion/hook/ament_prefix_path.ps1'
[0.591s] INFO:colcon.colcon_core.shell:Creating environment descriptor '/workspace/ros2_ws/install/mi_accion/share/mi_accion/hook/ament_prefix_path.dsv'
[0.592s] INFO:colcon.colcon_core.shell:Creating environment hook '/workspace/ros2_ws/install/mi_accion/share/mi_accion/hook/ament_prefix_path.sh'
[0.593s] INFO:colcon.colcon_core.shell:Skip shell extension 'powershell' for command environment: Not usable outside of PowerShell
[0.593s] DEBUG:colcon.colcon_core.shell:Skip shell extension 'dsv' for command environment
[0.597s] INFO:colcon.colcon_ros.task.ament_python.build:Building ROS package in '/workspace/ros2_ws/src/service_temp' with build type 'ament_python'
[0.597s] Level 1:colcon.colcon_core.shell:create_environment_hook('service_temp', 'ament_prefix_path')
[0.597s] INFO:colcon.colcon_core.shell:Creating environment hook '/workspace/ros2_ws/install/service_temp/share/service_temp/hook/ament_prefix_path.ps1'
[0.598s] INFO:colcon.colcon_core.shell:Creating environment descriptor '/workspace/ros2_ws/install/service_temp/share/service_temp/hook/ament_prefix_path.dsv'
[0.599s] INFO:colcon.colcon_core.shell:Creating environment hook '/workspace/ros2_ws/install/service_temp/share/service_temp/hook/ament_prefix_path.sh'
[0.599s] INFO:colcon.colcon_core.shell:Skip shell extension 'powershell' for command environment: Not usable outside of PowerShell
[0.599s] DEBUG:colcon.colcon_core.shell:Skip shell extension 'dsv' for command environment
[0.604s] INFO:colcon.colcon_ros.task.ament_python.build:Building ROS package in '/workspace/ros2_ws/src/servicio_suma' with build type 'ament_python'
[0.604s] Level 1:colcon.colcon_core.shell:create_environment_hook('servicio_suma', 'ament_prefix_path')
[0.604s] INFO:colcon.colcon_core.shell:Creating environment hook '/workspace/ros2_ws/install/servicio_suma/share/servicio_suma/hook/ament_prefix_path.ps1'
[0.605s] INFO:colcon.colcon_core.shell:Creating environment descriptor '/workspace/ros2_ws/install/servicio_suma/share/servicio_suma/hook/ament_prefix_path.dsv'
[0.605s] INFO:colcon.colcon_core.shell:Creating environment hook '/workspace/ros2_ws/install/servicio_suma/share/servicio_suma/hook/ament_prefix_path.sh'
[0.606s] INFO:colcon.colcon_core.shell:Skip shell extension 'powershell' for command environment: Not usable outside of PowerShell
[0.606s] DEBUG:colcon.colcon_core.shell:Skip shell extension 'dsv' for command environment
[0.615s] DEBUG:colcon.colcon_core.event_handler.log_command:Invoking command in '/workspace/ros2_ws/build/interfaz': CMAKE_PREFIX_PATH=${CMAKE_PREFIX_PATH}:/workspace/ros2_ws/install/servicio_suma:/workspace/ros2_ws/install/service_temp:/workspace/ros2_ws/install/primer_paquete:/workspace/ros2_ws/install/p2pkg:/workspace/ros2_ws/install/mi_accion:/workspace/ros2_ws/install/battery_act:/opt/ros/humble /usr/bin/cmake --build /workspace/ros2_ws/build/interfaz -- -j8 -l8
[0.948s] INFO:colcon.colcon_core.task.python.build:Building Python package in '/workspace/ros2_ws/src/battery_act'
[0.948s] INFO:colcon.colcon_core.shell:Skip shell extension 'powershell' for command environment: Not usable outside of PowerShell
[0.948s] DEBUG:colcon.colcon_core.shell:Skip shell extension 'dsv' for command environment
[0.957s] DEBUG:colcon.colcon_core.event_handler.log_command:Invoking command in '/workspace/ros2_ws/build/interfaz_servicio_suma': CMAKE_PREFIX_PATH=${CMAKE_PREFIX_PATH}:/workspace/ros2_ws/install/servicio_suma:/workspace/ros2_ws/install/service_temp:/workspace/ros2_ws/install/primer_paquete:/workspace/ros2_ws/install/p2pkg:/workspace/ros2_ws/install/mi_accion:/workspace/ros2_ws/install/battery_act:/opt/ros/humble /usr/bin/cmake --build /workspace/ros2_ws/build/interfaz_servicio_suma -- -j8 -l8
[1.306s] INFO:colcon.colcon_core.task.python.build:Building Python package in '/workspace/ros2_ws/src/mi_accion'
[1.306s] INFO:colcon.colcon_core.shell:Skip shell extension 'powershell' for command environment: Not usable outside of PowerShell
[1.306s] DEBUG:colcon.colcon_core.shell:Skip shell extension 'dsv' for command environment
[1.656s] INFO:colcon.colcon_core.task.python.build:Building Python package in '/workspace/ros2_ws/src/service_temp'
[1.656s] INFO:colcon.colcon_core.shell:Skip shell extension 'powershell' for command environment: Not usable outside of PowerShell
[1.656s] DEBUG:colcon.colcon_core.shell:Skip shell extension 'dsv' for command environment
[1.677s] DEBUG:colcon.colcon_core.event_handler.log_command:Invoked command in '/workspace/ros2_ws/build/interfaz' returned '0': CMAKE_PREFIX_PATH=${CMAKE_PREFIX_PATH}:/workspace/ros2_ws/install/servicio_suma:/workspace/ros2_ws/install/service_temp:/workspace/ros2_ws/install/primer_paquete:/workspace/ros2_ws/install/p2pkg:/workspace/ros2_ws/install/mi_accion:/workspace/ros2_ws/install/battery_act:/opt/ros/humble /usr/bin/cmake --build /workspace/ros2_ws/build/interfaz -- -j8 -l8
[1.686s] DEBUG:colcon.colcon_core.event_handler.log_command:Invoking command in '/workspace/ros2_ws/build/interfaz': CMAKE_PREFIX_PATH=${CMAKE_PREFIX_PATH}:/workspace/ros2_ws/install/servicio_suma:/workspace/ros2_ws/install/service_temp:/workspace/ros2_ws/install/primer_paquete:/workspace/ros2_ws/install/p2pkg:/workspace/ros2_ws/install/mi_accion:/workspace/ros2_ws/install/battery_act:/opt/ros/humble /usr/bin/cmake --install /workspace/ros2_ws/build/interfaz
[1.686s] DEBUG:colcon.colcon_core.event_handler.log_command:Invoked command in '/workspace/ros2_ws/build/interfaz_servicio_suma' returned '0': CMAKE_PREFIX_PATH=${CMAKE_PREFIX_PATH}:/workspace/ros2_ws/install/servicio_suma:/workspace/ros2_ws/install/service_temp:/workspace/ros2_ws/install/primer_paquete:/workspace/ros2_ws/install/p2pkg:/workspace/ros2_ws/install/mi_accion:/workspace/ros2_ws/install/battery_act:/opt/ros/humble /usr/bin/cmake --build /workspace/ros2_ws/build/interfaz_servicio_suma -- -j8 -l8
[1.688s] DEBUG:colcon.colcon_core.event_handler.log_command:Invoking command in '/workspace/ros2_ws/build/interfaz_servicio_suma': CMAKE_PREFIX_PATH=${CMAKE_PREFIX_PATH}:/workspace/ros2_ws/install/servicio_suma:/workspace/ros2_ws/install/service_temp:/workspace/ros2_ws/install/primer_paquete:/workspace/ros2_ws/install/p2pkg:/workspace/ros2_ws/install/mi_accion:/workspace/ros2_ws/install/battery_act:/opt/ros/humble /usr/bin/cmake --install /workspace/ros2_ws/build/interfaz_servicio_suma
[1.984s] INFO:colcon.colcon_core.task.python.build:Building Python package in '/workspace/ros2_ws/src/servicio_suma'
[1.985s] INFO:colcon.colcon_core.shell:Skip shell extension 'powershell' for command environment: Not usable outside of PowerShell
[1.985s] DEBUG:colcon.colcon_core.shell:Skip shell extension 'dsv' for command environment
[2.009s] Level 1:colcon.colcon_core.environment:create_environment_scripts_only(interfaz_servicio_suma)
[2.024s] Level 1:colcon.colcon_core.environment:checking '/workspace/ros2_ws/install/interfaz_servicio_suma' for CMake module files
[2.039s] Level 1:colcon.colcon_core.environment:checking '/workspace/ros2_ws/install/interfaz_servicio_suma' for CMake config files
[2.047s] Level 1:colcon.colcon_core.shell:create_environment_hook('interfaz_servicio_suma', 'cmake_prefix_path')
[2.047s] INFO:colcon.colcon_core.shell:Creating environment hook '/workspace/ros2_ws/install/interfaz_servicio_suma/share/interfaz_servicio_suma/hook/cmake_prefix_path.ps1'
[2.048s] INFO:colcon.colcon_core.shell:Creating environment descriptor '/workspace/ros2_ws/install/interfaz_servicio_suma/share/interfaz_servicio_suma/hook/cmake_prefix_path.dsv'
[2.053s] INFO:colcon.colcon_core.shell:Creating environment hook '/workspace/ros2_ws/install/interfaz_servicio_suma/share/interfaz_servicio_suma/hook/cmake_prefix_path.sh'
[2.056s] Level 1:colcon.colcon_core.environment:checking '/workspace/ros2_ws/install/interfaz_servicio_suma/lib'
[2.057s] Level 1:colcon.colcon_core.shell:create_environment_hook('interfaz_servicio_suma', 'ld_library_path_lib')
[2.057s] INFO:colcon.colcon_core.shell:Creating environment hook '/workspace/ros2_ws/install/interfaz_servicio_suma/share/interfaz_servicio_suma/hook/ld_library_path_lib.ps1'
[2.059s] INFO:colcon.colcon_core.shell:Creating environment descriptor '/workspace/ros2_ws/install/interfaz_servicio_suma/share/interfaz_servicio_suma/hook/ld_library_path_lib.dsv'
[2.061s] INFO:colcon.colcon_core.shell:Creating environment hook '/workspace/ros2_ws/install/interfaz_servicio_suma/share/interfaz_servicio_suma/hook/ld_library_path_lib.sh'
[2.062s] Level 1:colcon.colcon_core.environment:checking '/workspace/ros2_ws/install/interfaz_servicio_suma/bin'
[2.062s] Level 1:colcon.colcon_core.environment:checking '/workspace/ros2_ws/install/interfaz_servicio_suma/lib/pkgconfig/interfaz_servicio_suma.pc'
[2.063s] Level 1:colcon.colcon_core.environment:checking '/workspace/ros2_ws/install/interfaz_servicio_suma/lib/python3.10/site-packages'
[2.064s] Level 1:colcon.colcon_core.environment:checking '/workspace/ros2_ws/install/interfaz_servicio_suma/bin'
[2.065s] INFO:colcon.colcon_core.shell:Creating package script '/workspace/ros2_ws/install/interfaz_servicio_suma/share/interfaz_servicio_suma/package.ps1'
[2.065s] DEBUG:colcon.colcon_core.event_handler.log_command:Invoked command in '/workspace/ros2_ws/build/interfaz_servicio_suma' returned '0': CMAKE_PREFIX_PATH=${CMAKE_PREFIX_PATH}:/workspace/ros2_ws/install/servicio_suma:/workspace/ros2_ws/install/service_temp:/workspace/ros2_ws/install/primer_paquete:/workspace/ros2_ws/install/p2pkg:/workspace/ros2_ws/install/mi_accion:/workspace/ros2_ws/install/battery_act:/opt/ros/humble /usr/bin/cmake --install /workspace/ros2_ws/build/interfaz_servicio_suma
[2.067s] INFO:colcon.colcon_core.shell:Creating package descriptor '/workspace/ros2_ws/install/interfaz_servicio_suma/share/interfaz_servicio_suma/package.dsv'
[2.070s] INFO:colcon.colcon_core.shell:Creating package script '/workspace/ros2_ws/install/interfaz_servicio_suma/share/interfaz_servicio_suma/package.sh'
[2.073s] INFO:colcon.colcon_core.shell:Creating package script '/workspace/ros2_ws/install/interfaz_servicio_suma/share/interfaz_servicio_suma/package.bash'
[2.075s] INFO:colcon.colcon_core.shell:Creating package script '/workspace/ros2_ws/install/interfaz_servicio_suma/share/interfaz_servicio_suma/package.zsh'
[2.078s] Level 1:colcon.colcon_core.environment:create_file_with_runtime_dependencies(/workspace/ros2_ws/install/interfaz_servicio_suma/share/colcon-core/packages/interfaz_servicio_suma)
[2.080s] Level 1:colcon.colcon_core.environment:create_environment_scripts_only(interfaz_servicio_suma)
[2.080s] Level 1:colcon.colcon_core.environment:checking '/workspace/ros2_ws/install/interfaz_servicio_suma' for CMake module files
[2.082s] Level 1:colcon.colcon_core.environment:checking '/workspace/ros2_ws/install/interfaz_servicio_suma' for CMake config files
[2.083s] Level 1:colcon.colcon_core.shell:create_environment_hook('interfaz_servicio_suma', 'cmake_prefix_path')
[2.083s] INFO:colcon.colcon_core.shell:Creating environment hook '/workspace/ros2_ws/install/interfaz_servicio_suma/share/interfaz_servicio_suma/hook/cmake_prefix_path.ps1'
[2.084s] INFO:colcon.colcon_core.shell:Creating environment descriptor '/workspace/ros2_ws/install/interfaz_servicio_suma/share/interfaz_servicio_suma/hook/cmake_prefix_path.dsv'
[2.084s] INFO:colcon.colcon_core.shell:Creating environment hook '/workspace/ros2_ws/install/interfaz_servicio_suma/share/interfaz_servicio_suma/hook/cmake_prefix_path.sh'
[2.085s] Level 1:colcon.colcon_core.environment:checking '/workspace/ros2_ws/install/interfaz_servicio_suma/lib'
[2.085s] Level 1:colcon.colcon_core.shell:create_environment_hook('interfaz_servicio_suma', 'ld_library_path_lib')
[2.086s] INFO:colcon.colcon_core.shell:Creating environment hook '/workspace/ros2_ws/install/interfaz_servicio_suma/share/interfaz_servicio_suma/hook/ld_library_path_lib.ps1'
[2.086s] INFO:colcon.colcon_core.shell:Creating environment descriptor '/workspace/ros2_ws/install/interfaz_servicio_suma/share/interfaz_servicio_suma/hook/ld_library_path_lib.dsv'
[2.087s] INFO:colcon.colcon_core.shell:Creating environment hook '/workspace/ros2_ws/install/interfaz_servicio_suma/share/interfaz_servicio_suma/hook/ld_library_path_lib.sh'
[2.087s] Level 1:colcon.colcon_core.environment:checking '/workspace/ros2_ws/install/interfaz_servicio_suma/bin'
[2.087s] Level 1:colcon.colcon_core.environment:checking '/workspace/ros2_ws/install/interfaz_servicio_suma/lib/pkgconfig/interfaz_servicio_suma.pc'
[2.088s] Level 1:colcon.colcon_core.environment:checking '/workspace/ros2_ws/install/interfaz_servicio_suma/lib/python3.10/site-packages'
[2.088s] Level 1:colcon.colcon_core.environment:checking '/workspace/ros2_ws/install/interfaz_servicio_suma/bin'
[2.088s] INFO:colcon.colcon_core.shell:Creating package script '/workspace/ros2_ws/install/interfaz_servicio_suma/share/interfaz_servicio_suma/package.ps1'
[2.089s] INFO:colcon.colcon_core.shell:Creating package descriptor '/workspace/ros2_ws/install/interfaz_servicio_suma/share/interfaz_servicio_suma/package.dsv'
[2.090s] INFO:colcon.colcon_core.shell:Creating package script '/workspace/ros2_ws/install/interfaz_servicio_suma/share/interfaz_servicio_suma/package.sh'
[2.090s] INFO:colcon.colcon_core.shell:Creating package script '/workspace/ros2_ws/install/interfaz_servicio_suma/share/interfaz_servicio_suma/package.bash'
[2.091s] INFO:colcon.colcon_core.shell:Creating package script '/workspace/ros2_ws/install/interfaz_servicio_suma/share/interfaz_servicio_suma/package.zsh'
[2.092s] Level 1:colcon.colcon_core.environment:create_file_with_runtime_dependencies(/workspace/ros2_ws/install/interfaz_servicio_suma/share/colcon-core/packages/interfaz_servicio_suma)
[2.094s] Level 1:colcon.colcon_core.environment:create_environment_scripts_only(interfaz)
[2.095s] Level 1:colcon.colcon_core.environment:checking '/workspace/ros2_ws/install/interfaz' for CMake module files
[2.094s] DEBUG:colcon.colcon_core.event_handler.log_command:Invoked command in '/workspace/ros2_ws/build/interfaz' returned '0': CMAKE_PREFIX_PATH=${CMAKE_PREFIX_PATH}:/workspace/ros2_ws/install/servicio_suma:/workspace/ros2_ws/install/service_temp:/workspace/ros2_ws/install/primer_paquete:/workspace/ros2_ws/install/p2pkg:/workspace/ros2_ws/install/mi_accion:/workspace/ros2_ws/install/battery_act:/opt/ros/humble /usr/bin/cmake --install /workspace/ros2_ws/build/interfaz
[2.096s] Level 1:colcon.colcon_core.environment:checking '/workspace/ros2_ws/install/interfaz' for CMake config files
[2.097s] Level 1:colcon.colcon_core.shell:create_environment_hook('interfaz', 'cmake_prefix_path')
[2.097s] INFO:colcon.colcon_core.shell:Creating environment hook '/workspace/ros2_ws/install/interfaz/share/interfaz/hook/cmake_prefix_path.ps1'
[2.098s] INFO:colcon.colcon_core.shell:Creating environment descriptor '/workspace/ros2_ws/install/interfaz/share/interfaz/hook/cmake_prefix_path.dsv'
[2.098s] INFO:colcon.colcon_core.shell:Creating environment hook '/workspace/ros2_ws/install/interfaz/share/interfaz/hook/cmake_prefix_path.sh'
[2.099s] Level 1:colcon.colcon_core.environment:checking '/workspace/ros2_ws/install/interfaz/lib'
[2.099s] Level 1:colcon.colcon_core.shell:create_environment_hook('interfaz', 'ld_library_path_lib')
[2.099s] INFO:colcon.colcon_core.shell:Creating environment hook '/workspace/ros2_ws/install/interfaz/share/interfaz/hook/ld_library_path_lib.ps1'
[2.100s] INFO:colcon.colcon_core.shell:Creating environment descriptor '/workspace/ros2_ws/install/interfaz/share/interfaz/hook/ld_library_path_lib.dsv'
[2.100s] INFO:colcon.colcon_core.shell:Creating environment hook '/workspace/ros2_ws/install/interfaz/share/interfaz/hook/ld_library_path_lib.sh'
[2.101s] Level 1:colcon.colcon_core.environment:checking '/workspace/ros2_ws/install/interfaz/bin'
[2.101s] Level 1:colcon.colcon_core.environment:checking '/workspace/ros2_ws/install/interfaz/lib/pkgconfig/interfaz.pc'
[2.101s] Level 1:colcon.colcon_core.environment:checking '/workspace/ros2_ws/install/interfaz/lib/python3.10/site-packages'
[2.101s] Level 1:colcon.colcon_core.environment:checking '/workspace/ros2_ws/install/interfaz/bin'
[2.102s] INFO:colcon.colcon_core.shell:Creating package script '/workspace/ros2_ws/install/interfaz/share/interfaz/package.ps1'
[2.103s] INFO:colcon.colcon_core.shell:Creating package descriptor '/workspace/ros2_ws/install/interfaz/share/interfaz/package.dsv'
[2.103s] INFO:colcon.colcon_core.shell:Creating package script '/workspace/ros2_ws/install/interfaz/share/interfaz/package.sh'
[2.104s] INFO:colcon.colcon_core.shell:Creating package script '/workspace/ros2_ws/install/interfaz/share/interfaz/package.bash'
[2.104s] INFO:colcon.colcon_core.shell:Creating package script '/workspace/ros2_ws/install/interfaz/share/interfaz/package.zsh'
[2.105s] Level 1:colcon.colcon_core.environment:create_file_with_runtime_dependencies(/workspace/ros2_ws/install/interfaz/share/colcon-core/packages/interfaz)
[2.105s] Level 1:colcon.colcon_core.environment:create_environment_scripts_only(interfaz)
[2.106s] Level 1:colcon.colcon_core.environment:checking '/workspace/ros2_ws/install/interfaz' for CMake module files
[2.106s] Level 1:colcon.colcon_core.environment:checking '/workspace/ros2_ws/install/interfaz' for CMake config files
[2.108s] Level 1:colcon.colcon_core.shell:create_environment_hook('interfaz', 'cmake_prefix_path')
[2.108s] INFO:colcon.colcon_core.shell:Creating environment hook '/workspace/ros2_ws/install/interfaz/share/interfaz/hook/cmake_prefix_path.ps1'
[2.109s] INFO:colcon.colcon_core.shell:Creating environment descriptor '/workspace/ros2_ws/install/interfaz/share/interfaz/hook/cmake_prefix_path.dsv'
[2.109s] INFO:colcon.colcon_core.shell:Creating environment hook '/workspace/ros2_ws/install/interfaz/share/interfaz/hook/cmake_prefix_path.sh'
[2.110s] Level 1:colcon.colcon_core.environment:checking '/workspace/ros2_ws/install/interfaz/lib'
[2.110s] Level 1:colcon.colcon_core.shell:create_environment_hook('interfaz', 'ld_library_path_lib')
[2.110s] INFO:colcon.colcon_core.shell:Creating environment hook '/workspace/ros2_ws/install/interfaz/share/interfaz/hook/ld_library_path_lib.ps1'
[2.111s] INFO:colcon.colcon_core.shell:Creating environment descriptor '/workspace/ros2_ws/install/interfaz/share/interfaz/hook/ld_library_path_lib.dsv'
[2.111s] INFO:colcon.colcon_core.shell:Creating environment hook '/workspace/ros2_ws/install/interfaz/share/interfaz/hook/ld_library_path_lib.sh'
[2.112s] Level 1:colcon.colcon_core.environment:checking '/workspace/ros2_ws/install/interfaz/bin'
[2.112s] Level 1:colcon.colcon_core.environment:checking '/workspace/ros2_ws/install/interfaz/lib/pkgconfig/interfaz.pc'
[2.112s] Level 1:colcon.colcon_core.environment:checking '/workspace/ros2_ws/install/interfaz/lib/python3.10/site-packages'
[2.113s] Level 1:colcon.colcon_core.environment:checking '/workspace/ros2_ws/install/interfaz/bin'
[2.113s] INFO:colcon.colcon_core.shell:Creating package script '/workspace/ros2_ws/install/interfaz/share/interfaz/package.ps1'
[2.114s] INFO:colcon.colcon_core.shell:Creating package descriptor '/workspace/ros2_ws/install/interfaz/share/interfaz/package.dsv'
[2.115s] INFO:colcon.colcon_core.shell:Creating package script '/workspace/ros2_ws/install/interfaz/share/interfaz/package.sh'
[2.115s] INFO:colcon.colcon_core.shell:Creating package script '/workspace/ros2_ws/install/interfaz/share/interfaz/package.bash'
[2.116s] INFO:colcon.colcon_core.shell:Creating package script '/workspace/ros2_ws/install/interfaz/share/interfaz/package.zsh'
[2.116s] Level 1:colcon.colcon_core.environment:create_file_with_runtime_dependencies(/workspace/ros2_ws/install/interfaz/share/colcon-core/packages/interfaz)
[2.117s] INFO:colcon.colcon_ros.task.ament_python.build:Building ROS package in '/workspace/ros2_ws/src/p2pkg' with build type 'ament_python'
[2.117s] Level 1:colcon.colcon_core.shell:create_environment_hook('p2pkg', 'ament_prefix_path')
[2.117s] INFO:colcon.colcon_core.shell:Creating environment hook '/workspace/ros2_ws/install/p2pkg/share/p2pkg/hook/ament_prefix_path.ps1'
[2.119s] INFO:colcon.colcon_core.shell:Creating environment descriptor '/workspace/ros2_ws/install/p2pkg/share/p2pkg/hook/ament_prefix_path.dsv'
[2.122s] INFO:colcon.colcon_core.shell:Creating environment hook '/workspace/ros2_ws/install/p2pkg/share/p2pkg/hook/ament_prefix_path.sh'
[2.123s] INFO:colcon.colcon_core.shell:Skip shell extension 'powershell' for command environment: Not usable outside of PowerShell
[2.123s] DEBUG:colcon.colcon_core.shell:Skip shell extension 'dsv' for command environment
[2.143s] INFO:colcon.colcon_ros.task.ament_python.build:Building ROS package in '/workspace/ros2_ws/src/primer_paquete' with build type 'ament_python'
[2.143s] Level 1:colcon.colcon_core.shell:create_environment_hook('primer_paquete', 'ament_prefix_path')
[2.144s] INFO:colcon.colcon_core.shell:Creating environment hook '/workspace/ros2_ws/install/primer_paquete/share/primer_paquete/hook/ament_prefix_path.ps1'
[2.147s] INFO:colcon.colcon_core.shell:Creating environment descriptor '/workspace/ros2_ws/install/primer_paquete/share/primer_paquete/hook/ament_prefix_path.dsv'
[2.148s] INFO:colcon.colcon_core.shell:Creating environment hook '/workspace/ros2_ws/install/primer_paquete/share/primer_paquete/hook/ament_prefix_path.sh'
[2.150s] INFO:colcon.colcon_core.shell:Skip shell extension 'powershell' for command environment: Not usable outside of PowerShell
[2.151s] DEBUG:colcon.colcon_core.shell:Skip shell extension 'dsv' for command environment
[2.557s] INFO:colcon.colcon_core.task.python.build:Building Python package in '/workspace/ros2_ws/src/p2pkg'
[2.557s] INFO:colcon.colcon_core.shell:Skip shell extension 'powershell' for command environment: Not usable outside of PowerShell
[2.558s] DEBUG:colcon.colcon_core.shell:Skip shell extension 'dsv' for command environment
[2.891s] INFO:colcon.colcon_core.task.python.build:Building Python package in '/workspace/ros2_ws/src/primer_paquete'
[2.891s] INFO:colcon.colcon_core.shell:Skip shell extension 'powershell' for command environment: Not usable outside of PowerShell
[2.891s] DEBUG:colcon.colcon_core.shell:Skip shell extension 'dsv' for command environment
[2.901s] DEBUG:colcon.colcon_core.event_handler.log_command:Invoking command in '/workspace/ros2_ws/src/service_temp': PYTHONPATH=/workspace/ros2_ws/build/service_temp/prefix_override:/usr/lib/python3/dist-packages/colcon_core/task/python/colcon_distutils_commands:/workspace/ros2_ws/install/service_temp/lib/python3.10/site-packages:${PYTHONPATH} /usr/bin/python3 -W ignore:setup.py install is deprecated -W ignore:easy_install command is deprecated setup.py egg_info --egg-base ../../build/service_temp build --build-base /workspace/ros2_ws/build/service_temp/build install --record /workspace/ros2_ws/build/service_temp/install.log --single-version-externally-managed install_data
[2.903s] DEBUG:colcon.colcon_core.event_handler.log_command:Invoking command in '/workspace/ros2_ws/src/mi_accion': PYTHONPATH=/workspace/ros2_ws/build/mi_accion/prefix_override:/usr/lib/python3/dist-packages/colcon_core/task/python/colcon_distutils_commands:/workspace/ros2_ws/install/mi_accion/lib/python3.10/site-packages:${PYTHONPATH} /usr/bin/python3 -W ignore:setup.py install is deprecated -W ignore:easy_install command is deprecated setup.py egg_info --egg-base ../../build/mi_accion build --build-base /workspace/ros2_ws/build/mi_accion/build install --record /workspace/ros2_ws/build/mi_accion/install.log --single-version-externally-managed install_data
[2.908s] DEBUG:colcon.colcon_core.event_handler.log_command:Invoking command in '/workspace/ros2_ws/src/battery_act': PYTHONPATH=/workspace/ros2_ws/build/battery_act/prefix_override:/usr/lib/python3/dist-packages/colcon_core/task/python/colcon_distutils_commands:/workspace/ros2_ws/install/battery_act/lib/python3.10/site-packages:${PYTHONPATH} /usr/bin/python3 -W ignore:setup.py install is deprecated -W ignore:easy_install command is deprecated setup.py egg_info --egg-base ../../build/battery_act build --build-base /workspace/ros2_ws/build/battery_act/build install --record /workspace/ros2_ws/build/battery_act/install.log --single-version-externally-managed install_data
[2.915s] DEBUG:colcon.colcon_core.event_handler.log_command:Invoking command in '/workspace/ros2_ws/src/servicio_suma': PYTHONPATH=/workspace/ros2_ws/build/servicio_suma/prefix_override:/usr/lib/python3/dist-packages/colcon_core/task/python/colcon_distutils_commands:/workspace/ros2_ws/install/servicio_suma/lib/python3.10/site-packages:${PYTHONPATH} /usr/bin/python3 -W ignore:setup.py install is deprecated -W ignore:easy_install command is deprecated setup.py egg_info --egg-base ../../build/servicio_suma build --build-base /workspace/ros2_ws/build/servicio_suma/build install --record /workspace/ros2_ws/build/servicio_suma/install.log --single-version-externally-managed install_data
[3.518s] Level 1:colcon.colcon_core.environment:checking '/workspace/ros2_ws/install/service_temp' for CMake module files
[3.519s] Level 1:colcon.colcon_core.environment:checking '/workspace/ros2_ws/install/service_temp' for CMake config files
[3.520s] DEBUG:colcon.colcon_core.event_handler.log_command:Invoked command in '/workspace/ros2_ws/src/service_temp' returned '0': PYTHONPATH=/workspace/ros2_ws/build/service_temp/prefix_override:/usr/lib/python3/dist-packages/colcon_core/task/python/colcon_distutils_commands:/workspace/ros2_ws/install/service_temp/lib/python3.10/site-packages:${PYTHONPATH} /usr/bin/python3 -W ignore:setup.py install is deprecated -W ignore:easy_install command is deprecated setup.py egg_info --egg-base ../../build/service_temp build --build-base /workspace/ros2_ws/build/service_temp/build install --record /workspace/ros2_ws/build/service_temp/install.log --single-version-externally-managed install_data
[3.523s] Level 1:colcon.colcon_core.environment:checking '/workspace/ros2_ws/install/service_temp/lib'
[3.523s] Level 1:colcon.colcon_core.environment:checking '/workspace/ros2_ws/install/service_temp/bin'
[3.523s] Level 1:colcon.colcon_core.environment:checking '/workspace/ros2_ws/install/service_temp/lib/pkgconfig/service_temp.pc'
[3.524s] Level 1:colcon.colcon_core.environment:checking '/workspace/ros2_ws/install/service_temp/lib/python3.10/site-packages'
[3.524s] Level 1:colcon.colcon_core.shell:create_environment_hook('service_temp', 'pythonpath')
[3.525s] INFO:colcon.colcon_core.shell:Creating environment hook '/workspace/ros2_ws/install/service_temp/share/service_temp/hook/pythonpath.ps1'
[3.527s] INFO:colcon.colcon_core.shell:Creating environment descriptor '/workspace/ros2_ws/install/service_temp/share/service_temp/hook/pythonpath.dsv'
[3.529s] INFO:colcon.colcon_core.shell:Creating environment hook '/workspace/ros2_ws/install/service_temp/share/service_temp/hook/pythonpath.sh'
[3.531s] Level 1:colcon.colcon_core.environment:checking '/workspace/ros2_ws/install/service_temp/bin'
[3.531s] Level 1:colcon.colcon_core.environment:create_environment_scripts_only(service_temp)
[3.532s] INFO:colcon.colcon_core.shell:Creating package script '/workspace/ros2_ws/install/service_temp/share/service_temp/package.ps1'
[3.534s] INFO:colcon.colcon_core.shell:Creating package descriptor '/workspace/ros2_ws/install/service_temp/share/service_temp/package.dsv'
[3.535s] INFO:colcon.colcon_core.shell:Creating package script '/workspace/ros2_ws/install/service_temp/share/service_temp/package.sh'
[3.538s] INFO:colcon.colcon_core.shell:Creating package script '/workspace/ros2_ws/install/service_temp/share/service_temp/package.bash'
[3.543s] INFO:colcon.colcon_core.shell:Creating package script '/workspace/ros2_ws/install/service_temp/share/service_temp/package.zsh'
[3.544s] Level 1:colcon.colcon_core.environment:create_file_with_runtime_dependencies(/workspace/ros2_ws/install/service_temp/share/colcon-core/packages/service_temp)
[3.547s] Level 1:colcon.colcon_core.environment:checking '/workspace/ros2_ws/install/mi_accion' for CMake module files
[3.547s] Level 1:colcon.colcon_core.environment:checking '/workspace/ros2_ws/install/mi_accion' for CMake config files
[3.549s] Level 1:colcon.colcon_core.environment:checking '/workspace/ros2_ws/install/mi_accion/lib'
[3.549s] Level 1:colcon.colcon_core.environment:checking '/workspace/ros2_ws/install/mi_accion/bin'
[3.549s] Level 1:colcon.colcon_core.environment:checking '/workspace/ros2_ws/install/mi_accion/lib/pkgconfig/mi_accion.pc'
[3.549s] Level 1:colcon.colcon_core.environment:checking '/workspace/ros2_ws/install/mi_accion/lib/python3.10/site-packages'
[3.549s] Level 1:colcon.colcon_core.shell:create_environment_hook('mi_accion', 'pythonpath')
[3.550s] INFO:colcon.colcon_core.shell:Creating environment hook '/workspace/ros2_ws/install/mi_accion/share/mi_accion/hook/pythonpath.ps1'
[3.551s] INFO:colcon.colcon_core.shell:Creating environment descriptor '/workspace/ros2_ws/install/mi_accion/share/mi_accion/hook/pythonpath.dsv'
[3.551s] INFO:colcon.colcon_core.shell:Creating environment hook '/workspace/ros2_ws/install/mi_accion/share/mi_accion/hook/pythonpath.sh'
[3.553s] Level 1:colcon.colcon_core.environment:checking '/workspace/ros2_ws/install/mi_accion/bin'
[3.553s] Level 1:colcon.colcon_core.environment:create_environment_scripts_only(mi_accion)
[3.554s] INFO:colcon.colcon_core.shell:Creating package script '/workspace/ros2_ws/install/mi_accion/share/mi_accion/package.ps1'
[3.555s] INFO:colcon.colcon_core.shell:Creating package descriptor '/workspace/ros2_ws/install/mi_accion/share/mi_accion/package.dsv'
[3.556s] INFO:colcon.colcon_core.shell:Creating package script '/workspace/ros2_ws/install/mi_accion/share/mi_accion/package.sh'
[3.557s] INFO:colcon.colcon_core.shell:Creating package script '/workspace/ros2_ws/install/mi_accion/share/mi_accion/package.bash'
[3.558s] INFO:colcon.colcon_core.shell:Creating package script '/workspace/ros2_ws/install/mi_accion/share/mi_accion/package.zsh'
[3.563s] Level 1:colcon.colcon_core.environment:create_file_with_runtime_dependencies(/workspace/ros2_ws/install/mi_accion/share/colcon-core/packages/mi_accion)
[3.564s] DEBUG:colcon.colcon_core.event_handler.log_command:Invoked command in '/workspace/ros2_ws/src/mi_accion' returned '0': PYTHONPATH=/workspace/ros2_ws/build/mi_accion/prefix_override:/usr/lib/python3/dist-packages/colcon_core/task/python/colcon_distutils_commands:/workspace/ros2_ws/install/mi_accion/lib/python3.10/site-packages:${PYTHONPATH} /usr/bin/python3 -W ignore:setup.py install is deprecated -W ignore:easy_install command is deprecated setup.py egg_info --egg-base ../../build/mi_accion build --build-base /workspace/ros2_ws/build/mi_accion/build install --record /workspace/ros2_ws/build/mi_accion/install.log --single-version-externally-managed install_data
[3.567s] DEBUG:colcon.colcon_core.event_handler.log_command:Invoked command in '/workspace/ros2_ws/src/servicio_suma' returned '0': PYTHONPATH=/workspace/ros2_ws/build/servicio_suma/prefix_override:/usr/lib/python3/dist-packages/colcon_core/task/python/colcon_distutils_commands:/workspace/ros2_ws/install/servicio_suma/lib/python3.10/site-packages:${PYTHONPATH} /usr/bin/python3 -W ignore:setup.py install is deprecated -W ignore:easy_install command is deprecated setup.py egg_info --egg-base ../../build/servicio_suma build --build-base /workspace/ros2_ws/build/servicio_suma/build install --record /workspace/ros2_ws/build/servicio_suma/install.log --single-version-externally-managed install_data
[3.565s] Level 1:colcon.colcon_core.environment:checking '/workspace/ros2_ws/install/servicio_suma' for CMake module files
[3.568s] Level 1:colcon.colcon_core.environment:checking '/workspace/ros2_ws/install/servicio_suma' for CMake config files
[3.569s] Level 1:colcon.colcon_core.environment:checking '/workspace/ros2_ws/install/servicio_suma/lib'
[3.569s] Level 1:colcon.colcon_core.environment:checking '/workspace/ros2_ws/install/servicio_suma/bin'
[3.569s] Level 1:colcon.colcon_core.environment:checking '/workspace/ros2_ws/install/servicio_suma/lib/pkgconfig/servicio_suma.pc'
[3.570s] Level 1:colcon.colcon_core.environment:checking '/workspace/ros2_ws/install/servicio_suma/lib/python3.10/site-packages'
[3.570s] Level 1:colcon.colcon_core.shell:create_environment_hook('servicio_suma', 'pythonpath')
[3.570s] INFO:colcon.colcon_core.shell:Creating environment hook '/workspace/ros2_ws/install/servicio_suma/share/servicio_suma/hook/pythonpath.ps1'
[3.571s] INFO:colcon.colcon_core.shell:Creating environment descriptor '/workspace/ros2_ws/install/servicio_suma/share/servicio_suma/hook/pythonpath.dsv'
[3.572s] INFO:colcon.colcon_core.shell:Creating environment hook '/workspace/ros2_ws/install/servicio_suma/share/servicio_suma/hook/pythonpath.sh'
[3.573s] Level 1:colcon.colcon_core.environment:checking '/workspace/ros2_ws/install/servicio_suma/bin'
[3.574s] Level 1:colcon.colcon_core.environment:create_environment_scripts_only(servicio_suma)
[3.574s] INFO:colcon.colcon_core.shell:Creating package script '/workspace/ros2_ws/install/servicio_suma/share/servicio_suma/package.ps1'
[3.576s] INFO:colcon.colcon_core.shell:Creating package descriptor '/workspace/ros2_ws/install/servicio_suma/share/servicio_suma/package.dsv'
[3.578s] INFO:colcon.colcon_core.shell:Creating package script '/workspace/ros2_ws/install/servicio_suma/share/servicio_suma/package.sh'
[3.579s] INFO:colcon.colcon_core.shell:Creating package script '/workspace/ros2_ws/install/servicio_suma/share/servicio_suma/package.bash'
[3.580s] INFO:colcon.colcon_core.shell:Creating package script '/workspace/ros2_ws/install/servicio_suma/share/servicio_suma/package.zsh'
[3.581s] Level 1:colcon.colcon_core.environment:create_file_with_runtime_dependencies(/workspace/ros2_ws/install/servicio_suma/share/colcon-core/packages/servicio_suma)
[3.629s] Level 1:colcon.colcon_core.environment:checking '/workspace/ros2_ws/install/battery_act' for CMake module files
[3.630s] Level 1:colcon.colcon_core.environment:checking '/workspace/ros2_ws/install/battery_act' for CMake config files
[3.631s] DEBUG:colcon.colcon_core.event_handler.log_command:Invoked command in '/workspace/ros2_ws/src/battery_act' returned '0': PYTHONPATH=/workspace/ros2_ws/build/battery_act/prefix_override:/usr/lib/python3/dist-packages/colcon_core/task/python/colcon_distutils_commands:/workspace/ros2_ws/install/battery_act/lib/python3.10/site-packages:${PYTHONPATH} /usr/bin/python3 -W ignore:setup.py install is deprecated -W ignore:easy_install command is deprecated setup.py egg_info --egg-base ../../build/battery_act build --build-base /workspace/ros2_ws/build/battery_act/build install --record /workspace/ros2_ws/build/battery_act/install.log --single-version-externally-managed install_data
[3.632s] Level 1:colcon.colcon_core.environment:checking '/workspace/ros2_ws/install/battery_act/lib'
[3.632s] Level 1:colcon.colcon_core.environment:checking '/workspace/ros2_ws/install/battery_act/bin'
[3.632s] Level 1:colcon.colcon_core.environment:checking '/workspace/ros2_ws/install/battery_act/lib/pkgconfig/battery_act.pc'
[3.632s] Level 1:colcon.colcon_core.environment:checking '/workspace/ros2_ws/install/battery_act/lib/python3.10/site-packages'
[3.632s] Level 1:colcon.colcon_core.shell:create_environment_hook('battery_act', 'pythonpath')
[3.633s] INFO:colcon.colcon_core.shell:Creating environment hook '/workspace/ros2_ws/install/battery_act/share/battery_act/hook/pythonpath.ps1'
[3.634s] INFO:colcon.colcon_core.shell:Creating environment descriptor '/workspace/ros2_ws/install/battery_act/share/battery_act/hook/pythonpath.dsv'
[3.634s] INFO:colcon.colcon_core.shell:Creating environment hook '/workspace/ros2_ws/install/battery_act/share/battery_act/hook/pythonpath.sh'
[3.636s] Level 1:colcon.colcon_core.environment:checking '/workspace/ros2_ws/install/battery_act/bin'
[3.636s] Level 1:colcon.colcon_core.environment:create_environment_scripts_only(battery_act)
[3.636s] INFO:colcon.colcon_core.shell:Creating package script '/workspace/ros2_ws/install/battery_act/share/battery_act/package.ps1'
[3.637s] INFO:colcon.colcon_core.shell:Creating package descriptor '/workspace/ros2_ws/install/battery_act/share/battery_act/package.dsv'
[3.638s] INFO:colcon.colcon_core.shell:Creating package script '/workspace/ros2_ws/install/battery_act/share/battery_act/package.sh'
[3.639s] INFO:colcon.colcon_core.shell:Creating package script '/workspace/ros2_ws/install/battery_act/share/battery_act/package.bash'
[3.640s] INFO:colcon.colcon_core.shell:Creating package script '/workspace/ros2_ws/install/battery_act/share/battery_act/package.zsh'
[3.640s] Level 1:colcon.colcon_core.environment:create_file_with_runtime_dependencies(/workspace/ros2_ws/install/battery_act/share/colcon-core/packages/battery_act)
[3.746s] DEBUG:colcon.colcon_core.event_handler.log_command:Invoking command in '/workspace/ros2_ws/src/primer_paquete': CMAKE_PREFIX_PATH=/workspace/ros2_ws/install/interfaz:/workspace/ros2_ws/install/interfaz_servicio_suma LD_LIBRARY_PATH=/workspace/ros2_ws/install/interfaz/lib:/workspace/ros2_ws/install/interfaz_servicio_suma/lib:/opt/ros/humble/opt/rviz_ogre_vendor/lib:/opt/ros/humble/lib/x86_64-linux-gnu:/opt/ros/humble/lib PYTHONPATH=/workspace/ros2_ws/build/primer_paquete/prefix_override:/usr/lib/python3/dist-packages/colcon_core/task/python/colcon_distutils_commands:/workspace/ros2_ws/install/primer_paquete/lib/python3.10/site-packages:${PYTHONPATH} /usr/bin/python3 -W ignore:setup.py install is deprecated -W ignore:easy_install command is deprecated setup.py egg_info --egg-base ../../build/primer_paquete build --build-base /workspace/ros2_ws/build/primer_paquete/build install --record /workspace/ros2_ws/build/primer_paquete/install.log --single-version-externally-managed install_data
[3.760s] DEBUG:colcon.colcon_core.event_handler.log_command:Invoking command in '/workspace/ros2_ws/src/p2pkg': CMAKE_PREFIX_PATH=/workspace/ros2_ws/install/interfaz:/workspace/ros2_ws/install/interfaz_servicio_suma LD_LIBRARY_PATH=/workspace/ros2_ws/install/interfaz/lib:/workspace/ros2_ws/install/interfaz_servicio_suma/lib:/opt/ros/humble/opt/rviz_ogre_vendor/lib:/opt/ros/humble/lib/x86_64-linux-gnu:/opt/ros/humble/lib PYTHONPATH=/workspace/ros2_ws/build/p2pkg/prefix_override:/usr/lib/python3/dist-packages/colcon_core/task/python/colcon_distutils_commands:/workspace/ros2_ws/install/p2pkg/lib/python3.10/site-packages:${PYTHONPATH} /usr/bin/python3 -W ignore:setup.py install is deprecated -W ignore:easy_install command is deprecated setup.py egg_info --egg-base ../../build/p2pkg build --build-base /workspace/ros2_ws/build/p2pkg/build install --record /workspace/ros2_ws/build/p2pkg/install.log --single-version-externally-managed install_data
[4.174s] Level 1:colcon.colcon_core.environment:checking '/workspace/ros2_ws/install/primer_paquete' for CMake module files
[4.175s] DEBUG:colcon.colcon_core.event_handler.log_command:Invoked command in '/workspace/ros2_ws/src/primer_paquete' returned '0': CMAKE_PREFIX_PATH=/workspace/ros2_ws/install/interfaz:/workspace/ros2_ws/install/interfaz_servicio_suma LD_LIBRARY_PATH=/workspace/ros2_ws/install/interfaz/lib:/workspace/ros2_ws/install/interfaz_servicio_suma/lib:/opt/ros/humble/opt/rviz_ogre_vendor/lib:/opt/ros/humble/lib/x86_64-linux-gnu:/opt/ros/humble/lib PYTHONPATH=/workspace/ros2_ws/build/primer_paquete/prefix_override:/usr/lib/python3/dist-packages/colcon_core/task/python/colcon_distutils_commands:/workspace/ros2_ws/install/primer_paquete/lib/python3.10/site-packages:${PYTHONPATH} /usr/bin/python3 -W ignore:setup.py install is deprecated -W ignore:easy_install command is deprecated setup.py egg_info --egg-base ../../build/primer_paquete build --build-base /workspace/ros2_ws/build/primer_paquete/build install --record /workspace/ros2_ws/build/primer_paquete/install.log --single-version-externally-managed install_data
[4.176s] Level 1:colcon.colcon_core.environment:checking '/workspace/ros2_ws/install/primer_paquete' for CMake config files
[4.177s] Level 1:colcon.colcon_core.environment:checking '/workspace/ros2_ws/install/primer_paquete/lib'
[4.177s] Level 1:colcon.colcon_core.environment:checking '/workspace/ros2_ws/install/primer_paquete/bin'
[4.177s] Level 1:colcon.colcon_core.environment:checking '/workspace/ros2_ws/install/primer_paquete/lib/pkgconfig/primer_paquete.pc'
[4.177s] Level 1:colcon.colcon_core.environment:checking '/workspace/ros2_ws/install/primer_paquete/lib/python3.10/site-packages'
[4.177s] Level 1:colcon.colcon_core.shell:create_environment_hook('primer_paquete', 'pythonpath')
[4.178s] INFO:colcon.colcon_core.shell:Creating environment hook '/workspace/ros2_ws/install/primer_paquete/share/primer_paquete/hook/pythonpath.ps1'
[4.178s] INFO:colcon.colcon_core.shell:Creating environment descriptor '/workspace/ros2_ws/install/primer_paquete/share/primer_paquete/hook/pythonpath.dsv'
[4.179s] INFO:colcon.colcon_core.shell:Creating environment hook '/workspace/ros2_ws/install/primer_paquete/share/primer_paquete/hook/pythonpath.sh'
[4.180s] Level 1:colcon.colcon_core.environment:checking '/workspace/ros2_ws/install/primer_paquete/bin'
[4.180s] Level 1:colcon.colcon_core.environment:create_environment_scripts_only(primer_paquete)
[4.180s] INFO:colcon.colcon_core.shell:Creating package script '/workspace/ros2_ws/install/primer_paquete/share/primer_paquete/package.ps1'
[4.181s] INFO:colcon.colcon_core.shell:Creating package descriptor '/workspace/ros2_ws/install/primer_paquete/share/primer_paquete/package.dsv'
[4.182s] INFO:colcon.colcon_core.shell:Creating package script '/workspace/ros2_ws/install/primer_paquete/share/primer_paquete/package.sh'
[4.182s] INFO:colcon.colcon_core.shell:Creating package script '/workspace/ros2_ws/install/primer_paquete/share/primer_paquete/package.bash'
[4.183s] INFO:colcon.colcon_core.shell:Creating package script '/workspace/ros2_ws/install/primer_paquete/share/primer_paquete/package.zsh'
[4.183s] Level 1:colcon.colcon_core.environment:create_file_with_runtime_dependencies(/workspace/ros2_ws/install/primer_paquete/share/colcon-core/packages/primer_paquete)
[4.185s] Level 1:colcon.colcon_core.environment:checking '/workspace/ros2_ws/install/p2pkg' for CMake module files
[4.186s] DEBUG:colcon.colcon_core.event_handler.log_command:Invoked command in '/workspace/ros2_ws/src/p2pkg' returned '0': CMAKE_PREFIX_PATH=/workspace/ros2_ws/install/interfaz:/workspace/ros2_ws/install/interfaz_servicio_suma LD_LIBRARY_PATH=/workspace/ros2_ws/install/interfaz/lib:/workspace/ros2_ws/install/interfaz_servicio_suma/lib:/opt/ros/humble/opt/rviz_ogre_vendor/lib:/opt/ros/humble/lib/x86_64-linux-gnu:/opt/ros/humble/lib PYTHONPATH=/workspace/ros2_ws/build/p2pkg/prefix_override:/usr/lib/python3/dist-packages/colcon_core/task/python/colcon_distutils_commands:/workspace/ros2_ws/install/p2pkg/lib/python3.10/site-packages:${PYTHONPATH} /usr/bin/python3 -W ignore:setup.py install is deprecated -W ignore:easy_install command is deprecated setup.py egg_info --egg-base ../../build/p2pkg build --build-base /workspace/ros2_ws/build/p2pkg/build install --record /workspace/ros2_ws/build/p2pkg/install.log --single-version-externally-managed install_data
[4.186s] Level 1:colcon.colcon_core.environment:checking '/workspace/ros2_ws/install/p2pkg' for CMake config files
[4.187s] Level 1:colcon.colcon_core.environment:checking '/workspace/ros2_ws/install/p2pkg/lib'
[4.187s] Level 1:colcon.colcon_core.environment:checking '/workspace/ros2_ws/install/p2pkg/bin'
[4.188s] Level 1:colcon.colcon_core.environment:checking '/workspace/ros2_ws/install/p2pkg/lib/pkgconfig/p2pkg.pc'
[4.188s] Level 1:colcon.colcon_core.environment:checking '/workspace/ros2_ws/install/p2pkg/lib/python3.10/site-packages'
[4.188s] Level 1:colcon.colcon_core.shell:create_environment_hook('p2pkg', 'pythonpath')
[4.188s] INFO:colcon.colcon_core.shell:Creating environment hook '/workspace/ros2_ws/install/p2pkg/share/p2pkg/hook/pythonpath.ps1'
[4.189s] INFO:colcon.colcon_core.shell:Creating environment descriptor '/workspace/ros2_ws/install/p2pkg/share/p2pkg/hook/pythonpath.dsv'
[4.190s] INFO:colcon.colcon_core.shell:Creating environment hook '/workspace/ros2_ws/install/p2pkg/share/p2pkg/hook/pythonpath.sh'
[4.191s] Level 1:colcon.colcon_core.environment:checking '/workspace/ros2_ws/install/p2pkg/bin'
[4.191s] Level 1:colcon.colcon_core.environment:create_environment_scripts_only(p2pkg)
[4.191s] INFO:colcon.colcon_core.shell:Creating package script '/workspace/ros2_ws/install/p2pkg/share/p2pkg/package.ps1'
[4.192s] INFO:colcon.colcon_core.shell:Creating package descriptor '/workspace/ros2_ws/install/p2pkg/share/p2pkg/package.dsv'
[4.193s] INFO:colcon.colcon_core.shell:Creating package script '/workspace/ros2_ws/install/p2pkg/share/p2pkg/package.sh'
[4.193s] INFO:colcon.colcon_core.shell:Creating package script '/workspace/ros2_ws/install/p2pkg/share/p2pkg/package.bash'
[4.194s] INFO:colcon.colcon_core.shell:Creating package script '/workspace/ros2_ws/install/p2pkg/share/p2pkg/package.zsh'
[4.194s] Level 1:colcon.colcon_core.environment:create_file_with_runtime_dependencies(/workspace/ros2_ws/install/p2pkg/share/colcon-core/packages/p2pkg)
[4.195s] DEBUG:colcon.colcon_parallel_executor.executor.parallel:closing loop
[4.195s] DEBUG:colcon.colcon_parallel_executor.executor.parallel:loop closed
[4.195s] DEBUG:colcon.colcon_parallel_executor.executor.parallel:run_until_complete finished with '0'
[4.195s] DEBUG:colcon.colcon_core.event_reactor:joining thread
[4.208s] INFO:colcon.colcon_core.plugin_system:Skipping extension 'colcon_notification.desktop_notification.notify_send': Could not find 'notify-send'
[4.208s] INFO:colcon.colcon_core.plugin_system:Skipping extension 'colcon_notification.desktop_notification.terminal_notifier': Not used on non-Darwin systems
[4.208s] INFO:colcon.colcon_core.plugin_system:Skipping extension 'colcon_notification.desktop_notification.win32': Not used on non-Windows systems
[4.208s] INFO:colcon.colcon_notification.desktop_notification:Sending desktop notification using 'notify2'
[4.211s] DEBUG:colcon.colcon_notification.desktop_notification.notify2:Failed to initialize notify2: org.freedesktop.DBus.Error.Spawn.ExecFailed: /usr/bin/dbus-launch terminated abnormally without any error message
[4.211s] DEBUG:colcon.colcon_core.event_reactor:joined thread
[4.212s] INFO:colcon.colcon_core.shell:Creating prefix script '/workspace/ros2_ws/install/local_setup.ps1'
[4.214s] INFO:colcon.colcon_core.shell:Creating prefix util module '/workspace/ros2_ws/install/_local_setup_util_ps1.py'
[4.216s] INFO:colcon.colcon_core.shell:Creating prefix chain script '/workspace/ros2_ws/install/setup.ps1'
[4.218s] INFO:colcon.colcon_core.shell:Creating prefix script '/workspace/ros2_ws/install/local_setup.sh'
[4.219s] INFO:colcon.colcon_core.shell:Creating prefix util module '/workspace/ros2_ws/install/_local_setup_util_sh.py'
[4.219s] INFO:colcon.colcon_core.shell:Creating prefix chain script '/workspace/ros2_ws/install/setup.sh'
[4.221s] INFO:colcon.colcon_core.shell:Creating prefix script '/workspace/ros2_ws/install/local_setup.bash'
[4.222s] INFO:colcon.colcon_core.shell:Creating prefix chain script '/workspace/ros2_ws/install/setup.bash'
[4.224s] INFO:colcon.colcon_core.shell:Creating prefix script '/workspace/ros2_ws/install/local_setup.zsh'
[4.225s] INFO:colcon.colcon_core.shell:Creating prefix chain script '/workspace/ros2_ws/install/setup.zsh'
