[2.018s] Invoking command in '/workspace/ros2_ws/src/primer_paquete': CMAKE_PREFIX_PATH=/workspace/ros2_ws/install/interfaz:/workspace/ros2_ws/install/interfaz_servicio_suma LD_LIBRARY_PATH=/workspace/ros2_ws/install/interfaz/lib:/workspace/ros2_ws/install/interfaz_servicio_suma/lib:/opt/ros/humble/opt/rviz_ogre_vendor/lib:/opt/ros/humble/lib/x86_64-linux-gnu:/opt/ros/humble/lib PYTHONPATH=/workspace/ros2_ws/build/primer_paquete/prefix_override:/usr/lib/python3/dist-packages/colcon_core/task/python/colcon_distutils_commands:/workspace/ros2_ws/install/primer_paquete/lib/python3.10/site-packages:${PYTHONPATH} /usr/bin/python3 -W ignore:setup.py install is deprecated -W ignore:easy_install command is deprecated setup.py egg_info --egg-base ../../build/primer_paquete build --build-base /workspace/ros2_ws/build/primer_paquete/build install --record /workspace/ros2_ws/build/primer_paquete/install.log --single-version-externally-managed install_data
[2.483s] running egg_info
[2.484s] writing ../../build/primer_paquete/primer_paquete.egg-info/PKG-INFO
[2.485s] writing dependency_links to ../../build/primer_paquete/primer_paquete.egg-info/dependency_links.txt
[2.485s] writing entry points to ../../build/primer_paquete/primer_paquete.egg-info/entry_points.txt
[2.485s] writing requirements to ../../build/primer_paquete/primer_paquete.egg-info/requires.txt
[2.486s] writing top-level names to ../../build/primer_paquete/primer_paquete.egg-info/top_level.txt
[2.489s] reading manifest file '../../build/primer_paquete/primer_paquete.egg-info/SOURCES.txt'
[2.490s] adding license file 'LICENSE'
[2.491s] writing manifest file '../../build/primer_paquete/primer_paquete.egg-info/SOURCES.txt'
[2.491s] running build
[2.491s] running build_py
[2.492s] running install
[2.493s] running install_lib
[2.495s] running install_data
[2.496s] running install_egg_info
[2.500s] removing '/workspace/ros2_ws/install/primer_paquete/lib/python3.10/site-packages/primer_paquete-0.0.0-py3.10.egg-info' (and everything under it)
[2.501s] Copying ../../build/primer_paquete/primer_paquete.egg-info to /workspace/ros2_ws/install/primer_paquete/lib/python3.10/site-packages/primer_paquete-0.0.0-py3.10.egg-info
[2.503s] running install_scripts
[2.539s] Installing client script to /workspace/ros2_ws/install/primer_paquete/lib/primer_paquete
[2.540s] Installing server script to /workspace/ros2_ws/install/primer_paquete/lib/primer_paquete
[2.541s] writing list of installed files to '/workspace/ros2_ws/build/primer_paquete/install.log'
[2.591s] Invoked command in '/workspace/ros2_ws/src/primer_paquete' returned '0': CMAKE_PREFIX_PATH=/workspace/ros2_ws/install/interfaz:/workspace/ros2_ws/install/interfaz_servicio_suma LD_LIBRARY_PATH=/workspace/ros2_ws/install/interfaz/lib:/workspace/ros2_ws/install/interfaz_servicio_suma/lib:/opt/ros/humble/opt/rviz_ogre_vendor/lib:/opt/ros/humble/lib/x86_64-linux-gnu:/opt/ros/humble/lib PYTHONPATH=/workspace/ros2_ws/build/primer_paquete/prefix_override:/usr/lib/python3/dist-packages/colcon_core/task/python/colcon_distutils_commands:/workspace/ros2_ws/install/primer_paquete/lib/python3.10/site-packages:${PYTHONPATH} /usr/bin/python3 -W ignore:setup.py install is deprecated -W ignore:easy_install command is deprecated setup.py egg_info --egg-base ../../build/primer_paquete build --build-base /workspace/ros2_ws/build/primer_paquete/build install --record /workspace/ros2_ws/build/primer_paquete/install.log --single-version-externally-managed install_data
