[0.944s] Invoking command in '/workspace/ros2_ws/src/p2pkg': CMAKE_PREFIX_PATH=/workspace/ros2_ws/install/interfaz:/workspace/ros2_ws/install/interfaz_servicio_suma LD_LIBRARY_PATH=/workspace/ros2_ws/install/interfaz/lib:/workspace/ros2_ws/install/interfaz_servicio_suma/lib:/opt/ros/humble/opt/rviz_ogre_vendor/lib:/opt/ros/humble/lib/x86_64-linux-gnu:/opt/ros/humble/lib PYTHONPATH=/workspace/ros2_ws/build/p2pkg/prefix_override:/usr/lib/python3/dist-packages/colcon_core/task/python/colcon_distutils_commands:/workspace/ros2_ws/install/p2pkg/lib/python3.10/site-packages:${PYTHONPATH} /usr/bin/python3 -W ignore:setup.py install is deprecated -W ignore:easy_install command is deprecated setup.py egg_info --egg-base ../../build/p2pkg build --build-base /workspace/ros2_ws/build/p2pkg/build install --record /workspace/ros2_ws/build/p2pkg/install.log --single-version-externally-managed install_data
[1.191s] running egg_info
[1.192s] writing ../../build/p2pkg/p2pkg.egg-info/PKG-INFO
[1.192s] writing dependency_links to ../../build/p2pkg/p2pkg.egg-info/dependency_links.txt
[1.192s] writing entry points to ../../build/p2pkg/p2pkg.egg-info/entry_points.txt
[1.192s] writing requirements to ../../build/p2pkg/p2pkg.egg-info/requires.txt
[1.192s] writing top-level names to ../../build/p2pkg/p2pkg.egg-info/top_level.txt
[1.194s] reading manifest file '../../build/p2pkg/p2pkg.egg-info/SOURCES.txt'
[1.194s] adding license file 'LICENSE'
[1.195s] writing manifest file '../../build/p2pkg/p2pkg.egg-info/SOURCES.txt'
[1.195s] running build
[1.195s] running build_py
[1.195s] copying p2pkg/nodopub_ejercicio2.py -> /workspace/ros2_ws/build/p2pkg/build/lib/p2pkg
[1.196s] running install
[1.196s] running install_lib
[1.197s] copying /workspace/ros2_ws/build/p2pkg/build/lib/p2pkg/nodopub_ejercicio2.py -> /workspace/ros2_ws/install/p2pkg/lib/python3.10/site-packages/p2pkg
[1.198s] byte-compiling /workspace/ros2_ws/install/p2pkg/lib/python3.10/site-packages/p2pkg/nodopub_ejercicio2.py to nodopub_ejercicio2.cpython-310.pyc
[1.198s] running install_data
[1.199s] running install_egg_info
[1.201s] removing '/workspace/ros2_ws/install/p2pkg/lib/python3.10/site-packages/p2pkg-0.0.0-py3.10.egg-info' (and everything under it)
[1.201s] Copying ../../build/p2pkg/p2pkg.egg-info to /workspace/ros2_ws/install/p2pkg/lib/python3.10/site-packages/p2pkg-0.0.0-py3.10.egg-info
[1.202s] running install_scripts
[1.222s] Installing client script to /workspace/ros2_ws/install/p2pkg/lib/p2pkg
[1.222s] Installing server script to /workspace/ros2_ws/install/p2pkg/lib/p2pkg
[1.222s] writing list of installed files to '/workspace/ros2_ws/build/p2pkg/install.log'
[1.251s] Invoked command in '/workspace/ros2_ws/src/p2pkg' returned '0': CMAKE_PREFIX_PATH=/workspace/ros2_ws/install/interfaz:/workspace/ros2_ws/install/interfaz_servicio_suma LD_LIBRARY_PATH=/workspace/ros2_ws/install/interfaz/lib:/workspace/ros2_ws/install/interfaz_servicio_suma/lib:/opt/ros/humble/opt/rviz_ogre_vendor/lib:/opt/ros/humble/lib/x86_64-linux-gnu:/opt/ros/humble/lib PYTHONPATH=/workspace/ros2_ws/build/p2pkg/prefix_override:/usr/lib/python3/dist-packages/colcon_core/task/python/colcon_distutils_commands:/workspace/ros2_ws/install/p2pkg/lib/python3.10/site-packages:${PYTHONPATH} /usr/bin/python3 -W ignore:setup.py install is deprecated -W ignore:easy_install command is deprecated setup.py egg_info --egg-base ../../build/p2pkg build --build-base /workspace/ros2_ws/build/p2pkg/build install --record /workspace/ros2_ws/build/p2pkg/install.log --single-version-externally-managed install_data
