[1.710s] Invoking command in '/workspace/ros2_ws/src/battery_act': PYTHONPATH=/workspace/ros2_ws/build/battery_act/prefix_override:/usr/lib/python3/dist-packages/colcon_core/task/python/colcon_distutils_commands:/workspace/ros2_ws/install/battery_act/lib/python3.10/site-packages:${PYTHONPATH} /usr/bin/python3 -W ignore:setup.py install is deprecated -W ignore:easy_install command is deprecated setup.py egg_info --egg-base ../../build/battery_act build --build-base /workspace/ros2_ws/build/battery_act/build install --record /workspace/ros2_ws/build/battery_act/install.log --single-version-externally-managed install_data
[2.122s] running egg_info
[2.123s] writing ../../build/battery_act/battery_act.egg-info/PKG-INFO
[2.123s] writing dependency_links to ../../build/battery_act/battery_act.egg-info/dependency_links.txt
[2.123s] writing entry points to ../../build/battery_act/battery_act.egg-info/entry_points.txt
[2.124s] writing requirements to ../../build/battery_act/battery_act.egg-info/requires.txt
[2.125s] writing top-level names to ../../build/battery_act/battery_act.egg-info/top_level.txt
[2.127s] reading manifest file '../../build/battery_act/battery_act.egg-info/SOURCES.txt'
[2.127s] adding license file 'LICENSE'
[2.128s] writing manifest file '../../build/battery_act/battery_act.egg-info/SOURCES.txt'
[2.129s] running build
[2.130s] running build_py
[2.130s] running install
[2.132s] running install_lib
[2.136s] running install_data
[2.137s] running install_egg_info
[2.139s] removing '/workspace/ros2_ws/install/battery_act/lib/python3.10/site-packages/battery_act-0.0.0-py3.10.egg-info' (and everything under it)
[2.141s] Copying ../../build/battery_act/battery_act.egg-info to /workspace/ros2_ws/install/battery_act/lib/python3.10/site-packages/battery_act-0.0.0-py3.10.egg-info
[2.143s] running install_scripts
[2.162s] Installing client script to /workspace/ros2_ws/install/battery_act/lib/battery_act
[2.163s] Installing server script to /workspace/ros2_ws/install/battery_act/lib/battery_act
[2.164s] writing list of installed files to '/workspace/ros2_ws/build/battery_act/install.log'
[2.199s] Invoked command in '/workspace/ros2_ws/src/battery_act' returned '0': PYTHONPATH=/workspace/ros2_ws/build/battery_act/prefix_override:/usr/lib/python3/dist-packages/colcon_core/task/python/colcon_distutils_commands:/workspace/ros2_ws/install/battery_act/lib/python3.10/site-packages:${PYTHONPATH} /usr/bin/python3 -W ignore:setup.py install is deprecated -W ignore:easy_install command is deprecated setup.py egg_info --egg-base ../../build/battery_act build --build-base /workspace/ros2_ws/build/battery_act/build install --record /workspace/ros2_ws/build/battery_act/install.log --single-version-externally-managed install_data
