[4.001s] Invoking command in '/workspace/ros2_ws/src/service_temp': PYTHONPATH=/workspace/ros2_ws/build/service_temp/prefix_override:/usr/lib/python3/dist-packages/colcon_core/task/python/colcon_distutils_commands:/workspace/ros2_ws/install/service_temp/lib/python3.10/site-packages:${PYTHONPATH} /usr/bin/python3 -W ignore:setup.py install is deprecated -W ignore:easy_install command is deprecated setup.py egg_info --egg-base ../../build/service_temp build --build-base /workspace/ros2_ws/build/service_temp/build install --record /workspace/ros2_ws/build/service_temp/install.log --single-version-externally-managed install_data
[4.856s] running egg_info
[4.859s] writing ../../build/service_temp/service_temp.egg-info/PKG-INFO
[4.860s] writing dependency_links to ../../build/service_temp/service_temp.egg-info/dependency_links.txt
[4.861s] writing entry points to ../../build/service_temp/service_temp.egg-info/entry_points.txt
[4.862s] writing requirements to ../../build/service_temp/service_temp.egg-info/requires.txt
[4.863s] writing top-level names to ../../build/service_temp/service_temp.egg-info/top_level.txt
[4.867s] reading manifest file '../../build/service_temp/service_temp.egg-info/SOURCES.txt'
[4.867s] adding license file 'LICENSE'
[4.868s] writing manifest file '../../build/service_temp/service_temp.egg-info/SOURCES.txt'
[4.868s] running build
[4.868s] running build_py
[4.868s] running install
[4.868s] running install_lib
[4.868s] running install_data
[4.868s] running install_egg_info
[4.872s] removing '/workspace/ros2_ws/install/service_temp/lib/python3.10/site-packages/service_temp-0.0.0-py3.10.egg-info' (and everything under it)
[4.876s] Copying ../../build/service_temp/service_temp.egg-info to /workspace/ros2_ws/install/service_temp/lib/python3.10/site-packages/service_temp-0.0.0-py3.10.egg-info
[4.877s] running install_scripts
[4.927s] Installing client script to /workspace/ros2_ws/install/service_temp/lib/service_temp
[4.928s] Installing server script to /workspace/ros2_ws/install/service_temp/lib/service_temp
[4.929s] writing list of installed files to '/workspace/ros2_ws/build/service_temp/install.log'
[5.007s] Invoked command in '/workspace/ros2_ws/src/service_temp' returned '0': PYTHONPATH=/workspace/ros2_ws/build/service_temp/prefix_override:/usr/lib/python3/dist-packages/colcon_core/task/python/colcon_distutils_commands:/workspace/ros2_ws/install/service_temp/lib/python3.10/site-packages:${PYTHONPATH} /usr/bin/python3 -W ignore:setup.py install is deprecated -W ignore:easy_install command is deprecated setup.py egg_info --egg-base ../../build/service_temp build --build-base /workspace/ros2_ws/build/service_temp/build install --record /workspace/ros2_ws/build/service_temp/install.log --single-version-externally-managed install_data
