[35m[1mConsolidate compiler generated dependencies of target interfaz__rosidl_generator_c[0m
[  1%] Built target interfaz__cpp
[ 12%] Built target interfaz__rosidl_generator_c
[ 12%] Built target ament_cmake_python_copy_interfaz
[35m[1mConsolidate compiler generated dependencies of target interfaz__rosidl_typesupport_cpp[0m
[35m[1mConsolidate compiler generated dependencies of target interfaz__rosidl_typesupport_introspection_cpp[0m
[35m[1mConsolidate compiler generated dependencies of target interfaz__rosidl_typesupport_fastrtps_cpp[0m
[35m[1mConsolidate compiler generated dependencies of target interfaz__rosidl_typesupport_fastrtps_c[0m
[ 23%] Built target interfaz__rosidl_typesupport_cpp
[35m[1mConsolidate compiler generated dependencies of target interfaz__rosidl_typesupport_c[0m
[ 34%] Built target interfaz__rosidl_typesupport_introspection_cpp
[35m[1mConsolidate compiler generated dependencies of target interfaz__rosidl_typesupport_introspection_c[0m
[ 46%] Built target interfaz__rosidl_typesupport_fastrtps_cpp
[ 57%] Built target interfaz__rosidl_typesupport_fastrtps_c
[ 68%] Built target interfaz__rosidl_typesupport_c
[ 79%] Built target interfaz__rosidl_typesupport_introspection_c
[ 79%] Built target interfaz
[ 80%] Built target interfaz__py
[35m[1mConsolidate compiler generated dependencies of target interfaz__rosidl_generator_py[0m
[ 90%] Built target interfaz__rosidl_generator_py
[35m[1mConsolidate compiler generated dependencies of target interfaz__rosidl_typesupport_fastrtps_c__pyext[0m
[35m[1mConsolidate compiler generated dependencies of target interfaz__rosidl_typesupport_c__pyext[0m
[35m[1mConsolidate compiler generated dependencies of target interfaz__rosidl_typesupport_introspection_c__pyext[0m
[ 93%] Built target interfaz__rosidl_typesupport_c__pyext
[ 96%] Built target interfaz__rosidl_typesupport_fastrtps_c__pyext
[100%] Built target interfaz__rosidl_typesupport_introspection_c__pyext
running egg_info
writing interfaz.egg-info/PKG-INFO
writing dependency_links to interfaz.egg-info/dependency_links.txt
writing top-level names to interfaz.egg-info/top_level.txt
reading manifest file 'interfaz.egg-info/SOURCES.txt'
writing manifest file 'interfaz.egg-info/SOURCES.txt'
[100%] Built target ament_cmake_python_build_interfaz_egg
