[0.024s] Invoking command in '/workspace/ros2_ws/build/interfaz': CMAKE_PREFIX_PATH=${CMAKE_PREFIX_PATH}:/workspace/ros2_ws/install/primer_paquete:/workspace/ros2_ws/install/servicio_suma:/opt/ros/humble /usr/bin/cmake --build /workspace/ros2_ws/build/interfaz -- -j8 -l8
[0.093s] [  3%] Built target interfaz__cpp
[0.094s] [ 12%] Built target interfaz__rosidl_generator_c
[0.123s] [ 12%] Built target ament_cmake_python_copy_interfaz
[0.152s] [ 22%] Built target interfaz__rosidl_typesupport_fastrtps_cpp
[0.154s] [ 32%] Built target interfaz__rosidl_typesupport_introspection_cpp
[0.162s] [ 41%] Built target interfaz__rosidl_typesupport_fastrtps_c
[0.170s] [ 51%] Built target interfaz__rosidl_typesupport_cpp
[0.176s] [ 61%] Built target interfaz__rosidl_typesupport_introspection_c
[0.182s] [ 70%] Built target interfaz__rosidl_typesupport_c
[0.214s] [ 70%] Built target interfaz
[0.246s] [ 74%] Built target interfaz__py
[0.279s] [ 80%] Built target interfaz__rosidl_generator_py
[0.312s] [ 87%] Built target interfaz__rosidl_typesupport_fastrtps_c__pyext
[0.320s] [ 93%] Built target interfaz__rosidl_typesupport_c__pyext
[0.322s] [100%] Built target interfaz__rosidl_typesupport_introspection_c__pyext
[0.512s] running egg_info
[0.513s] writing interfaz.egg-info/PKG-INFO
[0.513s] writing dependency_links to interfaz.egg-info/dependency_links.txt
[0.513s] writing top-level names to interfaz.egg-info/top_level.txt
[0.516s] reading manifest file 'interfaz.egg-info/SOURCES.txt'
[0.517s] writing manifest file 'interfaz.egg-info/SOURCES.txt'
[0.553s] [100%] Built target ament_cmake_python_build_interfaz_egg
[0.565s] Invoked command in '/workspace/ros2_ws/build/interfaz' returned '0': CMAKE_PREFIX_PATH=${CMAKE_PREFIX_PATH}:/workspace/ros2_ws/install/primer_paquete:/workspace/ros2_ws/install/servicio_suma:/opt/ros/humble /usr/bin/cmake --build /workspace/ros2_ws/build/interfaz -- -j8 -l8
[0.567s] Invoking command in '/workspace/ros2_ws/build/interfaz': CMAKE_PREFIX_PATH=${CMAKE_PREFIX_PATH}:/workspace/ros2_ws/install/primer_paquete:/workspace/ros2_ws/install/servicio_suma:/opt/ros/humble /usr/bin/cmake --install /workspace/ros2_ws/build/interfaz
[0.576s] -- Install configuration: ""
[0.577s] -- Up-to-date: /workspace/ros2_ws/install/interfaz/share/ament_index/resource_index/rosidl_interfaces/interfaz
[0.577s] -- Up-to-date: /workspace/ros2_ws/install/interfaz/include/interfaz/interfaz
[0.577s] -- Up-to-date: /workspace/ros2_ws/install/interfaz/include/interfaz/interfaz/msg
[0.577s] -- Up-to-date: /workspace/ros2_ws/install/interfaz/include/interfaz/interfaz/msg/detail
[0.577s] -- Up-to-date: /workspace/ros2_ws/install/interfaz/include/interfaz/interfaz/msg/detail/mi_mensaje__functions.h
[0.577s] -- Up-to-date: /workspace/ros2_ws/install/interfaz/include/interfaz/interfaz/msg/detail/mi_mensaje__type_support.h
[0.577s] -- Up-to-date: /workspace/ros2_ws/install/interfaz/include/interfaz/interfaz/msg/detail/mi_mensaje__functions.c
[0.578s] -- Up-to-date: /workspace/ros2_ws/install/interfaz/include/interfaz/interfaz/msg/detail/mi_mensaje__struct.h
[0.578s] -- Up-to-date: /workspace/ros2_ws/install/interfaz/include/interfaz/interfaz/msg/rosidl_generator_c__visibility_control.h
[0.578s] -- Up-to-date: /workspace/ros2_ws/install/interfaz/include/interfaz/interfaz/msg/mi_mensaje.h
[0.578s] -- Up-to-date: /workspace/ros2_ws/install/interfaz/share/interfaz/environment/library_path.sh
[0.578s] -- Up-to-date: /workspace/ros2_ws/install/interfaz/share/interfaz/environment/library_path.dsv
[0.578s] -- Up-to-date: /workspace/ros2_ws/install/interfaz/lib/libinterfaz__rosidl_generator_c.so
[0.578s] -- Up-to-date: /workspace/ros2_ws/install/interfaz/include/interfaz/interfaz
[0.578s] -- Up-to-date: /workspace/ros2_ws/install/interfaz/include/interfaz/interfaz/msg
[0.579s] -- Up-to-date: /workspace/ros2_ws/install/interfaz/include/interfaz/interfaz/msg/rosidl_typesupport_fastrtps_c__visibility_control.h
[0.579s] -- Up-to-date: /workspace/ros2_ws/install/interfaz/include/interfaz/interfaz/msg/detail
[0.579s] -- Up-to-date: /workspace/ros2_ws/install/interfaz/include/interfaz/interfaz/msg/detail/mi_mensaje__rosidl_typesupport_fastrtps_c.h
[0.579s] -- Up-to-date: /workspace/ros2_ws/install/interfaz/lib/libinterfaz__rosidl_typesupport_fastrtps_c.so
[0.579s] -- Up-to-date: /workspace/ros2_ws/install/interfaz/include/interfaz/interfaz
[0.579s] -- Up-to-date: /workspace/ros2_ws/install/interfaz/include/interfaz/interfaz/msg
[0.579s] -- Up-to-date: /workspace/ros2_ws/install/interfaz/include/interfaz/interfaz/msg/mi_mensaje.hpp
[0.580s] -- Up-to-date: /workspace/ros2_ws/install/interfaz/include/interfaz/interfaz/msg/detail
[0.580s] -- Up-to-date: /workspace/ros2_ws/install/interfaz/include/interfaz/interfaz/msg/detail/mi_mensaje__type_support.hpp
[0.580s] -- Up-to-date: /workspace/ros2_ws/install/interfaz/include/interfaz/interfaz/msg/detail/mi_mensaje__struct.hpp
[0.580s] -- Up-to-date: /workspace/ros2_ws/install/interfaz/include/interfaz/interfaz/msg/detail/mi_mensaje__builder.hpp
[0.580s] -- Up-to-date: /workspace/ros2_ws/install/interfaz/include/interfaz/interfaz/msg/detail/mi_mensaje__traits.hpp
[0.580s] -- Up-to-date: /workspace/ros2_ws/install/interfaz/include/interfaz/interfaz/msg/rosidl_generator_cpp__visibility_control.hpp
[0.580s] -- Up-to-date: /workspace/ros2_ws/install/interfaz/include/interfaz/interfaz
[0.580s] -- Up-to-date: /workspace/ros2_ws/install/interfaz/include/interfaz/interfaz/msg
[0.581s] -- Up-to-date: /workspace/ros2_ws/install/interfaz/include/interfaz/interfaz/msg/rosidl_typesupport_fastrtps_cpp__visibility_control.h
[0.581s] -- Up-to-date: /workspace/ros2_ws/install/interfaz/include/interfaz/interfaz/msg/detail
[0.581s] -- Up-to-date: /workspace/ros2_ws/install/interfaz/include/interfaz/interfaz/msg/detail/dds_fastrtps
[0.581s] -- Up-to-date: /workspace/ros2_ws/install/interfaz/include/interfaz/interfaz/msg/detail/mi_mensaje__rosidl_typesupport_fastrtps_cpp.hpp
[0.581s] -- Up-to-date: /workspace/ros2_ws/install/interfaz/lib/libinterfaz__rosidl_typesupport_fastrtps_cpp.so
[0.581s] -- Up-to-date: /workspace/ros2_ws/install/interfaz/include/interfaz/interfaz
[0.581s] -- Up-to-date: /workspace/ros2_ws/install/interfaz/include/interfaz/interfaz/msg
[0.582s] -- Up-to-date: /workspace/ros2_ws/install/interfaz/include/interfaz/interfaz/msg/detail
[0.582s] -- Up-to-date: /workspace/ros2_ws/install/interfaz/include/interfaz/interfaz/msg/detail/mi_mensaje__rosidl_typesupport_introspection_c.h
[0.582s] -- Up-to-date: /workspace/ros2_ws/install/interfaz/include/interfaz/interfaz/msg/detail/mi_mensaje__type_support.c
[0.582s] -- Up-to-date: /workspace/ros2_ws/install/interfaz/include/interfaz/interfaz/msg/rosidl_typesupport_introspection_c__visibility_control.h
[0.582s] -- Up-to-date: /workspace/ros2_ws/install/interfaz/lib/libinterfaz__rosidl_typesupport_introspection_c.so
[0.582s] -- Up-to-date: /workspace/ros2_ws/install/interfaz/lib/libinterfaz__rosidl_typesupport_c.so
[0.582s] -- Up-to-date: /workspace/ros2_ws/install/interfaz/include/interfaz/interfaz
[0.582s] -- Up-to-date: /workspace/ros2_ws/install/interfaz/include/interfaz/interfaz/msg
[0.583s] -- Up-to-date: /workspace/ros2_ws/install/interfaz/include/interfaz/interfaz/msg/detail
[0.583s] -- Up-to-date: /workspace/ros2_ws/install/interfaz/include/interfaz/interfaz/msg/detail/mi_mensaje__rosidl_typesupport_introspection_cpp.hpp
[0.583s] -- Up-to-date: /workspace/ros2_ws/install/interfaz/include/interfaz/interfaz/msg/detail/mi_mensaje__type_support.cpp
[0.583s] -- Up-to-date: /workspace/ros2_ws/install/interfaz/lib/libinterfaz__rosidl_typesupport_introspection_cpp.so
[0.583s] -- Up-to-date: /workspace/ros2_ws/install/interfaz/lib/libinterfaz__rosidl_typesupport_cpp.so
[0.583s] -- Up-to-date: /workspace/ros2_ws/install/interfaz/share/interfaz/environment/pythonpath.sh
[0.584s] -- Up-to-date: /workspace/ros2_ws/install/interfaz/share/interfaz/environment/pythonpath.dsv
[0.584s] -- Up-to-date: /workspace/ros2_ws/install/interfaz/local/lib/python3.10/dist-packages/interfaz-0.0.0-py3.10.egg-info
[0.584s] -- Installing: /workspace/ros2_ws/install/interfaz/local/lib/python3.10/dist-packages/interfaz-0.0.0-py3.10.egg-info/PKG-INFO
[0.584s] -- Installing: /workspace/ros2_ws/install/interfaz/local/lib/python3.10/dist-packages/interfaz-0.0.0-py3.10.egg-info/dependency_links.txt
[0.584s] -- Installing: /workspace/ros2_ws/install/interfaz/local/lib/python3.10/dist-packages/interfaz-0.0.0-py3.10.egg-info/SOURCES.txt
[0.584s] -- Installing: /workspace/ros2_ws/install/interfaz/local/lib/python3.10/dist-packages/interfaz-0.0.0-py3.10.egg-info/top_level.txt
[0.585s] -- Up-to-date: /workspace/ros2_ws/install/interfaz/local/lib/python3.10/dist-packages/interfaz
[0.585s] -- Up-to-date: /workspace/ros2_ws/install/interfaz/local/lib/python3.10/dist-packages/interfaz/_interfaz_s.ep.rosidl_typesupport_introspection_c.c
[0.585s] -- Up-to-date: /workspace/ros2_ws/install/interfaz/local/lib/python3.10/dist-packages/interfaz/_interfaz_s.ep.rosidl_typesupport_fastrtps_c.c
[0.585s] -- Up-to-date: /workspace/ros2_ws/install/interfaz/local/lib/python3.10/dist-packages/interfaz/libinterfaz__rosidl_generator_py.so
[0.585s] -- Up-to-date: /workspace/ros2_ws/install/interfaz/local/lib/python3.10/dist-packages/interfaz/__init__.py
[0.586s] -- Up-to-date: /workspace/ros2_ws/install/interfaz/local/lib/python3.10/dist-packages/interfaz/_interfaz_s.ep.rosidl_typesupport_c.c
[0.586s] -- Up-to-date: /workspace/ros2_ws/install/interfaz/local/lib/python3.10/dist-packages/interfaz/interfaz_s__rosidl_typesupport_introspection_c.cpython-310-x86_64-linux-gnu.so
[0.586s] -- Up-to-date: /workspace/ros2_ws/install/interfaz/local/lib/python3.10/dist-packages/interfaz/interfaz_s__rosidl_typesupport_c.cpython-310-x86_64-linux-gnu.so
[0.586s] -- Up-to-date: /workspace/ros2_ws/install/interfaz/local/lib/python3.10/dist-packages/interfaz/interfaz_s__rosidl_typesupport_fastrtps_c.cpython-310-x86_64-linux-gnu.so
[0.586s] -- Up-to-date: /workspace/ros2_ws/install/interfaz/local/lib/python3.10/dist-packages/interfaz/msg
[0.586s] -- Up-to-date: /workspace/ros2_ws/install/interfaz/local/lib/python3.10/dist-packages/interfaz/msg/_mi_mensaje_s.c
[0.586s] -- Up-to-date: /workspace/ros2_ws/install/interfaz/local/lib/python3.10/dist-packages/interfaz/msg/__init__.py
[0.586s] -- Up-to-date: /workspace/ros2_ws/install/interfaz/local/lib/python3.10/dist-packages/interfaz/msg/_mi_mensaje.py
[0.640s] Listing '/workspace/ros2_ws/install/interfaz/local/lib/python3.10/dist-packages/interfaz'...
[0.641s] Listing '/workspace/ros2_ws/install/interfaz/local/lib/python3.10/dist-packages/interfaz/msg'...
[0.646s] -- Up-to-date: /workspace/ros2_ws/install/interfaz/local/lib/python3.10/dist-packages/interfaz/interfaz_s__rosidl_typesupport_fastrtps_c.cpython-310-x86_64-linux-gnu.so
[0.646s] -- Up-to-date: /workspace/ros2_ws/install/interfaz/local/lib/python3.10/dist-packages/interfaz/interfaz_s__rosidl_typesupport_introspection_c.cpython-310-x86_64-linux-gnu.so
[0.646s] -- Up-to-date: /workspace/ros2_ws/install/interfaz/local/lib/python3.10/dist-packages/interfaz/interfaz_s__rosidl_typesupport_c.cpython-310-x86_64-linux-gnu.so
[0.647s] -- Up-to-date: /workspace/ros2_ws/install/interfaz/lib/libinterfaz__rosidl_generator_py.so
[0.647s] -- Up-to-date: /workspace/ros2_ws/install/interfaz/share/interfaz/msg/MiMensaje.idl
[0.647s] -- Up-to-date: /workspace/ros2_ws/install/interfaz/share/interfaz/msg/MiMensaje.msg
[0.647s] -- Up-to-date: /workspace/ros2_ws/install/interfaz/share/ament_index/resource_index/package_run_dependencies/interfaz
[0.647s] -- Up-to-date: /workspace/ros2_ws/install/interfaz/share/ament_index/resource_index/parent_prefix_path/interfaz
[0.647s] -- Up-to-date: /workspace/ros2_ws/install/interfaz/share/interfaz/environment/ament_prefix_path.sh
[0.647s] -- Up-to-date: /workspace/ros2_ws/install/interfaz/share/interfaz/environment/ament_prefix_path.dsv
[0.648s] -- Up-to-date: /workspace/ros2_ws/install/interfaz/share/interfaz/environment/path.sh
[0.648s] -- Up-to-date: /workspace/ros2_ws/install/interfaz/share/interfaz/environment/path.dsv
[0.648s] -- Up-to-date: /workspace/ros2_ws/install/interfaz/share/interfaz/local_setup.bash
[0.648s] -- Up-to-date: /workspace/ros2_ws/install/interfaz/share/interfaz/local_setup.sh
[0.648s] -- Up-to-date: /workspace/ros2_ws/install/interfaz/share/interfaz/local_setup.zsh
[0.648s] -- Up-to-date: /workspace/ros2_ws/install/interfaz/share/interfaz/local_setup.dsv
[0.648s] -- Installing: /workspace/ros2_ws/install/interfaz/share/interfaz/package.dsv
[0.649s] -- Up-to-date: /workspace/ros2_ws/install/interfaz/share/ament_index/resource_index/packages/interfaz
[0.649s] -- Up-to-date: /workspace/ros2_ws/install/interfaz/share/interfaz/cmake/export_interfaz__rosidl_generator_cExport.cmake
[0.649s] -- Up-to-date: /workspace/ros2_ws/install/interfaz/share/interfaz/cmake/export_interfaz__rosidl_generator_cExport-noconfig.cmake
[0.649s] -- Up-to-date: /workspace/ros2_ws/install/interfaz/share/interfaz/cmake/export_interfaz__rosidl_typesupport_fastrtps_cExport.cmake
[0.649s] -- Up-to-date: /workspace/ros2_ws/install/interfaz/share/interfaz/cmake/export_interfaz__rosidl_typesupport_fastrtps_cExport-noconfig.cmake
[0.649s] -- Up-to-date: /workspace/ros2_ws/install/interfaz/share/interfaz/cmake/export_interfaz__rosidl_generator_cppExport.cmake
[0.649s] -- Up-to-date: /workspace/ros2_ws/install/interfaz/share/interfaz/cmake/export_interfaz__rosidl_typesupport_fastrtps_cppExport.cmake
[0.650s] -- Up-to-date: /workspace/ros2_ws/install/interfaz/share/interfaz/cmake/export_interfaz__rosidl_typesupport_fastrtps_cppExport-noconfig.cmake
[0.650s] -- Up-to-date: /workspace/ros2_ws/install/interfaz/share/interfaz/cmake/interfaz__rosidl_typesupport_introspection_cExport.cmake
[0.650s] -- Up-to-date: /workspace/ros2_ws/install/interfaz/share/interfaz/cmake/interfaz__rosidl_typesupport_introspection_cExport-noconfig.cmake
[0.650s] -- Up-to-date: /workspace/ros2_ws/install/interfaz/share/interfaz/cmake/interfaz__rosidl_typesupport_cExport.cmake
[0.650s] -- Up-to-date: /workspace/ros2_ws/install/interfaz/share/interfaz/cmake/interfaz__rosidl_typesupport_cExport-noconfig.cmake
[0.650s] -- Up-to-date: /workspace/ros2_ws/install/interfaz/share/interfaz/cmake/interfaz__rosidl_typesupport_introspection_cppExport.cmake
[0.650s] -- Up-to-date: /workspace/ros2_ws/install/interfaz/share/interfaz/cmake/interfaz__rosidl_typesupport_introspection_cppExport-noconfig.cmake
[0.650s] -- Up-to-date: /workspace/ros2_ws/install/interfaz/share/interfaz/cmake/interfaz__rosidl_typesupport_cppExport.cmake
[0.650s] -- Up-to-date: /workspace/ros2_ws/install/interfaz/share/interfaz/cmake/interfaz__rosidl_typesupport_cppExport-noconfig.cmake
[0.650s] -- Up-to-date: /workspace/ros2_ws/install/interfaz/share/interfaz/cmake/export_interfaz__rosidl_generator_pyExport.cmake
[0.651s] -- Up-to-date: /workspace/ros2_ws/install/interfaz/share/interfaz/cmake/export_interfaz__rosidl_generator_pyExport-noconfig.cmake
[0.651s] -- Up-to-date: /workspace/ros2_ws/install/interfaz/share/interfaz/cmake/rosidl_cmake-extras.cmake
[0.651s] -- Up-to-date: /workspace/ros2_ws/install/interfaz/share/interfaz/cmake/ament_cmake_export_dependencies-extras.cmake
[0.651s] -- Up-to-date: /workspace/ros2_ws/install/interfaz/share/interfaz/cmake/ament_cmake_export_include_directories-extras.cmake
[0.651s] -- Up-to-date: /workspace/ros2_ws/install/interfaz/share/interfaz/cmake/ament_cmake_export_libraries-extras.cmake
[0.651s] -- Up-to-date: /workspace/ros2_ws/install/interfaz/share/interfaz/cmake/ament_cmake_export_targets-extras.cmake
[0.651s] -- Up-to-date: /workspace/ros2_ws/install/interfaz/share/interfaz/cmake/rosidl_cmake_export_typesupport_targets-extras.cmake
[0.652s] -- Up-to-date: /workspace/ros2_ws/install/interfaz/share/interfaz/cmake/rosidl_cmake_export_typesupport_libraries-extras.cmake
[0.652s] -- Up-to-date: /workspace/ros2_ws/install/interfaz/share/interfaz/cmake/interfazConfig.cmake
[0.653s] -- Up-to-date: /workspace/ros2_ws/install/interfaz/share/interfaz/cmake/interfazConfig-version.cmake
[0.653s] -- Up-to-date: /workspace/ros2_ws/install/interfaz/share/interfaz/package.xml
[0.653s] Invoked command in '/workspace/ros2_ws/build/interfaz' returned '0': CMAKE_PREFIX_PATH=${CMAKE_PREFIX_PATH}:/workspace/ros2_ws/install/primer_paquete:/workspace/ros2_ws/install/servicio_suma:/opt/ros/humble /usr/bin/cmake --install /workspace/ros2_ws/build/interfaz
