[3.760s] Invoking command in '/workspace/ros2_ws/src/mi_accion': PYTHONPATH=/workspace/ros2_ws/build/mi_accion/prefix_override:/usr/lib/python3/dist-packages/colcon_core/task/python/colcon_distutils_commands:/workspace/ros2_ws/install/mi_accion/lib/python3.10/site-packages:${PYTHONPATH} /usr/bin/python3 -W ignore:setup.py install is deprecated -W ignore:easy_install command is deprecated setup.py egg_info --egg-base ../../build/mi_accion build --build-base /workspace/ros2_ws/build/mi_accion/build install --record /workspace/ros2_ws/build/mi_accion/install.log --single-version-externally-managed install_data
[4.313s] running egg_info
[4.314s] writing ../../build/mi_accion/mi_accion.egg-info/PKG-INFO
[4.325s] writing dependency_links to ../../build/mi_accion/mi_accion.egg-info/dependency_links.txt
[4.325s] writing entry points to ../../build/mi_accion/mi_accion.egg-info/entry_points.txt
[4.326s] writing requirements to ../../build/mi_accion/mi_accion.egg-info/requires.txt
[4.326s] writing top-level names to ../../build/mi_accion/mi_accion.egg-info/top_level.txt
[4.332s] reading manifest file '../../build/mi_accion/mi_accion.egg-info/SOURCES.txt'
[4.333s] adding license file 'LICENSE'
[4.334s] writing manifest file '../../build/mi_accion/mi_accion.egg-info/SOURCES.txt'
[4.335s] running build
[4.335s] running build_py
[4.339s] running install
[4.339s] running install_lib
[4.349s] running install_data
[4.350s] running install_egg_info
[4.357s] removing '/workspace/ros2_ws/install/mi_accion/lib/python3.10/site-packages/mi_accion-0.0.0-py3.10.egg-info' (and everything under it)
[4.358s] Copying ../../build/mi_accion/mi_accion.egg-info to /workspace/ros2_ws/install/mi_accion/lib/python3.10/site-packages/mi_accion-0.0.0-py3.10.egg-info
[4.364s] running install_scripts
[4.404s] Installing client script to /workspace/ros2_ws/install/mi_accion/lib/mi_accion
[4.406s] Installing ej_fibClient script to /workspace/ros2_ws/install/mi_accion/lib/mi_accion
[4.406s] Installing ej_fibServer script to /workspace/ros2_ws/install/mi_accion/lib/mi_accion
[4.407s] Installing server script to /workspace/ros2_ws/install/mi_accion/lib/mi_accion
[4.407s] writing list of installed files to '/workspace/ros2_ws/build/mi_accion/install.log'
[4.491s] Invoked command in '/workspace/ros2_ws/src/mi_accion' returned '0': PYTHONPATH=/workspace/ros2_ws/build/mi_accion/prefix_override:/usr/lib/python3/dist-packages/colcon_core/task/python/colcon_distutils_commands:/workspace/ros2_ws/install/mi_accion/lib/python3.10/site-packages:${PYTHONPATH} /usr/bin/python3 -W ignore:setup.py install is deprecated -W ignore:easy_install command is deprecated setup.py egg_info --egg-base ../../build/mi_accion build --build-base /workspace/ros2_ws/build/mi_accion/build install --record /workspace/ros2_ws/build/mi_accion/install.log --single-version-externally-managed install_data
