[0.034s] Invoking command in '/workspace/ros2_ws/build/interfaz': CMAKE_PREFIX_PATH=${CMAKE_PREFIX_PATH}:/workspace/ros2_ws/install/servicio_suma:/workspace/ros2_ws/install/primer_paquete:/workspace/ros2_ws/install/p2pkg:/workspace/ros2_ws/install/mi_accion:/opt/ros/humble /usr/bin/cmake --build /workspace/ros2_ws/build/interfaz -- -j8 -l8
[0.459s] [  2%] Built target interfaz__cpp
[0.460s] [ 12%] Built target interfaz__rosidl_generator_c
[0.461s] [ 12%] Built target ament_cmake_python_copy_interfaz
[0.462s] [ 23%] Built target interfaz__rosidl_typesupport_introspection_c
[0.463s] [ 34%] Built target interfaz__rosidl_typesupport_fastrtps_cpp
[0.463s] [ 55%] Built target interfaz__rosidl_typesupport_introspection_cpp
[0.463s] [ 55%] Built target interfaz__rosidl_typesupport_fastrtps_c
[0.463s] [ 65%] Built target interfaz__rosidl_typesupport_cpp
[0.463s] [ 76%] Built target interfaz__rosidl_typesupport_c
[0.463s] [ 76%] Built target interfaz
[0.463s] [ 78%] Built target interfaz__py
[0.463s] [ 87%] Built target interfaz__rosidl_generator_py
[0.463s] [ 91%] Built target interfaz__rosidl_typesupport_fastrtps_c__pyext
[0.464s] [ 95%] Built target interfaz__rosidl_typesupport_c__pyext
[0.464s] [100%] Built target interfaz__rosidl_typesupport_introspection_c__pyext
[0.553s] running egg_info
[0.554s] writing interfaz.egg-info/PKG-INFO
[0.554s] writing dependency_links to interfaz.egg-info/dependency_links.txt
[0.554s] writing top-level names to interfaz.egg-info/top_level.txt
[0.558s] reading manifest file 'interfaz.egg-info/SOURCES.txt'
[0.558s] writing manifest file 'interfaz.egg-info/SOURCES.txt'
[0.592s] [100%] Built target ament_cmake_python_build_interfaz_egg
[0.736s] Invoked command in '/workspace/ros2_ws/build/interfaz' returned '0': CMAKE_PREFIX_PATH=${CMAKE_PREFIX_PATH}:/workspace/ros2_ws/install/servicio_suma:/workspace/ros2_ws/install/primer_paquete:/workspace/ros2_ws/install/p2pkg:/workspace/ros2_ws/install/mi_accion:/opt/ros/humble /usr/bin/cmake --build /workspace/ros2_ws/build/interfaz -- -j8 -l8
[0.745s] Invoking command in '/workspace/ros2_ws/build/interfaz': CMAKE_PREFIX_PATH=${CMAKE_PREFIX_PATH}:/workspace/ros2_ws/install/servicio_suma:/workspace/ros2_ws/install/primer_paquete:/workspace/ros2_ws/install/p2pkg:/workspace/ros2_ws/install/mi_accion:/opt/ros/humble /usr/bin/cmake --install /workspace/ros2_ws/build/interfaz
[0.754s] -- Install configuration: ""
[0.754s] -- Up-to-date: /workspace/ros2_ws/install/interfaz/share/ament_index/resource_index/rosidl_interfaces/interfaz
[0.754s] -- Up-to-date: /workspace/ros2_ws/install/interfaz/include/interfaz/interfaz
[0.754s] -- Up-to-date: /workspace/ros2_ws/install/interfaz/include/interfaz/interfaz/msg
[0.754s] -- Up-to-date: /workspace/ros2_ws/install/interfaz/include/interfaz/interfaz/msg/detail
[0.754s] -- Up-to-date: /workspace/ros2_ws/install/interfaz/include/interfaz/interfaz/msg/detail/p2pkg_mensaje__functions.c
[0.754s] -- Up-to-date: /workspace/ros2_ws/install/interfaz/include/interfaz/interfaz/msg/detail/p2pkg_mensaje__struct.h
[0.755s] -- Up-to-date: /workspace/ros2_ws/install/interfaz/include/interfaz/interfaz/msg/detail/p2pkg_mensaje__type_support.h
[0.755s] -- Up-to-date: /workspace/ros2_ws/install/interfaz/include/interfaz/interfaz/msg/detail/mi_mensaje__functions.h
[0.755s] -- Up-to-date: /workspace/ros2_ws/install/interfaz/include/interfaz/interfaz/msg/detail/mi_mensaje__type_support.h
[0.755s] -- Up-to-date: /workspace/ros2_ws/install/interfaz/include/interfaz/interfaz/msg/detail/mi_mensaje__functions.c
[0.755s] -- Up-to-date: /workspace/ros2_ws/install/interfaz/include/interfaz/interfaz/msg/detail/p2pkg_mensaje__functions.h
[0.755s] -- Up-to-date: /workspace/ros2_ws/install/interfaz/include/interfaz/interfaz/msg/detail/mi_mensaje__struct.h
[0.755s] -- Up-to-date: /workspace/ros2_ws/install/interfaz/include/interfaz/interfaz/msg/rosidl_generator_c__visibility_control.h
[0.756s] -- Up-to-date: /workspace/ros2_ws/install/interfaz/include/interfaz/interfaz/msg/mi_mensaje.h
[0.756s] -- Up-to-date: /workspace/ros2_ws/install/interfaz/include/interfaz/interfaz/msg/p2pkg_mensaje.h
[0.756s] -- Up-to-date: /workspace/ros2_ws/install/interfaz/include/interfaz/interfaz/action
[0.756s] -- Up-to-date: /workspace/ros2_ws/install/interfaz/include/interfaz/interfaz/action/detail
[0.756s] -- Up-to-date: /workspace/ros2_ws/install/interfaz/include/interfaz/interfaz/action/detail/fibonacci__functions.h
[0.756s] -- Up-to-date: /workspace/ros2_ws/install/interfaz/include/interfaz/interfaz/action/detail/fibonacci__struct.h
[0.756s] -- Up-to-date: /workspace/ros2_ws/install/interfaz/include/interfaz/interfaz/action/detail/fibonacci__type_support.h
[0.756s] -- Up-to-date: /workspace/ros2_ws/install/interfaz/include/interfaz/interfaz/action/detail/fibonacci__functions.c
[0.756s] -- Up-to-date: /workspace/ros2_ws/install/interfaz/include/interfaz/interfaz/action/fibonacci.h
[0.756s] -- Up-to-date: /workspace/ros2_ws/install/interfaz/share/interfaz/environment/library_path.sh
[0.756s] -- Up-to-date: /workspace/ros2_ws/install/interfaz/share/interfaz/environment/library_path.dsv
[0.757s] -- Up-to-date: /workspace/ros2_ws/install/interfaz/lib/libinterfaz__rosidl_generator_c.so
[0.757s] -- Up-to-date: /workspace/ros2_ws/install/interfaz/include/interfaz/interfaz
[0.757s] -- Up-to-date: /workspace/ros2_ws/install/interfaz/include/interfaz/interfaz/msg
[0.757s] -- Up-to-date: /workspace/ros2_ws/install/interfaz/include/interfaz/interfaz/msg/rosidl_typesupport_fastrtps_c__visibility_control.h
[0.757s] -- Up-to-date: /workspace/ros2_ws/install/interfaz/include/interfaz/interfaz/msg/detail
[0.757s] -- Up-to-date: /workspace/ros2_ws/install/interfaz/include/interfaz/interfaz/msg/detail/p2pkg_mensaje__rosidl_typesupport_fastrtps_c.h
[0.757s] -- Up-to-date: /workspace/ros2_ws/install/interfaz/include/interfaz/interfaz/msg/detail/mi_mensaje__rosidl_typesupport_fastrtps_c.h
[0.757s] -- Up-to-date: /workspace/ros2_ws/install/interfaz/include/interfaz/interfaz/action
[0.760s] -- Up-to-date: /workspace/ros2_ws/install/interfaz/include/interfaz/interfaz/action/detail
[0.760s] -- Up-to-date: /workspace/ros2_ws/install/interfaz/include/interfaz/interfaz/action/detail/fibonacci__rosidl_typesupport_fastrtps_c.h
[0.760s] -- Up-to-date: /workspace/ros2_ws/install/interfaz/lib/libinterfaz__rosidl_typesupport_fastrtps_c.so
[0.761s] -- Up-to-date: /workspace/ros2_ws/install/interfaz/include/interfaz/interfaz
[0.761s] -- Up-to-date: /workspace/ros2_ws/install/interfaz/include/interfaz/interfaz/msg
[0.762s] -- Up-to-date: /workspace/ros2_ws/install/interfaz/include/interfaz/interfaz/msg/mi_mensaje.hpp
[0.762s] -- Up-to-date: /workspace/ros2_ws/install/interfaz/include/interfaz/interfaz/msg/p2pkg_mensaje.hpp
[0.762s] -- Up-to-date: /workspace/ros2_ws/install/interfaz/include/interfaz/interfaz/msg/detail
[0.762s] -- Up-to-date: /workspace/ros2_ws/install/interfaz/include/interfaz/interfaz/msg/detail/p2pkg_mensaje__type_support.hpp
[0.762s] -- Up-to-date: /workspace/ros2_ws/install/interfaz/include/interfaz/interfaz/msg/detail/p2pkg_mensaje__builder.hpp
[0.762s] -- Up-to-date: /workspace/ros2_ws/install/interfaz/include/interfaz/interfaz/msg/detail/mi_mensaje__type_support.hpp
[0.762s] -- Up-to-date: /workspace/ros2_ws/install/interfaz/include/interfaz/interfaz/msg/detail/p2pkg_mensaje__traits.hpp
[0.762s] -- Up-to-date: /workspace/ros2_ws/install/interfaz/include/interfaz/interfaz/msg/detail/p2pkg_mensaje__struct.hpp
[0.763s] -- Up-to-date: /workspace/ros2_ws/install/interfaz/include/interfaz/interfaz/msg/detail/mi_mensaje__struct.hpp
[0.763s] -- Up-to-date: /workspace/ros2_ws/install/interfaz/include/interfaz/interfaz/msg/detail/mi_mensaje__builder.hpp
[0.764s] -- Up-to-date: /workspace/ros2_ws/install/interfaz/include/interfaz/interfaz/msg/detail/mi_mensaje__traits.hpp
[0.764s] -- Up-to-date: /workspace/ros2_ws/install/interfaz/include/interfaz/interfaz/msg/rosidl_generator_cpp__visibility_control.hpp
[0.764s] -- Up-to-date: /workspace/ros2_ws/install/interfaz/include/interfaz/interfaz/action
[0.765s] -- Up-to-date: /workspace/ros2_ws/install/interfaz/include/interfaz/interfaz/action/fibonacci.hpp
[0.765s] -- Up-to-date: /workspace/ros2_ws/install/interfaz/include/interfaz/interfaz/action/detail
[0.765s] -- Up-to-date: /workspace/ros2_ws/install/interfaz/include/interfaz/interfaz/action/detail/fibonacci__struct.hpp
[0.765s] -- Up-to-date: /workspace/ros2_ws/install/interfaz/include/interfaz/interfaz/action/detail/fibonacci__traits.hpp
[0.765s] -- Up-to-date: /workspace/ros2_ws/install/interfaz/include/interfaz/interfaz/action/detail/fibonacci__type_support.hpp
[0.765s] -- Up-to-date: /workspace/ros2_ws/install/interfaz/include/interfaz/interfaz/action/detail/fibonacci__builder.hpp
[0.765s] -- Up-to-date: /workspace/ros2_ws/install/interfaz/include/interfaz/interfaz
[0.765s] -- Up-to-date: /workspace/ros2_ws/install/interfaz/include/interfaz/interfaz/msg
[0.765s] -- Up-to-date: /workspace/ros2_ws/install/interfaz/include/interfaz/interfaz/msg/rosidl_typesupport_fastrtps_cpp__visibility_control.h
[0.765s] -- Up-to-date: /workspace/ros2_ws/install/interfaz/include/interfaz/interfaz/msg/detail
[0.765s] -- Up-to-date: /workspace/ros2_ws/install/interfaz/include/interfaz/interfaz/msg/detail/p2pkg_mensaje__rosidl_typesupport_fastrtps_cpp.hpp
[0.766s] -- Up-to-date: /workspace/ros2_ws/install/interfaz/include/interfaz/interfaz/msg/detail/dds_fastrtps
[0.766s] -- Up-to-date: /workspace/ros2_ws/install/interfaz/include/interfaz/interfaz/msg/detail/mi_mensaje__rosidl_typesupport_fastrtps_cpp.hpp
[0.766s] -- Up-to-date: /workspace/ros2_ws/install/interfaz/include/interfaz/interfaz/action
[0.766s] -- Up-to-date: /workspace/ros2_ws/install/interfaz/include/interfaz/interfaz/action/detail
[0.766s] -- Up-to-date: /workspace/ros2_ws/install/interfaz/include/interfaz/interfaz/action/detail/fibonacci__rosidl_typesupport_fastrtps_cpp.hpp
[0.766s] -- Up-to-date: /workspace/ros2_ws/install/interfaz/include/interfaz/interfaz/action/detail/dds_fastrtps
[0.766s] -- Up-to-date: /workspace/ros2_ws/install/interfaz/lib/libinterfaz__rosidl_typesupport_fastrtps_cpp.so
[0.766s] -- Up-to-date: /workspace/ros2_ws/install/interfaz/include/interfaz/interfaz
[0.766s] -- Up-to-date: /workspace/ros2_ws/install/interfaz/include/interfaz/interfaz/msg
[0.766s] -- Up-to-date: /workspace/ros2_ws/install/interfaz/include/interfaz/interfaz/msg/detail
[0.766s] -- Up-to-date: /workspace/ros2_ws/install/interfaz/include/interfaz/interfaz/msg/detail/mi_mensaje__rosidl_typesupport_introspection_c.h
[0.767s] -- Up-to-date: /workspace/ros2_ws/install/interfaz/include/interfaz/interfaz/msg/detail/p2pkg_mensaje__rosidl_typesupport_introspection_c.h
[0.767s] -- Up-to-date: /workspace/ros2_ws/install/interfaz/include/interfaz/interfaz/msg/detail/mi_mensaje__type_support.c
[0.767s] -- Up-to-date: /workspace/ros2_ws/install/interfaz/include/interfaz/interfaz/msg/detail/p2pkg_mensaje__type_support.c
[0.767s] -- Up-to-date: /workspace/ros2_ws/install/interfaz/include/interfaz/interfaz/msg/rosidl_typesupport_introspection_c__visibility_control.h
[0.767s] -- Up-to-date: /workspace/ros2_ws/install/interfaz/include/interfaz/interfaz/action
[0.767s] -- Up-to-date: /workspace/ros2_ws/install/interfaz/include/interfaz/interfaz/action/detail
[0.767s] -- Up-to-date: /workspace/ros2_ws/install/interfaz/include/interfaz/interfaz/action/detail/fibonacci__type_support.c
[0.767s] -- Up-to-date: /workspace/ros2_ws/install/interfaz/include/interfaz/interfaz/action/detail/fibonacci__rosidl_typesupport_introspection_c.h
[0.767s] -- Up-to-date: /workspace/ros2_ws/install/interfaz/lib/libinterfaz__rosidl_typesupport_introspection_c.so
[0.767s] -- Up-to-date: /workspace/ros2_ws/install/interfaz/lib/libinterfaz__rosidl_typesupport_c.so
[0.767s] -- Up-to-date: /workspace/ros2_ws/install/interfaz/include/interfaz/interfaz
[0.768s] -- Up-to-date: /workspace/ros2_ws/install/interfaz/include/interfaz/interfaz/msg
[0.772s] -- Up-to-date: /workspace/ros2_ws/install/interfaz/include/interfaz/interfaz/msg/detail
[0.772s] -- Up-to-date: /workspace/ros2_ws/install/interfaz/include/interfaz/interfaz/msg/detail/p2pkg_mensaje__type_support.cpp
[0.772s] -- Up-to-date: /workspace/ros2_ws/install/interfaz/include/interfaz/interfaz/msg/detail/mi_mensaje__rosidl_typesupport_introspection_cpp.hpp
[0.772s] -- Up-to-date: /workspace/ros2_ws/install/interfaz/include/interfaz/interfaz/msg/detail/mi_mensaje__type_support.cpp
[0.772s] -- Up-to-date: /workspace/ros2_ws/install/interfaz/include/interfaz/interfaz/msg/detail/p2pkg_mensaje__rosidl_typesupport_introspection_cpp.hpp
[0.772s] -- Up-to-date: /workspace/ros2_ws/install/interfaz/include/interfaz/interfaz/action
[0.773s] -- Up-to-date: /workspace/ros2_ws/install/interfaz/include/interfaz/interfaz/action/detail
[0.773s] -- Up-to-date: /workspace/ros2_ws/install/interfaz/include/interfaz/interfaz/action/detail/fibonacci__type_support.cpp
[0.773s] -- Up-to-date: /workspace/ros2_ws/install/interfaz/include/interfaz/interfaz/action/detail/fibonacci__rosidl_typesupport_introspection_cpp.hpp
[0.773s] -- Up-to-date: /workspace/ros2_ws/install/interfaz/lib/libinterfaz__rosidl_typesupport_introspection_cpp.so
[0.773s] -- Up-to-date: /workspace/ros2_ws/install/interfaz/lib/libinterfaz__rosidl_typesupport_cpp.so
[0.773s] -- Up-to-date: /workspace/ros2_ws/install/interfaz/share/interfaz/environment/pythonpath.sh
[0.773s] -- Up-to-date: /workspace/ros2_ws/install/interfaz/share/interfaz/environment/pythonpath.dsv
[0.773s] -- Up-to-date: /workspace/ros2_ws/install/interfaz/local/lib/python3.10/dist-packages/interfaz-0.0.0-py3.10.egg-info
[0.773s] -- Installing: /workspace/ros2_ws/install/interfaz/local/lib/python3.10/dist-packages/interfaz-0.0.0-py3.10.egg-info/PKG-INFO
[0.773s] -- Installing: /workspace/ros2_ws/install/interfaz/local/lib/python3.10/dist-packages/interfaz-0.0.0-py3.10.egg-info/dependency_links.txt
[0.773s] -- Installing: /workspace/ros2_ws/install/interfaz/local/lib/python3.10/dist-packages/interfaz-0.0.0-py3.10.egg-info/SOURCES.txt
[0.774s] -- Installing: /workspace/ros2_ws/install/interfaz/local/lib/python3.10/dist-packages/interfaz-0.0.0-py3.10.egg-info/top_level.txt
[0.774s] -- Up-to-date: /workspace/ros2_ws/install/interfaz/local/lib/python3.10/dist-packages/interfaz
[0.774s] -- Up-to-date: /workspace/ros2_ws/install/interfaz/local/lib/python3.10/dist-packages/interfaz/_interfaz_s.ep.rosidl_typesupport_introspection_c.c
[0.774s] -- Up-to-date: /workspace/ros2_ws/install/interfaz/local/lib/python3.10/dist-packages/interfaz/_interfaz_s.ep.rosidl_typesupport_fastrtps_c.c
[0.774s] -- Up-to-date: /workspace/ros2_ws/install/interfaz/local/lib/python3.10/dist-packages/interfaz/libinterfaz__rosidl_generator_py.so
[0.775s] -- Up-to-date: /workspace/ros2_ws/install/interfaz/local/lib/python3.10/dist-packages/interfaz/__init__.py
[0.775s] -- Up-to-date: /workspace/ros2_ws/install/interfaz/local/lib/python3.10/dist-packages/interfaz/_interfaz_s.ep.rosidl_typesupport_c.c
[0.775s] -- Up-to-date: /workspace/ros2_ws/install/interfaz/local/lib/python3.10/dist-packages/interfaz/interfaz_s__rosidl_typesupport_introspection_c.cpython-310-x86_64-linux-gnu.so
[0.775s] -- Up-to-date: /workspace/ros2_ws/install/interfaz/local/lib/python3.10/dist-packages/interfaz/interfaz_s__rosidl_typesupport_c.cpython-310-x86_64-linux-gnu.so
[0.775s] -- Up-to-date: /workspace/ros2_ws/install/interfaz/local/lib/python3.10/dist-packages/interfaz/interfaz_s__rosidl_typesupport_fastrtps_c.cpython-310-x86_64-linux-gnu.so
[0.775s] -- Up-to-date: /workspace/ros2_ws/install/interfaz/local/lib/python3.10/dist-packages/interfaz/msg
[0.775s] -- Up-to-date: /workspace/ros2_ws/install/interfaz/local/lib/python3.10/dist-packages/interfaz/msg/_mi_mensaje_s.c
[0.775s] -- Up-to-date: /workspace/ros2_ws/install/interfaz/local/lib/python3.10/dist-packages/interfaz/msg/__init__.py
[0.775s] -- Up-to-date: /workspace/ros2_ws/install/interfaz/local/lib/python3.10/dist-packages/interfaz/msg/_p2pkg_mensaje.py
[0.775s] -- Up-to-date: /workspace/ros2_ws/install/interfaz/local/lib/python3.10/dist-packages/interfaz/msg/_p2pkg_mensaje_s.c
[0.776s] -- Up-to-date: /workspace/ros2_ws/install/interfaz/local/lib/python3.10/dist-packages/interfaz/msg/_mi_mensaje.py
[0.776s] -- Up-to-date: /workspace/ros2_ws/install/interfaz/local/lib/python3.10/dist-packages/interfaz/action
[0.776s] -- Up-to-date: /workspace/ros2_ws/install/interfaz/local/lib/python3.10/dist-packages/interfaz/action/_fibonacci_s.c
[0.776s] -- Up-to-date: /workspace/ros2_ws/install/interfaz/local/lib/python3.10/dist-packages/interfaz/action/__init__.py
[0.776s] -- Up-to-date: /workspace/ros2_ws/install/interfaz/local/lib/python3.10/dist-packages/interfaz/action/_fibonacci.py
[0.814s] Listing '/workspace/ros2_ws/install/interfaz/local/lib/python3.10/dist-packages/interfaz'...
[0.814s] Listing '/workspace/ros2_ws/install/interfaz/local/lib/python3.10/dist-packages/interfaz/action'...
[0.814s] Listing '/workspace/ros2_ws/install/interfaz/local/lib/python3.10/dist-packages/interfaz/msg'...
[0.821s] -- Up-to-date: /workspace/ros2_ws/install/interfaz/local/lib/python3.10/dist-packages/interfaz/interfaz_s__rosidl_typesupport_fastrtps_c.cpython-310-x86_64-linux-gnu.so
[0.822s] -- Up-to-date: /workspace/ros2_ws/install/interfaz/local/lib/python3.10/dist-packages/interfaz/interfaz_s__rosidl_typesupport_introspection_c.cpython-310-x86_64-linux-gnu.so
[0.822s] -- Up-to-date: /workspace/ros2_ws/install/interfaz/local/lib/python3.10/dist-packages/interfaz/interfaz_s__rosidl_typesupport_c.cpython-310-x86_64-linux-gnu.so
[0.823s] -- Up-to-date: /workspace/ros2_ws/install/interfaz/lib/libinterfaz__rosidl_generator_py.so
[0.823s] -- Up-to-date: /workspace/ros2_ws/install/interfaz/share/interfaz/msg/MiMensaje.idl
[0.823s] -- Up-to-date: /workspace/ros2_ws/install/interfaz/share/interfaz/msg/P2pkgMensaje.idl
[0.824s] -- Up-to-date: /workspace/ros2_ws/install/interfaz/share/interfaz/action/Fibonacci.idl
[0.825s] -- Up-to-date: /workspace/ros2_ws/install/interfaz/share/interfaz/msg/MiMensaje.msg
[0.827s] -- Up-to-date: /workspace/ros2_ws/install/interfaz/share/interfaz/msg/P2pkgMensaje.msg
[0.827s] -- Up-to-date: /workspace/ros2_ws/install/interfaz/share/interfaz/action/Fibonacci.action
[0.828s] -- Up-to-date: /workspace/ros2_ws/install/interfaz/share/ament_index/resource_index/package_run_dependencies/interfaz
[0.828s] -- Up-to-date: /workspace/ros2_ws/install/interfaz/share/ament_index/resource_index/parent_prefix_path/interfaz
[0.828s] -- Up-to-date: /workspace/ros2_ws/install/interfaz/share/interfaz/environment/ament_prefix_path.sh
[0.828s] -- Up-to-date: /workspace/ros2_ws/install/interfaz/share/interfaz/environment/ament_prefix_path.dsv
[0.829s] -- Up-to-date: /workspace/ros2_ws/install/interfaz/share/interfaz/environment/path.sh
[0.829s] -- Up-to-date: /workspace/ros2_ws/install/interfaz/share/interfaz/environment/path.dsv
[0.829s] -- Up-to-date: /workspace/ros2_ws/install/interfaz/share/interfaz/local_setup.bash
[0.830s] -- Up-to-date: /workspace/ros2_ws/install/interfaz/share/interfaz/local_setup.sh
[0.830s] -- Up-to-date: /workspace/ros2_ws/install/interfaz/share/interfaz/local_setup.zsh
[0.830s] -- Up-to-date: /workspace/ros2_ws/install/interfaz/share/interfaz/local_setup.dsv
[0.830s] -- Installing: /workspace/ros2_ws/install/interfaz/share/interfaz/package.dsv
[0.830s] -- Up-to-date: /workspace/ros2_ws/install/interfaz/share/ament_index/resource_index/packages/interfaz
[0.832s] -- Up-to-date: /workspace/ros2_ws/install/interfaz/share/interfaz/cmake/export_interfaz__rosidl_generator_cExport.cmake
[0.832s] -- Up-to-date: /workspace/ros2_ws/install/interfaz/share/interfaz/cmake/export_interfaz__rosidl_generator_cExport-noconfig.cmake
[0.832s] -- Up-to-date: /workspace/ros2_ws/install/interfaz/share/interfaz/cmake/export_interfaz__rosidl_typesupport_fastrtps_cExport.cmake
[0.832s] -- Up-to-date: /workspace/ros2_ws/install/interfaz/share/interfaz/cmake/export_interfaz__rosidl_typesupport_fastrtps_cExport-noconfig.cmake
[0.833s] -- Up-to-date: /workspace/ros2_ws/install/interfaz/share/interfaz/cmake/export_interfaz__rosidl_generator_cppExport.cmake
[0.833s] -- Up-to-date: /workspace/ros2_ws/install/interfaz/share/interfaz/cmake/export_interfaz__rosidl_typesupport_fastrtps_cppExport.cmake
[0.833s] -- Up-to-date: /workspace/ros2_ws/install/interfaz/share/interfaz/cmake/export_interfaz__rosidl_typesupport_fastrtps_cppExport-noconfig.cmake
[0.834s] -- Up-to-date: /workspace/ros2_ws/install/interfaz/share/interfaz/cmake/interfaz__rosidl_typesupport_introspection_cExport.cmake
[0.834s] -- Up-to-date: /workspace/ros2_ws/install/interfaz/share/interfaz/cmake/interfaz__rosidl_typesupport_introspection_cExport-noconfig.cmake
[0.834s] -- Up-to-date: /workspace/ros2_ws/install/interfaz/share/interfaz/cmake/interfaz__rosidl_typesupport_cExport.cmake
[0.834s] -- Up-to-date: /workspace/ros2_ws/install/interfaz/share/interfaz/cmake/interfaz__rosidl_typesupport_cExport-noconfig.cmake
[0.834s] -- Up-to-date: /workspace/ros2_ws/install/interfaz/share/interfaz/cmake/interfaz__rosidl_typesupport_introspection_cppExport.cmake
[0.834s] -- Up-to-date: /workspace/ros2_ws/install/interfaz/share/interfaz/cmake/interfaz__rosidl_typesupport_introspection_cppExport-noconfig.cmake
[0.834s] -- Up-to-date: /workspace/ros2_ws/install/interfaz/share/interfaz/cmake/interfaz__rosidl_typesupport_cppExport.cmake
[0.834s] -- Up-to-date: /workspace/ros2_ws/install/interfaz/share/interfaz/cmake/interfaz__rosidl_typesupport_cppExport-noconfig.cmake
[0.834s] -- Up-to-date: /workspace/ros2_ws/install/interfaz/share/interfaz/cmake/export_interfaz__rosidl_generator_pyExport.cmake
[0.835s] -- Up-to-date: /workspace/ros2_ws/install/interfaz/share/interfaz/cmake/export_interfaz__rosidl_generator_pyExport-noconfig.cmake
[0.835s] -- Up-to-date: /workspace/ros2_ws/install/interfaz/share/interfaz/cmake/rosidl_cmake-extras.cmake
[0.835s] -- Up-to-date: /workspace/ros2_ws/install/interfaz/share/interfaz/cmake/ament_cmake_export_dependencies-extras.cmake
[0.835s] -- Up-to-date: /workspace/ros2_ws/install/interfaz/share/interfaz/cmake/ament_cmake_export_include_directories-extras.cmake
[0.835s] -- Up-to-date: /workspace/ros2_ws/install/interfaz/share/interfaz/cmake/ament_cmake_export_libraries-extras.cmake
[0.835s] -- Up-to-date: /workspace/ros2_ws/install/interfaz/share/interfaz/cmake/ament_cmake_export_targets-extras.cmake
[0.835s] -- Up-to-date: /workspace/ros2_ws/install/interfaz/share/interfaz/cmake/rosidl_cmake_export_typesupport_targets-extras.cmake
[0.835s] -- Up-to-date: /workspace/ros2_ws/install/interfaz/share/interfaz/cmake/rosidl_cmake_export_typesupport_libraries-extras.cmake
[0.840s] -- Up-to-date: /workspace/ros2_ws/install/interfaz/share/interfaz/cmake/interfazConfig.cmake
[0.840s] -- Up-to-date: /workspace/ros2_ws/install/interfaz/share/interfaz/cmake/interfazConfig-version.cmake
[0.840s] -- Up-to-date: /workspace/ros2_ws/install/interfaz/share/interfaz/package.xml
[0.841s] Invoked command in '/workspace/ros2_ws/build/interfaz' returned '0': CMAKE_PREFIX_PATH=${CMAKE_PREFIX_PATH}:/workspace/ros2_ws/install/servicio_suma:/workspace/ros2_ws/install/primer_paquete:/workspace/ros2_ws/install/p2pkg:/workspace/ros2_ws/install/mi_accion:/opt/ros/humble /usr/bin/cmake --install /workspace/ros2_ws/build/interfaz
