[0.733s] Invoking command in '/workspace/ros2_ws/primer_paquete': PYTHONPATH=/workspace/ros2_ws/build/primer_paquete/prefix_override:/usr/lib/python3/dist-packages/colcon_core/task/python/colcon_distutils_commands:/workspace/ros2_ws/install/primer_paquete/lib/python3.10/site-packages:${PYTHONPATH} /usr/bin/python3 -W ignore:setup.py install is deprecated -W ignore:easy_install command is deprecated setup.py egg_info --egg-base ../build/primer_paquete build --build-base /workspace/ros2_ws/build/primer_paquete/build install --record /workspace/ros2_ws/build/primer_paquete/install.log --single-version-externally-managed install_data
[1.017s] running egg_info
[1.017s] creating ../build/primer_paquete/primer_paquete.egg-info
[1.017s] writing ../build/primer_paquete/primer_paquete.egg-info/PKG-INFO
[1.017s] writing dependency_links to ../build/primer_paquete/primer_paquete.egg-info/dependency_links.txt
[1.018s] writing entry points to ../build/primer_paquete/primer_paquete.egg-info/entry_points.txt
[1.018s] writing requirements to ../build/primer_paquete/primer_paquete.egg-info/requires.txt
[1.018s] writing top-level names to ../build/primer_paquete/primer_paquete.egg-info/top_level.txt
[1.018s] writing manifest file '../build/primer_paquete/primer_paquete.egg-info/SOURCES.txt'
[1.019s] reading manifest file '../build/primer_paquete/primer_paquete.egg-info/SOURCES.txt'
[1.020s] adding license file 'LICENSE'
[1.020s] writing manifest file '../build/primer_paquete/primer_paquete.egg-info/SOURCES.txt'
[1.021s] running build
[1.021s] running build_py
[1.021s] creating /workspace/ros2_ws/build/primer_paquete/build
[1.021s] creating /workspace/ros2_ws/build/primer_paquete/build/lib
[1.021s] creating /workspace/ros2_ws/build/primer_paquete/build/lib/primer_paquete
[1.021s] copying primer_paquete/__init__.py -> /workspace/ros2_ws/build/primer_paquete/build/lib/primer_paquete
[1.021s] running install
[1.021s] running install_lib
[1.022s] creating /workspace/ros2_ws/install/primer_paquete/lib/python3.10/site-packages/primer_paquete
[1.022s] copying /workspace/ros2_ws/build/primer_paquete/build/lib/primer_paquete/__init__.py -> /workspace/ros2_ws/install/primer_paquete/lib/python3.10/site-packages/primer_paquete
[1.023s] byte-compiling /workspace/ros2_ws/install/primer_paquete/lib/python3.10/site-packages/primer_paquete/__init__.py to __init__.cpython-310.pyc
[1.023s] running install_data
[1.023s] creating /workspace/ros2_ws/install/primer_paquete/share/ament_index
[1.023s] creating /workspace/ros2_ws/install/primer_paquete/share/ament_index/resource_index
[1.023s] creating /workspace/ros2_ws/install/primer_paquete/share/ament_index/resource_index/packages
[1.023s] copying resource/primer_paquete -> /workspace/ros2_ws/install/primer_paquete/share/ament_index/resource_index/packages
[1.023s] copying package.xml -> /workspace/ros2_ws/install/primer_paquete/share/primer_paquete
[1.023s] running install_egg_info
[1.026s] Copying ../build/primer_paquete/primer_paquete.egg-info to /workspace/ros2_ws/install/primer_paquete/lib/python3.10/site-packages/primer_paquete-0.0.0-py3.10.egg-info
[1.027s] running install_scripts
[1.048s] writing list of installed files to '/workspace/ros2_ws/build/primer_paquete/install.log'
[1.072s] Invoked command in '/workspace/ros2_ws/primer_paquete' returned '0': PYTHONPATH=/workspace/ros2_ws/build/primer_paquete/prefix_override:/usr/lib/python3/dist-packages/colcon_core/task/python/colcon_distutils_commands:/workspace/ros2_ws/install/primer_paquete/lib/python3.10/site-packages:${PYTHONPATH} /usr/bin/python3 -W ignore:setup.py install is deprecated -W ignore:easy_install command is deprecated setup.py egg_info --egg-base ../build/primer_paquete build --build-base /workspace/ros2_ws/build/primer_paquete/build install --record /workspace/ros2_ws/build/primer_paquete/install.log --single-version-externally-managed install_data
