[0.024s] Invoking command in '/workspace/ros2_ws/build/interfaz': CMAKE_PREFIX_PATH=${CMAKE_PREFIX_PATH}:/workspace/ros2_ws/install/servicio_suma:/opt/ros/humble /usr/bin/cmake /workspace/ros2_ws/src/interfaz -DCMAKE_INSTALL_PREFIX=/workspace/ros2_ws/install/interfaz
[0.113s] -- The C compiler identification is GNU 11.4.0
[0.182s] -- The CXX compiler identification is GNU 11.4.0
[0.191s] -- Detecting C compiler ABI info
[0.270s] -- Detecting C compiler ABI info - done
[0.283s] -- Check for working C compiler: /usr/bin/cc - skipped
[0.283s] -- Detecting C compile features
[0.284s] -- Detecting C compile features - done
[0.289s] -- Detecting CXX compiler ABI info
[0.400s] -- Detecting CXX compiler ABI info - done
[0.412s] -- Check for working CXX compiler: /usr/bin/c++ - skipped
[0.412s] -- Detecting CXX compile features
[0.413s] -- Detecting CXX compile features - done
[0.418s] -- Found ament_cmake: 1.3.12 (/opt/ros/humble/share/ament_cmake/cmake)
[0.611s] -- Found Python3: /usr/bin/python3 (found version "3.10.12") found components: Interpreter 
[0.735s] -- Found ament_lint_auto: 0.12.14 (/opt/ros/humble/share/ament_lint_auto/cmake)
[0.846s] -- Found std_msgs: 4.9.0 (/opt/ros/humble/share/std_msgs/cmake)
[0.901s] -- Found rosidl_generator_c: 3.1.8 (/opt/ros/humble/share/rosidl_generator_c/cmake)
[0.909s] -- Found rosidl_adapter: 3.1.8 (/opt/ros/humble/share/rosidl_adapter/cmake)
[0.922s] -- Found rosidl_generator_cpp: 3.1.8 (/opt/ros/humble/share/rosidl_generator_cpp/cmake)
[0.940s] -- Using all available rosidl_typesupport_c: rosidl_typesupport_fastrtps_c;rosidl_typesupport_introspection_c
[0.960s] -- Using all available rosidl_typesupport_cpp: rosidl_typesupport_fastrtps_cpp;rosidl_typesupport_introspection_cpp
[0.990s] -- Found rosidl_default_generators: 1.2.0 (/opt/ros/humble/share/rosidl_default_generators/cmake)
[1.325s] -- Found ament_cmake_ros: 0.10.0 (/opt/ros/humble/share/ament_cmake_ros/cmake)
[1.900s] -- Using all available rosidl_typesupport_c: rosidl_typesupport_fastrtps_c;rosidl_typesupport_introspection_c
[2.123s] -- Using all available rosidl_typesupport_cpp: rosidl_typesupport_fastrtps_cpp;rosidl_typesupport_introspection_cpp
[2.149s] -- Found PythonInterp: /usr/bin/python3 (found suitable version "3.10.12", minimum required is "3.6") 
[2.152s] -- Found python_cmake_module: 0.10.0 (/opt/ros/humble/share/python_cmake_module/cmake)
[2.188s] -- Found PythonLibs: /usr/lib/x86_64-linux-gnu/libpython3.10.so (found suitable version "3.10.12", minimum required is "3.5") 
[2.188s] -- Using PYTHON_EXECUTABLE: /usr/bin/python3
[2.188s] -- Using PYTHON_INCLUDE_DIRS: /usr/include/python3.10
[2.188s] -- Using PYTHON_LIBRARIES: /usr/lib/x86_64-linux-gnu/libpython3.10.so
[2.217s] -- Found PythonExtra: .so  
[2.324s] -- Added test 'lint_cmake' to check CMake code style
[2.327s] -- Added test 'xmllint' to check XML markup files
[2.335s] -- Configuring done
[2.371s] -- Generating done
[2.383s] -- Build files have been written to: /workspace/ros2_ws/build/interfaz
[2.388s] Invoked command in '/workspace/ros2_ws/build/interfaz' returned '0': CMAKE_PREFIX_PATH=${CMAKE_PREFIX_PATH}:/workspace/ros2_ws/install/servicio_suma:/opt/ros/humble /usr/bin/cmake /workspace/ros2_ws/src/interfaz -DCMAKE_INSTALL_PREFIX=/workspace/ros2_ws/install/interfaz
[2.390s] Invoking command in '/workspace/ros2_ws/build/interfaz': CMAKE_PREFIX_PATH=${CMAKE_PREFIX_PATH}:/workspace/ros2_ws/install/servicio_suma:/opt/ros/humble /usr/bin/cmake --build /workspace/ros2_ws/build/interfaz -- -j8 -l8
[2.434s] [  3%] [34m[1mGenerating C code for ROS interfaces[0m
[2.446s] [  6%] [34m[1mGenerating C++ code for ROS interfaces[0m
[2.455s] [  6%] Built target ament_cmake_python_copy_interfaz
[2.788s] [  6%] Built target interfaz__cpp
[2.829s] running egg_info
[2.829s] [  9%] [34m[1mGenerating C++ type support dispatch for ROS interfaces[0m
[2.829s] creating interfaz.egg-info
[2.830s] writing interfaz.egg-info/PKG-INFO
[2.830s] writing dependency_links to interfaz.egg-info/dependency_links.txt
[2.830s] writing top-level names to interfaz.egg-info/top_level.txt
[2.830s] writing manifest file 'interfaz.egg-info/SOURCES.txt'
[2.830s] reading manifest file 'interfaz.egg-info/SOURCES.txt'
[2.830s] writing manifest file 'interfaz.egg-info/SOURCES.txt'
[2.863s] [ 12%] [34m[1mGenerating C++ introspection for ROS interfaces[0m
[2.868s] [ 16%] [34m[1mGenerating C++ type support for eProsima Fast-RTPS[0m
[2.967s] [ 16%] Built target ament_cmake_python_build_interfaz_egg
[2.967s] [ 19%] [32mBuilding C object CMakeFiles/interfaz__rosidl_generator_c.dir/rosidl_generator_c/interfaz/msg/detail/mi_mensaje__functions.c.o[0m
[3.051s] [ 22%] [32m[1mLinking C shared library libinterfaz__rosidl_generator_c.so[0m
[3.134s] [ 22%] Built target interfaz__rosidl_generator_c
[3.157s] [ 25%] [34m[1mGenerating C type support for eProsima Fast-RTPS[0m
[3.160s] [ 29%] [34m[1mGenerating C introspection for ROS interfaces[0m
[3.163s] [ 32%] [34m[1mGenerating C type support dispatch for ROS interfaces[0m
[3.375s] [ 35%] [32mBuilding CXX object CMakeFiles/interfaz__rosidl_typesupport_cpp.dir/rosidl_typesupport_cpp/interfaz/msg/mi_mensaje__type_support.cpp.o[0m
[3.445s] [ 38%] [32mBuilding CXX object CMakeFiles/interfaz__rosidl_typesupport_introspection_cpp.dir/rosidl_typesupport_introspection_cpp/interfaz/msg/detail/mi_mensaje__type_support.cpp.o[0m
[3.526s] [ 41%] [32mBuilding CXX object CMakeFiles/interfaz__rosidl_typesupport_fastrtps_cpp.dir/rosidl_typesupport_fastrtps_cpp/interfaz/msg/detail/dds_fastrtps/mi_mensaje__type_support.cpp.o[0m
[3.681s] [ 45%] [32mBuilding CXX object CMakeFiles/interfaz__rosidl_typesupport_fastrtps_c.dir/rosidl_typesupport_fastrtps_c/interfaz/msg/detail/mi_mensaje__type_support_c.cpp.o[0m
[3.877s] [ 48%] [32mBuilding CXX object CMakeFiles/interfaz__rosidl_typesupport_c.dir/rosidl_typesupport_c/interfaz/msg/mi_mensaje__type_support.cpp.o[0m
[3.882s] [ 51%] [32mBuilding C object CMakeFiles/interfaz__rosidl_typesupport_introspection_c.dir/rosidl_typesupport_introspection_c/interfaz/msg/detail/mi_mensaje__type_support.c.o[0m
[3.956s] [ 54%] [32m[1mLinking CXX shared library libinterfaz__rosidl_typesupport_cpp.so[0m
[3.978s] [ 58%] [32m[1mLinking CXX shared library libinterfaz__rosidl_typesupport_c.so[0m
[3.999s] [ 61%] [32m[1mLinking C shared library libinterfaz__rosidl_typesupport_introspection_c.so[0m
[4.097s] [ 61%] Built target interfaz__rosidl_typesupport_c
[4.103s] [ 61%] Built target interfaz__rosidl_typesupport_cpp
[4.108s] [ 61%] Built target interfaz__rosidl_typesupport_introspection_c
[4.330s] [ 64%] [32m[1mLinking CXX shared library libinterfaz__rosidl_typesupport_introspection_cpp.so[0m
[4.469s] [ 64%] Built target interfaz__rosidl_typesupport_introspection_cpp
[4.477s] [ 67%] [32m[1mLinking CXX shared library libinterfaz__rosidl_typesupport_fastrtps_c.so[0m
[4.553s] [ 70%] [32m[1mLinking CXX shared library libinterfaz__rosidl_typesupport_fastrtps_cpp.so[0m
[4.630s] [ 70%] Built target interfaz__rosidl_typesupport_fastrtps_c
[4.688s] [ 70%] Built target interfaz__rosidl_typesupport_fastrtps_cpp
[4.711s] [ 70%] Built target interfaz
[4.734s] [ 74%] [34m[1mGenerating Python code for ROS interfaces[0m
[5.094s] [ 74%] Built target interfaz__py
[5.134s] [ 77%] [32mBuilding C object CMakeFiles/interfaz__rosidl_generator_py.dir/rosidl_generator_py/interfaz/msg/_mi_mensaje_s.c.o[0m
[5.286s] [ 80%] [32m[1mLinking C shared library rosidl_generator_py/interfaz/libinterfaz__rosidl_generator_py.so[0m
[5.333s] [ 80%] Built target interfaz__rosidl_generator_py
[5.356s] [ 90%] [32mBuilding C object CMakeFiles/interfaz__rosidl_typesupport_fastrtps_c__pyext.dir/rosidl_generator_py/interfaz/_interfaz_s.ep.rosidl_typesupport_fastrtps_c.c.o[0m
[5.356s] [ 90%] [32mBuilding C object CMakeFiles/interfaz__rosidl_typesupport_introspection_c__pyext.dir/rosidl_generator_py/interfaz/_interfaz_s.ep.rosidl_typesupport_introspection_c.c.o[0m
[5.356s] [ 90%] [32mBuilding C object CMakeFiles/interfaz__rosidl_typesupport_c__pyext.dir/rosidl_generator_py/interfaz/_interfaz_s.ep.rosidl_typesupport_c.c.o[0m
[5.465s] [ 93%] [32m[1mLinking C shared library rosidl_generator_py/interfaz/interfaz_s__rosidl_typesupport_introspection_c.cpython-310-x86_64-linux-gnu.so[0m
[5.470s] [ 96%] [32m[1mLinking C shared library rosidl_generator_py/interfaz/interfaz_s__rosidl_typesupport_fastrtps_c.cpython-310-x86_64-linux-gnu.so[0m
[5.471s] [100%] [32m[1mLinking C shared library rosidl_generator_py/interfaz/interfaz_s__rosidl_typesupport_c.cpython-310-x86_64-linux-gnu.so[0m
[5.509s] [100%] Built target interfaz__rosidl_typesupport_introspection_c__pyext
[5.514s] [100%] Built target interfaz__rosidl_typesupport_c__pyext
[5.514s] [100%] Built target interfaz__rosidl_typesupport_fastrtps_c__pyext
[5.525s] Invoked command in '/workspace/ros2_ws/build/interfaz' returned '0': CMAKE_PREFIX_PATH=${CMAKE_PREFIX_PATH}:/workspace/ros2_ws/install/servicio_suma:/opt/ros/humble /usr/bin/cmake --build /workspace/ros2_ws/build/interfaz -- -j8 -l8
[5.536s] Invoking command in '/workspace/ros2_ws/build/interfaz': CMAKE_PREFIX_PATH=${CMAKE_PREFIX_PATH}:/workspace/ros2_ws/install/servicio_suma:/opt/ros/humble /usr/bin/cmake --install /workspace/ros2_ws/build/interfaz
[5.544s] -- Install configuration: ""
[5.544s] -- Installing: /workspace/ros2_ws/install/interfaz/share/ament_index/resource_index/rosidl_interfaces/interfaz
[5.544s] -- Installing: /workspace/ros2_ws/install/interfaz/include/interfaz/interfaz
[5.544s] -- Installing: /workspace/ros2_ws/install/interfaz/include/interfaz/interfaz/msg
[5.544s] -- Installing: /workspace/ros2_ws/install/interfaz/include/interfaz/interfaz/msg/detail
[5.544s] -- Installing: /workspace/ros2_ws/install/interfaz/include/interfaz/interfaz/msg/detail/mi_mensaje__functions.h
[5.545s] -- Installing: /workspace/ros2_ws/install/interfaz/include/interfaz/interfaz/msg/detail/mi_mensaje__type_support.h
[5.545s] -- Installing: /workspace/ros2_ws/install/interfaz/include/interfaz/interfaz/msg/detail/mi_mensaje__functions.c
[5.545s] -- Installing: /workspace/ros2_ws/install/interfaz/include/interfaz/interfaz/msg/detail/mi_mensaje__struct.h
[5.545s] -- Installing: /workspace/ros2_ws/install/interfaz/include/interfaz/interfaz/msg/rosidl_generator_c__visibility_control.h
[5.545s] -- Installing: /workspace/ros2_ws/install/interfaz/include/interfaz/interfaz/msg/mi_mensaje.h
[5.545s] -- Installing: /workspace/ros2_ws/install/interfaz/share/interfaz/environment/library_path.sh
[5.546s] -- Installing: /workspace/ros2_ws/install/interfaz/share/interfaz/environment/library_path.dsv
[5.546s] -- Installing: /workspace/ros2_ws/install/interfaz/lib/libinterfaz__rosidl_generator_c.so
[5.546s] -- Set runtime path of "/workspace/ros2_ws/install/interfaz/lib/libinterfaz__rosidl_generator_c.so" to ""
[5.546s] -- Up-to-date: /workspace/ros2_ws/install/interfaz/include/interfaz/interfaz
[5.546s] -- Up-to-date: /workspace/ros2_ws/install/interfaz/include/interfaz/interfaz/msg
[5.547s] -- Installing: /workspace/ros2_ws/install/interfaz/include/interfaz/interfaz/msg/rosidl_typesupport_fastrtps_c__visibility_control.h
[5.547s] -- Up-to-date: /workspace/ros2_ws/install/interfaz/include/interfaz/interfaz/msg/detail
[5.547s] -- Installing: /workspace/ros2_ws/install/interfaz/include/interfaz/interfaz/msg/detail/mi_mensaje__rosidl_typesupport_fastrtps_c.h
[5.547s] -- Installing: /workspace/ros2_ws/install/interfaz/lib/libinterfaz__rosidl_typesupport_fastrtps_c.so
[5.547s] -- Set runtime path of "/workspace/ros2_ws/install/interfaz/lib/libinterfaz__rosidl_typesupport_fastrtps_c.so" to ""
[5.547s] -- Up-to-date: /workspace/ros2_ws/install/interfaz/include/interfaz/interfaz
[5.548s] -- Up-to-date: /workspace/ros2_ws/install/interfaz/include/interfaz/interfaz/msg
[5.548s] -- Installing: /workspace/ros2_ws/install/interfaz/include/interfaz/interfaz/msg/mi_mensaje.hpp
[5.548s] -- Up-to-date: /workspace/ros2_ws/install/interfaz/include/interfaz/interfaz/msg/detail
[5.548s] -- Installing: /workspace/ros2_ws/install/interfaz/include/interfaz/interfaz/msg/detail/mi_mensaje__type_support.hpp
[5.548s] -- Installing: /workspace/ros2_ws/install/interfaz/include/interfaz/interfaz/msg/detail/mi_mensaje__struct.hpp
[5.548s] -- Installing: /workspace/ros2_ws/install/interfaz/include/interfaz/interfaz/msg/detail/mi_mensaje__builder.hpp
[5.548s] -- Installing: /workspace/ros2_ws/install/interfaz/include/interfaz/interfaz/msg/detail/mi_mensaje__traits.hpp
[5.548s] -- Installing: /workspace/ros2_ws/install/interfaz/include/interfaz/interfaz/msg/rosidl_generator_cpp__visibility_control.hpp
[5.548s] -- Up-to-date: /workspace/ros2_ws/install/interfaz/include/interfaz/interfaz
[5.549s] -- Up-to-date: /workspace/ros2_ws/install/interfaz/include/interfaz/interfaz/msg
[5.549s] -- Installing: /workspace/ros2_ws/install/interfaz/include/interfaz/interfaz/msg/rosidl_typesupport_fastrtps_cpp__visibility_control.h
[5.549s] -- Up-to-date: /workspace/ros2_ws/install/interfaz/include/interfaz/interfaz/msg/detail
[5.549s] -- Installing: /workspace/ros2_ws/install/interfaz/include/interfaz/interfaz/msg/detail/dds_fastrtps
[5.549s] -- Installing: /workspace/ros2_ws/install/interfaz/include/interfaz/interfaz/msg/detail/mi_mensaje__rosidl_typesupport_fastrtps_cpp.hpp
[5.549s] -- Installing: /workspace/ros2_ws/install/interfaz/lib/libinterfaz__rosidl_typesupport_fastrtps_cpp.so
[5.549s] -- Set runtime path of "/workspace/ros2_ws/install/interfaz/lib/libinterfaz__rosidl_typesupport_fastrtps_cpp.so" to ""
[5.550s] -- Up-to-date: /workspace/ros2_ws/install/interfaz/include/interfaz/interfaz
[5.550s] -- Up-to-date: /workspace/ros2_ws/install/interfaz/include/interfaz/interfaz/msg
[5.550s] -- Up-to-date: /workspace/ros2_ws/install/interfaz/include/interfaz/interfaz/msg/detail
[5.550s] -- Installing: /workspace/ros2_ws/install/interfaz/include/interfaz/interfaz/msg/detail/mi_mensaje__rosidl_typesupport_introspection_c.h
[5.550s] -- Installing: /workspace/ros2_ws/install/interfaz/include/interfaz/interfaz/msg/detail/mi_mensaje__type_support.c
[5.550s] -- Installing: /workspace/ros2_ws/install/interfaz/include/interfaz/interfaz/msg/rosidl_typesupport_introspection_c__visibility_control.h
[5.550s] -- Installing: /workspace/ros2_ws/install/interfaz/lib/libinterfaz__rosidl_typesupport_introspection_c.so
[5.551s] -- Set runtime path of "/workspace/ros2_ws/install/interfaz/lib/libinterfaz__rosidl_typesupport_introspection_c.so" to ""
[5.551s] -- Installing: /workspace/ros2_ws/install/interfaz/lib/libinterfaz__rosidl_typesupport_c.so
[5.551s] -- Set runtime path of "/workspace/ros2_ws/install/interfaz/lib/libinterfaz__rosidl_typesupport_c.so" to ""
[5.551s] -- Up-to-date: /workspace/ros2_ws/install/interfaz/include/interfaz/interfaz
[5.551s] -- Up-to-date: /workspace/ros2_ws/install/interfaz/include/interfaz/interfaz/msg
[5.551s] -- Up-to-date: /workspace/ros2_ws/install/interfaz/include/interfaz/interfaz/msg/detail
[5.552s] -- Installing: /workspace/ros2_ws/install/interfaz/include/interfaz/interfaz/msg/detail/mi_mensaje__rosidl_typesupport_introspection_cpp.hpp
[5.552s] -- Installing: /workspace/ros2_ws/install/interfaz/include/interfaz/interfaz/msg/detail/mi_mensaje__type_support.cpp
[5.552s] -- Installing: /workspace/ros2_ws/install/interfaz/lib/libinterfaz__rosidl_typesupport_introspection_cpp.so
[5.552s] -- Set runtime path of "/workspace/ros2_ws/install/interfaz/lib/libinterfaz__rosidl_typesupport_introspection_cpp.so" to ""
[5.552s] -- Installing: /workspace/ros2_ws/install/interfaz/lib/libinterfaz__rosidl_typesupport_cpp.so
[5.552s] -- Set runtime path of "/workspace/ros2_ws/install/interfaz/lib/libinterfaz__rosidl_typesupport_cpp.so" to ""
[5.552s] -- Installing: /workspace/ros2_ws/install/interfaz/share/interfaz/environment/pythonpath.sh
[5.552s] -- Installing: /workspace/ros2_ws/install/interfaz/share/interfaz/environment/pythonpath.dsv
[5.553s] -- Installing: /workspace/ros2_ws/install/interfaz/local/lib/python3.10/dist-packages/interfaz-0.0.0-py3.10.egg-info
[5.553s] -- Installing: /workspace/ros2_ws/install/interfaz/local/lib/python3.10/dist-packages/interfaz-0.0.0-py3.10.egg-info/PKG-INFO
[5.553s] -- Installing: /workspace/ros2_ws/install/interfaz/local/lib/python3.10/dist-packages/interfaz-0.0.0-py3.10.egg-info/dependency_links.txt
[5.553s] -- Installing: /workspace/ros2_ws/install/interfaz/local/lib/python3.10/dist-packages/interfaz-0.0.0-py3.10.egg-info/SOURCES.txt
[5.553s] -- Installing: /workspace/ros2_ws/install/interfaz/local/lib/python3.10/dist-packages/interfaz-0.0.0-py3.10.egg-info/top_level.txt
[5.553s] -- Installing: /workspace/ros2_ws/install/interfaz/local/lib/python3.10/dist-packages/interfaz
[5.553s] -- Installing: /workspace/ros2_ws/install/interfaz/local/lib/python3.10/dist-packages/interfaz/_interfaz_s.ep.rosidl_typesupport_introspection_c.c
[5.554s] -- Installing: /workspace/ros2_ws/install/interfaz/local/lib/python3.10/dist-packages/interfaz/_interfaz_s.ep.rosidl_typesupport_fastrtps_c.c
[5.554s] -- Installing: /workspace/ros2_ws/install/interfaz/local/lib/python3.10/dist-packages/interfaz/libinterfaz__rosidl_generator_py.so
[5.554s] -- Installing: /workspace/ros2_ws/install/interfaz/local/lib/python3.10/dist-packages/interfaz/__init__.py
[5.554s] -- Installing: /workspace/ros2_ws/install/interfaz/local/lib/python3.10/dist-packages/interfaz/_interfaz_s.ep.rosidl_typesupport_c.c
[5.554s] -- Installing: /workspace/ros2_ws/install/interfaz/local/lib/python3.10/dist-packages/interfaz/interfaz_s__rosidl_typesupport_introspection_c.cpython-310-x86_64-linux-gnu.so
[5.554s] -- Installing: /workspace/ros2_ws/install/interfaz/local/lib/python3.10/dist-packages/interfaz/interfaz_s__rosidl_typesupport_c.cpython-310-x86_64-linux-gnu.so
[5.554s] -- Installing: /workspace/ros2_ws/install/interfaz/local/lib/python3.10/dist-packages/interfaz/interfaz_s__rosidl_typesupport_fastrtps_c.cpython-310-x86_64-linux-gnu.so
[5.554s] -- Installing: /workspace/ros2_ws/install/interfaz/local/lib/python3.10/dist-packages/interfaz/msg
[5.555s] -- Installing: /workspace/ros2_ws/install/interfaz/local/lib/python3.10/dist-packages/interfaz/msg/_mi_mensaje_s.c
[5.555s] -- Installing: /workspace/ros2_ws/install/interfaz/local/lib/python3.10/dist-packages/interfaz/msg/__init__.py
[5.555s] -- Installing: /workspace/ros2_ws/install/interfaz/local/lib/python3.10/dist-packages/interfaz/msg/_mi_mensaje.py
[5.604s] Listing '/workspace/ros2_ws/install/interfaz/local/lib/python3.10/dist-packages/interfaz'...
[5.604s] Compiling '/workspace/ros2_ws/install/interfaz/local/lib/python3.10/dist-packages/interfaz/__init__.py'...
[5.604s] Listing '/workspace/ros2_ws/install/interfaz/local/lib/python3.10/dist-packages/interfaz/msg'...
[5.604s] Compiling '/workspace/ros2_ws/install/interfaz/local/lib/python3.10/dist-packages/interfaz/msg/__init__.py'...
[5.605s] Compiling '/workspace/ros2_ws/install/interfaz/local/lib/python3.10/dist-packages/interfaz/msg/_mi_mensaje.py'...
[5.612s] -- Installing: /workspace/ros2_ws/install/interfaz/local/lib/python3.10/dist-packages/interfaz/interfaz_s__rosidl_typesupport_fastrtps_c.cpython-310-x86_64-linux-gnu.so
[5.613s] -- Set runtime path of "/workspace/ros2_ws/install/interfaz/local/lib/python3.10/dist-packages/interfaz/interfaz_s__rosidl_typesupport_fastrtps_c.cpython-310-x86_64-linux-gnu.so" to ""
[5.613s] -- Installing: /workspace/ros2_ws/install/interfaz/local/lib/python3.10/dist-packages/interfaz/interfaz_s__rosidl_typesupport_introspection_c.cpython-310-x86_64-linux-gnu.so
[5.613s] -- Set runtime path of "/workspace/ros2_ws/install/interfaz/local/lib/python3.10/dist-packages/interfaz/interfaz_s__rosidl_typesupport_introspection_c.cpython-310-x86_64-linux-gnu.so" to ""
[5.614s] -- Installing: /workspace/ros2_ws/install/interfaz/local/lib/python3.10/dist-packages/interfaz/interfaz_s__rosidl_typesupport_c.cpython-310-x86_64-linux-gnu.so
[5.614s] -- Set runtime path of "/workspace/ros2_ws/install/interfaz/local/lib/python3.10/dist-packages/interfaz/interfaz_s__rosidl_typesupport_c.cpython-310-x86_64-linux-gnu.so" to ""
[5.614s] -- Installing: /workspace/ros2_ws/install/interfaz/lib/libinterfaz__rosidl_generator_py.so
[5.615s] -- Set runtime path of "/workspace/ros2_ws/install/interfaz/lib/libinterfaz__rosidl_generator_py.so" to ""
[5.615s] -- Installing: /workspace/ros2_ws/install/interfaz/share/interfaz/msg/MiMensaje.idl
[5.615s] -- Installing: /workspace/ros2_ws/install/interfaz/share/interfaz/msg/MiMensaje.msg
[5.615s] -- Installing: /workspace/ros2_ws/install/interfaz/share/ament_index/resource_index/package_run_dependencies/interfaz
[5.616s] -- Installing: /workspace/ros2_ws/install/interfaz/share/ament_index/resource_index/parent_prefix_path/interfaz
[5.616s] -- Installing: /workspace/ros2_ws/install/interfaz/share/interfaz/environment/ament_prefix_path.sh
[5.616s] -- Installing: /workspace/ros2_ws/install/interfaz/share/interfaz/environment/ament_prefix_path.dsv
[5.617s] -- Installing: /workspace/ros2_ws/install/interfaz/share/interfaz/environment/path.sh
[5.617s] -- Installing: /workspace/ros2_ws/install/interfaz/share/interfaz/environment/path.dsv
[5.617s] -- Installing: /workspace/ros2_ws/install/interfaz/share/interfaz/local_setup.bash
[5.617s] -- Installing: /workspace/ros2_ws/install/interfaz/share/interfaz/local_setup.sh
[5.617s] -- Installing: /workspace/ros2_ws/install/interfaz/share/interfaz/local_setup.zsh
[5.618s] -- Installing: /workspace/ros2_ws/install/interfaz/share/interfaz/local_setup.dsv
[5.618s] -- Installing: /workspace/ros2_ws/install/interfaz/share/interfaz/package.dsv
[5.618s] -- Installing: /workspace/ros2_ws/install/interfaz/share/ament_index/resource_index/packages/interfaz
[5.618s] -- Installing: /workspace/ros2_ws/install/interfaz/share/interfaz/cmake/export_interfaz__rosidl_generator_cExport.cmake
[5.619s] -- Installing: /workspace/ros2_ws/install/interfaz/share/interfaz/cmake/export_interfaz__rosidl_generator_cExport-noconfig.cmake
[5.619s] -- Installing: /workspace/ros2_ws/install/interfaz/share/interfaz/cmake/export_interfaz__rosidl_typesupport_fastrtps_cExport.cmake
[5.619s] -- Installing: /workspace/ros2_ws/install/interfaz/share/interfaz/cmake/export_interfaz__rosidl_typesupport_fastrtps_cExport-noconfig.cmake
[5.619s] -- Installing: /workspace/ros2_ws/install/interfaz/share/interfaz/cmake/export_interfaz__rosidl_generator_cppExport.cmake
[5.620s] -- Installing: /workspace/ros2_ws/install/interfaz/share/interfaz/cmake/export_interfaz__rosidl_typesupport_fastrtps_cppExport.cmake
[5.620s] -- Installing: /workspace/ros2_ws/install/interfaz/share/interfaz/cmake/export_interfaz__rosidl_typesupport_fastrtps_cppExport-noconfig.cmake
[5.620s] -- Installing: /workspace/ros2_ws/install/interfaz/share/interfaz/cmake/interfaz__rosidl_typesupport_introspection_cExport.cmake
[5.620s] -- Installing: /workspace/ros2_ws/install/interfaz/share/interfaz/cmake/interfaz__rosidl_typesupport_introspection_cExport-noconfig.cmake
[5.621s] -- Installing: /workspace/ros2_ws/install/interfaz/share/interfaz/cmake/interfaz__rosidl_typesupport_cExport.cmake
[5.621s] -- Installing: /workspace/ros2_ws/install/interfaz/share/interfaz/cmake/interfaz__rosidl_typesupport_cExport-noconfig.cmake
[5.621s] -- Installing: /workspace/ros2_ws/install/interfaz/share/interfaz/cmake/interfaz__rosidl_typesupport_introspection_cppExport.cmake
[5.621s] -- Installing: /workspace/ros2_ws/install/interfaz/share/interfaz/cmake/interfaz__rosidl_typesupport_introspection_cppExport-noconfig.cmake
[5.621s] -- Installing: /workspace/ros2_ws/install/interfaz/share/interfaz/cmake/interfaz__rosidl_typesupport_cppExport.cmake
[5.622s] -- Installing: /workspace/ros2_ws/install/interfaz/share/interfaz/cmake/interfaz__rosidl_typesupport_cppExport-noconfig.cmake
[5.622s] -- Installing: /workspace/ros2_ws/install/interfaz/share/interfaz/cmake/export_interfaz__rosidl_generator_pyExport.cmake
[5.622s] -- Installing: /workspace/ros2_ws/install/interfaz/share/interfaz/cmake/export_interfaz__rosidl_generator_pyExport-noconfig.cmake
[5.622s] -- Installing: /workspace/ros2_ws/install/interfaz/share/interfaz/cmake/rosidl_cmake-extras.cmake
[5.623s] -- Installing: /workspace/ros2_ws/install/interfaz/share/interfaz/cmake/ament_cmake_export_dependencies-extras.cmake
[5.623s] -- Installing: /workspace/ros2_ws/install/interfaz/share/interfaz/cmake/ament_cmake_export_include_directories-extras.cmake
[5.623s] -- Installing: /workspace/ros2_ws/install/interfaz/share/interfaz/cmake/ament_cmake_export_libraries-extras.cmake
[5.623s] -- Installing: /workspace/ros2_ws/install/interfaz/share/interfaz/cmake/ament_cmake_export_targets-extras.cmake
[5.624s] -- Installing: /workspace/ros2_ws/install/interfaz/share/interfaz/cmake/rosidl_cmake_export_typesupport_targets-extras.cmake
[5.624s] -- Installing: /workspace/ros2_ws/install/interfaz/share/interfaz/cmake/rosidl_cmake_export_typesupport_libraries-extras.cmake
[5.624s] -- Installing: /workspace/ros2_ws/install/interfaz/share/interfaz/cmake/interfazConfig.cmake
[5.624s] -- Installing: /workspace/ros2_ws/install/interfaz/share/interfaz/cmake/interfazConfig-version.cmake
[5.625s] -- Installing: /workspace/ros2_ws/install/interfaz/share/interfaz/package.xml
[5.628s] Invoked command in '/workspace/ros2_ws/build/interfaz' returned '0': CMAKE_PREFIX_PATH=${CMAKE_PREFIX_PATH}:/workspace/ros2_ws/install/servicio_suma:/opt/ros/humble /usr/bin/cmake --install /workspace/ros2_ws/build/interfaz
