[0.028s] Invoking command in '/workspace/ros2_ws/build/interfaz': CMAKE_PREFIX_PATH=${CMAKE_PREFIX_PATH}:/workspace/ros2_ws/install/servicio_suma:/workspace/ros2_ws/install/primer_paquete:/workspace/ros2_ws/install/p2pkg:/workspace/ros2_ws/install/mi_accion:/opt/ros/humble /usr/bin/cmake /workspace/ros2_ws/src/interfaz -DCMAKE_INSTALL_PREFIX=/workspace/ros2_ws/install/interfaz
[0.352s] -- The C compiler identification is GNU 11.4.0
[0.353s] -- The CXX compiler identification is GNU 11.4.0
[0.354s] -- Detecting C compiler ABI info
[0.354s] -- Detecting C compiler ABI info - done
[0.354s] -- Check for working C compiler: /usr/bin/cc - skipped
[0.354s] -- Detecting C compile features
[0.354s] -- Detecting C compile features - done
[0.354s] -- Detecting CXX compiler ABI info
[0.364s] -- Detecting CXX compiler ABI info - done
[0.373s] -- Check for working CXX compiler: /usr/bin/c++ - skipped
[0.374s] -- Detecting CXX compile features
[0.374s] -- Detecting CXX compile features - done
[0.384s] -- Found ament_cmake: 1.3.12 (/opt/ros/humble/share/ament_cmake/cmake)
[0.552s] -- Found Python3: /usr/bin/python3 (found version "3.10.12") found components: Interpreter 
[0.679s] -- Found ament_lint_auto: 0.12.14 (/opt/ros/humble/share/ament_lint_auto/cmake)
[0.803s] -- Found std_msgs: 4.9.0 (/opt/ros/humble/share/std_msgs/cmake)
[0.855s] -- Found rosidl_generator_c: 3.1.8 (/opt/ros/humble/share/rosidl_generator_c/cmake)
[0.863s] -- Found rosidl_adapter: 3.1.8 (/opt/ros/humble/share/rosidl_adapter/cmake)
[0.874s] -- Found rosidl_generator_cpp: 3.1.8 (/opt/ros/humble/share/rosidl_generator_cpp/cmake)
[0.891s] -- Using all available rosidl_typesupport_c: rosidl_typesupport_fastrtps_c;rosidl_typesupport_introspection_c
[0.926s] -- Using all available rosidl_typesupport_cpp: rosidl_typesupport_fastrtps_cpp;rosidl_typesupport_introspection_cpp
[0.961s] -- Found rosidl_default_generators: 1.2.0 (/opt/ros/humble/share/rosidl_default_generators/cmake)
[0.973s] -- Found geometry_msgs: 4.9.0 (/opt/ros/humble/share/geometry_msgs/cmake)
[1.316s] -- Found ament_cmake_ros: 0.10.0 (/opt/ros/humble/share/ament_cmake_ros/cmake)
[1.867s] -- Using all available rosidl_typesupport_c: rosidl_typesupport_fastrtps_c;rosidl_typesupport_introspection_c
[2.036s] -- Using all available rosidl_typesupport_cpp: rosidl_typesupport_fastrtps_cpp;rosidl_typesupport_introspection_cpp
[2.072s] -- Found PythonInterp: /usr/bin/python3 (found suitable version "3.10.12", minimum required is "3.6") 
[2.075s] -- Found python_cmake_module: 0.10.0 (/opt/ros/humble/share/python_cmake_module/cmake)
[2.103s] -- Found PythonLibs: /usr/lib/x86_64-linux-gnu/libpython3.10.so (found suitable version "3.10.12", minimum required is "3.5") 
[2.103s] -- Using PYTHON_EXECUTABLE: /usr/bin/python3
[2.103s] -- Using PYTHON_INCLUDE_DIRS: /usr/include/python3.10
[2.103s] -- Using PYTHON_LIBRARIES: /usr/lib/x86_64-linux-gnu/libpython3.10.so
[2.125s] -- Found PythonExtra: .so  
[2.195s] -- Added test 'lint_cmake' to check CMake code style
[2.196s] -- Added test 'xmllint' to check XML markup files
[2.201s] -- Configuring done
[2.242s] -- Generating done
[2.256s] -- Build files have been written to: /workspace/ros2_ws/build/interfaz
[2.264s] Invoked command in '/workspace/ros2_ws/build/interfaz' returned '0': CMAKE_PREFIX_PATH=${CMAKE_PREFIX_PATH}:/workspace/ros2_ws/install/servicio_suma:/workspace/ros2_ws/install/primer_paquete:/workspace/ros2_ws/install/p2pkg:/workspace/ros2_ws/install/mi_accion:/opt/ros/humble /usr/bin/cmake /workspace/ros2_ws/src/interfaz -DCMAKE_INSTALL_PREFIX=/workspace/ros2_ws/install/interfaz
[2.265s] Invoking command in '/workspace/ros2_ws/build/interfaz': CMAKE_PREFIX_PATH=${CMAKE_PREFIX_PATH}:/workspace/ros2_ws/install/servicio_suma:/workspace/ros2_ws/install/primer_paquete:/workspace/ros2_ws/install/p2pkg:/workspace/ros2_ws/install/mi_accion:/opt/ros/humble /usr/bin/cmake --build /workspace/ros2_ws/build/interfaz -- -j8 -l8
[2.306s] [  1%] [34m[1mGenerating C code for ROS interfaces[0m
[2.316s] [  3%] [34m[1mGenerating C++ code for ROS interfaces[0m
[2.324s] [  3%] Built target ament_cmake_python_copy_interfaz
[2.641s] running egg_info
[2.642s] creating interfaz.egg-info
[2.643s] writing interfaz.egg-info/PKG-INFO
[2.643s] writing dependency_links to interfaz.egg-info/dependency_links.txt
[2.644s] writing top-level names to interfaz.egg-info/top_level.txt
[2.644s] writing manifest file 'interfaz.egg-info/SOURCES.txt'
[2.648s] reading manifest file 'interfaz.egg-info/SOURCES.txt'
[2.648s] writing manifest file 'interfaz.egg-info/SOURCES.txt'
[2.700s] [  3%] Built target ament_cmake_python_build_interfaz_egg
[3.351s] [  5%] [32mBuilding C object CMakeFiles/interfaz__rosidl_generator_c.dir/rosidl_generator_c/interfaz/msg/detail/mi_mensaje__functions.c.o[0m
[3.354s] [  7%] [32mBuilding C object CMakeFiles/interfaz__rosidl_generator_c.dir/rosidl_generator_c/interfaz/action/detail/fibonacci__functions.c.o[0m
[3.354s] [  9%] [32mBuilding C object CMakeFiles/interfaz__rosidl_generator_c.dir/rosidl_generator_c/interfaz/action/detail/ej_fibonacci__functions.c.o[0m
[3.354s] [ 10%] [32mBuilding C object CMakeFiles/interfaz__rosidl_generator_c.dir/rosidl_generator_c/interfaz/msg/detail/p2pkg_mensaje__functions.c.o[0m
[3.363s] [ 10%] Built target interfaz__cpp
[3.377s] [ 16%] [34m[1mGenerating C++ type support for eProsima Fast-RTPS[0m
[3.378s] [ 16%] [34m[1mGenerating C++ introspection for ROS interfaces[0m
[3.378s] [ 16%] [34m[1mGenerating C++ type support dispatch for ROS interfaces[0m
[3.548s] [ 18%] [32m[1mLinking C shared library libinterfaz__rosidl_generator_c.so[0m
[3.584s] [ 18%] Built target interfaz__rosidl_generator_c
[3.597s] [ 21%] [34m[1mGenerating C type support for eProsima Fast-RTPS[0m
[3.597s] [ 21%] [34m[1mGenerating C introspection for ROS interfaces[0m
[3.599s] [ 23%] [34m[1mGenerating C type support dispatch for ROS interfaces[0m
[3.884s] [ 27%] [32mBuilding CXX object CMakeFiles/interfaz__rosidl_typesupport_cpp.dir/rosidl_typesupport_cpp/interfaz/msg/mi_mensaje__type_support.cpp.o[0m
[3.885s] [ 29%] [32mBuilding CXX object CMakeFiles/interfaz__rosidl_typesupport_cpp.dir/rosidl_typesupport_cpp/interfaz/msg/p2pkg_mensaje__type_support.cpp.o[0m
[3.886s] [ 27%] [32mBuilding CXX object CMakeFiles/interfaz__rosidl_typesupport_cpp.dir/rosidl_typesupport_cpp/interfaz/action/fibonacci__type_support.cpp.o[0m
[4.296s] [ 30%] [32mBuilding CXX object CMakeFiles/interfaz__rosidl_typesupport_c.dir/rosidl_typesupport_c/interfaz/msg/mi_mensaje__type_support.cpp.o[0m
[4.305s] [ 32%] [32mBuilding CXX object CMakeFiles/interfaz__rosidl_typesupport_cpp.dir/rosidl_typesupport_cpp/interfaz/action/ej_fibonacci__type_support.cpp.o[0m
[4.311s] [ 34%] [32mBuilding CXX object CMakeFiles/interfaz__rosidl_typesupport_c.dir/rosidl_typesupport_c/interfaz/msg/p2pkg_mensaje__type_support.cpp.o[0m
[4.335s] [ 36%] [32mBuilding CXX object CMakeFiles/interfaz__rosidl_typesupport_introspection_cpp.dir/rosidl_typesupport_introspection_cpp/interfaz/msg/detail/mi_mensaje__type_support.cpp.o[0m
[4.345s] [ 38%] [32mBuilding CXX object CMakeFiles/interfaz__rosidl_typesupport_c.dir/rosidl_typesupport_c/interfaz/action/fibonacci__type_support.cpp.o[0m
[4.355s] [ 40%] [32mBuilding CXX object CMakeFiles/interfaz__rosidl_typesupport_introspection_cpp.dir/rosidl_typesupport_introspection_cpp/interfaz/msg/detail/p2pkg_mensaje__type_support.cpp.o[0m
[4.420s] [ 41%] [32mBuilding CXX object CMakeFiles/interfaz__rosidl_typesupport_c.dir/rosidl_typesupport_c/interfaz/action/ej_fibonacci__type_support.cpp.o[0m
[4.496s] [ 43%] [32m[1mLinking CXX shared library libinterfaz__rosidl_typesupport_c.so[0m
[4.564s] [ 43%] Built target interfaz__rosidl_typesupport_c
[4.576s] [ 45%] [32mBuilding CXX object CMakeFiles/interfaz__rosidl_typesupport_introspection_cpp.dir/rosidl_typesupport_introspection_cpp/interfaz/action/detail/fibonacci__type_support.cpp.o[0m
[4.618s] [ 47%] [32mBuilding CXX object CMakeFiles/interfaz__rosidl_typesupport_introspection_cpp.dir/rosidl_typesupport_introspection_cpp/interfaz/action/detail/ej_fibonacci__type_support.cpp.o[0m
[4.638s] [ 49%] [32mBuilding CXX object CMakeFiles/interfaz__rosidl_typesupport_fastrtps_cpp.dir/rosidl_typesupport_fastrtps_cpp/interfaz/msg/detail/dds_fastrtps/mi_mensaje__type_support.cpp.o[0m
[4.779s] [ 50%] [32mBuilding C object CMakeFiles/interfaz__rosidl_typesupport_introspection_c.dir/rosidl_typesupport_introspection_c/interfaz/msg/detail/mi_mensaje__type_support.c.o[0m
[4.846s] [ 52%] [32mBuilding C object CMakeFiles/interfaz__rosidl_typesupport_introspection_c.dir/rosidl_typesupport_introspection_c/interfaz/msg/detail/p2pkg_mensaje__type_support.c.o[0m
[4.930s] [ 54%] [32mBuilding C object CMakeFiles/interfaz__rosidl_typesupport_introspection_c.dir/rosidl_typesupport_introspection_c/interfaz/action/detail/fibonacci__type_support.c.o[0m
[4.968s] [ 56%] [32mBuilding C object CMakeFiles/interfaz__rosidl_typesupport_introspection_c.dir/rosidl_typesupport_introspection_c/interfaz/action/detail/ej_fibonacci__type_support.c.o[0m
[5.026s] [ 58%] [32mBuilding CXX object CMakeFiles/interfaz__rosidl_typesupport_fastrtps_cpp.dir/rosidl_typesupport_fastrtps_cpp/interfaz/msg/detail/dds_fastrtps/p2pkg_mensaje__type_support.cpp.o[0m
[5.042s] [ 60%] [32mBuilding CXX object CMakeFiles/interfaz__rosidl_typesupport_fastrtps_cpp.dir/rosidl_typesupport_fastrtps_cpp/interfaz/action/detail/dds_fastrtps/fibonacci__type_support.cpp.o[0m
[5.060s] [ 61%] [32mBuilding CXX object CMakeFiles/interfaz__rosidl_typesupport_fastrtps_c.dir/rosidl_typesupport_fastrtps_c/interfaz/msg/detail/mi_mensaje__type_support_c.cpp.o[0m
[5.086s] [ 63%] [32m[1mLinking C shared library libinterfaz__rosidl_typesupport_introspection_c.so[0m
[5.099s] [ 65%] [32m[1mLinking CXX shared library libinterfaz__rosidl_typesupport_cpp.so[0m
[5.152s] [ 65%] Built target interfaz__rosidl_typesupport_introspection_c
[5.180s] [ 67%] [32mBuilding CXX object CMakeFiles/interfaz__rosidl_typesupport_fastrtps_cpp.dir/rosidl_typesupport_fastrtps_cpp/interfaz/action/detail/dds_fastrtps/ej_fibonacci__type_support.cpp.o[0m
[5.226s] [ 67%] Built target interfaz__rosidl_typesupport_cpp
[5.254s] [ 69%] [32mBuilding CXX object CMakeFiles/interfaz__rosidl_typesupport_fastrtps_c.dir/rosidl_typesupport_fastrtps_c/interfaz/msg/detail/p2pkg_mensaje__type_support_c.cpp.o[0m
[5.329s] [ 70%] [32mBuilding CXX object CMakeFiles/interfaz__rosidl_typesupport_fastrtps_c.dir/rosidl_typesupport_fastrtps_c/interfaz/action/detail/fibonacci__type_support_c.cpp.o[0m
[5.688s] [ 72%] [32mBuilding CXX object CMakeFiles/interfaz__rosidl_typesupport_fastrtps_c.dir/rosidl_typesupport_fastrtps_c/interfaz/action/detail/ej_fibonacci__type_support_c.cpp.o[0m
[5.832s] [ 74%] [32m[1mLinking CXX shared library libinterfaz__rosidl_typesupport_introspection_cpp.so[0m
[5.974s] [ 74%] Built target interfaz__rosidl_typesupport_introspection_cpp
[6.235s] [ 76%] [32m[1mLinking CXX shared library libinterfaz__rosidl_typesupport_fastrtps_cpp.so[0m
[6.284s] [ 78%] [32m[1mLinking CXX shared library libinterfaz__rosidl_typesupport_fastrtps_c.so[0m
[6.312s] [ 78%] Built target interfaz__rosidl_typesupport_fastrtps_cpp
[6.357s] [ 78%] Built target interfaz__rosidl_typesupport_fastrtps_c
[6.376s] [ 78%] Built target interfaz
[6.394s] [ 80%] [34m[1mGenerating Python code for ROS interfaces[0m
[7.602s] [ 80%] Built target interfaz__py
[7.620s] [ 87%] [32mBuilding C object CMakeFiles/interfaz__rosidl_generator_py.dir/rosidl_generator_py/interfaz/action/_fibonacci_s.c.o[0m
[7.620s] [ 87%] [32mBuilding C object CMakeFiles/interfaz__rosidl_generator_py.dir/rosidl_generator_py/interfaz/msg/_mi_mensaje_s.c.o[0m
[7.621s] [ 87%] [32mBuilding C object CMakeFiles/interfaz__rosidl_generator_py.dir/rosidl_generator_py/interfaz/msg/_p2pkg_mensaje_s.c.o[0m
[7.621s] [ 87%] [32mBuilding C object CMakeFiles/interfaz__rosidl_generator_py.dir/rosidl_generator_py/interfaz/action/_ej_fibonacci_s.c.o[0m
[7.760s] [ 89%] [32m[1mLinking C shared library rosidl_generator_py/interfaz/libinterfaz__rosidl_generator_py.so[0m
[7.801s] [ 89%] Built target interfaz__rosidl_generator_py
[7.820s] [ 94%] [32mBuilding C object CMakeFiles/interfaz__rosidl_typesupport_introspection_c__pyext.dir/rosidl_generator_py/interfaz/_interfaz_s.ep.rosidl_typesupport_introspection_c.c.o[0m
[7.820s] [ 94%] [32mBuilding C object CMakeFiles/interfaz__rosidl_typesupport_fastrtps_c__pyext.dir/rosidl_generator_py/interfaz/_interfaz_s.ep.rosidl_typesupport_fastrtps_c.c.o[0m
[7.820s] [ 94%] [32mBuilding C object CMakeFiles/interfaz__rosidl_typesupport_c__pyext.dir/rosidl_generator_py/interfaz/_interfaz_s.ep.rosidl_typesupport_c.c.o[0m
[7.963s] [100%] [32m[1mLinking C shared library rosidl_generator_py/interfaz/interfaz_s__rosidl_typesupport_fastrtps_c.cpython-310-x86_64-linux-gnu.so[0m
[7.964s] [100%] [32m[1mLinking C shared library rosidl_generator_py/interfaz/interfaz_s__rosidl_typesupport_c.cpython-310-x86_64-linux-gnu.so[0m
[7.964s] [100%] [32m[1mLinking C shared library rosidl_generator_py/interfaz/interfaz_s__rosidl_typesupport_introspection_c.cpython-310-x86_64-linux-gnu.so[0m
[8.006s] [100%] Built target interfaz__rosidl_typesupport_c__pyext
[8.006s] [100%] Built target interfaz__rosidl_typesupport_fastrtps_c__pyext
[8.006s] [100%] Built target interfaz__rosidl_typesupport_introspection_c__pyext
[8.016s] Invoked command in '/workspace/ros2_ws/build/interfaz' returned '0': CMAKE_PREFIX_PATH=${CMAKE_PREFIX_PATH}:/workspace/ros2_ws/install/servicio_suma:/workspace/ros2_ws/install/primer_paquete:/workspace/ros2_ws/install/p2pkg:/workspace/ros2_ws/install/mi_accion:/opt/ros/humble /usr/bin/cmake --build /workspace/ros2_ws/build/interfaz -- -j8 -l8
[8.017s] Invoking command in '/workspace/ros2_ws/build/interfaz': CMAKE_PREFIX_PATH=${CMAKE_PREFIX_PATH}:/workspace/ros2_ws/install/servicio_suma:/workspace/ros2_ws/install/primer_paquete:/workspace/ros2_ws/install/p2pkg:/workspace/ros2_ws/install/mi_accion:/opt/ros/humble /usr/bin/cmake --install /workspace/ros2_ws/build/interfaz
[8.024s] -- Install configuration: ""
[8.024s] -- Installing: /workspace/ros2_ws/install/interfaz/share/ament_index/resource_index/rosidl_interfaces/interfaz
[8.024s] -- Installing: /workspace/ros2_ws/install/interfaz/include/interfaz/interfaz
[8.024s] -- Installing: /workspace/ros2_ws/install/interfaz/include/interfaz/interfaz/msg
[8.025s] -- Installing: /workspace/ros2_ws/install/interfaz/include/interfaz/interfaz/msg/detail
[8.025s] -- Installing: /workspace/ros2_ws/install/interfaz/include/interfaz/interfaz/msg/detail/p2pkg_mensaje__functions.c
[8.025s] -- Installing: /workspace/ros2_ws/install/interfaz/include/interfaz/interfaz/msg/detail/p2pkg_mensaje__struct.h
[8.025s] -- Installing: /workspace/ros2_ws/install/interfaz/include/interfaz/interfaz/msg/detail/p2pkg_mensaje__type_support.h
[8.025s] -- Installing: /workspace/ros2_ws/install/interfaz/include/interfaz/interfaz/msg/detail/mi_mensaje__functions.h
[8.025s] -- Installing: /workspace/ros2_ws/install/interfaz/include/interfaz/interfaz/msg/detail/mi_mensaje__type_support.h
[8.025s] -- Installing: /workspace/ros2_ws/install/interfaz/include/interfaz/interfaz/msg/detail/mi_mensaje__functions.c
[8.025s] -- Installing: /workspace/ros2_ws/install/interfaz/include/interfaz/interfaz/msg/detail/p2pkg_mensaje__functions.h
[8.025s] -- Installing: /workspace/ros2_ws/install/interfaz/include/interfaz/interfaz/msg/detail/mi_mensaje__struct.h
[8.025s] -- Installing: /workspace/ros2_ws/install/interfaz/include/interfaz/interfaz/msg/rosidl_generator_c__visibility_control.h
[8.026s] -- Installing: /workspace/ros2_ws/install/interfaz/include/interfaz/interfaz/msg/mi_mensaje.h
[8.026s] -- Installing: /workspace/ros2_ws/install/interfaz/include/interfaz/interfaz/msg/p2pkg_mensaje.h
[8.026s] -- Installing: /workspace/ros2_ws/install/interfaz/include/interfaz/interfaz/action
[8.026s] -- Installing: /workspace/ros2_ws/install/interfaz/include/interfaz/interfaz/action/detail
[8.026s] -- Installing: /workspace/ros2_ws/install/interfaz/include/interfaz/interfaz/action/detail/ej_fibonacci__functions.c
[8.026s] -- Installing: /workspace/ros2_ws/install/interfaz/include/interfaz/interfaz/action/detail/fibonacci__functions.h
[8.026s] -- Installing: /workspace/ros2_ws/install/interfaz/include/interfaz/interfaz/action/detail/fibonacci__struct.h
[8.026s] -- Installing: /workspace/ros2_ws/install/interfaz/include/interfaz/interfaz/action/detail/ej_fibonacci__struct.h
[8.026s] -- Installing: /workspace/ros2_ws/install/interfaz/include/interfaz/interfaz/action/detail/ej_fibonacci__type_support.h
[8.026s] -- Installing: /workspace/ros2_ws/install/interfaz/include/interfaz/interfaz/action/detail/fibonacci__type_support.h
[8.027s] -- Installing: /workspace/ros2_ws/install/interfaz/include/interfaz/interfaz/action/detail/ej_fibonacci__functions.h
[8.027s] -- Installing: /workspace/ros2_ws/install/interfaz/include/interfaz/interfaz/action/detail/fibonacci__functions.c
[8.027s] -- Installing: /workspace/ros2_ws/install/interfaz/include/interfaz/interfaz/action/ej_fibonacci.h
[8.027s] -- Installing: /workspace/ros2_ws/install/interfaz/include/interfaz/interfaz/action/fibonacci.h
[8.027s] -- Installing: /workspace/ros2_ws/install/interfaz/share/interfaz/environment/library_path.sh
[8.027s] -- Installing: /workspace/ros2_ws/install/interfaz/share/interfaz/environment/library_path.dsv
[8.027s] -- Installing: /workspace/ros2_ws/install/interfaz/lib/libinterfaz__rosidl_generator_c.so
[8.028s] -- Set runtime path of "/workspace/ros2_ws/install/interfaz/lib/libinterfaz__rosidl_generator_c.so" to ""
[8.028s] -- Up-to-date: /workspace/ros2_ws/install/interfaz/include/interfaz/interfaz
[8.028s] -- Up-to-date: /workspace/ros2_ws/install/interfaz/include/interfaz/interfaz/msg
[8.028s] -- Installing: /workspace/ros2_ws/install/interfaz/include/interfaz/interfaz/msg/rosidl_typesupport_fastrtps_c__visibility_control.h
[8.028s] -- Up-to-date: /workspace/ros2_ws/install/interfaz/include/interfaz/interfaz/msg/detail
[8.028s] -- Installing: /workspace/ros2_ws/install/interfaz/include/interfaz/interfaz/msg/detail/p2pkg_mensaje__rosidl_typesupport_fastrtps_c.h
[8.028s] -- Installing: /workspace/ros2_ws/install/interfaz/include/interfaz/interfaz/msg/detail/mi_mensaje__rosidl_typesupport_fastrtps_c.h
[8.028s] -- Up-to-date: /workspace/ros2_ws/install/interfaz/include/interfaz/interfaz/action
[8.028s] -- Up-to-date: /workspace/ros2_ws/install/interfaz/include/interfaz/interfaz/action/detail
[8.028s] -- Installing: /workspace/ros2_ws/install/interfaz/include/interfaz/interfaz/action/detail/ej_fibonacci__rosidl_typesupport_fastrtps_c.h
[8.029s] -- Installing: /workspace/ros2_ws/install/interfaz/include/interfaz/interfaz/action/detail/fibonacci__rosidl_typesupport_fastrtps_c.h
[8.029s] -- Installing: /workspace/ros2_ws/install/interfaz/lib/libinterfaz__rosidl_typesupport_fastrtps_c.so
[8.029s] -- Set runtime path of "/workspace/ros2_ws/install/interfaz/lib/libinterfaz__rosidl_typesupport_fastrtps_c.so" to ""
[8.029s] -- Up-to-date: /workspace/ros2_ws/install/interfaz/include/interfaz/interfaz
[8.029s] -- Up-to-date: /workspace/ros2_ws/install/interfaz/include/interfaz/interfaz/msg
[8.029s] -- Installing: /workspace/ros2_ws/install/interfaz/include/interfaz/interfaz/msg/mi_mensaje.hpp
[8.029s] -- Installing: /workspace/ros2_ws/install/interfaz/include/interfaz/interfaz/msg/p2pkg_mensaje.hpp
[8.029s] -- Up-to-date: /workspace/ros2_ws/install/interfaz/include/interfaz/interfaz/msg/detail
[8.029s] -- Installing: /workspace/ros2_ws/install/interfaz/include/interfaz/interfaz/msg/detail/p2pkg_mensaje__type_support.hpp
[8.030s] -- Installing: /workspace/ros2_ws/install/interfaz/include/interfaz/interfaz/msg/detail/p2pkg_mensaje__builder.hpp
[8.030s] -- Installing: /workspace/ros2_ws/install/interfaz/include/interfaz/interfaz/msg/detail/mi_mensaje__type_support.hpp
[8.030s] -- Installing: /workspace/ros2_ws/install/interfaz/include/interfaz/interfaz/msg/detail/p2pkg_mensaje__traits.hpp
[8.030s] -- Installing: /workspace/ros2_ws/install/interfaz/include/interfaz/interfaz/msg/detail/p2pkg_mensaje__struct.hpp
[8.030s] -- Installing: /workspace/ros2_ws/install/interfaz/include/interfaz/interfaz/msg/detail/mi_mensaje__struct.hpp
[8.030s] -- Installing: /workspace/ros2_ws/install/interfaz/include/interfaz/interfaz/msg/detail/mi_mensaje__builder.hpp
[8.030s] -- Installing: /workspace/ros2_ws/install/interfaz/include/interfaz/interfaz/msg/detail/mi_mensaje__traits.hpp
[8.030s] -- Installing: /workspace/ros2_ws/install/interfaz/include/interfaz/interfaz/msg/rosidl_generator_cpp__visibility_control.hpp
[8.030s] -- Up-to-date: /workspace/ros2_ws/install/interfaz/include/interfaz/interfaz/action
[8.030s] -- Installing: /workspace/ros2_ws/install/interfaz/include/interfaz/interfaz/action/fibonacci.hpp
[8.030s] -- Up-to-date: /workspace/ros2_ws/install/interfaz/include/interfaz/interfaz/action/detail
[8.031s] -- Installing: /workspace/ros2_ws/install/interfaz/include/interfaz/interfaz/action/detail/ej_fibonacci__builder.hpp
[8.031s] -- Installing: /workspace/ros2_ws/install/interfaz/include/interfaz/interfaz/action/detail/fibonacci__struct.hpp
[8.031s] -- Installing: /workspace/ros2_ws/install/interfaz/include/interfaz/interfaz/action/detail/fibonacci__traits.hpp
[8.031s] -- Installing: /workspace/ros2_ws/install/interfaz/include/interfaz/interfaz/action/detail/fibonacci__type_support.hpp
[8.031s] -- Installing: /workspace/ros2_ws/install/interfaz/include/interfaz/interfaz/action/detail/ej_fibonacci__traits.hpp
[8.031s] -- Installing: /workspace/ros2_ws/install/interfaz/include/interfaz/interfaz/action/detail/ej_fibonacci__type_support.hpp
[8.031s] -- Installing: /workspace/ros2_ws/install/interfaz/include/interfaz/interfaz/action/detail/ej_fibonacci__struct.hpp
[8.031s] -- Installing: /workspace/ros2_ws/install/interfaz/include/interfaz/interfaz/action/detail/fibonacci__builder.hpp
[8.031s] -- Installing: /workspace/ros2_ws/install/interfaz/include/interfaz/interfaz/action/ej_fibonacci.hpp
[8.032s] -- Up-to-date: /workspace/ros2_ws/install/interfaz/include/interfaz/interfaz
[8.032s] -- Up-to-date: /workspace/ros2_ws/install/interfaz/include/interfaz/interfaz/msg
[8.032s] -- Installing: /workspace/ros2_ws/install/interfaz/include/interfaz/interfaz/msg/rosidl_typesupport_fastrtps_cpp__visibility_control.h
[8.032s] -- Up-to-date: /workspace/ros2_ws/install/interfaz/include/interfaz/interfaz/msg/detail
[8.032s] -- Installing: /workspace/ros2_ws/install/interfaz/include/interfaz/interfaz/msg/detail/p2pkg_mensaje__rosidl_typesupport_fastrtps_cpp.hpp
[8.032s] -- Installing: /workspace/ros2_ws/install/interfaz/include/interfaz/interfaz/msg/detail/dds_fastrtps
[8.032s] -- Installing: /workspace/ros2_ws/install/interfaz/include/interfaz/interfaz/msg/detail/mi_mensaje__rosidl_typesupport_fastrtps_cpp.hpp
[8.032s] -- Up-to-date: /workspace/ros2_ws/install/interfaz/include/interfaz/interfaz/action
[8.032s] -- Up-to-date: /workspace/ros2_ws/install/interfaz/include/interfaz/interfaz/action/detail
[8.032s] -- Installing: /workspace/ros2_ws/install/interfaz/include/interfaz/interfaz/action/detail/fibonacci__rosidl_typesupport_fastrtps_cpp.hpp
[8.032s] -- Installing: /workspace/ros2_ws/install/interfaz/include/interfaz/interfaz/action/detail/ej_fibonacci__rosidl_typesupport_fastrtps_cpp.hpp
[8.032s] -- Installing: /workspace/ros2_ws/install/interfaz/include/interfaz/interfaz/action/detail/dds_fastrtps
[8.033s] -- Installing: /workspace/ros2_ws/install/interfaz/lib/libinterfaz__rosidl_typesupport_fastrtps_cpp.so
[8.033s] -- Set runtime path of "/workspace/ros2_ws/install/interfaz/lib/libinterfaz__rosidl_typesupport_fastrtps_cpp.so" to ""
[8.033s] -- Up-to-date: /workspace/ros2_ws/install/interfaz/include/interfaz/interfaz
[8.033s] -- Up-to-date: /workspace/ros2_ws/install/interfaz/include/interfaz/interfaz/msg
[8.033s] -- Up-to-date: /workspace/ros2_ws/install/interfaz/include/interfaz/interfaz/msg/detail
[8.033s] -- Installing: /workspace/ros2_ws/install/interfaz/include/interfaz/interfaz/msg/detail/mi_mensaje__rosidl_typesupport_introspection_c.h
[8.033s] -- Installing: /workspace/ros2_ws/install/interfaz/include/interfaz/interfaz/msg/detail/p2pkg_mensaje__rosidl_typesupport_introspection_c.h
[8.033s] -- Installing: /workspace/ros2_ws/install/interfaz/include/interfaz/interfaz/msg/detail/mi_mensaje__type_support.c
[8.034s] -- Installing: /workspace/ros2_ws/install/interfaz/include/interfaz/interfaz/msg/detail/p2pkg_mensaje__type_support.c
[8.034s] -- Installing: /workspace/ros2_ws/install/interfaz/include/interfaz/interfaz/msg/rosidl_typesupport_introspection_c__visibility_control.h
[8.034s] -- Up-to-date: /workspace/ros2_ws/install/interfaz/include/interfaz/interfaz/action
[8.034s] -- Up-to-date: /workspace/ros2_ws/install/interfaz/include/interfaz/interfaz/action/detail
[8.034s] -- Installing: /workspace/ros2_ws/install/interfaz/include/interfaz/interfaz/action/detail/ej_fibonacci__type_support.c
[8.034s] -- Installing: /workspace/ros2_ws/install/interfaz/include/interfaz/interfaz/action/detail/ej_fibonacci__rosidl_typesupport_introspection_c.h
[8.034s] -- Installing: /workspace/ros2_ws/install/interfaz/include/interfaz/interfaz/action/detail/fibonacci__type_support.c
[8.034s] -- Installing: /workspace/ros2_ws/install/interfaz/include/interfaz/interfaz/action/detail/fibonacci__rosidl_typesupport_introspection_c.h
[8.034s] -- Installing: /workspace/ros2_ws/install/interfaz/lib/libinterfaz__rosidl_typesupport_introspection_c.so
[8.035s] -- Set runtime path of "/workspace/ros2_ws/install/interfaz/lib/libinterfaz__rosidl_typesupport_introspection_c.so" to ""
[8.035s] -- Installing: /workspace/ros2_ws/install/interfaz/lib/libinterfaz__rosidl_typesupport_c.so
[8.035s] -- Set runtime path of "/workspace/ros2_ws/install/interfaz/lib/libinterfaz__rosidl_typesupport_c.so" to ""
[8.035s] -- Up-to-date: /workspace/ros2_ws/install/interfaz/include/interfaz/interfaz
[8.035s] -- Up-to-date: /workspace/ros2_ws/install/interfaz/include/interfaz/interfaz/msg
[8.035s] -- Up-to-date: /workspace/ros2_ws/install/interfaz/include/interfaz/interfaz/msg/detail
[8.035s] -- Installing: /workspace/ros2_ws/install/interfaz/include/interfaz/interfaz/msg/detail/p2pkg_mensaje__type_support.cpp
[8.035s] -- Installing: /workspace/ros2_ws/install/interfaz/include/interfaz/interfaz/msg/detail/mi_mensaje__rosidl_typesupport_introspection_cpp.hpp
[8.036s] -- Installing: /workspace/ros2_ws/install/interfaz/include/interfaz/interfaz/msg/detail/mi_mensaje__type_support.cpp
[8.036s] -- Installing: /workspace/ros2_ws/install/interfaz/include/interfaz/interfaz/msg/detail/p2pkg_mensaje__rosidl_typesupport_introspection_cpp.hpp
[8.036s] -- Up-to-date: /workspace/ros2_ws/install/interfaz/include/interfaz/interfaz/action
[8.036s] -- Up-to-date: /workspace/ros2_ws/install/interfaz/include/interfaz/interfaz/action/detail
[8.036s] -- Installing: /workspace/ros2_ws/install/interfaz/include/interfaz/interfaz/action/detail/fibonacci__type_support.cpp
[8.036s] -- Installing: /workspace/ros2_ws/install/interfaz/include/interfaz/interfaz/action/detail/ej_fibonacci__rosidl_typesupport_introspection_cpp.hpp
[8.036s] -- Installing: /workspace/ros2_ws/install/interfaz/include/interfaz/interfaz/action/detail/fibonacci__rosidl_typesupport_introspection_cpp.hpp
[8.036s] -- Installing: /workspace/ros2_ws/install/interfaz/include/interfaz/interfaz/action/detail/ej_fibonacci__type_support.cpp
[8.036s] -- Installing: /workspace/ros2_ws/install/interfaz/lib/libinterfaz__rosidl_typesupport_introspection_cpp.so
[8.037s] -- Set runtime path of "/workspace/ros2_ws/install/interfaz/lib/libinterfaz__rosidl_typesupport_introspection_cpp.so" to ""
[8.037s] -- Installing: /workspace/ros2_ws/install/interfaz/lib/libinterfaz__rosidl_typesupport_cpp.so
[8.037s] -- Set runtime path of "/workspace/ros2_ws/install/interfaz/lib/libinterfaz__rosidl_typesupport_cpp.so" to ""
[8.037s] -- Installing: /workspace/ros2_ws/install/interfaz/share/interfaz/environment/pythonpath.sh
[8.037s] -- Installing: /workspace/ros2_ws/install/interfaz/share/interfaz/environment/pythonpath.dsv
[8.037s] -- Installing: /workspace/ros2_ws/install/interfaz/local/lib/python3.10/dist-packages/interfaz-0.0.0-py3.10.egg-info
[8.037s] -- Installing: /workspace/ros2_ws/install/interfaz/local/lib/python3.10/dist-packages/interfaz-0.0.0-py3.10.egg-info/PKG-INFO
[8.038s] -- Installing: /workspace/ros2_ws/install/interfaz/local/lib/python3.10/dist-packages/interfaz-0.0.0-py3.10.egg-info/dependency_links.txt
[8.038s] -- Installing: /workspace/ros2_ws/install/interfaz/local/lib/python3.10/dist-packages/interfaz-0.0.0-py3.10.egg-info/SOURCES.txt
[8.038s] -- Installing: /workspace/ros2_ws/install/interfaz/local/lib/python3.10/dist-packages/interfaz-0.0.0-py3.10.egg-info/top_level.txt
[8.038s] -- Installing: /workspace/ros2_ws/install/interfaz/local/lib/python3.10/dist-packages/interfaz
[8.038s] -- Installing: /workspace/ros2_ws/install/interfaz/local/lib/python3.10/dist-packages/interfaz/_interfaz_s.ep.rosidl_typesupport_introspection_c.c
[8.038s] -- Installing: /workspace/ros2_ws/install/interfaz/local/lib/python3.10/dist-packages/interfaz/_interfaz_s.ep.rosidl_typesupport_fastrtps_c.c
[8.038s] -- Installing: /workspace/ros2_ws/install/interfaz/local/lib/python3.10/dist-packages/interfaz/libinterfaz__rosidl_generator_py.so
[8.039s] -- Installing: /workspace/ros2_ws/install/interfaz/local/lib/python3.10/dist-packages/interfaz/__init__.py
[8.039s] -- Installing: /workspace/ros2_ws/install/interfaz/local/lib/python3.10/dist-packages/interfaz/_interfaz_s.ep.rosidl_typesupport_c.c
[8.039s] -- Installing: /workspace/ros2_ws/install/interfaz/local/lib/python3.10/dist-packages/interfaz/interfaz_s__rosidl_typesupport_introspection_c.cpython-310-x86_64-linux-gnu.so
[8.039s] -- Installing: /workspace/ros2_ws/install/interfaz/local/lib/python3.10/dist-packages/interfaz/interfaz_s__rosidl_typesupport_c.cpython-310-x86_64-linux-gnu.so
[8.039s] -- Installing: /workspace/ros2_ws/install/interfaz/local/lib/python3.10/dist-packages/interfaz/interfaz_s__rosidl_typesupport_fastrtps_c.cpython-310-x86_64-linux-gnu.so
[8.040s] -- Installing: /workspace/ros2_ws/install/interfaz/local/lib/python3.10/dist-packages/interfaz/msg
[8.040s] -- Installing: /workspace/ros2_ws/install/interfaz/local/lib/python3.10/dist-packages/interfaz/msg/_mi_mensaje_s.c
[8.040s] -- Installing: /workspace/ros2_ws/install/interfaz/local/lib/python3.10/dist-packages/interfaz/msg/__init__.py
[8.040s] -- Installing: /workspace/ros2_ws/install/interfaz/local/lib/python3.10/dist-packages/interfaz/msg/_p2pkg_mensaje.py
[8.040s] -- Installing: /workspace/ros2_ws/install/interfaz/local/lib/python3.10/dist-packages/interfaz/msg/_p2pkg_mensaje_s.c
[8.040s] -- Installing: /workspace/ros2_ws/install/interfaz/local/lib/python3.10/dist-packages/interfaz/msg/_mi_mensaje.py
[8.040s] -- Installing: /workspace/ros2_ws/install/interfaz/local/lib/python3.10/dist-packages/interfaz/action
[8.040s] -- Installing: /workspace/ros2_ws/install/interfaz/local/lib/python3.10/dist-packages/interfaz/action/_ej_fibonacci.py
[8.041s] -- Installing: /workspace/ros2_ws/install/interfaz/local/lib/python3.10/dist-packages/interfaz/action/_fibonacci_s.c
[8.041s] -- Installing: /workspace/ros2_ws/install/interfaz/local/lib/python3.10/dist-packages/interfaz/action/__init__.py
[8.041s] -- Installing: /workspace/ros2_ws/install/interfaz/local/lib/python3.10/dist-packages/interfaz/action/_fibonacci.py
[8.041s] -- Installing: /workspace/ros2_ws/install/interfaz/local/lib/python3.10/dist-packages/interfaz/action/_ej_fibonacci_s.c
[8.085s] Listing '/workspace/ros2_ws/install/interfaz/local/lib/python3.10/dist-packages/interfaz'...
[8.086s] Compiling '/workspace/ros2_ws/install/interfaz/local/lib/python3.10/dist-packages/interfaz/__init__.py'...
[8.086s] Listing '/workspace/ros2_ws/install/interfaz/local/lib/python3.10/dist-packages/interfaz/action'...
[8.086s] Compiling '/workspace/ros2_ws/install/interfaz/local/lib/python3.10/dist-packages/interfaz/action/__init__.py'...
[8.086s] Compiling '/workspace/ros2_ws/install/interfaz/local/lib/python3.10/dist-packages/interfaz/action/_ej_fibonacci.py'...
[8.086s] Compiling '/workspace/ros2_ws/install/interfaz/local/lib/python3.10/dist-packages/interfaz/action/_fibonacci.py'...
[8.086s] Listing '/workspace/ros2_ws/install/interfaz/local/lib/python3.10/dist-packages/interfaz/msg'...
[8.086s] Compiling '/workspace/ros2_ws/install/interfaz/local/lib/python3.10/dist-packages/interfaz/msg/__init__.py'...
[8.086s] Compiling '/workspace/ros2_ws/install/interfaz/local/lib/python3.10/dist-packages/interfaz/msg/_mi_mensaje.py'...
[8.086s] Compiling '/workspace/ros2_ws/install/interfaz/local/lib/python3.10/dist-packages/interfaz/msg/_p2pkg_mensaje.py'...
[8.090s] -- Installing: /workspace/ros2_ws/install/interfaz/local/lib/python3.10/dist-packages/interfaz/interfaz_s__rosidl_typesupport_fastrtps_c.cpython-310-x86_64-linux-gnu.so
[8.090s] -- Set runtime path of "/workspace/ros2_ws/install/interfaz/local/lib/python3.10/dist-packages/interfaz/interfaz_s__rosidl_typesupport_fastrtps_c.cpython-310-x86_64-linux-gnu.so" to ""
[8.091s] -- Installing: /workspace/ros2_ws/install/interfaz/local/lib/python3.10/dist-packages/interfaz/interfaz_s__rosidl_typesupport_introspection_c.cpython-310-x86_64-linux-gnu.so
[8.091s] -- Set runtime path of "/workspace/ros2_ws/install/interfaz/local/lib/python3.10/dist-packages/interfaz/interfaz_s__rosidl_typesupport_introspection_c.cpython-310-x86_64-linux-gnu.so" to ""
[8.091s] -- Installing: /workspace/ros2_ws/install/interfaz/local/lib/python3.10/dist-packages/interfaz/interfaz_s__rosidl_typesupport_c.cpython-310-x86_64-linux-gnu.so
[8.092s] -- Set runtime path of "/workspace/ros2_ws/install/interfaz/local/lib/python3.10/dist-packages/interfaz/interfaz_s__rosidl_typesupport_c.cpython-310-x86_64-linux-gnu.so" to ""
[8.092s] -- Installing: /workspace/ros2_ws/install/interfaz/lib/libinterfaz__rosidl_generator_py.so
[8.092s] -- Set runtime path of "/workspace/ros2_ws/install/interfaz/lib/libinterfaz__rosidl_generator_py.so" to ""
[8.092s] -- Installing: /workspace/ros2_ws/install/interfaz/share/interfaz/msg/MiMensaje.idl
[8.093s] -- Installing: /workspace/ros2_ws/install/interfaz/share/interfaz/msg/P2pkgMensaje.idl
[8.093s] -- Installing: /workspace/ros2_ws/install/interfaz/share/interfaz/action/Fibonacci.idl
[8.093s] -- Installing: /workspace/ros2_ws/install/interfaz/share/interfaz/action/EjFibonacci.idl
[8.093s] -- Installing: /workspace/ros2_ws/install/interfaz/share/interfaz/msg/MiMensaje.msg
[8.093s] -- Installing: /workspace/ros2_ws/install/interfaz/share/interfaz/msg/P2pkgMensaje.msg
[8.094s] -- Installing: /workspace/ros2_ws/install/interfaz/share/interfaz/action/Fibonacci.action
[8.094s] -- Installing: /workspace/ros2_ws/install/interfaz/share/interfaz/action/EjFibonacci.action
[8.094s] -- Installing: /workspace/ros2_ws/install/interfaz/share/ament_index/resource_index/package_run_dependencies/interfaz
[8.094s] -- Installing: /workspace/ros2_ws/install/interfaz/share/ament_index/resource_index/parent_prefix_path/interfaz
[8.094s] -- Installing: /workspace/ros2_ws/install/interfaz/share/interfaz/environment/ament_prefix_path.sh
[8.095s] -- Installing: /workspace/ros2_ws/install/interfaz/share/interfaz/environment/ament_prefix_path.dsv
[8.095s] -- Installing: /workspace/ros2_ws/install/interfaz/share/interfaz/environment/path.sh
[8.095s] -- Installing: /workspace/ros2_ws/install/interfaz/share/interfaz/environment/path.dsv
[8.095s] -- Installing: /workspace/ros2_ws/install/interfaz/share/interfaz/local_setup.bash
[8.095s] -- Installing: /workspace/ros2_ws/install/interfaz/share/interfaz/local_setup.sh
[8.095s] -- Installing: /workspace/ros2_ws/install/interfaz/share/interfaz/local_setup.zsh
[8.096s] -- Installing: /workspace/ros2_ws/install/interfaz/share/interfaz/local_setup.dsv
[8.096s] -- Installing: /workspace/ros2_ws/install/interfaz/share/interfaz/package.dsv
[8.096s] -- Installing: /workspace/ros2_ws/install/interfaz/share/ament_index/resource_index/packages/interfaz
[8.096s] -- Installing: /workspace/ros2_ws/install/interfaz/share/interfaz/cmake/export_interfaz__rosidl_generator_cExport.cmake
[8.096s] -- Installing: /workspace/ros2_ws/install/interfaz/share/interfaz/cmake/export_interfaz__rosidl_generator_cExport-noconfig.cmake
[8.097s] -- Installing: /workspace/ros2_ws/install/interfaz/share/interfaz/cmake/export_interfaz__rosidl_typesupport_fastrtps_cExport.cmake
[8.097s] -- Installing: /workspace/ros2_ws/install/interfaz/share/interfaz/cmake/export_interfaz__rosidl_typesupport_fastrtps_cExport-noconfig.cmake
[8.097s] -- Installing: /workspace/ros2_ws/install/interfaz/share/interfaz/cmake/export_interfaz__rosidl_generator_cppExport.cmake
[8.097s] -- Installing: /workspace/ros2_ws/install/interfaz/share/interfaz/cmake/export_interfaz__rosidl_typesupport_fastrtps_cppExport.cmake
[8.097s] -- Installing: /workspace/ros2_ws/install/interfaz/share/interfaz/cmake/export_interfaz__rosidl_typesupport_fastrtps_cppExport-noconfig.cmake
[8.098s] -- Installing: /workspace/ros2_ws/install/interfaz/share/interfaz/cmake/interfaz__rosidl_typesupport_introspection_cExport.cmake
[8.098s] -- Installing: /workspace/ros2_ws/install/interfaz/share/interfaz/cmake/interfaz__rosidl_typesupport_introspection_cExport-noconfig.cmake
[8.098s] -- Installing: /workspace/ros2_ws/install/interfaz/share/interfaz/cmake/interfaz__rosidl_typesupport_cExport.cmake
[8.098s] -- Installing: /workspace/ros2_ws/install/interfaz/share/interfaz/cmake/interfaz__rosidl_typesupport_cExport-noconfig.cmake
[8.098s] -- Installing: /workspace/ros2_ws/install/interfaz/share/interfaz/cmake/interfaz__rosidl_typesupport_introspection_cppExport.cmake
[8.099s] -- Installing: /workspace/ros2_ws/install/interfaz/share/interfaz/cmake/interfaz__rosidl_typesupport_introspection_cppExport-noconfig.cmake
[8.099s] -- Installing: /workspace/ros2_ws/install/interfaz/share/interfaz/cmake/interfaz__rosidl_typesupport_cppExport.cmake
[8.099s] -- Installing: /workspace/ros2_ws/install/interfaz/share/interfaz/cmake/interfaz__rosidl_typesupport_cppExport-noconfig.cmake
[8.099s] -- Installing: /workspace/ros2_ws/install/interfaz/share/interfaz/cmake/export_interfaz__rosidl_generator_pyExport.cmake
[8.099s] -- Installing: /workspace/ros2_ws/install/interfaz/share/interfaz/cmake/export_interfaz__rosidl_generator_pyExport-noconfig.cmake
[8.100s] -- Installing: /workspace/ros2_ws/install/interfaz/share/interfaz/cmake/rosidl_cmake-extras.cmake
[8.100s] -- Installing: /workspace/ros2_ws/install/interfaz/share/interfaz/cmake/ament_cmake_export_dependencies-extras.cmake
[8.100s] -- Installing: /workspace/ros2_ws/install/interfaz/share/interfaz/cmake/ament_cmake_export_include_directories-extras.cmake
[8.100s] -- Installing: /workspace/ros2_ws/install/interfaz/share/interfaz/cmake/ament_cmake_export_libraries-extras.cmake
[8.100s] -- Installing: /workspace/ros2_ws/install/interfaz/share/interfaz/cmake/ament_cmake_export_targets-extras.cmake
[8.100s] -- Installing: /workspace/ros2_ws/install/interfaz/share/interfaz/cmake/rosidl_cmake_export_typesupport_targets-extras.cmake
[8.101s] -- Installing: /workspace/ros2_ws/install/interfaz/share/interfaz/cmake/rosidl_cmake_export_typesupport_libraries-extras.cmake
[8.101s] -- Installing: /workspace/ros2_ws/install/interfaz/share/interfaz/cmake/interfazConfig.cmake
[8.101s] -- Installing: /workspace/ros2_ws/install/interfaz/share/interfaz/cmake/interfazConfig-version.cmake
[8.101s] -- Installing: /workspace/ros2_ws/install/interfaz/share/interfaz/package.xml
[8.104s] Invoked command in '/workspace/ros2_ws/build/interfaz' returned '0': CMAKE_PREFIX_PATH=${CMAKE_PREFIX_PATH}:/workspace/ros2_ws/install/servicio_suma:/workspace/ros2_ws/install/primer_paquete:/workspace/ros2_ws/install/p2pkg:/workspace/ros2_ws/install/mi_accion:/opt/ros/humble /usr/bin/cmake --install /workspace/ros2_ws/build/interfaz
