[3.758s] Invoking command in '/workspace/ros2_ws/src/service_temp': PYTHONPATH=/workspace/ros2_ws/build/service_temp/prefix_override:/usr/lib/python3/dist-packages/colcon_core/task/python/colcon_distutils_commands:/workspace/ros2_ws/install/service_temp/lib/python3.10/site-packages:${PYTHONPATH} /usr/bin/python3 -W ignore:setup.py install is deprecated -W ignore:easy_install command is deprecated setup.py egg_info --egg-base ../../build/service_temp build --build-base /workspace/ros2_ws/build/service_temp/build install --record /workspace/ros2_ws/build/service_temp/install.log --single-version-externally-managed install_data
[4.457s] running egg_info
[4.458s] writing ../../build/service_temp/service_temp.egg-info/PKG-INFO
[4.459s] writing dependency_links to ../../build/service_temp/service_temp.egg-info/dependency_links.txt
[4.459s] writing entry points to ../../build/service_temp/service_temp.egg-info/entry_points.txt
[4.459s] writing requirements to ../../build/service_temp/service_temp.egg-info/requires.txt
[4.460s] writing top-level names to ../../build/service_temp/service_temp.egg-info/top_level.txt
[4.473s] reading manifest file '../../build/service_temp/service_temp.egg-info/SOURCES.txt'
[4.475s] adding license file 'LICENSE'
[4.475s] writing manifest file '../../build/service_temp/service_temp.egg-info/SOURCES.txt'
[4.475s] running build
[4.476s] running build_py
[4.479s] running install
[4.487s] running install_lib
[4.488s] running install_data
[4.488s] running install_egg_info
[4.491s] removing '/workspace/ros2_ws/install/service_temp/lib/python3.10/site-packages/service_temp-0.0.0-py3.10.egg-info' (and everything under it)
[4.491s] Copying ../../build/service_temp/service_temp.egg-info to /workspace/ros2_ws/install/service_temp/lib/python3.10/site-packages/service_temp-0.0.0-py3.10.egg-info
[4.495s] running install_scripts
[4.551s] Installing client script to /workspace/ros2_ws/install/service_temp/lib/service_temp
[4.551s] Installing server script to /workspace/ros2_ws/install/service_temp/lib/service_temp
[4.552s] writing list of installed files to '/workspace/ros2_ws/build/service_temp/install.log'
[4.604s] Invoked command in '/workspace/ros2_ws/src/service_temp' returned '0': PYTHONPATH=/workspace/ros2_ws/build/service_temp/prefix_override:/usr/lib/python3/dist-packages/colcon_core/task/python/colcon_distutils_commands:/workspace/ros2_ws/install/service_temp/lib/python3.10/site-packages:${PYTHONPATH} /usr/bin/python3 -W ignore:setup.py install is deprecated -W ignore:easy_install command is deprecated setup.py egg_info --egg-base ../../build/service_temp build --build-base /workspace/ros2_ws/build/service_temp/build install --record /workspace/ros2_ws/build/service_temp/install.log --single-version-externally-managed install_data
