[1.590s] Invoking command in '/workspace/ros2_ws/src/service_temp': PYTHONPATH=/workspace/ros2_ws/build/service_temp/prefix_override:/usr/lib/python3/dist-packages/colcon_core/task/python/colcon_distutils_commands:/workspace/ros2_ws/install/service_temp/lib/python3.10/site-packages:${PYTHONPATH} /usr/bin/python3 -W ignore:setup.py install is deprecated -W ignore:easy_install command is deprecated setup.py egg_info --egg-base ../../build/service_temp build --build-base /workspace/ros2_ws/build/service_temp/build install --record /workspace/ros2_ws/build/service_temp/install.log --single-version-externally-managed install_data
[1.870s] running egg_info
[1.871s] writing ../../build/service_temp/service_temp.egg-info/PKG-INFO
[1.871s] writing dependency_links to ../../build/service_temp/service_temp.egg-info/dependency_links.txt
[1.872s] writing entry points to ../../build/service_temp/service_temp.egg-info/entry_points.txt
[1.872s] writing requirements to ../../build/service_temp/service_temp.egg-info/requires.txt
[1.872s] writing top-level names to ../../build/service_temp/service_temp.egg-info/top_level.txt
[1.873s] reading manifest file '../../build/service_temp/service_temp.egg-info/SOURCES.txt'
[1.874s] adding license file 'LICENSE'
[1.874s] writing manifest file '../../build/service_temp/service_temp.egg-info/SOURCES.txt'
[1.875s] running build
[1.875s] running build_py
[1.875s] running install
[1.875s] running install_lib
[1.877s] running install_data
[1.877s] running install_egg_info
[1.880s] removing '/workspace/ros2_ws/install/service_temp/lib/python3.10/site-packages/service_temp-0.0.0-py3.10.egg-info' (and everything under it)
[1.880s] Copying ../../build/service_temp/service_temp.egg-info to /workspace/ros2_ws/install/service_temp/lib/python3.10/site-packages/service_temp-0.0.0-py3.10.egg-info
[1.881s] running install_scripts
[1.906s] writing list of installed files to '/workspace/ros2_ws/build/service_temp/install.log'
[1.945s] Invoked command in '/workspace/ros2_ws/src/service_temp' returned '0': PYTHONPATH=/workspace/ros2_ws/build/service_temp/prefix_override:/usr/lib/python3/dist-packages/colcon_core/task/python/colcon_distutils_commands:/workspace/ros2_ws/install/service_temp/lib/python3.10/site-packages:${PYTHONPATH} /usr/bin/python3 -W ignore:setup.py install is deprecated -W ignore:easy_install command is deprecated setup.py egg_info --egg-base ../../build/service_temp build --build-base /workspace/ros2_ws/build/service_temp/build install --record /workspace/ros2_ws/build/service_temp/install.log --single-version-externally-managed install_data
