[0.019s] Invoking command in '/workspace/ros2_ws/build/interfaz': /usr/bin/cmake /workspace/ros2_ws/src/interfaz -DCMAKE_INSTALL_PREFIX=/workspace/ros2_ws/install/interfaz
[0.099s] -- The C compiler identification is GNU 11.4.0
[0.233s] -- The CXX compiler identification is GNU 11.4.0
[0.241s] -- Detecting C compiler ABI info
[0.310s] -- Detecting C compiler ABI info - done
[0.323s] -- Check for working C compiler: /usr/bin/cc - skipped
[0.323s] -- Detecting C compile features
[0.324s] -- Detecting C compile features - done
[0.329s] -- Detecting CXX compiler ABI info
[0.448s] -- Detecting CXX compiler ABI info - done
[0.462s] -- Check for working CXX compiler: /usr/bin/c++ - skipped
[0.462s] -- Detecting CXX compile features
[0.463s] -- Detecting CXX compile features - done
[0.470s] -- Found ament_cmake: 1.3.12 (/opt/ros/humble/share/ament_cmake/cmake)
[0.671s] -- Found Python3: /usr/bin/python3 (found version "3.10.12") found components: Interpreter 
[0.785s] -- Found ament_lint_auto: 0.12.14 (/opt/ros/humble/share/ament_lint_auto/cmake)
[0.836s] Error parsing '/workspace/ros2_ws/src/interfaz/package.xml':
[0.836s] Traceback (most recent call last):
[0.836s]   File "/usr/lib/python3/dist-packages/catkin_pkg/package.py", line 610, in parse_package_string
[0.837s]     root = dom.parseString(data)
[0.837s]   File "/usr/lib/python3.10/xml/dom/minidom.py", line 1995, in parseString
[0.837s]     return expatbuilder.parseString(string)
[0.837s]   File "/usr/lib/python3.10/xml/dom/expatbuilder.py", line 925, in parseString
[0.837s]     return builder.parseString(string)
[0.838s]   File "/usr/lib/python3.10/xml/dom/expatbuilder.py", line 223, in parseString
[0.838s]     parser.Parse(string, True)
[0.838s] xml.parsers.expat.ExpatError: mismatched tag: line 12, column 34
[0.838s] 
[0.838s] During handling of the above exception, another exception occurred:
[0.838s] 
[0.838s] Traceback (most recent call last):
[0.838s]   File "/opt/ros/humble/share/ament_cmake_core/cmake/core/package_xml_2_cmake.py", line 150, in <module>
[0.838s]     main()
[0.838s]   File "/opt/ros/humble/share/ament_cmake_core/cmake/core/package_xml_2_cmake.py", line 53, in main
[0.839s]     raise e
[0.839s]   File "/opt/ros/humble/share/ament_cmake_core/cmake/core/package_xml_2_cmake.py", line 49, in main
[0.839s]     package = parse_package_string(
[0.839s]   File "/usr/lib/python3/dist-packages/catkin_pkg/package.py", line 612, in parse_package_string
[0.839s]     raise InvalidPackage('The manifest contains invalid XML:\n%s' % ex, filename)
[0.839s] catkin_pkg.package.InvalidPackage: Error(s) in package '/workspace/ros2_ws/src/interfaz/package.xml':
[0.839s] The manifest contains invalid XML:
[0.839s] mismatched tag: line 12, column 34
[0.846s] [31mCMake Error at /opt/ros/humble/share/ament_cmake_core/cmake/core/ament_package_xml.cmake:95 (message):
[0.846s]   execute_process(/usr/bin/python3
[0.846s]   /opt/ros/humble/share/ament_cmake_core/cmake/core/package_xml_2_cmake.py
[0.846s]   /workspace/ros2_ws/src/interfaz/package.xml
[0.846s]   /workspace/ros2_ws/build/interfaz/ament_cmake_core/package.cmake) returned
[0.846s]   error code 1
[0.846s] Call Stack (most recent call first):
[0.846s]   /opt/ros/humble/share/ament_cmake_core/cmake/core/ament_package_xml.cmake:49 (_ament_package_xml)
[0.846s]   /opt/ros/humble/share/ament_lint_auto/cmake/ament_lint_auto_find_test_dependencies.cmake:31 (ament_package_xml)
[0.846s]   CMakeLists.txt:23 (ament_lint_auto_find_test_dependencies)
[0.847s] 
[0.847s] [0m
[0.847s] -- Configuring incomplete, errors occurred!
[0.847s] See also "/workspace/ros2_ws/build/interfaz/CMakeFiles/CMakeOutput.log".
[0.851s] Invoked command in '/workspace/ros2_ws/build/interfaz' returned '1': /usr/bin/cmake /workspace/ros2_ws/src/interfaz -DCMAKE_INSTALL_PREFIX=/workspace/ros2_ws/install/interfaz
