[0.013s] Invoking command in '/workspace/ros2_ws/src/build/interfaz': CMAKE_PREFIX_PATH=${CMAKE_PREFIX_PATH}:/workspace/ros2_ws/install/servicio_suma:/opt/ros/humble /usr/bin/cmake --build /workspace/ros2_ws/src/build/interfaz -- -j8 -l8
[0.033s] -- Found ament_cmake: 1.3.12 (/opt/ros/humble/share/ament_cmake/cmake)
[0.148s] -- Found ament_lint_auto: 0.12.14 (/opt/ros/humble/share/ament_lint_auto/cmake)
[0.206s] -- Found std_msgs: 4.9.0 (/opt/ros/humble/share/std_msgs/cmake)
[0.228s] -- Found rosidl_generator_c: 3.1.8 (/opt/ros/humble/share/rosidl_generator_c/cmake)
[0.231s] -- Found rosidl_adapter: 3.1.8 (/opt/ros/humble/share/rosidl_adapter/cmake)
[0.237s] -- Found rosidl_generator_cpp: 3.1.8 (/opt/ros/humble/share/rosidl_generator_cpp/cmake)
[0.245s] -- Using all available rosidl_typesupport_c: rosidl_typesupport_fastrtps_c;rosidl_typesupport_introspection_c
[0.255s] -- Using all available rosidl_typesupport_cpp: rosidl_typesupport_fastrtps_cpp;rosidl_typesupport_introspection_cpp
[0.275s] -- Found rosidl_default_generators: 1.2.0 (/opt/ros/humble/share/rosidl_default_generators/cmake)
[0.477s] -- Found ament_cmake_ros: 0.10.0 (/opt/ros/humble/share/ament_cmake_ros/cmake)
[0.813s] -- Using all available rosidl_typesupport_c: rosidl_typesupport_fastrtps_c;rosidl_typesupport_introspection_c
[0.939s] -- Using all available rosidl_typesupport_cpp: rosidl_typesupport_fastrtps_cpp;rosidl_typesupport_introspection_cpp
[0.963s] -- Found PythonInterp: /usr/bin/python3 (found suitable version "3.10.12", minimum required is "3.6") 
[0.966s] -- Found python_cmake_module: 0.10.0 (/opt/ros/humble/share/python_cmake_module/cmake)
[0.992s] -- Found PythonLibs: /usr/lib/x86_64-linux-gnu/libpython3.10.so (found suitable version "3.10.12", minimum required is "3.5") 
[0.993s] -- Using PYTHON_EXECUTABLE: /usr/bin/python3
[0.993s] -- Using PYTHON_INCLUDE_DIRS: /usr/include/python3.10
[0.993s] -- Using PYTHON_LIBRARIES: /usr/lib/x86_64-linux-gnu/libpython3.10.so
[1.015s] -- Found PythonExtra: .so  
[1.061s] -- Added test 'lint_cmake' to check CMake code style
[1.062s] -- Added test 'xmllint' to check XML markup files
[1.068s] -- Configuring done
[1.097s] -- Generating done
[1.109s] -- Build files have been written to: /workspace/ros2_ws/src/build/interfaz
[1.131s] [  3%] [34m[1mGenerating C code for ROS interfaces[0m
[1.140s] [  6%] [34m[1mGenerating C++ code for ROS interfaces[0m
[1.147s] [  6%] Built target ament_cmake_python_copy_interfaz
[1.386s] [  6%] Built target interfaz__cpp
[1.396s] [  9%] [34m[1mGenerating C++ type support for eProsima Fast-RTPS[0m
[1.396s] [ 12%] [34m[1mGenerating C++ introspection for ROS interfaces[0m
[1.399s] [ 16%] [34m[1mGenerating C++ type support dispatch for ROS interfaces[0m
[1.405s] running egg_info
[1.407s] creating interfaz.egg-info
[1.407s] [ 19%] [32mBuilding C object CMakeFiles/interfaz__rosidl_generator_c.dir/rosidl_generator_c/interfaz/msg/detail/mi_mensaje__functions.c.o[0m
[1.407s] writing interfaz.egg-info/PKG-INFO
[1.407s] writing dependency_links to interfaz.egg-info/dependency_links.txt
[1.408s] writing top-level names to interfaz.egg-info/top_level.txt
[1.408s] writing manifest file 'interfaz.egg-info/SOURCES.txt'
[1.412s] reading manifest file 'interfaz.egg-info/SOURCES.txt'
[1.413s] writing manifest file 'interfaz.egg-info/SOURCES.txt'
[1.458s] [ 19%] Built target ament_cmake_python_build_interfaz_egg
[1.472s] [ 22%] [32m[1mLinking C shared library libinterfaz__rosidl_generator_c.so[0m
[1.508s] [ 22%] Built target interfaz__rosidl_generator_c
[1.519s] [ 25%] [34m[1mGenerating C type support for eProsima Fast-RTPS[0m
[1.521s] [ 32%] [34m[1mGenerating C introspection for ROS interfaces[0m
[1.521s] [ 32%] [34m[1mGenerating C type support dispatch for ROS interfaces[0m
[1.711s] [ 35%] [32mBuilding CXX object CMakeFiles/interfaz__rosidl_typesupport_fastrtps_cpp.dir/rosidl_typesupport_fastrtps_cpp/interfaz/msg/detail/dds_fastrtps/mi_mensaje__type_support.cpp.o[0m
[1.721s] [ 38%] [32mBuilding CXX object CMakeFiles/interfaz__rosidl_typesupport_introspection_cpp.dir/rosidl_typesupport_introspection_cpp/interfaz/msg/detail/mi_mensaje__type_support.cpp.o[0m
[1.771s] [ 41%] [32mBuilding CXX object CMakeFiles/interfaz__rosidl_typesupport_cpp.dir/rosidl_typesupport_cpp/interfaz/msg/mi_mensaje__type_support.cpp.o[0m
[1.891s] [ 45%] [32mBuilding CXX object CMakeFiles/interfaz__rosidl_typesupport_c.dir/rosidl_typesupport_c/interfaz/msg/mi_mensaje__type_support.cpp.o[0m
[1.899s] [ 48%] [32mBuilding C object CMakeFiles/interfaz__rosidl_typesupport_introspection_c.dir/rosidl_typesupport_introspection_c/interfaz/msg/detail/mi_mensaje__type_support.c.o[0m
[1.909s] [ 51%] [32mBuilding CXX object CMakeFiles/interfaz__rosidl_typesupport_fastrtps_c.dir/rosidl_typesupport_fastrtps_c/interfaz/msg/detail/mi_mensaje__type_support_c.cpp.o[0m
[1.937s] [ 54%] [32m[1mLinking CXX shared library libinterfaz__rosidl_typesupport_c.so[0m
[1.950s] [ 58%] [32m[1mLinking C shared library libinterfaz__rosidl_typesupport_introspection_c.so[0m
[1.996s] [ 58%] Built target interfaz__rosidl_typesupport_introspection_c
[2.000s] [ 58%] Built target interfaz__rosidl_typesupport_c
[2.063s] [ 61%] [32m[1mLinking CXX shared library libinterfaz__rosidl_typesupport_cpp.so[0m
[2.105s] [ 61%] Built target interfaz__rosidl_typesupport_cpp
[2.184s] [ 64%] [32m[1mLinking CXX shared library libinterfaz__rosidl_typesupport_introspection_cpp.so[0m
[2.202s] [ 67%] [32m[1mLinking CXX shared library libinterfaz__rosidl_typesupport_fastrtps_cpp.so[0m
[2.225s] [ 67%] Built target interfaz__rosidl_typesupport_introspection_cpp
[2.252s] [ 70%] [32m[1mLinking CXX shared library libinterfaz__rosidl_typesupport_fastrtps_c.so[0m
[2.281s] [ 70%] Built target interfaz__rosidl_typesupport_fastrtps_cpp
[2.331s] [ 70%] Built target interfaz__rosidl_typesupport_fastrtps_c
[2.349s] [ 70%] Built target interfaz
[2.367s] [ 74%] [34m[1mGenerating Python code for ROS interfaces[0m
[2.638s] [ 74%] Built target interfaz__py
[2.656s] [ 77%] [32mBuilding C object CMakeFiles/interfaz__rosidl_generator_py.dir/rosidl_generator_py/interfaz/msg/_mi_mensaje_s.c.o[0m
[2.762s] [ 80%] [32m[1mLinking C shared library rosidl_generator_py/interfaz/libinterfaz__rosidl_generator_py.so[0m
[2.809s] [ 80%] Built target interfaz__rosidl_generator_py
[2.828s] [ 90%] [32mBuilding C object CMakeFiles/interfaz__rosidl_typesupport_introspection_c__pyext.dir/rosidl_generator_py/interfaz/_interfaz_s.ep.rosidl_typesupport_introspection_c.c.o[0m
[2.828s] [ 90%] [32mBuilding C object CMakeFiles/interfaz__rosidl_typesupport_c__pyext.dir/rosidl_generator_py/interfaz/_interfaz_s.ep.rosidl_typesupport_c.c.o[0m
[2.828s] [ 90%] [32mBuilding C object CMakeFiles/interfaz__rosidl_typesupport_fastrtps_c__pyext.dir/rosidl_generator_py/interfaz/_interfaz_s.ep.rosidl_typesupport_fastrtps_c.c.o[0m
[2.921s] [100%] [32m[1mLinking C shared library rosidl_generator_py/interfaz/interfaz_s__rosidl_typesupport_introspection_c.cpython-310-x86_64-linux-gnu.so[0m
[2.921s] [100%] [32m[1mLinking C shared library rosidl_generator_py/interfaz/interfaz_s__rosidl_typesupport_fastrtps_c.cpython-310-x86_64-linux-gnu.so[0m
[2.921s] [100%] [32m[1mLinking C shared library rosidl_generator_py/interfaz/interfaz_s__rosidl_typesupport_c.cpython-310-x86_64-linux-gnu.so[0m
[2.956s] [100%] Built target interfaz__rosidl_typesupport_introspection_c__pyext
[2.957s] [100%] Built target interfaz__rosidl_typesupport_fastrtps_c__pyext
[2.957s] [100%] Built target interfaz__rosidl_typesupport_c__pyext
[2.968s] Invoked command in '/workspace/ros2_ws/src/build/interfaz' returned '0': CMAKE_PREFIX_PATH=${CMAKE_PREFIX_PATH}:/workspace/ros2_ws/install/servicio_suma:/opt/ros/humble /usr/bin/cmake --build /workspace/ros2_ws/src/build/interfaz -- -j8 -l8
[2.976s] Invoking command in '/workspace/ros2_ws/src/build/interfaz': CMAKE_PREFIX_PATH=${CMAKE_PREFIX_PATH}:/workspace/ros2_ws/install/servicio_suma:/opt/ros/humble /usr/bin/cmake --install /workspace/ros2_ws/src/build/interfaz
[2.983s] -- Install configuration: ""
[2.983s] -- Installing: /workspace/ros2_ws/src/install/interfaz/share/ament_index/resource_index/rosidl_interfaces/interfaz
[2.983s] -- Installing: /workspace/ros2_ws/src/install/interfaz/include/interfaz/interfaz
[2.983s] -- Installing: /workspace/ros2_ws/src/install/interfaz/include/interfaz/interfaz/msg
[2.984s] -- Installing: /workspace/ros2_ws/src/install/interfaz/include/interfaz/interfaz/msg/detail
[2.984s] -- Installing: /workspace/ros2_ws/src/install/interfaz/include/interfaz/interfaz/msg/detail/mi_mensaje__functions.h
[2.984s] -- Installing: /workspace/ros2_ws/src/install/interfaz/include/interfaz/interfaz/msg/detail/mi_mensaje__type_support.h
[2.984s] -- Installing: /workspace/ros2_ws/src/install/interfaz/include/interfaz/interfaz/msg/detail/mi_mensaje__functions.c
[2.984s] -- Installing: /workspace/ros2_ws/src/install/interfaz/include/interfaz/interfaz/msg/detail/mi_mensaje__struct.h
[2.984s] -- Installing: /workspace/ros2_ws/src/install/interfaz/include/interfaz/interfaz/msg/rosidl_generator_c__visibility_control.h
[2.984s] -- Installing: /workspace/ros2_ws/src/install/interfaz/include/interfaz/interfaz/msg/mi_mensaje.h
[2.985s] -- Installing: /workspace/ros2_ws/src/install/interfaz/share/interfaz/environment/library_path.sh
[2.985s] -- Installing: /workspace/ros2_ws/src/install/interfaz/share/interfaz/environment/library_path.dsv
[2.985s] -- Installing: /workspace/ros2_ws/src/install/interfaz/lib/libinterfaz__rosidl_generator_c.so
[2.985s] -- Set runtime path of "/workspace/ros2_ws/src/install/interfaz/lib/libinterfaz__rosidl_generator_c.so" to ""
[2.986s] -- Up-to-date: /workspace/ros2_ws/src/install/interfaz/include/interfaz/interfaz
[2.986s] -- Up-to-date: /workspace/ros2_ws/src/install/interfaz/include/interfaz/interfaz/msg
[2.986s] -- Installing: /workspace/ros2_ws/src/install/interfaz/include/interfaz/interfaz/msg/rosidl_typesupport_fastrtps_c__visibility_control.h
[2.986s] -- Up-to-date: /workspace/ros2_ws/src/install/interfaz/include/interfaz/interfaz/msg/detail
[2.986s] -- Installing: /workspace/ros2_ws/src/install/interfaz/include/interfaz/interfaz/msg/detail/mi_mensaje__rosidl_typesupport_fastrtps_c.h
[2.986s] -- Installing: /workspace/ros2_ws/src/install/interfaz/lib/libinterfaz__rosidl_typesupport_fastrtps_c.so
[2.986s] -- Set runtime path of "/workspace/ros2_ws/src/install/interfaz/lib/libinterfaz__rosidl_typesupport_fastrtps_c.so" to ""
[2.987s] -- Up-to-date: /workspace/ros2_ws/src/install/interfaz/include/interfaz/interfaz
[2.987s] -- Up-to-date: /workspace/ros2_ws/src/install/interfaz/include/interfaz/interfaz/msg
[2.987s] -- Installing: /workspace/ros2_ws/src/install/interfaz/include/interfaz/interfaz/msg/mi_mensaje.hpp
[2.987s] -- Up-to-date: /workspace/ros2_ws/src/install/interfaz/include/interfaz/interfaz/msg/detail
[2.987s] -- Installing: /workspace/ros2_ws/src/install/interfaz/include/interfaz/interfaz/msg/detail/mi_mensaje__type_support.hpp
[2.987s] -- Installing: /workspace/ros2_ws/src/install/interfaz/include/interfaz/interfaz/msg/detail/mi_mensaje__struct.hpp
[2.987s] -- Installing: /workspace/ros2_ws/src/install/interfaz/include/interfaz/interfaz/msg/detail/mi_mensaje__builder.hpp
[2.987s] -- Installing: /workspace/ros2_ws/src/install/interfaz/include/interfaz/interfaz/msg/detail/mi_mensaje__traits.hpp
[2.988s] -- Installing: /workspace/ros2_ws/src/install/interfaz/include/interfaz/interfaz/msg/rosidl_generator_cpp__visibility_control.hpp
[2.988s] -- Up-to-date: /workspace/ros2_ws/src/install/interfaz/include/interfaz/interfaz
[2.988s] -- Up-to-date: /workspace/ros2_ws/src/install/interfaz/include/interfaz/interfaz/msg
[2.988s] -- Installing: /workspace/ros2_ws/src/install/interfaz/include/interfaz/interfaz/msg/rosidl_typesupport_fastrtps_cpp__visibility_control.h
[2.988s] -- Up-to-date: /workspace/ros2_ws/src/install/interfaz/include/interfaz/interfaz/msg/detail
[2.988s] -- Installing: /workspace/ros2_ws/src/install/interfaz/include/interfaz/interfaz/msg/detail/dds_fastrtps
[2.988s] -- Installing: /workspace/ros2_ws/src/install/interfaz/include/interfaz/interfaz/msg/detail/mi_mensaje__rosidl_typesupport_fastrtps_cpp.hpp
[2.988s] -- Installing: /workspace/ros2_ws/src/install/interfaz/lib/libinterfaz__rosidl_typesupport_fastrtps_cpp.so
[2.989s] -- Set runtime path of "/workspace/ros2_ws/src/install/interfaz/lib/libinterfaz__rosidl_typesupport_fastrtps_cpp.so" to ""
[2.989s] -- Up-to-date: /workspace/ros2_ws/src/install/interfaz/include/interfaz/interfaz
[2.989s] -- Up-to-date: /workspace/ros2_ws/src/install/interfaz/include/interfaz/interfaz/msg
[2.989s] -- Up-to-date: /workspace/ros2_ws/src/install/interfaz/include/interfaz/interfaz/msg/detail
[2.989s] -- Installing: /workspace/ros2_ws/src/install/interfaz/include/interfaz/interfaz/msg/detail/mi_mensaje__rosidl_typesupport_introspection_c.h
[2.989s] -- Installing: /workspace/ros2_ws/src/install/interfaz/include/interfaz/interfaz/msg/detail/mi_mensaje__type_support.c
[2.989s] -- Installing: /workspace/ros2_ws/src/install/interfaz/include/interfaz/interfaz/msg/rosidl_typesupport_introspection_c__visibility_control.h
[2.990s] -- Installing: /workspace/ros2_ws/src/install/interfaz/lib/libinterfaz__rosidl_typesupport_introspection_c.so
[2.990s] -- Set runtime path of "/workspace/ros2_ws/src/install/interfaz/lib/libinterfaz__rosidl_typesupport_introspection_c.so" to ""
[2.990s] -- Installing: /workspace/ros2_ws/src/install/interfaz/lib/libinterfaz__rosidl_typesupport_c.so
[2.990s] -- Set runtime path of "/workspace/ros2_ws/src/install/interfaz/lib/libinterfaz__rosidl_typesupport_c.so" to ""
[2.990s] -- Up-to-date: /workspace/ros2_ws/src/install/interfaz/include/interfaz/interfaz
[2.991s] -- Up-to-date: /workspace/ros2_ws/src/install/interfaz/include/interfaz/interfaz/msg
[2.991s] -- Up-to-date: /workspace/ros2_ws/src/install/interfaz/include/interfaz/interfaz/msg/detail
[2.991s] -- Installing: /workspace/ros2_ws/src/install/interfaz/include/interfaz/interfaz/msg/detail/mi_mensaje__rosidl_typesupport_introspection_cpp.hpp
[2.991s] -- Installing: /workspace/ros2_ws/src/install/interfaz/include/interfaz/interfaz/msg/detail/mi_mensaje__type_support.cpp
[2.991s] -- Installing: /workspace/ros2_ws/src/install/interfaz/lib/libinterfaz__rosidl_typesupport_introspection_cpp.so
[2.991s] -- Set runtime path of "/workspace/ros2_ws/src/install/interfaz/lib/libinterfaz__rosidl_typesupport_introspection_cpp.so" to ""
[2.991s] -- Installing: /workspace/ros2_ws/src/install/interfaz/lib/libinterfaz__rosidl_typesupport_cpp.so
[2.992s] -- Set runtime path of "/workspace/ros2_ws/src/install/interfaz/lib/libinterfaz__rosidl_typesupport_cpp.so" to ""
[2.992s] -- Installing: /workspace/ros2_ws/src/install/interfaz/share/interfaz/environment/pythonpath.sh
[2.992s] -- Installing: /workspace/ros2_ws/src/install/interfaz/share/interfaz/environment/pythonpath.dsv
[2.992s] -- Installing: /workspace/ros2_ws/src/install/interfaz/local/lib/python3.10/dist-packages/interfaz-0.0.0-py3.10.egg-info
[2.992s] -- Installing: /workspace/ros2_ws/src/install/interfaz/local/lib/python3.10/dist-packages/interfaz-0.0.0-py3.10.egg-info/PKG-INFO
[2.992s] -- Installing: /workspace/ros2_ws/src/install/interfaz/local/lib/python3.10/dist-packages/interfaz-0.0.0-py3.10.egg-info/dependency_links.txt
[2.993s] -- Installing: /workspace/ros2_ws/src/install/interfaz/local/lib/python3.10/dist-packages/interfaz-0.0.0-py3.10.egg-info/SOURCES.txt
[2.993s] -- Installing: /workspace/ros2_ws/src/install/interfaz/local/lib/python3.10/dist-packages/interfaz-0.0.0-py3.10.egg-info/top_level.txt
[2.993s] -- Installing: /workspace/ros2_ws/src/install/interfaz/local/lib/python3.10/dist-packages/interfaz
[2.993s] -- Installing: /workspace/ros2_ws/src/install/interfaz/local/lib/python3.10/dist-packages/interfaz/_interfaz_s.ep.rosidl_typesupport_introspection_c.c
[2.993s] -- Installing: /workspace/ros2_ws/src/install/interfaz/local/lib/python3.10/dist-packages/interfaz/_interfaz_s.ep.rosidl_typesupport_fastrtps_c.c
[2.993s] -- Installing: /workspace/ros2_ws/src/install/interfaz/local/lib/python3.10/dist-packages/interfaz/libinterfaz__rosidl_generator_py.so
[2.993s] -- Installing: /workspace/ros2_ws/src/install/interfaz/local/lib/python3.10/dist-packages/interfaz/__init__.py
[2.993s] -- Installing: /workspace/ros2_ws/src/install/interfaz/local/lib/python3.10/dist-packages/interfaz/_interfaz_s.ep.rosidl_typesupport_c.c
[2.993s] -- Installing: /workspace/ros2_ws/src/install/interfaz/local/lib/python3.10/dist-packages/interfaz/interfaz_s__rosidl_typesupport_introspection_c.cpython-310-x86_64-linux-gnu.so
[2.994s] -- Installing: /workspace/ros2_ws/src/install/interfaz/local/lib/python3.10/dist-packages/interfaz/interfaz_s__rosidl_typesupport_c.cpython-310-x86_64-linux-gnu.so
[2.994s] -- Installing: /workspace/ros2_ws/src/install/interfaz/local/lib/python3.10/dist-packages/interfaz/interfaz_s__rosidl_typesupport_fastrtps_c.cpython-310-x86_64-linux-gnu.so
[2.994s] -- Installing: /workspace/ros2_ws/src/install/interfaz/local/lib/python3.10/dist-packages/interfaz/msg
[2.994s] -- Installing: /workspace/ros2_ws/src/install/interfaz/local/lib/python3.10/dist-packages/interfaz/msg/_mi_mensaje_s.c
[2.994s] -- Installing: /workspace/ros2_ws/src/install/interfaz/local/lib/python3.10/dist-packages/interfaz/msg/__init__.py
[2.994s] -- Installing: /workspace/ros2_ws/src/install/interfaz/local/lib/python3.10/dist-packages/interfaz/msg/_mi_mensaje.py
[3.027s] Listing '/workspace/ros2_ws/src/install/interfaz/local/lib/python3.10/dist-packages/interfaz'...
[3.027s] Compiling '/workspace/ros2_ws/src/install/interfaz/local/lib/python3.10/dist-packages/interfaz/__init__.py'...
[3.027s] Listing '/workspace/ros2_ws/src/install/interfaz/local/lib/python3.10/dist-packages/interfaz/msg'...
[3.027s] Compiling '/workspace/ros2_ws/src/install/interfaz/local/lib/python3.10/dist-packages/interfaz/msg/__init__.py'...
[3.027s] Compiling '/workspace/ros2_ws/src/install/interfaz/local/lib/python3.10/dist-packages/interfaz/msg/_mi_mensaje.py'...
[3.032s] -- Installing: /workspace/ros2_ws/src/install/interfaz/local/lib/python3.10/dist-packages/interfaz/interfaz_s__rosidl_typesupport_fastrtps_c.cpython-310-x86_64-linux-gnu.so
[3.032s] -- Set runtime path of "/workspace/ros2_ws/src/install/interfaz/local/lib/python3.10/dist-packages/interfaz/interfaz_s__rosidl_typesupport_fastrtps_c.cpython-310-x86_64-linux-gnu.so" to ""
[3.032s] -- Installing: /workspace/ros2_ws/src/install/interfaz/local/lib/python3.10/dist-packages/interfaz/interfaz_s__rosidl_typesupport_introspection_c.cpython-310-x86_64-linux-gnu.so
[3.032s] -- Set runtime path of "/workspace/ros2_ws/src/install/interfaz/local/lib/python3.10/dist-packages/interfaz/interfaz_s__rosidl_typesupport_introspection_c.cpython-310-x86_64-linux-gnu.so" to ""
[3.032s] -- Installing: /workspace/ros2_ws/src/install/interfaz/local/lib/python3.10/dist-packages/interfaz/interfaz_s__rosidl_typesupport_c.cpython-310-x86_64-linux-gnu.so
[3.033s] -- Set runtime path of "/workspace/ros2_ws/src/install/interfaz/local/lib/python3.10/dist-packages/interfaz/interfaz_s__rosidl_typesupport_c.cpython-310-x86_64-linux-gnu.so" to ""
[3.033s] -- Installing: /workspace/ros2_ws/src/install/interfaz/lib/libinterfaz__rosidl_generator_py.so
[3.033s] -- Set runtime path of "/workspace/ros2_ws/src/install/interfaz/lib/libinterfaz__rosidl_generator_py.so" to ""
[3.033s] -- Installing: /workspace/ros2_ws/src/install/interfaz/share/interfaz/msg/MiMensaje.idl
[3.033s] -- Installing: /workspace/ros2_ws/src/install/interfaz/share/interfaz/msg/MiMensaje.msg
[3.033s] -- Installing: /workspace/ros2_ws/src/install/interfaz/share/ament_index/resource_index/package_run_dependencies/interfaz
[3.034s] -- Installing: /workspace/ros2_ws/src/install/interfaz/share/ament_index/resource_index/parent_prefix_path/interfaz
[3.034s] -- Up-to-date: /workspace/ros2_ws/src/install/interfaz/share/interfaz/environment/ament_prefix_path.sh
[3.034s] -- Installing: /workspace/ros2_ws/src/install/interfaz/share/interfaz/environment/ament_prefix_path.dsv
[3.034s] -- Up-to-date: /workspace/ros2_ws/src/install/interfaz/share/interfaz/environment/path.sh
[3.034s] -- Installing: /workspace/ros2_ws/src/install/interfaz/share/interfaz/environment/path.dsv
[3.034s] -- Up-to-date: /workspace/ros2_ws/src/install/interfaz/share/interfaz/local_setup.bash
[3.034s] -- Installing: /workspace/ros2_ws/src/install/interfaz/share/interfaz/local_setup.sh
[3.034s] -- Up-to-date: /workspace/ros2_ws/src/install/interfaz/share/interfaz/local_setup.zsh
[3.035s] -- Installing: /workspace/ros2_ws/src/install/interfaz/share/interfaz/local_setup.dsv
[3.035s] -- Installing: /workspace/ros2_ws/src/install/interfaz/share/interfaz/package.dsv
[3.035s] -- Up-to-date: /workspace/ros2_ws/src/install/interfaz/share/ament_index/resource_index/packages/interfaz
[3.035s] -- Installing: /workspace/ros2_ws/src/install/interfaz/share/interfaz/cmake/export_interfaz__rosidl_generator_cExport.cmake
[3.035s] -- Installing: /workspace/ros2_ws/src/install/interfaz/share/interfaz/cmake/export_interfaz__rosidl_generator_cExport-noconfig.cmake
[3.035s] -- Installing: /workspace/ros2_ws/src/install/interfaz/share/interfaz/cmake/export_interfaz__rosidl_typesupport_fastrtps_cExport.cmake
[3.035s] -- Installing: /workspace/ros2_ws/src/install/interfaz/share/interfaz/cmake/export_interfaz__rosidl_typesupport_fastrtps_cExport-noconfig.cmake
[3.035s] -- Installing: /workspace/ros2_ws/src/install/interfaz/share/interfaz/cmake/export_interfaz__rosidl_generator_cppExport.cmake
[3.036s] -- Installing: /workspace/ros2_ws/src/install/interfaz/share/interfaz/cmake/export_interfaz__rosidl_typesupport_fastrtps_cppExport.cmake
[3.036s] -- Installing: /workspace/ros2_ws/src/install/interfaz/share/interfaz/cmake/export_interfaz__rosidl_typesupport_fastrtps_cppExport-noconfig.cmake
[3.036s] -- Installing: /workspace/ros2_ws/src/install/interfaz/share/interfaz/cmake/interfaz__rosidl_typesupport_introspection_cExport.cmake
[3.036s] -- Installing: /workspace/ros2_ws/src/install/interfaz/share/interfaz/cmake/interfaz__rosidl_typesupport_introspection_cExport-noconfig.cmake
[3.036s] -- Installing: /workspace/ros2_ws/src/install/interfaz/share/interfaz/cmake/interfaz__rosidl_typesupport_cExport.cmake
[3.036s] -- Installing: /workspace/ros2_ws/src/install/interfaz/share/interfaz/cmake/interfaz__rosidl_typesupport_cExport-noconfig.cmake
[3.036s] -- Installing: /workspace/ros2_ws/src/install/interfaz/share/interfaz/cmake/interfaz__rosidl_typesupport_introspection_cppExport.cmake
[3.037s] -- Installing: /workspace/ros2_ws/src/install/interfaz/share/interfaz/cmake/interfaz__rosidl_typesupport_introspection_cppExport-noconfig.cmake
[3.037s] -- Installing: /workspace/ros2_ws/src/install/interfaz/share/interfaz/cmake/interfaz__rosidl_typesupport_cppExport.cmake
[3.037s] -- Installing: /workspace/ros2_ws/src/install/interfaz/share/interfaz/cmake/interfaz__rosidl_typesupport_cppExport-noconfig.cmake
[3.037s] -- Installing: /workspace/ros2_ws/src/install/interfaz/share/interfaz/cmake/export_interfaz__rosidl_generator_pyExport.cmake
[3.037s] -- Installing: /workspace/ros2_ws/src/install/interfaz/share/interfaz/cmake/export_interfaz__rosidl_generator_pyExport-noconfig.cmake
[3.037s] -- Installing: /workspace/ros2_ws/src/install/interfaz/share/interfaz/cmake/rosidl_cmake-extras.cmake
[3.037s] -- Installing: /workspace/ros2_ws/src/install/interfaz/share/interfaz/cmake/ament_cmake_export_dependencies-extras.cmake
[3.038s] -- Installing: /workspace/ros2_ws/src/install/interfaz/share/interfaz/cmake/ament_cmake_export_include_directories-extras.cmake
[3.038s] -- Installing: /workspace/ros2_ws/src/install/interfaz/share/interfaz/cmake/ament_cmake_export_libraries-extras.cmake
[3.038s] -- Installing: /workspace/ros2_ws/src/install/interfaz/share/interfaz/cmake/ament_cmake_export_targets-extras.cmake
[3.038s] -- Installing: /workspace/ros2_ws/src/install/interfaz/share/interfaz/cmake/rosidl_cmake_export_typesupport_targets-extras.cmake
[3.038s] -- Installing: /workspace/ros2_ws/src/install/interfaz/share/interfaz/cmake/rosidl_cmake_export_typesupport_libraries-extras.cmake
[3.038s] -- Installing: /workspace/ros2_ws/src/install/interfaz/share/interfaz/cmake/interfazConfig.cmake
[3.038s] -- Up-to-date: /workspace/ros2_ws/src/install/interfaz/share/interfaz/cmake/interfazConfig-version.cmake
[3.038s] -- Installing: /workspace/ros2_ws/src/install/interfaz/share/interfaz/package.xml
[3.041s] Invoked command in '/workspace/ros2_ws/src/build/interfaz' returned '0': CMAKE_PREFIX_PATH=${CMAKE_PREFIX_PATH}:/workspace/ros2_ws/install/servicio_suma:/opt/ros/humble /usr/bin/cmake --install /workspace/ros2_ws/src/build/interfaz
