[0.019s] Invoking command in '/workspace/ros2_ws/build/interfaz_servicio_suma': CMAKE_PREFIX_PATH=${CMAKE_PREFIX_PATH}:/workspace/ros2_ws/install/servicio_suma:/workspace/ros2_ws/install/primer_paquete:/workspace/ros2_ws/install/p2pkg:/opt/ros/humble /usr/bin/cmake --build /workspace/ros2_ws/build/interfaz_servicio_suma -- -j8 -l8
[0.086s] [  3%] Built target interfaz_servicio_suma__cpp
[0.100s] [ 12%] Built target interfaz_servicio_suma__rosidl_generator_c
[0.138s] [ 22%] Built target interfaz_servicio_suma__rosidl_typesupport_introspection_cpp
[0.149s] [ 32%] Built target interfaz_servicio_suma__rosidl_typesupport_cpp
[0.150s] [ 32%] Built target ament_cmake_python_copy_interfaz_servicio_suma
[0.157s] [ 51%] Built target interfaz_servicio_suma__rosidl_typesupport_fastrtps_cpp
[0.160s] [ 51%] Built target interfaz_servicio_suma__rosidl_typesupport_fastrtps_c
[0.163s] [ 61%] Built target interfaz_servicio_suma__rosidl_typesupport_c
[0.163s] [ 70%] Built target interfaz_servicio_suma__rosidl_typesupport_introspection_c
[0.184s] [ 70%] Built target interfaz_servicio_suma
[0.208s] [ 74%] Built target interfaz_servicio_suma__py
[0.230s] [ 80%] Built target interfaz_servicio_suma__rosidl_generator_py
[0.258s] [ 87%] Built target interfaz_servicio_suma__rosidl_typesupport_c__pyext
[0.259s] [ 93%] Built target interfaz_servicio_suma__rosidl_typesupport_fastrtps_c__pyext
[0.262s] [100%] Built target interfaz_servicio_suma__rosidl_typesupport_introspection_c__pyext
[0.652s] running egg_info
[0.655s] writing interfaz_servicio_suma.egg-info/PKG-INFO
[0.655s] writing dependency_links to interfaz_servicio_suma.egg-info/dependency_links.txt
[0.655s] writing top-level names to interfaz_servicio_suma.egg-info/top_level.txt
[0.659s] reading manifest file 'interfaz_servicio_suma.egg-info/SOURCES.txt'
[0.661s] writing manifest file 'interfaz_servicio_suma.egg-info/SOURCES.txt'
[0.706s] [100%] Built target ament_cmake_python_build_interfaz_servicio_suma_egg
[1.112s] Invoked command in '/workspace/ros2_ws/build/interfaz_servicio_suma' returned '0': CMAKE_PREFIX_PATH=${CMAKE_PREFIX_PATH}:/workspace/ros2_ws/install/servicio_suma:/workspace/ros2_ws/install/primer_paquete:/workspace/ros2_ws/install/p2pkg:/opt/ros/humble /usr/bin/cmake --build /workspace/ros2_ws/build/interfaz_servicio_suma -- -j8 -l8
[1.113s] Invoking command in '/workspace/ros2_ws/build/interfaz_servicio_suma': CMAKE_PREFIX_PATH=${CMAKE_PREFIX_PATH}:/workspace/ros2_ws/install/servicio_suma:/workspace/ros2_ws/install/primer_paquete:/workspace/ros2_ws/install/p2pkg:/opt/ros/humble /usr/bin/cmake --install /workspace/ros2_ws/build/interfaz_servicio_suma
[1.123s] -- Install configuration: ""
[1.123s] -- Up-to-date: /workspace/ros2_ws/install/interfaz_servicio_suma/share/ament_index/resource_index/rosidl_interfaces/interfaz_servicio_suma
[1.123s] -- Up-to-date: /workspace/ros2_ws/install/interfaz_servicio_suma/include/interfaz_servicio_suma/interfaz_servicio_suma
[1.123s] -- Up-to-date: /workspace/ros2_ws/install/interfaz_servicio_suma/include/interfaz_servicio_suma/interfaz_servicio_suma/srv
[1.123s] -- Up-to-date: /workspace/ros2_ws/install/interfaz_servicio_suma/include/interfaz_servicio_suma/interfaz_servicio_suma/srv/add_two_ints.h
[1.123s] -- Up-to-date: /workspace/ros2_ws/install/interfaz_servicio_suma/include/interfaz_servicio_suma/interfaz_servicio_suma/srv/detail
[1.123s] -- Up-to-date: /workspace/ros2_ws/install/interfaz_servicio_suma/include/interfaz_servicio_suma/interfaz_servicio_suma/srv/detail/add_two_ints__functions.c
[1.123s] -- Up-to-date: /workspace/ros2_ws/install/interfaz_servicio_suma/include/interfaz_servicio_suma/interfaz_servicio_suma/srv/detail/add_two_ints__functions.h
[1.124s] -- Up-to-date: /workspace/ros2_ws/install/interfaz_servicio_suma/include/interfaz_servicio_suma/interfaz_servicio_suma/srv/detail/add_two_ints__type_support.h
[1.124s] -- Up-to-date: /workspace/ros2_ws/install/interfaz_servicio_suma/include/interfaz_servicio_suma/interfaz_servicio_suma/srv/detail/add_two_ints__struct.h
[1.124s] -- Up-to-date: /workspace/ros2_ws/install/interfaz_servicio_suma/include/interfaz_servicio_suma/interfaz_servicio_suma/msg
[1.124s] -- Up-to-date: /workspace/ros2_ws/install/interfaz_servicio_suma/include/interfaz_servicio_suma/interfaz_servicio_suma/msg/rosidl_generator_c__visibility_control.h
[1.124s] -- Up-to-date: /workspace/ros2_ws/install/interfaz_servicio_suma/share/interfaz_servicio_suma/environment/library_path.sh
[1.124s] -- Up-to-date: /workspace/ros2_ws/install/interfaz_servicio_suma/share/interfaz_servicio_suma/environment/library_path.dsv
[1.124s] -- Up-to-date: /workspace/ros2_ws/install/interfaz_servicio_suma/lib/libinterfaz_servicio_suma__rosidl_generator_c.so
[1.124s] -- Up-to-date: /workspace/ros2_ws/install/interfaz_servicio_suma/include/interfaz_servicio_suma/interfaz_servicio_suma
[1.124s] -- Up-to-date: /workspace/ros2_ws/install/interfaz_servicio_suma/include/interfaz_servicio_suma/interfaz_servicio_suma/srv
[1.125s] -- Up-to-date: /workspace/ros2_ws/install/interfaz_servicio_suma/include/interfaz_servicio_suma/interfaz_servicio_suma/srv/detail
[1.127s] -- Up-to-date: /workspace/ros2_ws/install/interfaz_servicio_suma/include/interfaz_servicio_suma/interfaz_servicio_suma/srv/detail/add_two_ints__rosidl_typesupport_fastrtps_c.h
[1.127s] -- Up-to-date: /workspace/ros2_ws/install/interfaz_servicio_suma/include/interfaz_servicio_suma/interfaz_servicio_suma/msg
[1.127s] -- Up-to-date: /workspace/ros2_ws/install/interfaz_servicio_suma/include/interfaz_servicio_suma/interfaz_servicio_suma/msg/rosidl_typesupport_fastrtps_c__visibility_control.h
[1.127s] -- Up-to-date: /workspace/ros2_ws/install/interfaz_servicio_suma/lib/libinterfaz_servicio_suma__rosidl_typesupport_fastrtps_c.so
[1.127s] -- Up-to-date: /workspace/ros2_ws/install/interfaz_servicio_suma/include/interfaz_servicio_suma/interfaz_servicio_suma
[1.127s] -- Up-to-date: /workspace/ros2_ws/install/interfaz_servicio_suma/include/interfaz_servicio_suma/interfaz_servicio_suma/srv
[1.128s] -- Up-to-date: /workspace/ros2_ws/install/interfaz_servicio_suma/include/interfaz_servicio_suma/interfaz_servicio_suma/srv/add_two_ints.hpp
[1.128s] -- Up-to-date: /workspace/ros2_ws/install/interfaz_servicio_suma/include/interfaz_servicio_suma/interfaz_servicio_suma/srv/detail
[1.128s] -- Up-to-date: /workspace/ros2_ws/install/interfaz_servicio_suma/include/interfaz_servicio_suma/interfaz_servicio_suma/srv/detail/add_two_ints__builder.hpp
[1.128s] -- Up-to-date: /workspace/ros2_ws/install/interfaz_servicio_suma/include/interfaz_servicio_suma/interfaz_servicio_suma/srv/detail/add_two_ints__type_support.hpp
[1.128s] -- Up-to-date: /workspace/ros2_ws/install/interfaz_servicio_suma/include/interfaz_servicio_suma/interfaz_servicio_suma/srv/detail/add_two_ints__struct.hpp
[1.128s] -- Up-to-date: /workspace/ros2_ws/install/interfaz_servicio_suma/include/interfaz_servicio_suma/interfaz_servicio_suma/srv/detail/add_two_ints__traits.hpp
[1.128s] -- Up-to-date: /workspace/ros2_ws/install/interfaz_servicio_suma/include/interfaz_servicio_suma/interfaz_servicio_suma/msg
[1.129s] -- Up-to-date: /workspace/ros2_ws/install/interfaz_servicio_suma/include/interfaz_servicio_suma/interfaz_servicio_suma/msg/rosidl_generator_cpp__visibility_control.hpp
[1.129s] -- Up-to-date: /workspace/ros2_ws/install/interfaz_servicio_suma/include/interfaz_servicio_suma/interfaz_servicio_suma
[1.129s] -- Up-to-date: /workspace/ros2_ws/install/interfaz_servicio_suma/include/interfaz_servicio_suma/interfaz_servicio_suma/srv
[1.129s] -- Up-to-date: /workspace/ros2_ws/install/interfaz_servicio_suma/include/interfaz_servicio_suma/interfaz_servicio_suma/srv/detail
[1.129s] -- Up-to-date: /workspace/ros2_ws/install/interfaz_servicio_suma/include/interfaz_servicio_suma/interfaz_servicio_suma/srv/detail/add_two_ints__rosidl_typesupport_fastrtps_cpp.hpp
[1.129s] -- Up-to-date: /workspace/ros2_ws/install/interfaz_servicio_suma/include/interfaz_servicio_suma/interfaz_servicio_suma/srv/detail/dds_fastrtps
[1.130s] -- Up-to-date: /workspace/ros2_ws/install/interfaz_servicio_suma/include/interfaz_servicio_suma/interfaz_servicio_suma/msg
[1.130s] -- Up-to-date: /workspace/ros2_ws/install/interfaz_servicio_suma/include/interfaz_servicio_suma/interfaz_servicio_suma/msg/rosidl_typesupport_fastrtps_cpp__visibility_control.h
[1.130s] -- Up-to-date: /workspace/ros2_ws/install/interfaz_servicio_suma/lib/libinterfaz_servicio_suma__rosidl_typesupport_fastrtps_cpp.so
[1.130s] -- Up-to-date: /workspace/ros2_ws/install/interfaz_servicio_suma/include/interfaz_servicio_suma/interfaz_servicio_suma
[1.130s] -- Up-to-date: /workspace/ros2_ws/install/interfaz_servicio_suma/include/interfaz_servicio_suma/interfaz_servicio_suma/srv
[1.130s] -- Up-to-date: /workspace/ros2_ws/install/interfaz_servicio_suma/include/interfaz_servicio_suma/interfaz_servicio_suma/srv/detail
[1.130s] -- Up-to-date: /workspace/ros2_ws/install/interfaz_servicio_suma/include/interfaz_servicio_suma/interfaz_servicio_suma/srv/detail/add_two_ints__type_support.c
[1.130s] -- Up-to-date: /workspace/ros2_ws/install/interfaz_servicio_suma/include/interfaz_servicio_suma/interfaz_servicio_suma/srv/detail/add_two_ints__rosidl_typesupport_introspection_c.h
[1.130s] -- Up-to-date: /workspace/ros2_ws/install/interfaz_servicio_suma/include/interfaz_servicio_suma/interfaz_servicio_suma/msg
[1.131s] -- Up-to-date: /workspace/ros2_ws/install/interfaz_servicio_suma/include/interfaz_servicio_suma/interfaz_servicio_suma/msg/rosidl_typesupport_introspection_c__visibility_control.h
[1.131s] -- Up-to-date: /workspace/ros2_ws/install/interfaz_servicio_suma/lib/libinterfaz_servicio_suma__rosidl_typesupport_introspection_c.so
[1.131s] -- Up-to-date: /workspace/ros2_ws/install/interfaz_servicio_suma/lib/libinterfaz_servicio_suma__rosidl_typesupport_c.so
[1.131s] -- Up-to-date: /workspace/ros2_ws/install/interfaz_servicio_suma/include/interfaz_servicio_suma/interfaz_servicio_suma
[1.131s] -- Up-to-date: /workspace/ros2_ws/install/interfaz_servicio_suma/include/interfaz_servicio_suma/interfaz_servicio_suma/srv
[1.131s] -- Up-to-date: /workspace/ros2_ws/install/interfaz_servicio_suma/include/interfaz_servicio_suma/interfaz_servicio_suma/srv/detail
[1.131s] -- Up-to-date: /workspace/ros2_ws/install/interfaz_servicio_suma/include/interfaz_servicio_suma/interfaz_servicio_suma/srv/detail/add_two_ints__type_support.cpp
[1.131s] -- Up-to-date: /workspace/ros2_ws/install/interfaz_servicio_suma/include/interfaz_servicio_suma/interfaz_servicio_suma/srv/detail/add_two_ints__rosidl_typesupport_introspection_cpp.hpp
[1.132s] -- Up-to-date: /workspace/ros2_ws/install/interfaz_servicio_suma/lib/libinterfaz_servicio_suma__rosidl_typesupport_introspection_cpp.so
[1.132s] -- Up-to-date: /workspace/ros2_ws/install/interfaz_servicio_suma/lib/libinterfaz_servicio_suma__rosidl_typesupport_cpp.so
[1.132s] -- Up-to-date: /workspace/ros2_ws/install/interfaz_servicio_suma/share/interfaz_servicio_suma/environment/pythonpath.sh
[1.132s] -- Up-to-date: /workspace/ros2_ws/install/interfaz_servicio_suma/share/interfaz_servicio_suma/environment/pythonpath.dsv
[1.132s] -- Up-to-date: /workspace/ros2_ws/install/interfaz_servicio_suma/local/lib/python3.10/dist-packages/interfaz_servicio_suma-0.0.0-py3.10.egg-info
[1.132s] -- Installing: /workspace/ros2_ws/install/interfaz_servicio_suma/local/lib/python3.10/dist-packages/interfaz_servicio_suma-0.0.0-py3.10.egg-info/PKG-INFO
[1.132s] -- Installing: /workspace/ros2_ws/install/interfaz_servicio_suma/local/lib/python3.10/dist-packages/interfaz_servicio_suma-0.0.0-py3.10.egg-info/dependency_links.txt
[1.132s] -- Installing: /workspace/ros2_ws/install/interfaz_servicio_suma/local/lib/python3.10/dist-packages/interfaz_servicio_suma-0.0.0-py3.10.egg-info/SOURCES.txt
[1.133s] -- Installing: /workspace/ros2_ws/install/interfaz_servicio_suma/local/lib/python3.10/dist-packages/interfaz_servicio_suma-0.0.0-py3.10.egg-info/top_level.txt
[1.133s] -- Up-to-date: /workspace/ros2_ws/install/interfaz_servicio_suma/local/lib/python3.10/dist-packages/interfaz_servicio_suma
[1.133s] -- Up-to-date: /workspace/ros2_ws/install/interfaz_servicio_suma/local/lib/python3.10/dist-packages/interfaz_servicio_suma/_interfaz_servicio_suma_s.ep.rosidl_typesupport_c.c
[1.133s] -- Up-to-date: /workspace/ros2_ws/install/interfaz_servicio_suma/local/lib/python3.10/dist-packages/interfaz_servicio_suma/interfaz_servicio_suma_s__rosidl_typesupport_c.cpython-310-x86_64-linux-gnu.so
[1.133s] -- Up-to-date: /workspace/ros2_ws/install/interfaz_servicio_suma/local/lib/python3.10/dist-packages/interfaz_servicio_suma/__init__.py
[1.133s] -- Up-to-date: /workspace/ros2_ws/install/interfaz_servicio_suma/local/lib/python3.10/dist-packages/interfaz_servicio_suma/_interfaz_servicio_suma_s.ep.rosidl_typesupport_fastrtps_c.c
[1.133s] -- Up-to-date: /workspace/ros2_ws/install/interfaz_servicio_suma/local/lib/python3.10/dist-packages/interfaz_servicio_suma/_interfaz_servicio_suma_s.ep.rosidl_typesupport_introspection_c.c
[1.133s] -- Up-to-date: /workspace/ros2_ws/install/interfaz_servicio_suma/local/lib/python3.10/dist-packages/interfaz_servicio_suma/srv
[1.133s] -- Up-to-date: /workspace/ros2_ws/install/interfaz_servicio_suma/local/lib/python3.10/dist-packages/interfaz_servicio_suma/srv/__init__.py
[1.134s] -- Up-to-date: /workspace/ros2_ws/install/interfaz_servicio_suma/local/lib/python3.10/dist-packages/interfaz_servicio_suma/srv/_add_two_ints.py
[1.134s] -- Up-to-date: /workspace/ros2_ws/install/interfaz_servicio_suma/local/lib/python3.10/dist-packages/interfaz_servicio_suma/srv/_add_two_ints_s.c
[1.134s] -- Up-to-date: /workspace/ros2_ws/install/interfaz_servicio_suma/local/lib/python3.10/dist-packages/interfaz_servicio_suma/libinterfaz_servicio_suma__rosidl_generator_py.so
[1.134s] -- Up-to-date: /workspace/ros2_ws/install/interfaz_servicio_suma/local/lib/python3.10/dist-packages/interfaz_servicio_suma/interfaz_servicio_suma_s__rosidl_typesupport_introspection_c.cpython-310-x86_64-linux-gnu.so
[1.134s] -- Up-to-date: /workspace/ros2_ws/install/interfaz_servicio_suma/local/lib/python3.10/dist-packages/interfaz_servicio_suma/interfaz_servicio_suma_s__rosidl_typesupport_fastrtps_c.cpython-310-x86_64-linux-gnu.so
[1.179s] Listing '/workspace/ros2_ws/install/interfaz_servicio_suma/local/lib/python3.10/dist-packages/interfaz_servicio_suma'...
[1.179s] Listing '/workspace/ros2_ws/install/interfaz_servicio_suma/local/lib/python3.10/dist-packages/interfaz_servicio_suma/srv'...
[1.185s] -- Up-to-date: /workspace/ros2_ws/install/interfaz_servicio_suma/local/lib/python3.10/dist-packages/interfaz_servicio_suma/interfaz_servicio_suma_s__rosidl_typesupport_fastrtps_c.cpython-310-x86_64-linux-gnu.so
[1.185s] -- Up-to-date: /workspace/ros2_ws/install/interfaz_servicio_suma/local/lib/python3.10/dist-packages/interfaz_servicio_suma/interfaz_servicio_suma_s__rosidl_typesupport_introspection_c.cpython-310-x86_64-linux-gnu.so
[1.186s] -- Up-to-date: /workspace/ros2_ws/install/interfaz_servicio_suma/local/lib/python3.10/dist-packages/interfaz_servicio_suma/interfaz_servicio_suma_s__rosidl_typesupport_c.cpython-310-x86_64-linux-gnu.so
[1.186s] -- Up-to-date: /workspace/ros2_ws/install/interfaz_servicio_suma/lib/libinterfaz_servicio_suma__rosidl_generator_py.so
[1.187s] -- Up-to-date: /workspace/ros2_ws/install/interfaz_servicio_suma/share/interfaz_servicio_suma/srv/AddTwoInts.idl
[1.187s] -- Up-to-date: /workspace/ros2_ws/install/interfaz_servicio_suma/share/interfaz_servicio_suma/srv/AddTwoInts.srv
[1.187s] -- Up-to-date: /workspace/ros2_ws/install/interfaz_servicio_suma/share/interfaz_servicio_suma/srv/AddTwoInts_Request.msg
[1.188s] -- Up-to-date: /workspace/ros2_ws/install/interfaz_servicio_suma/share/interfaz_servicio_suma/srv/AddTwoInts_Response.msg
[1.188s] -- Up-to-date: /workspace/ros2_ws/install/interfaz_servicio_suma/share/ament_index/resource_index/package_run_dependencies/interfaz_servicio_suma
[1.188s] -- Up-to-date: /workspace/ros2_ws/install/interfaz_servicio_suma/share/ament_index/resource_index/parent_prefix_path/interfaz_servicio_suma
[1.188s] -- Up-to-date: /workspace/ros2_ws/install/interfaz_servicio_suma/share/interfaz_servicio_suma/environment/ament_prefix_path.sh
[1.188s] -- Up-to-date: /workspace/ros2_ws/install/interfaz_servicio_suma/share/interfaz_servicio_suma/environment/ament_prefix_path.dsv
[1.188s] -- Up-to-date: /workspace/ros2_ws/install/interfaz_servicio_suma/share/interfaz_servicio_suma/environment/path.sh
[1.188s] -- Up-to-date: /workspace/ros2_ws/install/interfaz_servicio_suma/share/interfaz_servicio_suma/environment/path.dsv
[1.189s] -- Up-to-date: /workspace/ros2_ws/install/interfaz_servicio_suma/share/interfaz_servicio_suma/local_setup.bash
[1.189s] -- Up-to-date: /workspace/ros2_ws/install/interfaz_servicio_suma/share/interfaz_servicio_suma/local_setup.sh
[1.189s] -- Up-to-date: /workspace/ros2_ws/install/interfaz_servicio_suma/share/interfaz_servicio_suma/local_setup.zsh
[1.189s] -- Up-to-date: /workspace/ros2_ws/install/interfaz_servicio_suma/share/interfaz_servicio_suma/local_setup.dsv
[1.189s] -- Installing: /workspace/ros2_ws/install/interfaz_servicio_suma/share/interfaz_servicio_suma/package.dsv
[1.189s] -- Up-to-date: /workspace/ros2_ws/install/interfaz_servicio_suma/share/ament_index/resource_index/packages/interfaz_servicio_suma
[1.190s] -- Up-to-date: /workspace/ros2_ws/install/interfaz_servicio_suma/share/interfaz_servicio_suma/cmake/export_interfaz_servicio_suma__rosidl_generator_cExport.cmake
[1.190s] -- Up-to-date: /workspace/ros2_ws/install/interfaz_servicio_suma/share/interfaz_servicio_suma/cmake/export_interfaz_servicio_suma__rosidl_generator_cExport-noconfig.cmake
[1.190s] -- Up-to-date: /workspace/ros2_ws/install/interfaz_servicio_suma/share/interfaz_servicio_suma/cmake/export_interfaz_servicio_suma__rosidl_typesupport_fastrtps_cExport.cmake
[1.190s] -- Up-to-date: /workspace/ros2_ws/install/interfaz_servicio_suma/share/interfaz_servicio_suma/cmake/export_interfaz_servicio_suma__rosidl_typesupport_fastrtps_cExport-noconfig.cmake
[1.190s] -- Up-to-date: /workspace/ros2_ws/install/interfaz_servicio_suma/share/interfaz_servicio_suma/cmake/export_interfaz_servicio_suma__rosidl_generator_cppExport.cmake
[1.190s] -- Up-to-date: /workspace/ros2_ws/install/interfaz_servicio_suma/share/interfaz_servicio_suma/cmake/export_interfaz_servicio_suma__rosidl_typesupport_fastrtps_cppExport.cmake
[1.191s] -- Up-to-date: /workspace/ros2_ws/install/interfaz_servicio_suma/share/interfaz_servicio_suma/cmake/export_interfaz_servicio_suma__rosidl_typesupport_fastrtps_cppExport-noconfig.cmake
[1.191s] -- Up-to-date: /workspace/ros2_ws/install/interfaz_servicio_suma/share/interfaz_servicio_suma/cmake/interfaz_servicio_suma__rosidl_typesupport_introspection_cExport.cmake
[1.191s] -- Up-to-date: /workspace/ros2_ws/install/interfaz_servicio_suma/share/interfaz_servicio_suma/cmake/interfaz_servicio_suma__rosidl_typesupport_introspection_cExport-noconfig.cmake
[1.191s] -- Up-to-date: /workspace/ros2_ws/install/interfaz_servicio_suma/share/interfaz_servicio_suma/cmake/interfaz_servicio_suma__rosidl_typesupport_cExport.cmake
[1.191s] -- Up-to-date: /workspace/ros2_ws/install/interfaz_servicio_suma/share/interfaz_servicio_suma/cmake/interfaz_servicio_suma__rosidl_typesupport_cExport-noconfig.cmake
[1.191s] -- Up-to-date: /workspace/ros2_ws/install/interfaz_servicio_suma/share/interfaz_servicio_suma/cmake/interfaz_servicio_suma__rosidl_typesupport_introspection_cppExport.cmake
[1.191s] -- Up-to-date: /workspace/ros2_ws/install/interfaz_servicio_suma/share/interfaz_servicio_suma/cmake/interfaz_servicio_suma__rosidl_typesupport_introspection_cppExport-noconfig.cmake
[1.192s] -- Up-to-date: /workspace/ros2_ws/install/interfaz_servicio_suma/share/interfaz_servicio_suma/cmake/interfaz_servicio_suma__rosidl_typesupport_cppExport.cmake
[1.192s] -- Up-to-date: /workspace/ros2_ws/install/interfaz_servicio_suma/share/interfaz_servicio_suma/cmake/interfaz_servicio_suma__rosidl_typesupport_cppExport-noconfig.cmake
[1.192s] -- Up-to-date: /workspace/ros2_ws/install/interfaz_servicio_suma/share/interfaz_servicio_suma/cmake/export_interfaz_servicio_suma__rosidl_generator_pyExport.cmake
[1.192s] -- Up-to-date: /workspace/ros2_ws/install/interfaz_servicio_suma/share/interfaz_servicio_suma/cmake/export_interfaz_servicio_suma__rosidl_generator_pyExport-noconfig.cmake
[1.192s] -- Up-to-date: /workspace/ros2_ws/install/interfaz_servicio_suma/share/interfaz_servicio_suma/cmake/rosidl_cmake-extras.cmake
[1.192s] -- Up-to-date: /workspace/ros2_ws/install/interfaz_servicio_suma/share/interfaz_servicio_suma/cmake/ament_cmake_export_dependencies-extras.cmake
[1.192s] -- Up-to-date: /workspace/ros2_ws/install/interfaz_servicio_suma/share/interfaz_servicio_suma/cmake/ament_cmake_export_include_directories-extras.cmake
[1.192s] -- Up-to-date: /workspace/ros2_ws/install/interfaz_servicio_suma/share/interfaz_servicio_suma/cmake/ament_cmake_export_libraries-extras.cmake
[1.193s] -- Up-to-date: /workspace/ros2_ws/install/interfaz_servicio_suma/share/interfaz_servicio_suma/cmake/ament_cmake_export_targets-extras.cmake
[1.193s] -- Up-to-date: /workspace/ros2_ws/install/interfaz_servicio_suma/share/interfaz_servicio_suma/cmake/rosidl_cmake_export_typesupport_targets-extras.cmake
[1.194s] -- Up-to-date: /workspace/ros2_ws/install/interfaz_servicio_suma/share/interfaz_servicio_suma/cmake/rosidl_cmake_export_typesupport_libraries-extras.cmake
[1.195s] -- Up-to-date: /workspace/ros2_ws/install/interfaz_servicio_suma/share/interfaz_servicio_suma/cmake/interfaz_servicio_sumaConfig.cmake
[1.199s] -- Up-to-date: /workspace/ros2_ws/install/interfaz_servicio_suma/share/interfaz_servicio_suma/cmake/interfaz_servicio_sumaConfig-version.cmake
[1.199s] -- Up-to-date: /workspace/ros2_ws/install/interfaz_servicio_suma/share/interfaz_servicio_suma/package.xml
[1.199s] Invoked command in '/workspace/ros2_ws/build/interfaz_servicio_suma' returned '0': CMAKE_PREFIX_PATH=${CMAKE_PREFIX_PATH}:/workspace/ros2_ws/install/servicio_suma:/workspace/ros2_ws/install/primer_paquete:/workspace/ros2_ws/install/p2pkg:/opt/ros/humble /usr/bin/cmake --install /workspace/ros2_ws/build/interfaz_servicio_suma
