[1.366s] Invoking command in '/workspace/ros2_ws/src/mi_accion': PYTHONPATH=/workspace/ros2_ws/build/mi_accion/prefix_override:/usr/lib/python3/dist-packages/colcon_core/task/python/colcon_distutils_commands:/workspace/ros2_ws/install/mi_accion/lib/python3.10/site-packages:${PYTHONPATH} /usr/bin/python3 -W ignore:setup.py install is deprecated -W ignore:easy_install command is deprecated setup.py egg_info --egg-base ../../build/mi_accion build --build-base /workspace/ros2_ws/build/mi_accion/build install --record /workspace/ros2_ws/build/mi_accion/install.log --single-version-externally-managed install_data
[1.644s] running egg_info
[1.644s] writing ../../build/mi_accion/mi_accion.egg-info/PKG-INFO
[1.645s] writing dependency_links to ../../build/mi_accion/mi_accion.egg-info/dependency_links.txt
[1.645s] writing entry points to ../../build/mi_accion/mi_accion.egg-info/entry_points.txt
[1.645s] writing requirements to ../../build/mi_accion/mi_accion.egg-info/requires.txt
[1.645s] writing top-level names to ../../build/mi_accion/mi_accion.egg-info/top_level.txt
[1.647s] reading manifest file '../../build/mi_accion/mi_accion.egg-info/SOURCES.txt'
[1.647s] adding license file 'LICENSE'
[1.647s] writing manifest file '../../build/mi_accion/mi_accion.egg-info/SOURCES.txt'
[1.648s] running build
[1.648s] running build_py
[1.648s] copying mi_accion/ejercicio_fibServer.py -> /workspace/ros2_ws/build/mi_accion/build/lib/mi_accion
[1.648s] copying mi_accion/ejercicio_fibClient.py -> /workspace/ros2_ws/build/mi_accion/build/lib/mi_accion
[1.648s] running install
[1.649s] running install_lib
[1.650s] copying /workspace/ros2_ws/build/mi_accion/build/lib/mi_accion/ejercicio_fibServer.py -> /workspace/ros2_ws/install/mi_accion/lib/python3.10/site-packages/mi_accion
[1.650s] copying /workspace/ros2_ws/build/mi_accion/build/lib/mi_accion/ejercicio_fibClient.py -> /workspace/ros2_ws/install/mi_accion/lib/python3.10/site-packages/mi_accion
[1.651s] byte-compiling /workspace/ros2_ws/install/mi_accion/lib/python3.10/site-packages/mi_accion/ejercicio_fibServer.py to ejercicio_fibServer.cpython-310.pyc
[1.651s] byte-compiling /workspace/ros2_ws/install/mi_accion/lib/python3.10/site-packages/mi_accion/ejercicio_fibClient.py to ejercicio_fibClient.cpython-310.pyc
[1.652s] running install_data
[1.652s] running install_egg_info
[1.656s] removing '/workspace/ros2_ws/install/mi_accion/lib/python3.10/site-packages/mi_accion-0.0.0-py3.10.egg-info' (and everything under it)
[1.656s] Copying ../../build/mi_accion/mi_accion.egg-info to /workspace/ros2_ws/install/mi_accion/lib/python3.10/site-packages/mi_accion-0.0.0-py3.10.egg-info
[1.656s] running install_scripts
[1.677s] Installing client script to /workspace/ros2_ws/install/mi_accion/lib/mi_accion
[1.677s] Installing ej_fibClient script to /workspace/ros2_ws/install/mi_accion/lib/mi_accion
[1.677s] Installing ej_fibServer script to /workspace/ros2_ws/install/mi_accion/lib/mi_accion
[1.678s] Installing server script to /workspace/ros2_ws/install/mi_accion/lib/mi_accion
[1.678s] writing list of installed files to '/workspace/ros2_ws/build/mi_accion/install.log'
[1.714s] Invoked command in '/workspace/ros2_ws/src/mi_accion' returned '0': PYTHONPATH=/workspace/ros2_ws/build/mi_accion/prefix_override:/usr/lib/python3/dist-packages/colcon_core/task/python/colcon_distutils_commands:/workspace/ros2_ws/install/mi_accion/lib/python3.10/site-packages:${PYTHONPATH} /usr/bin/python3 -W ignore:setup.py install is deprecated -W ignore:easy_install command is deprecated setup.py egg_info --egg-base ../../build/mi_accion build --build-base /workspace/ros2_ws/build/mi_accion/build install --record /workspace/ros2_ws/build/mi_accion/install.log --single-version-externally-managed install_data
