[0.011s] Invoking command in '/workspace/ros2_ws/src/build/interfaz': CMAKE_PREFIX_PATH=/workspace/ros2_ws/install/servicio_suma:/opt/ros/humble /usr/bin/cmake /workspace/ros2_ws/src/interfaz -DCMAKE_INSTALL_PREFIX=/workspace/ros2_ws/src/install/interfaz
[0.184s] -- The C compiler identification is GNU 11.4.0
[0.271s] -- The CXX compiler identification is GNU 11.4.0
[0.281s] -- Detecting C compiler ABI info
[0.353s] -- Detecting C compiler ABI info - done
[0.361s] -- Check for working C compiler: /usr/bin/cc - skipped
[0.362s] -- Detecting C compile features
[0.362s] -- Detecting C compile features - done
[0.366s] -- Detecting CXX compiler ABI info
[0.448s] -- Detecting CXX compiler ABI info - done
[0.456s] -- Check for working CXX compiler: /usr/bin/c++ - skipped
[0.457s] -- Detecting CXX compile features
[0.457s] -- Detecting CXX compile features - done
[0.469s] -- Found ament_cmake: 1.3.12 (/opt/ros/humble/share/ament_cmake/cmake)
[0.619s] -- Found Python3: /usr/bin/python3 (found version "3.10.12") found components: Interpreter 
[0.720s] -- Found ament_lint_auto: 0.12.14 (/opt/ros/humble/share/ament_lint_auto/cmake)
[0.801s] -- Added test 'lint_cmake' to check CMake code style
[0.804s] -- Added test 'xmllint' to check XML markup files
[0.806s] -- Configuring done
[0.810s] -- Generating done
[0.813s] -- Build files have been written to: /workspace/ros2_ws/src/build/interfaz
[0.817s] Invoked command in '/workspace/ros2_ws/src/build/interfaz' returned '0': CMAKE_PREFIX_PATH=/workspace/ros2_ws/install/servicio_suma:/opt/ros/humble /usr/bin/cmake /workspace/ros2_ws/src/interfaz -DCMAKE_INSTALL_PREFIX=/workspace/ros2_ws/src/install/interfaz
[0.819s] Invoking command in '/workspace/ros2_ws/src/build/interfaz': CMAKE_PREFIX_PATH=/workspace/ros2_ws/install/servicio_suma:/opt/ros/humble /usr/bin/cmake --build /workspace/ros2_ws/src/build/interfaz -- -j8 -l8
[0.852s] Invoked command in '/workspace/ros2_ws/src/build/interfaz' returned '0': CMAKE_PREFIX_PATH=/workspace/ros2_ws/install/servicio_suma:/opt/ros/humble /usr/bin/cmake --build /workspace/ros2_ws/src/build/interfaz -- -j8 -l8
[0.861s] Invoking command in '/workspace/ros2_ws/src/build/interfaz': CMAKE_PREFIX_PATH=/workspace/ros2_ws/install/servicio_suma:/opt/ros/humble /usr/bin/cmake --install /workspace/ros2_ws/src/build/interfaz
[0.868s] -- Install configuration: ""
[0.868s] -- Installing: /workspace/ros2_ws/src/install/interfaz/share/ament_index/resource_index/package_run_dependencies/interfaz
[0.868s] -- Installing: /workspace/ros2_ws/src/install/interfaz/share/ament_index/resource_index/parent_prefix_path/interfaz
[0.868s] -- Installing: /workspace/ros2_ws/src/install/interfaz/share/interfaz/environment/ament_prefix_path.sh
[0.868s] -- Installing: /workspace/ros2_ws/src/install/interfaz/share/interfaz/environment/ament_prefix_path.dsv
[0.869s] -- Installing: /workspace/ros2_ws/src/install/interfaz/share/interfaz/environment/path.sh
[0.869s] -- Installing: /workspace/ros2_ws/src/install/interfaz/share/interfaz/environment/path.dsv
[0.869s] -- Installing: /workspace/ros2_ws/src/install/interfaz/share/interfaz/local_setup.bash
[0.869s] -- Installing: /workspace/ros2_ws/src/install/interfaz/share/interfaz/local_setup.sh
[0.869s] -- Installing: /workspace/ros2_ws/src/install/interfaz/share/interfaz/local_setup.zsh
[0.869s] -- Installing: /workspace/ros2_ws/src/install/interfaz/share/interfaz/local_setup.dsv
[0.869s] -- Installing: /workspace/ros2_ws/src/install/interfaz/share/interfaz/package.dsv
[0.869s] -- Installing: /workspace/ros2_ws/src/install/interfaz/share/ament_index/resource_index/packages/interfaz
[0.870s] -- Installing: /workspace/ros2_ws/src/install/interfaz/share/interfaz/cmake/interfazConfig.cmake
[0.870s] -- Installing: /workspace/ros2_ws/src/install/interfaz/share/interfaz/cmake/interfazConfig-version.cmake
[0.870s] -- Installing: /workspace/ros2_ws/src/install/interfaz/share/interfaz/package.xml
[0.872s] Invoked command in '/workspace/ros2_ws/src/build/interfaz' returned '0': CMAKE_PREFIX_PATH=/workspace/ros2_ws/install/servicio_suma:/opt/ros/humble /usr/bin/cmake --install /workspace/ros2_ws/src/build/interfaz
