[1.897s] Invoking command in '/workspace/ros2_ws/src/battery_act': PYTHONPATH=/workspace/ros2_ws/build/battery_act/prefix_override:/usr/lib/python3/dist-packages/colcon_core/task/python/colcon_distutils_commands:/workspace/ros2_ws/install/battery_act/lib/python3.10/site-packages:${PYTHONPATH} /usr/bin/python3 -W ignore:setup.py install is deprecated -W ignore:easy_install command is deprecated setup.py egg_info --egg-base ../../build/battery_act build --build-base /workspace/ros2_ws/build/battery_act/build install --record /workspace/ros2_ws/build/battery_act/install.log --single-version-externally-managed install_data
[2.191s] running egg_info
[2.191s] creating ../../build/battery_act/battery_act.egg-info
[2.191s] writing ../../build/battery_act/battery_act.egg-info/PKG-INFO
[2.192s] writing dependency_links to ../../build/battery_act/battery_act.egg-info/dependency_links.txt
[2.192s] writing entry points to ../../build/battery_act/battery_act.egg-info/entry_points.txt
[2.192s] writing requirements to ../../build/battery_act/battery_act.egg-info/requires.txt
[2.192s] writing top-level names to ../../build/battery_act/battery_act.egg-info/top_level.txt
[2.192s] writing manifest file '../../build/battery_act/battery_act.egg-info/SOURCES.txt'
[2.194s] reading manifest file '../../build/battery_act/battery_act.egg-info/SOURCES.txt'
[2.194s] adding license file 'LICENSE'
[2.195s] writing manifest file '../../build/battery_act/battery_act.egg-info/SOURCES.txt'
[2.195s] running build
[2.195s] running build_py
[2.195s] creating /workspace/ros2_ws/build/battery_act/build
[2.195s] creating /workspace/ros2_ws/build/battery_act/build/lib
[2.196s] creating /workspace/ros2_ws/build/battery_act/build/lib/battery_act
[2.196s] copying battery_act/__init__.py -> /workspace/ros2_ws/build/battery_act/build/lib/battery_act
[2.196s] copying battery_act/battery_client.py -> /workspace/ros2_ws/build/battery_act/build/lib/battery_act
[2.196s] copying battery_act/battery_server.py -> /workspace/ros2_ws/build/battery_act/build/lib/battery_act
[2.196s] running install
[2.196s] running install_lib
[2.197s] creating /workspace/ros2_ws/install/battery_act/lib/python3.10/site-packages/battery_act
[2.198s] copying /workspace/ros2_ws/build/battery_act/build/lib/battery_act/__init__.py -> /workspace/ros2_ws/install/battery_act/lib/python3.10/site-packages/battery_act
[2.198s] copying /workspace/ros2_ws/build/battery_act/build/lib/battery_act/battery_client.py -> /workspace/ros2_ws/install/battery_act/lib/python3.10/site-packages/battery_act
[2.198s] copying /workspace/ros2_ws/build/battery_act/build/lib/battery_act/battery_server.py -> /workspace/ros2_ws/install/battery_act/lib/python3.10/site-packages/battery_act
[2.199s] byte-compiling /workspace/ros2_ws/install/battery_act/lib/python3.10/site-packages/battery_act/__init__.py to __init__.cpython-310.pyc
[2.199s] byte-compiling /workspace/ros2_ws/install/battery_act/lib/python3.10/site-packages/battery_act/battery_client.py to battery_client.cpython-310.pyc
[2.202s] byte-compiling /workspace/ros2_ws/install/battery_act/lib/python3.10/site-packages/battery_act/battery_server.py to battery_server.cpython-310.pyc
[2.202s] running install_data
[2.202s] creating /workspace/ros2_ws/install/battery_act/share/ament_index
[2.202s] creating /workspace/ros2_ws/install/battery_act/share/ament_index/resource_index
[2.202s] creating /workspace/ros2_ws/install/battery_act/share/ament_index/resource_index/packages
[2.203s] copying resource/battery_act -> /workspace/ros2_ws/install/battery_act/share/ament_index/resource_index/packages
[2.203s] copying package.xml -> /workspace/ros2_ws/install/battery_act/share/battery_act
[2.206s] running install_egg_info
[2.207s] Copying ../../build/battery_act/battery_act.egg-info to /workspace/ros2_ws/install/battery_act/lib/python3.10/site-packages/battery_act-0.0.0-py3.10.egg-info
[2.208s] running install_scripts
[2.229s] Installing client script to /workspace/ros2_ws/install/battery_act/lib/battery_act
[2.229s] Installing server script to /workspace/ros2_ws/install/battery_act/lib/battery_act
[2.229s] writing list of installed files to '/workspace/ros2_ws/build/battery_act/install.log'
[2.269s] Invoked command in '/workspace/ros2_ws/src/battery_act' returned '0': PYTHONPATH=/workspace/ros2_ws/build/battery_act/prefix_override:/usr/lib/python3/dist-packages/colcon_core/task/python/colcon_distutils_commands:/workspace/ros2_ws/install/battery_act/lib/python3.10/site-packages:${PYTHONPATH} /usr/bin/python3 -W ignore:setup.py install is deprecated -W ignore:easy_install command is deprecated setup.py egg_info --egg-base ../../build/battery_act build --build-base /workspace/ros2_ws/build/battery_act/build install --record /workspace/ros2_ws/build/battery_act/install.log --single-version-externally-managed install_data
