[1.377s] Invoking command in '/workspace/ros2_ws/src/mi_accion': PYTHONPATH=/workspace/ros2_ws/build/mi_accion/prefix_override:/usr/lib/python3/dist-packages/colcon_core/task/python/colcon_distutils_commands:/workspace/ros2_ws/install/mi_accion/lib/python3.10/site-packages:${PYTHONPATH} /usr/bin/python3 -W ignore:setup.py install is deprecated -W ignore:easy_install command is deprecated setup.py egg_info --egg-base ../../build/mi_accion build --build-base /workspace/ros2_ws/build/mi_accion/build install --record /workspace/ros2_ws/build/mi_accion/install.log --single-version-externally-managed install_data
[1.630s] running egg_info
[1.631s] writing ../../build/mi_accion/mi_accion.egg-info/PKG-INFO
[1.631s] writing dependency_links to ../../build/mi_accion/mi_accion.egg-info/dependency_links.txt
[1.632s] writing entry points to ../../build/mi_accion/mi_accion.egg-info/entry_points.txt
[1.632s] writing requirements to ../../build/mi_accion/mi_accion.egg-info/requires.txt
[1.632s] writing top-level names to ../../build/mi_accion/mi_accion.egg-info/top_level.txt
[1.635s] reading manifest file '../../build/mi_accion/mi_accion.egg-info/SOURCES.txt'
[1.635s] adding license file 'LICENSE'
[1.636s] writing manifest file '../../build/mi_accion/mi_accion.egg-info/SOURCES.txt'
[1.636s] running build
[1.636s] running build_py
[1.637s] copying mi_accion/ejercicio_fibServer.py -> /workspace/ros2_ws/build/mi_accion/build/lib/mi_accion
[1.637s] running install
[1.638s] running install_lib
[1.640s] copying /workspace/ros2_ws/build/mi_accion/build/lib/mi_accion/ejercicio_fibServer.py -> /workspace/ros2_ws/install/mi_accion/lib/python3.10/site-packages/mi_accion
[1.641s] byte-compiling /workspace/ros2_ws/install/mi_accion/lib/python3.10/site-packages/mi_accion/ejercicio_fibServer.py to ejercicio_fibServer.cpython-310.pyc
[1.641s] running install_data
[1.642s] running install_egg_info
[1.645s] removing '/workspace/ros2_ws/install/mi_accion/lib/python3.10/site-packages/mi_accion-0.0.0-py3.10.egg-info' (and everything under it)
[1.646s] Copying ../../build/mi_accion/mi_accion.egg-info to /workspace/ros2_ws/install/mi_accion/lib/python3.10/site-packages/mi_accion-0.0.0-py3.10.egg-info
[1.647s] running install_scripts
[1.671s] Installing client script to /workspace/ros2_ws/install/mi_accion/lib/mi_accion
[1.671s] Installing ej_fibClient script to /workspace/ros2_ws/install/mi_accion/lib/mi_accion
[1.671s] Installing ej_fibServer script to /workspace/ros2_ws/install/mi_accion/lib/mi_accion
[1.671s] Installing server script to /workspace/ros2_ws/install/mi_accion/lib/mi_accion
[1.672s] writing list of installed files to '/workspace/ros2_ws/build/mi_accion/install.log'
[1.708s] Invoked command in '/workspace/ros2_ws/src/mi_accion' returned '0': PYTHONPATH=/workspace/ros2_ws/build/mi_accion/prefix_override:/usr/lib/python3/dist-packages/colcon_core/task/python/colcon_distutils_commands:/workspace/ros2_ws/install/mi_accion/lib/python3.10/site-packages:${PYTHONPATH} /usr/bin/python3 -W ignore:setup.py install is deprecated -W ignore:easy_install command is deprecated setup.py egg_info --egg-base ../../build/mi_accion build --build-base /workspace/ros2_ws/build/mi_accion/build install --record /workspace/ros2_ws/build/mi_accion/install.log --single-version-externally-managed install_data
