[1.494s] Invoking command in '/workspace/ros2_ws/src/servicio_suma': PYTHONPATH=/workspace/ros2_ws/build/servicio_suma/prefix_override:/usr/lib/python3/dist-packages/colcon_core/task/python/colcon_distutils_commands:/workspace/ros2_ws/install/servicio_suma/lib/python3.10/site-packages:${PYTHONPATH} /usr/bin/python3 -W ignore:setup.py install is deprecated -W ignore:easy_install command is deprecated setup.py egg_info --egg-base ../../build/servicio_suma build --build-base /workspace/ros2_ws/build/servicio_suma/build install --record /workspace/ros2_ws/build/servicio_suma/install.log --single-version-externally-managed install_data
[1.879s] running egg_info
[1.880s] writing ../../build/servicio_suma/servicio_suma.egg-info/PKG-INFO
[1.880s] writing dependency_links to ../../build/servicio_suma/servicio_suma.egg-info/dependency_links.txt
[1.880s] writing entry points to ../../build/servicio_suma/servicio_suma.egg-info/entry_points.txt
[1.881s] writing requirements to ../../build/servicio_suma/servicio_suma.egg-info/requires.txt
[1.881s] writing top-level names to ../../build/servicio_suma/servicio_suma.egg-info/top_level.txt
[1.884s] reading manifest file '../../build/servicio_suma/servicio_suma.egg-info/SOURCES.txt'
[1.884s] adding license file 'LICENSE'
[1.885s] writing manifest file '../../build/servicio_suma/servicio_suma.egg-info/SOURCES.txt'
[1.885s] running build
[1.885s] running build_py
[1.886s] running install
[1.886s] running install_lib
[1.889s] running install_data
[1.889s] running install_egg_info
[1.894s] removing '/workspace/ros2_ws/install/servicio_suma/lib/python3.10/site-packages/servicio_suma-0.0.0-py3.10.egg-info' (and everything under it)
[1.894s] Copying ../../build/servicio_suma/servicio_suma.egg-info to /workspace/ros2_ws/install/servicio_suma/lib/python3.10/site-packages/servicio_suma-0.0.0-py3.10.egg-info
[1.896s] running install_scripts
[1.927s] Installing client script to /workspace/ros2_ws/install/servicio_suma/lib/servicio_suma
[1.927s] Installing server script to /workspace/ros2_ws/install/servicio_suma/lib/servicio_suma
[1.928s] writing list of installed files to '/workspace/ros2_ws/build/servicio_suma/install.log'
[1.961s] Invoked command in '/workspace/ros2_ws/src/servicio_suma' returned '0': PYTHONPATH=/workspace/ros2_ws/build/servicio_suma/prefix_override:/usr/lib/python3/dist-packages/colcon_core/task/python/colcon_distutils_commands:/workspace/ros2_ws/install/servicio_suma/lib/python3.10/site-packages:${PYTHONPATH} /usr/bin/python3 -W ignore:setup.py install is deprecated -W ignore:easy_install command is deprecated setup.py egg_info --egg-base ../../build/servicio_suma build --build-base /workspace/ros2_ws/build/servicio_suma/build install --record /workspace/ros2_ws/build/servicio_suma/install.log --single-version-externally-managed install_data
