[1.898s] Invoking command in '/workspace/ros2_ws/src/mi_accion': PYTHONPATH=/workspace/ros2_ws/build/mi_accion/prefix_override:/usr/lib/python3/dist-packages/colcon_core/task/python/colcon_distutils_commands:/workspace/ros2_ws/install/mi_accion/lib/python3.10/site-packages:${PYTHONPATH} /usr/bin/python3 -W ignore:setup.py install is deprecated -W ignore:easy_install command is deprecated setup.py egg_info --egg-base ../../build/mi_accion build --build-base /workspace/ros2_ws/build/mi_accion/build install --record /workspace/ros2_ws/build/mi_accion/install.log --single-version-externally-managed install_data
[2.241s] running egg_info
[2.242s] writing ../../build/mi_accion/mi_accion.egg-info/PKG-INFO
[2.243s] writing dependency_links to ../../build/mi_accion/mi_accion.egg-info/dependency_links.txt
[2.244s] writing entry points to ../../build/mi_accion/mi_accion.egg-info/entry_points.txt
[2.245s] writing requirements to ../../build/mi_accion/mi_accion.egg-info/requires.txt
[2.246s] writing top-level names to ../../build/mi_accion/mi_accion.egg-info/top_level.txt
[2.249s] reading manifest file '../../build/mi_accion/mi_accion.egg-info/SOURCES.txt'
[2.249s] adding license file 'LICENSE'
[2.251s] writing manifest file '../../build/mi_accion/mi_accion.egg-info/SOURCES.txt'
[2.251s] running build
[2.251s] running build_py
[2.252s] running install
[2.252s] running install_lib
[2.255s] running install_data
[2.255s] running install_egg_info
[2.260s] removing '/workspace/ros2_ws/install/mi_accion/lib/python3.10/site-packages/mi_accion-0.0.0-py3.10.egg-info' (and everything under it)
[2.260s] Copying ../../build/mi_accion/mi_accion.egg-info to /workspace/ros2_ws/install/mi_accion/lib/python3.10/site-packages/mi_accion-0.0.0-py3.10.egg-info
[2.265s] running install_scripts
[2.289s] Installing client script to /workspace/ros2_ws/install/mi_accion/lib/mi_accion
[2.289s] Installing ej_fibClient script to /workspace/ros2_ws/install/mi_accion/lib/mi_accion
[2.290s] Installing ej_fibServer script to /workspace/ros2_ws/install/mi_accion/lib/mi_accion
[2.290s] Installing server script to /workspace/ros2_ws/install/mi_accion/lib/mi_accion
[2.290s] writing list of installed files to '/workspace/ros2_ws/build/mi_accion/install.log'
[2.334s] Invoked command in '/workspace/ros2_ws/src/mi_accion' returned '0': PYTHONPATH=/workspace/ros2_ws/build/mi_accion/prefix_override:/usr/lib/python3/dist-packages/colcon_core/task/python/colcon_distutils_commands:/workspace/ros2_ws/install/mi_accion/lib/python3.10/site-packages:${PYTHONPATH} /usr/bin/python3 -W ignore:setup.py install is deprecated -W ignore:easy_install command is deprecated setup.py egg_info --egg-base ../../build/mi_accion build --build-base /workspace/ros2_ws/build/mi_accion/build install --record /workspace/ros2_ws/build/mi_accion/install.log --single-version-externally-managed install_data
