[0.065s] Invoking command in '/workspace/ros2_ws/build/interfaz': CMAKE_PREFIX_PATH=${CMAKE_PREFIX_PATH}:/workspace/ros2_ws/install/servicio_suma:/workspace/ros2_ws/install/primer_paquete:/workspace/ros2_ws/install/p2pkg:/workspace/ros2_ws/install/mi_accion:/opt/ros/humble /usr/bin/cmake --build /workspace/ros2_ws/build/interfaz -- -j8 -l8
[0.528s] [  2%] Built target interfaz__cpp
[0.530s] [ 12%] Built target interfaz__rosidl_generator_c
[0.530s] [ 12%] Built target ament_cmake_python_copy_interfaz
[0.531s] [ 23%] Built target interfaz__rosidl_typesupport_cpp
[0.531s] [ 34%] Built target interfaz__rosidl_typesupport_fastrtps_cpp
[0.531s] [ 44%] Built target interfaz__rosidl_typesupport_introspection_c
[0.531s] [ 55%] Built target interfaz__rosidl_typesupport_c
[0.531s] [ 65%] Built target interfaz__rosidl_typesupport_fastrtps_c
[0.531s] [ 76%] Built target interfaz__rosidl_typesupport_introspection_cpp
[0.531s] [ 76%] Built target interfaz
[0.531s] [ 78%] Built target interfaz__py
[0.531s] [ 87%] Built target interfaz__rosidl_generator_py
[0.531s] [ 91%] Built target interfaz__rosidl_typesupport_fastrtps_c__pyext
[0.531s] [ 95%] Built target interfaz__rosidl_typesupport_introspection_c__pyext
[0.532s] [100%] Built target interfaz__rosidl_typesupport_c__pyext
[0.593s] running egg_info
[0.594s] writing interfaz.egg-info/PKG-INFO
[0.594s] writing dependency_links to interfaz.egg-info/dependency_links.txt
[0.594s] writing top-level names to interfaz.egg-info/top_level.txt
[0.597s] reading manifest file 'interfaz.egg-info/SOURCES.txt'
[0.598s] writing manifest file 'interfaz.egg-info/SOURCES.txt'
[0.638s] [100%] Built target ament_cmake_python_build_interfaz_egg
[0.863s] Invoked command in '/workspace/ros2_ws/build/interfaz' returned '0': CMAKE_PREFIX_PATH=${CMAKE_PREFIX_PATH}:/workspace/ros2_ws/install/servicio_suma:/workspace/ros2_ws/install/primer_paquete:/workspace/ros2_ws/install/p2pkg:/workspace/ros2_ws/install/mi_accion:/opt/ros/humble /usr/bin/cmake --build /workspace/ros2_ws/build/interfaz -- -j8 -l8
[0.865s] Invoking command in '/workspace/ros2_ws/build/interfaz': CMAKE_PREFIX_PATH=${CMAKE_PREFIX_PATH}:/workspace/ros2_ws/install/servicio_suma:/workspace/ros2_ws/install/primer_paquete:/workspace/ros2_ws/install/p2pkg:/workspace/ros2_ws/install/mi_accion:/opt/ros/humble /usr/bin/cmake --install /workspace/ros2_ws/build/interfaz
[0.878s] -- Install configuration: ""
[0.878s] -- Up-to-date: /workspace/ros2_ws/install/interfaz/share/ament_index/resource_index/rosidl_interfaces/interfaz
[0.878s] -- Up-to-date: /workspace/ros2_ws/install/interfaz/include/interfaz/interfaz
[0.879s] -- Up-to-date: /workspace/ros2_ws/install/interfaz/include/interfaz/interfaz/msg
[0.879s] -- Up-to-date: /workspace/ros2_ws/install/interfaz/include/interfaz/interfaz/msg/detail
[0.880s] -- Up-to-date: /workspace/ros2_ws/install/interfaz/include/interfaz/interfaz/msg/detail/p2pkg_mensaje__functions.c
[0.880s] -- Up-to-date: /workspace/ros2_ws/install/interfaz/include/interfaz/interfaz/msg/detail/p2pkg_mensaje__struct.h
[0.881s] -- Up-to-date: /workspace/ros2_ws/install/interfaz/include/interfaz/interfaz/msg/detail/p2pkg_mensaje__type_support.h
[0.881s] -- Up-to-date: /workspace/ros2_ws/install/interfaz/include/interfaz/interfaz/msg/detail/mi_mensaje__functions.h
[0.881s] -- Up-to-date: /workspace/ros2_ws/install/interfaz/include/interfaz/interfaz/msg/detail/mi_mensaje__type_support.h
[0.881s] -- Up-to-date: /workspace/ros2_ws/install/interfaz/include/interfaz/interfaz/msg/detail/mi_mensaje__functions.c
[0.882s] -- Up-to-date: /workspace/ros2_ws/install/interfaz/include/interfaz/interfaz/msg/detail/p2pkg_mensaje__functions.h
[0.882s] -- Up-to-date: /workspace/ros2_ws/install/interfaz/include/interfaz/interfaz/msg/detail/mi_mensaje__struct.h
[0.882s] -- Up-to-date: /workspace/ros2_ws/install/interfaz/include/interfaz/interfaz/msg/rosidl_generator_c__visibility_control.h
[0.882s] -- Up-to-date: /workspace/ros2_ws/install/interfaz/include/interfaz/interfaz/msg/mi_mensaje.h
[0.882s] -- Up-to-date: /workspace/ros2_ws/install/interfaz/include/interfaz/interfaz/msg/p2pkg_mensaje.h
[0.882s] -- Up-to-date: /workspace/ros2_ws/install/interfaz/include/interfaz/interfaz/action
[0.883s] -- Up-to-date: /workspace/ros2_ws/install/interfaz/include/interfaz/interfaz/action/detail
[0.883s] -- Up-to-date: /workspace/ros2_ws/install/interfaz/include/interfaz/interfaz/action/detail/fibonacci__functions.h
[0.883s] -- Up-to-date: /workspace/ros2_ws/install/interfaz/include/interfaz/interfaz/action/detail/fibonacci__struct.h
[0.883s] -- Up-to-date: /workspace/ros2_ws/install/interfaz/include/interfaz/interfaz/action/detail/fibonacci__type_support.h
[0.883s] -- Up-to-date: /workspace/ros2_ws/install/interfaz/include/interfaz/interfaz/action/detail/fibonacci__functions.c
[0.883s] -- Up-to-date: /workspace/ros2_ws/install/interfaz/include/interfaz/interfaz/action/fibonacci.h
[0.884s] -- Up-to-date: /workspace/ros2_ws/install/interfaz/share/interfaz/environment/library_path.sh
[0.884s] -- Up-to-date: /workspace/ros2_ws/install/interfaz/share/interfaz/environment/library_path.dsv
[0.885s] -- Up-to-date: /workspace/ros2_ws/install/interfaz/lib/libinterfaz__rosidl_generator_c.so
[0.885s] -- Up-to-date: /workspace/ros2_ws/install/interfaz/include/interfaz/interfaz
[0.886s] -- Up-to-date: /workspace/ros2_ws/install/interfaz/include/interfaz/interfaz/msg
[0.886s] -- Up-to-date: /workspace/ros2_ws/install/interfaz/include/interfaz/interfaz/msg/rosidl_typesupport_fastrtps_c__visibility_control.h
[0.886s] -- Up-to-date: /workspace/ros2_ws/install/interfaz/include/interfaz/interfaz/msg/detail
[0.886s] -- Up-to-date: /workspace/ros2_ws/install/interfaz/include/interfaz/interfaz/msg/detail/p2pkg_mensaje__rosidl_typesupport_fastrtps_c.h
[0.886s] -- Up-to-date: /workspace/ros2_ws/install/interfaz/include/interfaz/interfaz/msg/detail/mi_mensaje__rosidl_typesupport_fastrtps_c.h
[0.886s] -- Up-to-date: /workspace/ros2_ws/install/interfaz/include/interfaz/interfaz/action
[0.886s] -- Up-to-date: /workspace/ros2_ws/install/interfaz/include/interfaz/interfaz/action/detail
[0.887s] -- Up-to-date: /workspace/ros2_ws/install/interfaz/include/interfaz/interfaz/action/detail/fibonacci__rosidl_typesupport_fastrtps_c.h
[0.887s] -- Up-to-date: /workspace/ros2_ws/install/interfaz/lib/libinterfaz__rosidl_typesupport_fastrtps_c.so
[0.888s] -- Up-to-date: /workspace/ros2_ws/install/interfaz/include/interfaz/interfaz
[0.888s] -- Up-to-date: /workspace/ros2_ws/install/interfaz/include/interfaz/interfaz/msg
[0.888s] -- Up-to-date: /workspace/ros2_ws/install/interfaz/include/interfaz/interfaz/msg/mi_mensaje.hpp
[0.888s] -- Up-to-date: /workspace/ros2_ws/install/interfaz/include/interfaz/interfaz/msg/p2pkg_mensaje.hpp
[0.889s] -- Up-to-date: /workspace/ros2_ws/install/interfaz/include/interfaz/interfaz/msg/detail
[0.889s] -- Up-to-date: /workspace/ros2_ws/install/interfaz/include/interfaz/interfaz/msg/detail/p2pkg_mensaje__type_support.hpp
[0.889s] -- Up-to-date: /workspace/ros2_ws/install/interfaz/include/interfaz/interfaz/msg/detail/p2pkg_mensaje__builder.hpp
[0.889s] -- Up-to-date: /workspace/ros2_ws/install/interfaz/include/interfaz/interfaz/msg/detail/mi_mensaje__type_support.hpp
[0.890s] -- Up-to-date: /workspace/ros2_ws/install/interfaz/include/interfaz/interfaz/msg/detail/p2pkg_mensaje__traits.hpp
[0.890s] -- Up-to-date: /workspace/ros2_ws/install/interfaz/include/interfaz/interfaz/msg/detail/p2pkg_mensaje__struct.hpp
[0.890s] -- Up-to-date: /workspace/ros2_ws/install/interfaz/include/interfaz/interfaz/msg/detail/mi_mensaje__struct.hpp
[0.891s] -- Up-to-date: /workspace/ros2_ws/install/interfaz/include/interfaz/interfaz/msg/detail/mi_mensaje__builder.hpp
[0.891s] -- Up-to-date: /workspace/ros2_ws/install/interfaz/include/interfaz/interfaz/msg/detail/mi_mensaje__traits.hpp
[0.891s] -- Up-to-date: /workspace/ros2_ws/install/interfaz/include/interfaz/interfaz/msg/rosidl_generator_cpp__visibility_control.hpp
[0.891s] -- Up-to-date: /workspace/ros2_ws/install/interfaz/include/interfaz/interfaz/action
[0.891s] -- Up-to-date: /workspace/ros2_ws/install/interfaz/include/interfaz/interfaz/action/fibonacci.hpp
[0.891s] -- Up-to-date: /workspace/ros2_ws/install/interfaz/include/interfaz/interfaz/action/detail
[0.892s] -- Up-to-date: /workspace/ros2_ws/install/interfaz/include/interfaz/interfaz/action/detail/fibonacci__struct.hpp
[0.892s] -- Up-to-date: /workspace/ros2_ws/install/interfaz/include/interfaz/interfaz/action/detail/fibonacci__traits.hpp
[0.892s] -- Up-to-date: /workspace/ros2_ws/install/interfaz/include/interfaz/interfaz/action/detail/fibonacci__type_support.hpp
[0.892s] -- Up-to-date: /workspace/ros2_ws/install/interfaz/include/interfaz/interfaz/action/detail/fibonacci__builder.hpp
[0.892s] -- Up-to-date: /workspace/ros2_ws/install/interfaz/include/interfaz/interfaz
[0.892s] -- Up-to-date: /workspace/ros2_ws/install/interfaz/include/interfaz/interfaz/msg
[0.892s] -- Up-to-date: /workspace/ros2_ws/install/interfaz/include/interfaz/interfaz/msg/rosidl_typesupport_fastrtps_cpp__visibility_control.h
[0.892s] -- Up-to-date: /workspace/ros2_ws/install/interfaz/include/interfaz/interfaz/msg/detail
[0.892s] -- Up-to-date: /workspace/ros2_ws/install/interfaz/include/interfaz/interfaz/msg/detail/p2pkg_mensaje__rosidl_typesupport_fastrtps_cpp.hpp
[0.893s] -- Up-to-date: /workspace/ros2_ws/install/interfaz/include/interfaz/interfaz/msg/detail/dds_fastrtps
[0.893s] -- Up-to-date: /workspace/ros2_ws/install/interfaz/include/interfaz/interfaz/msg/detail/mi_mensaje__rosidl_typesupport_fastrtps_cpp.hpp
[0.893s] -- Up-to-date: /workspace/ros2_ws/install/interfaz/include/interfaz/interfaz/action
[0.893s] -- Up-to-date: /workspace/ros2_ws/install/interfaz/include/interfaz/interfaz/action/detail
[0.893s] -- Up-to-date: /workspace/ros2_ws/install/interfaz/include/interfaz/interfaz/action/detail/fibonacci__rosidl_typesupport_fastrtps_cpp.hpp
[0.893s] -- Up-to-date: /workspace/ros2_ws/install/interfaz/include/interfaz/interfaz/action/detail/dds_fastrtps
[0.893s] -- Up-to-date: /workspace/ros2_ws/install/interfaz/lib/libinterfaz__rosidl_typesupport_fastrtps_cpp.so
[0.893s] -- Up-to-date: /workspace/ros2_ws/install/interfaz/include/interfaz/interfaz
[0.894s] -- Up-to-date: /workspace/ros2_ws/install/interfaz/include/interfaz/interfaz/msg
[0.894s] -- Up-to-date: /workspace/ros2_ws/install/interfaz/include/interfaz/interfaz/msg/detail
[0.894s] -- Up-to-date: /workspace/ros2_ws/install/interfaz/include/interfaz/interfaz/msg/detail/mi_mensaje__rosidl_typesupport_introspection_c.h
[0.894s] -- Up-to-date: /workspace/ros2_ws/install/interfaz/include/interfaz/interfaz/msg/detail/p2pkg_mensaje__rosidl_typesupport_introspection_c.h
[0.894s] -- Up-to-date: /workspace/ros2_ws/install/interfaz/include/interfaz/interfaz/msg/detail/mi_mensaje__type_support.c
[0.894s] -- Up-to-date: /workspace/ros2_ws/install/interfaz/include/interfaz/interfaz/msg/detail/p2pkg_mensaje__type_support.c
[0.894s] -- Up-to-date: /workspace/ros2_ws/install/interfaz/include/interfaz/interfaz/msg/rosidl_typesupport_introspection_c__visibility_control.h
[0.894s] -- Up-to-date: /workspace/ros2_ws/install/interfaz/include/interfaz/interfaz/action
[0.894s] -- Up-to-date: /workspace/ros2_ws/install/interfaz/include/interfaz/interfaz/action/detail
[0.895s] -- Up-to-date: /workspace/ros2_ws/install/interfaz/include/interfaz/interfaz/action/detail/fibonacci__type_support.c
[0.895s] -- Up-to-date: /workspace/ros2_ws/install/interfaz/include/interfaz/interfaz/action/detail/fibonacci__rosidl_typesupport_introspection_c.h
[0.895s] -- Up-to-date: /workspace/ros2_ws/install/interfaz/lib/libinterfaz__rosidl_typesupport_introspection_c.so
[0.895s] -- Up-to-date: /workspace/ros2_ws/install/interfaz/lib/libinterfaz__rosidl_typesupport_c.so
[0.895s] -- Up-to-date: /workspace/ros2_ws/install/interfaz/include/interfaz/interfaz
[0.895s] -- Up-to-date: /workspace/ros2_ws/install/interfaz/include/interfaz/interfaz/msg
[0.895s] -- Up-to-date: /workspace/ros2_ws/install/interfaz/include/interfaz/interfaz/msg/detail
[0.895s] -- Up-to-date: /workspace/ros2_ws/install/interfaz/include/interfaz/interfaz/msg/detail/p2pkg_mensaje__type_support.cpp
[0.896s] -- Up-to-date: /workspace/ros2_ws/install/interfaz/include/interfaz/interfaz/msg/detail/mi_mensaje__rosidl_typesupport_introspection_cpp.hpp
[0.896s] -- Up-to-date: /workspace/ros2_ws/install/interfaz/include/interfaz/interfaz/msg/detail/mi_mensaje__type_support.cpp
[0.896s] -- Up-to-date: /workspace/ros2_ws/install/interfaz/include/interfaz/interfaz/msg/detail/p2pkg_mensaje__rosidl_typesupport_introspection_cpp.hpp
[0.896s] -- Up-to-date: /workspace/ros2_ws/install/interfaz/include/interfaz/interfaz/action
[0.896s] -- Up-to-date: /workspace/ros2_ws/install/interfaz/include/interfaz/interfaz/action/detail
[0.896s] -- Up-to-date: /workspace/ros2_ws/install/interfaz/include/interfaz/interfaz/action/detail/fibonacci__type_support.cpp
[0.896s] -- Up-to-date: /workspace/ros2_ws/install/interfaz/include/interfaz/interfaz/action/detail/fibonacci__rosidl_typesupport_introspection_cpp.hpp
[0.896s] -- Up-to-date: /workspace/ros2_ws/install/interfaz/lib/libinterfaz__rosidl_typesupport_introspection_cpp.so
[0.897s] -- Up-to-date: /workspace/ros2_ws/install/interfaz/lib/libinterfaz__rosidl_typesupport_cpp.so
[0.897s] -- Up-to-date: /workspace/ros2_ws/install/interfaz/share/interfaz/environment/pythonpath.sh
[0.897s] -- Up-to-date: /workspace/ros2_ws/install/interfaz/share/interfaz/environment/pythonpath.dsv
[0.897s] -- Up-to-date: /workspace/ros2_ws/install/interfaz/local/lib/python3.10/dist-packages/interfaz-0.0.0-py3.10.egg-info
[0.897s] -- Installing: /workspace/ros2_ws/install/interfaz/local/lib/python3.10/dist-packages/interfaz-0.0.0-py3.10.egg-info/PKG-INFO
[0.897s] -- Installing: /workspace/ros2_ws/install/interfaz/local/lib/python3.10/dist-packages/interfaz-0.0.0-py3.10.egg-info/dependency_links.txt
[0.897s] -- Installing: /workspace/ros2_ws/install/interfaz/local/lib/python3.10/dist-packages/interfaz-0.0.0-py3.10.egg-info/SOURCES.txt
[0.897s] -- Installing: /workspace/ros2_ws/install/interfaz/local/lib/python3.10/dist-packages/interfaz-0.0.0-py3.10.egg-info/top_level.txt
[0.897s] -- Up-to-date: /workspace/ros2_ws/install/interfaz/local/lib/python3.10/dist-packages/interfaz
[0.898s] -- Up-to-date: /workspace/ros2_ws/install/interfaz/local/lib/python3.10/dist-packages/interfaz/_interfaz_s.ep.rosidl_typesupport_introspection_c.c
[0.898s] -- Up-to-date: /workspace/ros2_ws/install/interfaz/local/lib/python3.10/dist-packages/interfaz/_interfaz_s.ep.rosidl_typesupport_fastrtps_c.c
[0.898s] -- Up-to-date: /workspace/ros2_ws/install/interfaz/local/lib/python3.10/dist-packages/interfaz/libinterfaz__rosidl_generator_py.so
[0.898s] -- Up-to-date: /workspace/ros2_ws/install/interfaz/local/lib/python3.10/dist-packages/interfaz/__init__.py
[0.898s] -- Up-to-date: /workspace/ros2_ws/install/interfaz/local/lib/python3.10/dist-packages/interfaz/_interfaz_s.ep.rosidl_typesupport_c.c
[0.898s] -- Up-to-date: /workspace/ros2_ws/install/interfaz/local/lib/python3.10/dist-packages/interfaz/interfaz_s__rosidl_typesupport_introspection_c.cpython-310-x86_64-linux-gnu.so
[0.898s] -- Up-to-date: /workspace/ros2_ws/install/interfaz/local/lib/python3.10/dist-packages/interfaz/interfaz_s__rosidl_typesupport_c.cpython-310-x86_64-linux-gnu.so
[0.898s] -- Up-to-date: /workspace/ros2_ws/install/interfaz/local/lib/python3.10/dist-packages/interfaz/interfaz_s__rosidl_typesupport_fastrtps_c.cpython-310-x86_64-linux-gnu.so
[0.898s] -- Up-to-date: /workspace/ros2_ws/install/interfaz/local/lib/python3.10/dist-packages/interfaz/msg
[0.899s] -- Up-to-date: /workspace/ros2_ws/install/interfaz/local/lib/python3.10/dist-packages/interfaz/msg/_mi_mensaje_s.c
[0.899s] -- Up-to-date: /workspace/ros2_ws/install/interfaz/local/lib/python3.10/dist-packages/interfaz/msg/__init__.py
[0.899s] -- Up-to-date: /workspace/ros2_ws/install/interfaz/local/lib/python3.10/dist-packages/interfaz/msg/_p2pkg_mensaje.py
[0.899s] -- Up-to-date: /workspace/ros2_ws/install/interfaz/local/lib/python3.10/dist-packages/interfaz/msg/_p2pkg_mensaje_s.c
[0.899s] -- Up-to-date: /workspace/ros2_ws/install/interfaz/local/lib/python3.10/dist-packages/interfaz/msg/_mi_mensaje.py
[0.899s] -- Up-to-date: /workspace/ros2_ws/install/interfaz/local/lib/python3.10/dist-packages/interfaz/action
[0.899s] -- Up-to-date: /workspace/ros2_ws/install/interfaz/local/lib/python3.10/dist-packages/interfaz/action/_fibonacci_s.c
[0.899s] -- Up-to-date: /workspace/ros2_ws/install/interfaz/local/lib/python3.10/dist-packages/interfaz/action/__init__.py
[0.900s] -- Up-to-date: /workspace/ros2_ws/install/interfaz/local/lib/python3.10/dist-packages/interfaz/action/_fibonacci.py
[0.950s] Listing '/workspace/ros2_ws/install/interfaz/local/lib/python3.10/dist-packages/interfaz'...
[0.952s] Listing '/workspace/ros2_ws/install/interfaz/local/lib/python3.10/dist-packages/interfaz/action'...
[0.952s] Listing '/workspace/ros2_ws/install/interfaz/local/lib/python3.10/dist-packages/interfaz/msg'...
[0.958s] -- Up-to-date: /workspace/ros2_ws/install/interfaz/local/lib/python3.10/dist-packages/interfaz/interfaz_s__rosidl_typesupport_fastrtps_c.cpython-310-x86_64-linux-gnu.so
[0.958s] -- Up-to-date: /workspace/ros2_ws/install/interfaz/local/lib/python3.10/dist-packages/interfaz/interfaz_s__rosidl_typesupport_introspection_c.cpython-310-x86_64-linux-gnu.so
[0.958s] -- Up-to-date: /workspace/ros2_ws/install/interfaz/local/lib/python3.10/dist-packages/interfaz/interfaz_s__rosidl_typesupport_c.cpython-310-x86_64-linux-gnu.so
[0.958s] -- Up-to-date: /workspace/ros2_ws/install/interfaz/lib/libinterfaz__rosidl_generator_py.so
[0.959s] -- Up-to-date: /workspace/ros2_ws/install/interfaz/share/interfaz/msg/MiMensaje.idl
[0.959s] -- Up-to-date: /workspace/ros2_ws/install/interfaz/share/interfaz/msg/P2pkgMensaje.idl
[0.959s] -- Up-to-date: /workspace/ros2_ws/install/interfaz/share/interfaz/action/Fibonacci.idl
[0.959s] -- Up-to-date: /workspace/ros2_ws/install/interfaz/share/interfaz/msg/MiMensaje.msg
[0.959s] -- Up-to-date: /workspace/ros2_ws/install/interfaz/share/interfaz/msg/P2pkgMensaje.msg
[0.959s] -- Up-to-date: /workspace/ros2_ws/install/interfaz/share/interfaz/action/Fibonacci.action
[0.959s] -- Up-to-date: /workspace/ros2_ws/install/interfaz/share/ament_index/resource_index/package_run_dependencies/interfaz
[0.959s] -- Up-to-date: /workspace/ros2_ws/install/interfaz/share/ament_index/resource_index/parent_prefix_path/interfaz
[0.960s] -- Up-to-date: /workspace/ros2_ws/install/interfaz/share/interfaz/environment/ament_prefix_path.sh
[0.960s] -- Up-to-date: /workspace/ros2_ws/install/interfaz/share/interfaz/environment/ament_prefix_path.dsv
[0.960s] -- Up-to-date: /workspace/ros2_ws/install/interfaz/share/interfaz/environment/path.sh
[0.960s] -- Up-to-date: /workspace/ros2_ws/install/interfaz/share/interfaz/environment/path.dsv
[0.960s] -- Up-to-date: /workspace/ros2_ws/install/interfaz/share/interfaz/local_setup.bash
[0.961s] -- Up-to-date: /workspace/ros2_ws/install/interfaz/share/interfaz/local_setup.sh
[0.961s] -- Up-to-date: /workspace/ros2_ws/install/interfaz/share/interfaz/local_setup.zsh
[0.961s] -- Up-to-date: /workspace/ros2_ws/install/interfaz/share/interfaz/local_setup.dsv
[0.961s] -- Installing: /workspace/ros2_ws/install/interfaz/share/interfaz/package.dsv
[0.961s] -- Up-to-date: /workspace/ros2_ws/install/interfaz/share/ament_index/resource_index/packages/interfaz
[0.961s] -- Up-to-date: /workspace/ros2_ws/install/interfaz/share/interfaz/cmake/export_interfaz__rosidl_generator_cExport.cmake
[0.961s] -- Up-to-date: /workspace/ros2_ws/install/interfaz/share/interfaz/cmake/export_interfaz__rosidl_generator_cExport-noconfig.cmake
[0.961s] -- Up-to-date: /workspace/ros2_ws/install/interfaz/share/interfaz/cmake/export_interfaz__rosidl_typesupport_fastrtps_cExport.cmake
[0.962s] -- Up-to-date: /workspace/ros2_ws/install/interfaz/share/interfaz/cmake/export_interfaz__rosidl_typesupport_fastrtps_cExport-noconfig.cmake
[0.962s] -- Up-to-date: /workspace/ros2_ws/install/interfaz/share/interfaz/cmake/export_interfaz__rosidl_generator_cppExport.cmake
[0.962s] -- Up-to-date: /workspace/ros2_ws/install/interfaz/share/interfaz/cmake/export_interfaz__rosidl_typesupport_fastrtps_cppExport.cmake
[0.962s] -- Up-to-date: /workspace/ros2_ws/install/interfaz/share/interfaz/cmake/export_interfaz__rosidl_typesupport_fastrtps_cppExport-noconfig.cmake
[0.962s] -- Up-to-date: /workspace/ros2_ws/install/interfaz/share/interfaz/cmake/interfaz__rosidl_typesupport_introspection_cExport.cmake
[0.962s] -- Up-to-date: /workspace/ros2_ws/install/interfaz/share/interfaz/cmake/interfaz__rosidl_typesupport_introspection_cExport-noconfig.cmake
[0.962s] -- Up-to-date: /workspace/ros2_ws/install/interfaz/share/interfaz/cmake/interfaz__rosidl_typesupport_cExport.cmake
[0.962s] -- Up-to-date: /workspace/ros2_ws/install/interfaz/share/interfaz/cmake/interfaz__rosidl_typesupport_cExport-noconfig.cmake
[0.963s] -- Up-to-date: /workspace/ros2_ws/install/interfaz/share/interfaz/cmake/interfaz__rosidl_typesupport_introspection_cppExport.cmake
[0.963s] -- Up-to-date: /workspace/ros2_ws/install/interfaz/share/interfaz/cmake/interfaz__rosidl_typesupport_introspection_cppExport-noconfig.cmake
[0.963s] -- Up-to-date: /workspace/ros2_ws/install/interfaz/share/interfaz/cmake/interfaz__rosidl_typesupport_cppExport.cmake
[0.963s] -- Up-to-date: /workspace/ros2_ws/install/interfaz/share/interfaz/cmake/interfaz__rosidl_typesupport_cppExport-noconfig.cmake
[0.963s] -- Up-to-date: /workspace/ros2_ws/install/interfaz/share/interfaz/cmake/export_interfaz__rosidl_generator_pyExport.cmake
[0.963s] -- Up-to-date: /workspace/ros2_ws/install/interfaz/share/interfaz/cmake/export_interfaz__rosidl_generator_pyExport-noconfig.cmake
[0.964s] -- Up-to-date: /workspace/ros2_ws/install/interfaz/share/interfaz/cmake/rosidl_cmake-extras.cmake
[0.964s] -- Up-to-date: /workspace/ros2_ws/install/interfaz/share/interfaz/cmake/ament_cmake_export_dependencies-extras.cmake
[0.964s] -- Up-to-date: /workspace/ros2_ws/install/interfaz/share/interfaz/cmake/ament_cmake_export_include_directories-extras.cmake
[0.964s] -- Up-to-date: /workspace/ros2_ws/install/interfaz/share/interfaz/cmake/ament_cmake_export_libraries-extras.cmake
[0.964s] -- Up-to-date: /workspace/ros2_ws/install/interfaz/share/interfaz/cmake/ament_cmake_export_targets-extras.cmake
[0.964s] -- Up-to-date: /workspace/ros2_ws/install/interfaz/share/interfaz/cmake/rosidl_cmake_export_typesupport_targets-extras.cmake
[0.964s] -- Up-to-date: /workspace/ros2_ws/install/interfaz/share/interfaz/cmake/rosidl_cmake_export_typesupport_libraries-extras.cmake
[0.965s] -- Up-to-date: /workspace/ros2_ws/install/interfaz/share/interfaz/cmake/interfazConfig.cmake
[0.965s] -- Up-to-date: /workspace/ros2_ws/install/interfaz/share/interfaz/cmake/interfazConfig-version.cmake
[0.965s] -- Up-to-date: /workspace/ros2_ws/install/interfaz/share/interfaz/package.xml
[0.975s] Invoked command in '/workspace/ros2_ws/build/interfaz' returned '0': CMAKE_PREFIX_PATH=${CMAKE_PREFIX_PATH}:/workspace/ros2_ws/install/servicio_suma:/workspace/ros2_ws/install/primer_paquete:/workspace/ros2_ws/install/p2pkg:/workspace/ros2_ws/install/mi_accion:/opt/ros/humble /usr/bin/cmake --install /workspace/ros2_ws/build/interfaz
