[0.040s] Invoking command in '/workspace/ros2_ws/build/interfaz': CMAKE_PREFIX_PATH=${CMAKE_PREFIX_PATH}:/workspace/ros2_ws/install/servicio_suma:/workspace/ros2_ws/install/service_temp:/workspace/ros2_ws/install/primer_paquete:/workspace/ros2_ws/install/p2pkg:/workspace/ros2_ws/install/mi_accion:/opt/ros/humble /usr/bin/cmake --build /workspace/ros2_ws/build/interfaz -- -j8 -l8
[0.882s] [  1%] Built target interfaz__cpp
[0.883s] [ 12%] Built target interfaz__rosidl_generator_c
[0.884s] [ 12%] Built target ament_cmake_python_copy_interfaz
[0.884s] [ 34%] Built target interfaz__rosidl_typesupport_introspection_c
[0.884s] [ 36%] Built target interfaz__rosidl_typesupport_cpp
[0.884s] [ 46%] Built target interfaz__rosidl_typesupport_c
[0.884s] [ 57%] Built target interfaz__rosidl_typesupport_fastrtps_c
[0.884s] [ 68%] Built target interfaz__rosidl_typesupport_introspection_cpp
[0.884s] [ 79%] Built target interfaz__rosidl_typesupport_fastrtps_cpp
[0.884s] [ 79%] Built target interfaz
[0.885s] [ 80%] Built target interfaz__py
[0.885s] [ 90%] Built target interfaz__rosidl_generator_py
[0.885s] [ 93%] Built target interfaz__rosidl_typesupport_introspection_c__pyext
[0.885s] [ 96%] Built target interfaz__rosidl_typesupport_c__pyext
[0.885s] [100%] Built target interfaz__rosidl_typesupport_fastrtps_c__pyext
[0.885s] running egg_info
[0.885s] writing interfaz.egg-info/PKG-INFO
[0.885s] writing dependency_links to interfaz.egg-info/dependency_links.txt
[0.885s] writing top-level names to interfaz.egg-info/top_level.txt
[0.885s] reading manifest file 'interfaz.egg-info/SOURCES.txt'
[0.885s] writing manifest file 'interfaz.egg-info/SOURCES.txt'
[0.885s] [100%] Built target ament_cmake_python_build_interfaz_egg
[1.129s] Invoked command in '/workspace/ros2_ws/build/interfaz' returned '0': CMAKE_PREFIX_PATH=${CMAKE_PREFIX_PATH}:/workspace/ros2_ws/install/servicio_suma:/workspace/ros2_ws/install/service_temp:/workspace/ros2_ws/install/primer_paquete:/workspace/ros2_ws/install/p2pkg:/workspace/ros2_ws/install/mi_accion:/opt/ros/humble /usr/bin/cmake --build /workspace/ros2_ws/build/interfaz -- -j8 -l8
[1.131s] Invoking command in '/workspace/ros2_ws/build/interfaz': CMAKE_PREFIX_PATH=${CMAKE_PREFIX_PATH}:/workspace/ros2_ws/install/servicio_suma:/workspace/ros2_ws/install/service_temp:/workspace/ros2_ws/install/primer_paquete:/workspace/ros2_ws/install/p2pkg:/workspace/ros2_ws/install/mi_accion:/opt/ros/humble /usr/bin/cmake --install /workspace/ros2_ws/build/interfaz
[1.148s] -- Install configuration: ""
[1.148s] -- Up-to-date: /workspace/ros2_ws/install/interfaz/share/ament_index/resource_index/rosidl_interfaces/interfaz
[1.148s] -- Up-to-date: /workspace/ros2_ws/install/interfaz/include/interfaz/interfaz
[1.148s] -- Up-to-date: /workspace/ros2_ws/install/interfaz/include/interfaz/interfaz/srv
[1.148s] -- Up-to-date: /workspace/ros2_ws/install/interfaz/include/interfaz/interfaz/srv/detail
[1.149s] -- Up-to-date: /workspace/ros2_ws/install/interfaz/include/interfaz/interfaz/srv/detail/convert_temp__functions.c
[1.149s] -- Up-to-date: /workspace/ros2_ws/install/interfaz/include/interfaz/interfaz/srv/detail/convert_temp__type_support.h
[1.149s] -- Up-to-date: /workspace/ros2_ws/install/interfaz/include/interfaz/interfaz/srv/detail/convert_temp__functions.h
[1.149s] -- Up-to-date: /workspace/ros2_ws/install/interfaz/include/interfaz/interfaz/srv/detail/convert_temp__struct.h
[1.149s] -- Up-to-date: /workspace/ros2_ws/install/interfaz/include/interfaz/interfaz/srv/convert_temp.h
[1.150s] -- Up-to-date: /workspace/ros2_ws/install/interfaz/include/interfaz/interfaz/msg
[1.150s] -- Up-to-date: /workspace/ros2_ws/install/interfaz/include/interfaz/interfaz/msg/detail
[1.150s] -- Up-to-date: /workspace/ros2_ws/install/interfaz/include/interfaz/interfaz/msg/detail/p2pkg_mensaje__functions.c
[1.150s] -- Up-to-date: /workspace/ros2_ws/install/interfaz/include/interfaz/interfaz/msg/detail/p2pkg_mensaje__struct.h
[1.150s] -- Up-to-date: /workspace/ros2_ws/install/interfaz/include/interfaz/interfaz/msg/detail/p2pkg_mensaje__type_support.h
[1.150s] -- Up-to-date: /workspace/ros2_ws/install/interfaz/include/interfaz/interfaz/msg/detail/mi_mensaje__functions.h
[1.151s] -- Up-to-date: /workspace/ros2_ws/install/interfaz/include/interfaz/interfaz/msg/detail/mi_mensaje__type_support.h
[1.151s] -- Up-to-date: /workspace/ros2_ws/install/interfaz/include/interfaz/interfaz/msg/detail/mi_mensaje__functions.c
[1.151s] -- Up-to-date: /workspace/ros2_ws/install/interfaz/include/interfaz/interfaz/msg/detail/p2pkg_mensaje__functions.h
[1.151s] -- Up-to-date: /workspace/ros2_ws/install/interfaz/include/interfaz/interfaz/msg/detail/mi_mensaje__struct.h
[1.151s] -- Up-to-date: /workspace/ros2_ws/install/interfaz/include/interfaz/interfaz/msg/rosidl_generator_c__visibility_control.h
[1.151s] -- Up-to-date: /workspace/ros2_ws/install/interfaz/include/interfaz/interfaz/msg/mi_mensaje.h
[1.151s] -- Up-to-date: /workspace/ros2_ws/install/interfaz/include/interfaz/interfaz/msg/p2pkg_mensaje.h
[1.153s] -- Up-to-date: /workspace/ros2_ws/install/interfaz/include/interfaz/interfaz/action
[1.153s] -- Up-to-date: /workspace/ros2_ws/install/interfaz/include/interfaz/interfaz/action/detail
[1.153s] -- Up-to-date: /workspace/ros2_ws/install/interfaz/include/interfaz/interfaz/action/detail/ej_fibonacci__functions.c
[1.153s] -- Up-to-date: /workspace/ros2_ws/install/interfaz/include/interfaz/interfaz/action/detail/fibonacci__functions.h
[1.153s] -- Up-to-date: /workspace/ros2_ws/install/interfaz/include/interfaz/interfaz/action/detail/fibonacci__struct.h
[1.153s] -- Up-to-date: /workspace/ros2_ws/install/interfaz/include/interfaz/interfaz/action/detail/ej_fibonacci__struct.h
[1.153s] -- Up-to-date: /workspace/ros2_ws/install/interfaz/include/interfaz/interfaz/action/detail/ej_fibonacci__type_support.h
[1.154s] -- Up-to-date: /workspace/ros2_ws/install/interfaz/include/interfaz/interfaz/action/detail/fibonacci__type_support.h
[1.154s] -- Up-to-date: /workspace/ros2_ws/install/interfaz/include/interfaz/interfaz/action/detail/ej_fibonacci__functions.h
[1.154s] -- Up-to-date: /workspace/ros2_ws/install/interfaz/include/interfaz/interfaz/action/detail/fibonacci__functions.c
[1.154s] -- Up-to-date: /workspace/ros2_ws/install/interfaz/include/interfaz/interfaz/action/ej_fibonacci.h
[1.154s] -- Up-to-date: /workspace/ros2_ws/install/interfaz/include/interfaz/interfaz/action/fibonacci.h
[1.154s] -- Up-to-date: /workspace/ros2_ws/install/interfaz/share/interfaz/environment/library_path.sh
[1.154s] -- Up-to-date: /workspace/ros2_ws/install/interfaz/share/interfaz/environment/library_path.dsv
[1.154s] -- Up-to-date: /workspace/ros2_ws/install/interfaz/lib/libinterfaz__rosidl_generator_c.so
[1.155s] -- Up-to-date: /workspace/ros2_ws/install/interfaz/include/interfaz/interfaz
[1.155s] -- Up-to-date: /workspace/ros2_ws/install/interfaz/include/interfaz/interfaz/srv
[1.155s] -- Up-to-date: /workspace/ros2_ws/install/interfaz/include/interfaz/interfaz/srv/detail
[1.155s] -- Up-to-date: /workspace/ros2_ws/install/interfaz/include/interfaz/interfaz/srv/detail/convert_temp__rosidl_typesupport_fastrtps_c.h
[1.155s] -- Up-to-date: /workspace/ros2_ws/install/interfaz/include/interfaz/interfaz/msg
[1.155s] -- Up-to-date: /workspace/ros2_ws/install/interfaz/include/interfaz/interfaz/msg/rosidl_typesupport_fastrtps_c__visibility_control.h
[1.155s] -- Up-to-date: /workspace/ros2_ws/install/interfaz/include/interfaz/interfaz/msg/detail
[1.156s] -- Up-to-date: /workspace/ros2_ws/install/interfaz/include/interfaz/interfaz/msg/detail/p2pkg_mensaje__rosidl_typesupport_fastrtps_c.h
[1.156s] -- Up-to-date: /workspace/ros2_ws/install/interfaz/include/interfaz/interfaz/msg/detail/mi_mensaje__rosidl_typesupport_fastrtps_c.h
[1.156s] -- Up-to-date: /workspace/ros2_ws/install/interfaz/include/interfaz/interfaz/action
[1.156s] -- Up-to-date: /workspace/ros2_ws/install/interfaz/include/interfaz/interfaz/action/detail
[1.156s] -- Up-to-date: /workspace/ros2_ws/install/interfaz/include/interfaz/interfaz/action/detail/ej_fibonacci__rosidl_typesupport_fastrtps_c.h
[1.156s] -- Up-to-date: /workspace/ros2_ws/install/interfaz/include/interfaz/interfaz/action/detail/fibonacci__rosidl_typesupport_fastrtps_c.h
[1.156s] -- Up-to-date: /workspace/ros2_ws/install/interfaz/lib/libinterfaz__rosidl_typesupport_fastrtps_c.so
[1.157s] -- Up-to-date: /workspace/ros2_ws/install/interfaz/include/interfaz/interfaz
[1.157s] -- Up-to-date: /workspace/ros2_ws/install/interfaz/include/interfaz/interfaz/srv
[1.157s] -- Up-to-date: /workspace/ros2_ws/install/interfaz/include/interfaz/interfaz/srv/detail
[1.157s] -- Up-to-date: /workspace/ros2_ws/install/interfaz/include/interfaz/interfaz/srv/detail/convert_temp__traits.hpp
[1.157s] -- Up-to-date: /workspace/ros2_ws/install/interfaz/include/interfaz/interfaz/srv/detail/convert_temp__type_support.hpp
[1.157s] -- Up-to-date: /workspace/ros2_ws/install/interfaz/include/interfaz/interfaz/srv/detail/convert_temp__builder.hpp
[1.157s] -- Up-to-date: /workspace/ros2_ws/install/interfaz/include/interfaz/interfaz/srv/detail/convert_temp__struct.hpp
[1.157s] -- Up-to-date: /workspace/ros2_ws/install/interfaz/include/interfaz/interfaz/srv/convert_temp.hpp
[1.158s] -- Up-to-date: /workspace/ros2_ws/install/interfaz/include/interfaz/interfaz/msg
[1.158s] -- Up-to-date: /workspace/ros2_ws/install/interfaz/include/interfaz/interfaz/msg/mi_mensaje.hpp
[1.158s] -- Up-to-date: /workspace/ros2_ws/install/interfaz/include/interfaz/interfaz/msg/p2pkg_mensaje.hpp
[1.158s] -- Up-to-date: /workspace/ros2_ws/install/interfaz/include/interfaz/interfaz/msg/detail
[1.158s] -- Up-to-date: /workspace/ros2_ws/install/interfaz/include/interfaz/interfaz/msg/detail/p2pkg_mensaje__type_support.hpp
[1.158s] -- Up-to-date: /workspace/ros2_ws/install/interfaz/include/interfaz/interfaz/msg/detail/p2pkg_mensaje__builder.hpp
[1.159s] -- Up-to-date: /workspace/ros2_ws/install/interfaz/include/interfaz/interfaz/msg/detail/mi_mensaje__type_support.hpp
[1.159s] -- Up-to-date: /workspace/ros2_ws/install/interfaz/include/interfaz/interfaz/msg/detail/p2pkg_mensaje__traits.hpp
[1.159s] -- Up-to-date: /workspace/ros2_ws/install/interfaz/include/interfaz/interfaz/msg/detail/p2pkg_mensaje__struct.hpp
[1.159s] -- Up-to-date: /workspace/ros2_ws/install/interfaz/include/interfaz/interfaz/msg/detail/mi_mensaje__struct.hpp
[1.159s] -- Up-to-date: /workspace/ros2_ws/install/interfaz/include/interfaz/interfaz/msg/detail/mi_mensaje__builder.hpp
[1.159s] -- Up-to-date: /workspace/ros2_ws/install/interfaz/include/interfaz/interfaz/msg/detail/mi_mensaje__traits.hpp
[1.159s] -- Up-to-date: /workspace/ros2_ws/install/interfaz/include/interfaz/interfaz/msg/rosidl_generator_cpp__visibility_control.hpp
[1.159s] -- Up-to-date: /workspace/ros2_ws/install/interfaz/include/interfaz/interfaz/action
[1.159s] -- Up-to-date: /workspace/ros2_ws/install/interfaz/include/interfaz/interfaz/action/fibonacci.hpp
[1.159s] -- Up-to-date: /workspace/ros2_ws/install/interfaz/include/interfaz/interfaz/action/detail
[1.159s] -- Up-to-date: /workspace/ros2_ws/install/interfaz/include/interfaz/interfaz/action/detail/ej_fibonacci__builder.hpp
[1.160s] -- Up-to-date: /workspace/ros2_ws/install/interfaz/include/interfaz/interfaz/action/detail/fibonacci__struct.hpp
[1.160s] -- Up-to-date: /workspace/ros2_ws/install/interfaz/include/interfaz/interfaz/action/detail/fibonacci__traits.hpp
[1.160s] -- Up-to-date: /workspace/ros2_ws/install/interfaz/include/interfaz/interfaz/action/detail/fibonacci__type_support.hpp
[1.160s] -- Up-to-date: /workspace/ros2_ws/install/interfaz/include/interfaz/interfaz/action/detail/ej_fibonacci__traits.hpp
[1.160s] -- Up-to-date: /workspace/ros2_ws/install/interfaz/include/interfaz/interfaz/action/detail/ej_fibonacci__type_support.hpp
[1.160s] -- Up-to-date: /workspace/ros2_ws/install/interfaz/include/interfaz/interfaz/action/detail/ej_fibonacci__struct.hpp
[1.160s] -- Up-to-date: /workspace/ros2_ws/install/interfaz/include/interfaz/interfaz/action/detail/fibonacci__builder.hpp
[1.160s] -- Up-to-date: /workspace/ros2_ws/install/interfaz/include/interfaz/interfaz/action/ej_fibonacci.hpp
[1.162s] -- Up-to-date: /workspace/ros2_ws/install/interfaz/include/interfaz/interfaz
[1.162s] -- Up-to-date: /workspace/ros2_ws/install/interfaz/include/interfaz/interfaz/srv
[1.162s] -- Up-to-date: /workspace/ros2_ws/install/interfaz/include/interfaz/interfaz/srv/detail
[1.162s] -- Up-to-date: /workspace/ros2_ws/install/interfaz/include/interfaz/interfaz/srv/detail/convert_temp__rosidl_typesupport_fastrtps_cpp.hpp
[1.162s] -- Up-to-date: /workspace/ros2_ws/install/interfaz/include/interfaz/interfaz/srv/detail/dds_fastrtps
[1.163s] -- Up-to-date: /workspace/ros2_ws/install/interfaz/include/interfaz/interfaz/msg
[1.163s] -- Up-to-date: /workspace/ros2_ws/install/interfaz/include/interfaz/interfaz/msg/rosidl_typesupport_fastrtps_cpp__visibility_control.h
[1.163s] -- Up-to-date: /workspace/ros2_ws/install/interfaz/include/interfaz/interfaz/msg/detail
[1.163s] -- Up-to-date: /workspace/ros2_ws/install/interfaz/include/interfaz/interfaz/msg/detail/p2pkg_mensaje__rosidl_typesupport_fastrtps_cpp.hpp
[1.163s] -- Up-to-date: /workspace/ros2_ws/install/interfaz/include/interfaz/interfaz/msg/detail/dds_fastrtps
[1.163s] -- Up-to-date: /workspace/ros2_ws/install/interfaz/include/interfaz/interfaz/msg/detail/mi_mensaje__rosidl_typesupport_fastrtps_cpp.hpp
[1.163s] -- Up-to-date: /workspace/ros2_ws/install/interfaz/include/interfaz/interfaz/action
[1.163s] -- Up-to-date: /workspace/ros2_ws/install/interfaz/include/interfaz/interfaz/action/detail
[1.163s] -- Up-to-date: /workspace/ros2_ws/install/interfaz/include/interfaz/interfaz/action/detail/fibonacci__rosidl_typesupport_fastrtps_cpp.hpp
[1.163s] -- Up-to-date: /workspace/ros2_ws/install/interfaz/include/interfaz/interfaz/action/detail/ej_fibonacci__rosidl_typesupport_fastrtps_cpp.hpp
[1.163s] -- Up-to-date: /workspace/ros2_ws/install/interfaz/include/interfaz/interfaz/action/detail/dds_fastrtps
[1.164s] -- Up-to-date: /workspace/ros2_ws/install/interfaz/lib/libinterfaz__rosidl_typesupport_fastrtps_cpp.so
[1.164s] -- Up-to-date: /workspace/ros2_ws/install/interfaz/include/interfaz/interfaz
[1.164s] -- Up-to-date: /workspace/ros2_ws/install/interfaz/include/interfaz/interfaz/srv
[1.164s] -- Up-to-date: /workspace/ros2_ws/install/interfaz/include/interfaz/interfaz/srv/detail
[1.164s] -- Up-to-date: /workspace/ros2_ws/install/interfaz/include/interfaz/interfaz/srv/detail/convert_temp__type_support.c
[1.164s] -- Up-to-date: /workspace/ros2_ws/install/interfaz/include/interfaz/interfaz/srv/detail/convert_temp__rosidl_typesupport_introspection_c.h
[1.164s] -- Up-to-date: /workspace/ros2_ws/install/interfaz/include/interfaz/interfaz/msg
[1.164s] -- Up-to-date: /workspace/ros2_ws/install/interfaz/include/interfaz/interfaz/msg/detail
[1.164s] -- Up-to-date: /workspace/ros2_ws/install/interfaz/include/interfaz/interfaz/msg/detail/mi_mensaje__rosidl_typesupport_introspection_c.h
[1.164s] -- Up-to-date: /workspace/ros2_ws/install/interfaz/include/interfaz/interfaz/msg/detail/p2pkg_mensaje__rosidl_typesupport_introspection_c.h
[1.164s] -- Up-to-date: /workspace/ros2_ws/install/interfaz/include/interfaz/interfaz/msg/detail/mi_mensaje__type_support.c
[1.165s] -- Up-to-date: /workspace/ros2_ws/install/interfaz/include/interfaz/interfaz/msg/detail/p2pkg_mensaje__type_support.c
[1.165s] -- Up-to-date: /workspace/ros2_ws/install/interfaz/include/interfaz/interfaz/msg/rosidl_typesupport_introspection_c__visibility_control.h
[1.165s] -- Up-to-date: /workspace/ros2_ws/install/interfaz/include/interfaz/interfaz/action
[1.165s] -- Up-to-date: /workspace/ros2_ws/install/interfaz/include/interfaz/interfaz/action/detail
[1.165s] -- Up-to-date: /workspace/ros2_ws/install/interfaz/include/interfaz/interfaz/action/detail/ej_fibonacci__type_support.c
[1.165s] -- Up-to-date: /workspace/ros2_ws/install/interfaz/include/interfaz/interfaz/action/detail/ej_fibonacci__rosidl_typesupport_introspection_c.h
[1.165s] -- Up-to-date: /workspace/ros2_ws/install/interfaz/include/interfaz/interfaz/action/detail/fibonacci__type_support.c
[1.165s] -- Up-to-date: /workspace/ros2_ws/install/interfaz/include/interfaz/interfaz/action/detail/fibonacci__rosidl_typesupport_introspection_c.h
[1.165s] -- Up-to-date: /workspace/ros2_ws/install/interfaz/lib/libinterfaz__rosidl_typesupport_introspection_c.so
[1.165s] -- Up-to-date: /workspace/ros2_ws/install/interfaz/lib/libinterfaz__rosidl_typesupport_c.so
[1.166s] -- Up-to-date: /workspace/ros2_ws/install/interfaz/include/interfaz/interfaz
[1.166s] -- Up-to-date: /workspace/ros2_ws/install/interfaz/include/interfaz/interfaz/srv
[1.166s] -- Up-to-date: /workspace/ros2_ws/install/interfaz/include/interfaz/interfaz/srv/detail
[1.166s] -- Up-to-date: /workspace/ros2_ws/install/interfaz/include/interfaz/interfaz/srv/detail/convert_temp__type_support.cpp
[1.166s] -- Up-to-date: /workspace/ros2_ws/install/interfaz/include/interfaz/interfaz/srv/detail/convert_temp__rosidl_typesupport_introspection_cpp.hpp
[1.166s] -- Up-to-date: /workspace/ros2_ws/install/interfaz/include/interfaz/interfaz/msg
[1.166s] -- Up-to-date: /workspace/ros2_ws/install/interfaz/include/interfaz/interfaz/msg/detail
[1.166s] -- Up-to-date: /workspace/ros2_ws/install/interfaz/include/interfaz/interfaz/msg/detail/p2pkg_mensaje__type_support.cpp
[1.166s] -- Up-to-date: /workspace/ros2_ws/install/interfaz/include/interfaz/interfaz/msg/detail/mi_mensaje__rosidl_typesupport_introspection_cpp.hpp
[1.167s] -- Up-to-date: /workspace/ros2_ws/install/interfaz/include/interfaz/interfaz/msg/detail/mi_mensaje__type_support.cpp
[1.167s] -- Up-to-date: /workspace/ros2_ws/install/interfaz/include/interfaz/interfaz/msg/detail/p2pkg_mensaje__rosidl_typesupport_introspection_cpp.hpp
[1.167s] -- Up-to-date: /workspace/ros2_ws/install/interfaz/include/interfaz/interfaz/action
[1.167s] -- Up-to-date: /workspace/ros2_ws/install/interfaz/include/interfaz/interfaz/action/detail
[1.167s] -- Up-to-date: /workspace/ros2_ws/install/interfaz/include/interfaz/interfaz/action/detail/fibonacci__type_support.cpp
[1.167s] -- Up-to-date: /workspace/ros2_ws/install/interfaz/include/interfaz/interfaz/action/detail/ej_fibonacci__rosidl_typesupport_introspection_cpp.hpp
[1.167s] -- Up-to-date: /workspace/ros2_ws/install/interfaz/include/interfaz/interfaz/action/detail/fibonacci__rosidl_typesupport_introspection_cpp.hpp
[1.167s] -- Up-to-date: /workspace/ros2_ws/install/interfaz/include/interfaz/interfaz/action/detail/ej_fibonacci__type_support.cpp
[1.167s] -- Up-to-date: /workspace/ros2_ws/install/interfaz/lib/libinterfaz__rosidl_typesupport_introspection_cpp.so
[1.167s] -- Up-to-date: /workspace/ros2_ws/install/interfaz/lib/libinterfaz__rosidl_typesupport_cpp.so
[1.167s] -- Up-to-date: /workspace/ros2_ws/install/interfaz/share/interfaz/environment/pythonpath.sh
[1.167s] -- Up-to-date: /workspace/ros2_ws/install/interfaz/share/interfaz/environment/pythonpath.dsv
[1.168s] -- Up-to-date: /workspace/ros2_ws/install/interfaz/local/lib/python3.10/dist-packages/interfaz-0.0.0-py3.10.egg-info
[1.168s] -- Installing: /workspace/ros2_ws/install/interfaz/local/lib/python3.10/dist-packages/interfaz-0.0.0-py3.10.egg-info/PKG-INFO
[1.168s] -- Installing: /workspace/ros2_ws/install/interfaz/local/lib/python3.10/dist-packages/interfaz-0.0.0-py3.10.egg-info/dependency_links.txt
[1.168s] -- Installing: /workspace/ros2_ws/install/interfaz/local/lib/python3.10/dist-packages/interfaz-0.0.0-py3.10.egg-info/SOURCES.txt
[1.168s] -- Installing: /workspace/ros2_ws/install/interfaz/local/lib/python3.10/dist-packages/interfaz-0.0.0-py3.10.egg-info/top_level.txt
[1.168s] -- Up-to-date: /workspace/ros2_ws/install/interfaz/local/lib/python3.10/dist-packages/interfaz
[1.168s] -- Up-to-date: /workspace/ros2_ws/install/interfaz/local/lib/python3.10/dist-packages/interfaz/_interfaz_s.ep.rosidl_typesupport_introspection_c.c
[1.168s] -- Up-to-date: /workspace/ros2_ws/install/interfaz/local/lib/python3.10/dist-packages/interfaz/_interfaz_s.ep.rosidl_typesupport_fastrtps_c.c
[1.168s] -- Up-to-date: /workspace/ros2_ws/install/interfaz/local/lib/python3.10/dist-packages/interfaz/libinterfaz__rosidl_generator_py.so
[1.168s] -- Up-to-date: /workspace/ros2_ws/install/interfaz/local/lib/python3.10/dist-packages/interfaz/__init__.py
[1.169s] -- Up-to-date: /workspace/ros2_ws/install/interfaz/local/lib/python3.10/dist-packages/interfaz/_interfaz_s.ep.rosidl_typesupport_c.c
[1.169s] -- Up-to-date: /workspace/ros2_ws/install/interfaz/local/lib/python3.10/dist-packages/interfaz/interfaz_s__rosidl_typesupport_introspection_c.cpython-310-x86_64-linux-gnu.so
[1.169s] -- Up-to-date: /workspace/ros2_ws/install/interfaz/local/lib/python3.10/dist-packages/interfaz/interfaz_s__rosidl_typesupport_c.cpython-310-x86_64-linux-gnu.so
[1.169s] -- Up-to-date: /workspace/ros2_ws/install/interfaz/local/lib/python3.10/dist-packages/interfaz/srv
[1.169s] -- Up-to-date: /workspace/ros2_ws/install/interfaz/local/lib/python3.10/dist-packages/interfaz/srv/__init__.py
[1.169s] -- Up-to-date: /workspace/ros2_ws/install/interfaz/local/lib/python3.10/dist-packages/interfaz/srv/_convert_temp.py
[1.169s] -- Up-to-date: /workspace/ros2_ws/install/interfaz/local/lib/python3.10/dist-packages/interfaz/srv/_convert_temp_s.c
[1.169s] -- Up-to-date: /workspace/ros2_ws/install/interfaz/local/lib/python3.10/dist-packages/interfaz/interfaz_s__rosidl_typesupport_fastrtps_c.cpython-310-x86_64-linux-gnu.so
[1.169s] -- Up-to-date: /workspace/ros2_ws/install/interfaz/local/lib/python3.10/dist-packages/interfaz/msg
[1.169s] -- Up-to-date: /workspace/ros2_ws/install/interfaz/local/lib/python3.10/dist-packages/interfaz/msg/_mi_mensaje_s.c
[1.170s] -- Up-to-date: /workspace/ros2_ws/install/interfaz/local/lib/python3.10/dist-packages/interfaz/msg/__init__.py
[1.170s] -- Up-to-date: /workspace/ros2_ws/install/interfaz/local/lib/python3.10/dist-packages/interfaz/msg/_p2pkg_mensaje.py
[1.170s] -- Up-to-date: /workspace/ros2_ws/install/interfaz/local/lib/python3.10/dist-packages/interfaz/msg/_p2pkg_mensaje_s.c
[1.170s] -- Up-to-date: /workspace/ros2_ws/install/interfaz/local/lib/python3.10/dist-packages/interfaz/msg/_mi_mensaje.py
[1.170s] -- Up-to-date: /workspace/ros2_ws/install/interfaz/local/lib/python3.10/dist-packages/interfaz/action
[1.170s] -- Up-to-date: /workspace/ros2_ws/install/interfaz/local/lib/python3.10/dist-packages/interfaz/action/_ej_fibonacci.py
[1.170s] -- Up-to-date: /workspace/ros2_ws/install/interfaz/local/lib/python3.10/dist-packages/interfaz/action/_fibonacci_s.c
[1.170s] -- Up-to-date: /workspace/ros2_ws/install/interfaz/local/lib/python3.10/dist-packages/interfaz/action/__init__.py
[1.170s] -- Up-to-date: /workspace/ros2_ws/install/interfaz/local/lib/python3.10/dist-packages/interfaz/action/_fibonacci.py
[1.170s] -- Up-to-date: /workspace/ros2_ws/install/interfaz/local/lib/python3.10/dist-packages/interfaz/action/_ej_fibonacci_s.c
[1.206s] Listing '/workspace/ros2_ws/install/interfaz/local/lib/python3.10/dist-packages/interfaz'...
[1.206s] Listing '/workspace/ros2_ws/install/interfaz/local/lib/python3.10/dist-packages/interfaz/action'...
[1.206s] Listing '/workspace/ros2_ws/install/interfaz/local/lib/python3.10/dist-packages/interfaz/msg'...
[1.206s] Listing '/workspace/ros2_ws/install/interfaz/local/lib/python3.10/dist-packages/interfaz/srv'...
[1.219s] -- Up-to-date: /workspace/ros2_ws/install/interfaz/local/lib/python3.10/dist-packages/interfaz/interfaz_s__rosidl_typesupport_fastrtps_c.cpython-310-x86_64-linux-gnu.so
[1.219s] -- Up-to-date: /workspace/ros2_ws/install/interfaz/local/lib/python3.10/dist-packages/interfaz/interfaz_s__rosidl_typesupport_introspection_c.cpython-310-x86_64-linux-gnu.so
[1.219s] -- Up-to-date: /workspace/ros2_ws/install/interfaz/local/lib/python3.10/dist-packages/interfaz/interfaz_s__rosidl_typesupport_c.cpython-310-x86_64-linux-gnu.so
[1.221s] -- Up-to-date: /workspace/ros2_ws/install/interfaz/lib/libinterfaz__rosidl_generator_py.so
[1.222s] -- Up-to-date: /workspace/ros2_ws/install/interfaz/share/interfaz/msg/MiMensaje.idl
[1.224s] -- Up-to-date: /workspace/ros2_ws/install/interfaz/share/interfaz/msg/P2pkgMensaje.idl
[1.225s] -- Up-to-date: /workspace/ros2_ws/install/interfaz/share/interfaz/action/Fibonacci.idl
[1.225s] -- Up-to-date: /workspace/ros2_ws/install/interfaz/share/interfaz/action/EjFibonacci.idl
[1.225s] -- Up-to-date: /workspace/ros2_ws/install/interfaz/share/interfaz/srv/ConvertTemp.idl
[1.225s] -- Up-to-date: /workspace/ros2_ws/install/interfaz/share/interfaz/msg/MiMensaje.msg
[1.226s] -- Up-to-date: /workspace/ros2_ws/install/interfaz/share/interfaz/msg/P2pkgMensaje.msg
[1.226s] -- Up-to-date: /workspace/ros2_ws/install/interfaz/share/interfaz/action/Fibonacci.action
[1.226s] -- Up-to-date: /workspace/ros2_ws/install/interfaz/share/interfaz/action/EjFibonacci.action
[1.226s] -- Up-to-date: /workspace/ros2_ws/install/interfaz/share/interfaz/srv/ConvertTemp.srv
[1.226s] -- Up-to-date: /workspace/ros2_ws/install/interfaz/share/interfaz/srv/ConvertTemp_Request.msg
[1.226s] -- Up-to-date: /workspace/ros2_ws/install/interfaz/share/interfaz/srv/ConvertTemp_Response.msg
[1.226s] -- Up-to-date: /workspace/ros2_ws/install/interfaz/share/ament_index/resource_index/package_run_dependencies/interfaz
[1.227s] -- Up-to-date: /workspace/ros2_ws/install/interfaz/share/ament_index/resource_index/parent_prefix_path/interfaz
[1.227s] -- Up-to-date: /workspace/ros2_ws/install/interfaz/share/interfaz/environment/ament_prefix_path.sh
[1.228s] -- Up-to-date: /workspace/ros2_ws/install/interfaz/share/interfaz/environment/ament_prefix_path.dsv
[1.228s] -- Up-to-date: /workspace/ros2_ws/install/interfaz/share/interfaz/environment/path.sh
[1.228s] -- Up-to-date: /workspace/ros2_ws/install/interfaz/share/interfaz/environment/path.dsv
[1.228s] -- Up-to-date: /workspace/ros2_ws/install/interfaz/share/interfaz/local_setup.bash
[1.229s] -- Up-to-date: /workspace/ros2_ws/install/interfaz/share/interfaz/local_setup.sh
[1.229s] -- Up-to-date: /workspace/ros2_ws/install/interfaz/share/interfaz/local_setup.zsh
[1.229s] -- Up-to-date: /workspace/ros2_ws/install/interfaz/share/interfaz/local_setup.dsv
[1.229s] -- Installing: /workspace/ros2_ws/install/interfaz/share/interfaz/package.dsv
[1.229s] -- Up-to-date: /workspace/ros2_ws/install/interfaz/share/ament_index/resource_index/packages/interfaz
[1.229s] -- Up-to-date: /workspace/ros2_ws/install/interfaz/share/interfaz/cmake/export_interfaz__rosidl_generator_cExport.cmake
[1.229s] -- Up-to-date: /workspace/ros2_ws/install/interfaz/share/interfaz/cmake/export_interfaz__rosidl_generator_cExport-noconfig.cmake
[1.230s] -- Up-to-date: /workspace/ros2_ws/install/interfaz/share/interfaz/cmake/export_interfaz__rosidl_typesupport_fastrtps_cExport.cmake
[1.230s] -- Up-to-date: /workspace/ros2_ws/install/interfaz/share/interfaz/cmake/export_interfaz__rosidl_typesupport_fastrtps_cExport-noconfig.cmake
[1.230s] -- Up-to-date: /workspace/ros2_ws/install/interfaz/share/interfaz/cmake/export_interfaz__rosidl_generator_cppExport.cmake
[1.230s] -- Up-to-date: /workspace/ros2_ws/install/interfaz/share/interfaz/cmake/export_interfaz__rosidl_typesupport_fastrtps_cppExport.cmake
[1.231s] -- Up-to-date: /workspace/ros2_ws/install/interfaz/share/interfaz/cmake/export_interfaz__rosidl_typesupport_fastrtps_cppExport-noconfig.cmake
[1.231s] -- Up-to-date: /workspace/ros2_ws/install/interfaz/share/interfaz/cmake/interfaz__rosidl_typesupport_introspection_cExport.cmake
[1.231s] -- Up-to-date: /workspace/ros2_ws/install/interfaz/share/interfaz/cmake/interfaz__rosidl_typesupport_introspection_cExport-noconfig.cmake
[1.231s] -- Up-to-date: /workspace/ros2_ws/install/interfaz/share/interfaz/cmake/interfaz__rosidl_typesupport_cExport.cmake
[1.231s] -- Up-to-date: /workspace/ros2_ws/install/interfaz/share/interfaz/cmake/interfaz__rosidl_typesupport_cExport-noconfig.cmake
[1.232s] -- Up-to-date: /workspace/ros2_ws/install/interfaz/share/interfaz/cmake/interfaz__rosidl_typesupport_introspection_cppExport.cmake
[1.232s] -- Up-to-date: /workspace/ros2_ws/install/interfaz/share/interfaz/cmake/interfaz__rosidl_typesupport_introspection_cppExport-noconfig.cmake
[1.232s] -- Up-to-date: /workspace/ros2_ws/install/interfaz/share/interfaz/cmake/interfaz__rosidl_typesupport_cppExport.cmake
[1.232s] -- Up-to-date: /workspace/ros2_ws/install/interfaz/share/interfaz/cmake/interfaz__rosidl_typesupport_cppExport-noconfig.cmake
[1.232s] -- Up-to-date: /workspace/ros2_ws/install/interfaz/share/interfaz/cmake/export_interfaz__rosidl_generator_pyExport.cmake
[1.232s] -- Up-to-date: /workspace/ros2_ws/install/interfaz/share/interfaz/cmake/export_interfaz__rosidl_generator_pyExport-noconfig.cmake
[1.233s] -- Up-to-date: /workspace/ros2_ws/install/interfaz/share/interfaz/cmake/rosidl_cmake-extras.cmake
[1.233s] -- Up-to-date: /workspace/ros2_ws/install/interfaz/share/interfaz/cmake/ament_cmake_export_dependencies-extras.cmake
[1.233s] -- Up-to-date: /workspace/ros2_ws/install/interfaz/share/interfaz/cmake/ament_cmake_export_include_directories-extras.cmake
[1.233s] -- Up-to-date: /workspace/ros2_ws/install/interfaz/share/interfaz/cmake/ament_cmake_export_libraries-extras.cmake
[1.233s] -- Up-to-date: /workspace/ros2_ws/install/interfaz/share/interfaz/cmake/ament_cmake_export_targets-extras.cmake
[1.233s] -- Up-to-date: /workspace/ros2_ws/install/interfaz/share/interfaz/cmake/rosidl_cmake_export_typesupport_targets-extras.cmake
[1.233s] -- Up-to-date: /workspace/ros2_ws/install/interfaz/share/interfaz/cmake/rosidl_cmake_export_typesupport_libraries-extras.cmake
[1.233s] -- Up-to-date: /workspace/ros2_ws/install/interfaz/share/interfaz/cmake/interfazConfig.cmake
[1.234s] -- Up-to-date: /workspace/ros2_ws/install/interfaz/share/interfaz/cmake/interfazConfig-version.cmake
[1.234s] -- Up-to-date: /workspace/ros2_ws/install/interfaz/share/interfaz/package.xml
[1.263s] Invoked command in '/workspace/ros2_ws/build/interfaz' returned '0': CMAKE_PREFIX_PATH=${CMAKE_PREFIX_PATH}:/workspace/ros2_ws/install/servicio_suma:/workspace/ros2_ws/install/service_temp:/workspace/ros2_ws/install/primer_paquete:/workspace/ros2_ws/install/p2pkg:/workspace/ros2_ws/install/mi_accion:/opt/ros/humble /usr/bin/cmake --install /workspace/ros2_ws/build/interfaz
