[0.055s] Invoking command in '/workspace/ros2_ws/build/interfaz_servicio_suma': CMAKE_PREFIX_PATH=${CMAKE_PREFIX_PATH}:/workspace/ros2_ws/install/servicio_suma:/workspace/ros2_ws/install/primer_paquete:/workspace/ros2_ws/install/p2pkg:/workspace/ros2_ws/install/mi_accion:/opt/ros/humble /usr/bin/cmake --build /workspace/ros2_ws/build/interfaz_servicio_suma -- -j8 -l8
[0.515s] [  3%] Built target interfaz_servicio_suma__cpp
[0.515s] [ 12%] Built target interfaz_servicio_suma__rosidl_generator_c
[0.515s] [ 12%] Built target ament_cmake_python_copy_interfaz_servicio_suma
[0.515s] [ 25%] Built target interfaz_servicio_suma__rosidl_typesupport_cpp
[0.515s] [ 35%] Built target interfaz_servicio_suma__rosidl_typesupport_introspection_c
[0.515s] [ 45%] Built target interfaz_servicio_suma__rosidl_typesupport_introspection_cpp
[0.515s] [ 51%] Built target interfaz_servicio_suma__rosidl_typesupport_c
[0.515s] [ 61%] Built target interfaz_servicio_suma__rosidl_typesupport_fastrtps_c
[0.515s] [ 70%] Built target interfaz_servicio_suma__rosidl_typesupport_fastrtps_cpp
[0.516s] [ 70%] Built target interfaz_servicio_suma
[0.516s] [ 74%] Built target interfaz_servicio_suma__py
[0.516s] [ 80%] Built target interfaz_servicio_suma__rosidl_generator_py
[0.516s] [ 93%] Built target interfaz_servicio_suma__rosidl_typesupport_fastrtps_c__pyext
[0.516s] [ 93%] Built target interfaz_servicio_suma__rosidl_typesupport_introspection_c__pyext
[0.516s] [100%] Built target interfaz_servicio_suma__rosidl_typesupport_c__pyext
[0.666s] running egg_info
[0.669s] writing interfaz_servicio_suma.egg-info/PKG-INFO
[0.670s] writing dependency_links to interfaz_servicio_suma.egg-info/dependency_links.txt
[0.673s] writing top-level names to interfaz_servicio_suma.egg-info/top_level.txt
[0.681s] reading manifest file 'interfaz_servicio_suma.egg-info/SOURCES.txt'
[0.683s] writing manifest file 'interfaz_servicio_suma.egg-info/SOURCES.txt'
[0.746s] [100%] Built target ament_cmake_python_build_interfaz_servicio_suma_egg
[0.923s] Invoked command in '/workspace/ros2_ws/build/interfaz_servicio_suma' returned '0': CMAKE_PREFIX_PATH=${CMAKE_PREFIX_PATH}:/workspace/ros2_ws/install/servicio_suma:/workspace/ros2_ws/install/primer_paquete:/workspace/ros2_ws/install/p2pkg:/workspace/ros2_ws/install/mi_accion:/opt/ros/humble /usr/bin/cmake --build /workspace/ros2_ws/build/interfaz_servicio_suma -- -j8 -l8
[0.935s] Invoking command in '/workspace/ros2_ws/build/interfaz_servicio_suma': CMAKE_PREFIX_PATH=${CMAKE_PREFIX_PATH}:/workspace/ros2_ws/install/servicio_suma:/workspace/ros2_ws/install/primer_paquete:/workspace/ros2_ws/install/p2pkg:/workspace/ros2_ws/install/mi_accion:/opt/ros/humble /usr/bin/cmake --install /workspace/ros2_ws/build/interfaz_servicio_suma
[0.946s] -- Install configuration: ""
[0.947s] -- Up-to-date: /workspace/ros2_ws/install/interfaz_servicio_suma/share/ament_index/resource_index/rosidl_interfaces/interfaz_servicio_suma
[0.947s] -- Up-to-date: /workspace/ros2_ws/install/interfaz_servicio_suma/include/interfaz_servicio_suma/interfaz_servicio_suma
[0.947s] -- Up-to-date: /workspace/ros2_ws/install/interfaz_servicio_suma/include/interfaz_servicio_suma/interfaz_servicio_suma/srv
[0.948s] -- Up-to-date: /workspace/ros2_ws/install/interfaz_servicio_suma/include/interfaz_servicio_suma/interfaz_servicio_suma/srv/add_two_ints.h
[0.948s] -- Up-to-date: /workspace/ros2_ws/install/interfaz_servicio_suma/include/interfaz_servicio_suma/interfaz_servicio_suma/srv/detail
[0.948s] -- Up-to-date: /workspace/ros2_ws/install/interfaz_servicio_suma/include/interfaz_servicio_suma/interfaz_servicio_suma/srv/detail/add_two_ints__functions.c
[0.948s] -- Up-to-date: /workspace/ros2_ws/install/interfaz_servicio_suma/include/interfaz_servicio_suma/interfaz_servicio_suma/srv/detail/add_two_ints__functions.h
[0.948s] -- Up-to-date: /workspace/ros2_ws/install/interfaz_servicio_suma/include/interfaz_servicio_suma/interfaz_servicio_suma/srv/detail/add_two_ints__type_support.h
[0.948s] -- Up-to-date: /workspace/ros2_ws/install/interfaz_servicio_suma/include/interfaz_servicio_suma/interfaz_servicio_suma/srv/detail/add_two_ints__struct.h
[0.948s] -- Up-to-date: /workspace/ros2_ws/install/interfaz_servicio_suma/include/interfaz_servicio_suma/interfaz_servicio_suma/msg
[0.948s] -- Up-to-date: /workspace/ros2_ws/install/interfaz_servicio_suma/include/interfaz_servicio_suma/interfaz_servicio_suma/msg/rosidl_generator_c__visibility_control.h
[0.949s] -- Up-to-date: /workspace/ros2_ws/install/interfaz_servicio_suma/share/interfaz_servicio_suma/environment/library_path.sh
[0.949s] -- Up-to-date: /workspace/ros2_ws/install/interfaz_servicio_suma/share/interfaz_servicio_suma/environment/library_path.dsv
[0.949s] -- Up-to-date: /workspace/ros2_ws/install/interfaz_servicio_suma/lib/libinterfaz_servicio_suma__rosidl_generator_c.so
[0.950s] -- Up-to-date: /workspace/ros2_ws/install/interfaz_servicio_suma/include/interfaz_servicio_suma/interfaz_servicio_suma
[0.950s] -- Up-to-date: /workspace/ros2_ws/install/interfaz_servicio_suma/include/interfaz_servicio_suma/interfaz_servicio_suma/srv
[0.951s] -- Up-to-date: /workspace/ros2_ws/install/interfaz_servicio_suma/include/interfaz_servicio_suma/interfaz_servicio_suma/srv/detail
[0.951s] -- Up-to-date: /workspace/ros2_ws/install/interfaz_servicio_suma/include/interfaz_servicio_suma/interfaz_servicio_suma/srv/detail/add_two_ints__rosidl_typesupport_fastrtps_c.h
[0.951s] -- Up-to-date: /workspace/ros2_ws/install/interfaz_servicio_suma/include/interfaz_servicio_suma/interfaz_servicio_suma/msg
[0.951s] -- Up-to-date: /workspace/ros2_ws/install/interfaz_servicio_suma/include/interfaz_servicio_suma/interfaz_servicio_suma/msg/rosidl_typesupport_fastrtps_c__visibility_control.h
[0.953s] -- Up-to-date: /workspace/ros2_ws/install/interfaz_servicio_suma/lib/libinterfaz_servicio_suma__rosidl_typesupport_fastrtps_c.so
[0.954s] -- Up-to-date: /workspace/ros2_ws/install/interfaz_servicio_suma/include/interfaz_servicio_suma/interfaz_servicio_suma
[0.954s] -- Up-to-date: /workspace/ros2_ws/install/interfaz_servicio_suma/include/interfaz_servicio_suma/interfaz_servicio_suma/srv
[0.954s] -- Up-to-date: /workspace/ros2_ws/install/interfaz_servicio_suma/include/interfaz_servicio_suma/interfaz_servicio_suma/srv/add_two_ints.hpp
[0.954s] -- Up-to-date: /workspace/ros2_ws/install/interfaz_servicio_suma/include/interfaz_servicio_suma/interfaz_servicio_suma/srv/detail
[0.954s] -- Up-to-date: /workspace/ros2_ws/install/interfaz_servicio_suma/include/interfaz_servicio_suma/interfaz_servicio_suma/srv/detail/add_two_ints__builder.hpp
[0.955s] -- Up-to-date: /workspace/ros2_ws/install/interfaz_servicio_suma/include/interfaz_servicio_suma/interfaz_servicio_suma/srv/detail/add_two_ints__type_support.hpp
[0.955s] -- Up-to-date: /workspace/ros2_ws/install/interfaz_servicio_suma/include/interfaz_servicio_suma/interfaz_servicio_suma/srv/detail/add_two_ints__struct.hpp
[0.955s] -- Up-to-date: /workspace/ros2_ws/install/interfaz_servicio_suma/include/interfaz_servicio_suma/interfaz_servicio_suma/srv/detail/add_two_ints__traits.hpp
[0.955s] -- Up-to-date: /workspace/ros2_ws/install/interfaz_servicio_suma/include/interfaz_servicio_suma/interfaz_servicio_suma/msg
[0.955s] -- Up-to-date: /workspace/ros2_ws/install/interfaz_servicio_suma/include/interfaz_servicio_suma/interfaz_servicio_suma/msg/rosidl_generator_cpp__visibility_control.hpp
[0.955s] -- Up-to-date: /workspace/ros2_ws/install/interfaz_servicio_suma/include/interfaz_servicio_suma/interfaz_servicio_suma
[0.955s] -- Up-to-date: /workspace/ros2_ws/install/interfaz_servicio_suma/include/interfaz_servicio_suma/interfaz_servicio_suma/srv
[0.955s] -- Up-to-date: /workspace/ros2_ws/install/interfaz_servicio_suma/include/interfaz_servicio_suma/interfaz_servicio_suma/srv/detail
[0.956s] -- Up-to-date: /workspace/ros2_ws/install/interfaz_servicio_suma/include/interfaz_servicio_suma/interfaz_servicio_suma/srv/detail/add_two_ints__rosidl_typesupport_fastrtps_cpp.hpp
[0.956s] -- Up-to-date: /workspace/ros2_ws/install/interfaz_servicio_suma/include/interfaz_servicio_suma/interfaz_servicio_suma/srv/detail/dds_fastrtps
[0.956s] -- Up-to-date: /workspace/ros2_ws/install/interfaz_servicio_suma/include/interfaz_servicio_suma/interfaz_servicio_suma/msg
[0.956s] -- Up-to-date: /workspace/ros2_ws/install/interfaz_servicio_suma/include/interfaz_servicio_suma/interfaz_servicio_suma/msg/rosidl_typesupport_fastrtps_cpp__visibility_control.h
[0.957s] -- Up-to-date: /workspace/ros2_ws/install/interfaz_servicio_suma/lib/libinterfaz_servicio_suma__rosidl_typesupport_fastrtps_cpp.so
[0.958s] -- Up-to-date: /workspace/ros2_ws/install/interfaz_servicio_suma/include/interfaz_servicio_suma/interfaz_servicio_suma
[0.959s] -- Up-to-date: /workspace/ros2_ws/install/interfaz_servicio_suma/include/interfaz_servicio_suma/interfaz_servicio_suma/srv
[0.959s] -- Up-to-date: /workspace/ros2_ws/install/interfaz_servicio_suma/include/interfaz_servicio_suma/interfaz_servicio_suma/srv/detail
[0.959s] -- Up-to-date: /workspace/ros2_ws/install/interfaz_servicio_suma/include/interfaz_servicio_suma/interfaz_servicio_suma/srv/detail/add_two_ints__type_support.c
[0.959s] -- Up-to-date: /workspace/ros2_ws/install/interfaz_servicio_suma/include/interfaz_servicio_suma/interfaz_servicio_suma/srv/detail/add_two_ints__rosidl_typesupport_introspection_c.h
[0.959s] -- Up-to-date: /workspace/ros2_ws/install/interfaz_servicio_suma/include/interfaz_servicio_suma/interfaz_servicio_suma/msg
[0.959s] -- Up-to-date: /workspace/ros2_ws/install/interfaz_servicio_suma/include/interfaz_servicio_suma/interfaz_servicio_suma/msg/rosidl_typesupport_introspection_c__visibility_control.h
[0.959s] -- Up-to-date: /workspace/ros2_ws/install/interfaz_servicio_suma/lib/libinterfaz_servicio_suma__rosidl_typesupport_introspection_c.so
[0.960s] -- Up-to-date: /workspace/ros2_ws/install/interfaz_servicio_suma/lib/libinterfaz_servicio_suma__rosidl_typesupport_c.so
[0.960s] -- Up-to-date: /workspace/ros2_ws/install/interfaz_servicio_suma/include/interfaz_servicio_suma/interfaz_servicio_suma
[0.961s] -- Up-to-date: /workspace/ros2_ws/install/interfaz_servicio_suma/include/interfaz_servicio_suma/interfaz_servicio_suma/srv
[0.961s] -- Up-to-date: /workspace/ros2_ws/install/interfaz_servicio_suma/include/interfaz_servicio_suma/interfaz_servicio_suma/srv/detail
[0.961s] -- Up-to-date: /workspace/ros2_ws/install/interfaz_servicio_suma/include/interfaz_servicio_suma/interfaz_servicio_suma/srv/detail/add_two_ints__type_support.cpp
[0.961s] -- Up-to-date: /workspace/ros2_ws/install/interfaz_servicio_suma/include/interfaz_servicio_suma/interfaz_servicio_suma/srv/detail/add_two_ints__rosidl_typesupport_introspection_cpp.hpp
[0.961s] -- Up-to-date: /workspace/ros2_ws/install/interfaz_servicio_suma/lib/libinterfaz_servicio_suma__rosidl_typesupport_introspection_cpp.so
[0.963s] -- Up-to-date: /workspace/ros2_ws/install/interfaz_servicio_suma/lib/libinterfaz_servicio_suma__rosidl_typesupport_cpp.so
[0.963s] -- Up-to-date: /workspace/ros2_ws/install/interfaz_servicio_suma/share/interfaz_servicio_suma/environment/pythonpath.sh
[0.963s] -- Up-to-date: /workspace/ros2_ws/install/interfaz_servicio_suma/share/interfaz_servicio_suma/environment/pythonpath.dsv
[0.963s] -- Up-to-date: /workspace/ros2_ws/install/interfaz_servicio_suma/local/lib/python3.10/dist-packages/interfaz_servicio_suma-0.0.0-py3.10.egg-info
[0.963s] -- Installing: /workspace/ros2_ws/install/interfaz_servicio_suma/local/lib/python3.10/dist-packages/interfaz_servicio_suma-0.0.0-py3.10.egg-info/PKG-INFO
[0.964s] -- Installing: /workspace/ros2_ws/install/interfaz_servicio_suma/local/lib/python3.10/dist-packages/interfaz_servicio_suma-0.0.0-py3.10.egg-info/dependency_links.txt
[0.964s] -- Installing: /workspace/ros2_ws/install/interfaz_servicio_suma/local/lib/python3.10/dist-packages/interfaz_servicio_suma-0.0.0-py3.10.egg-info/SOURCES.txt
[0.964s] -- Installing: /workspace/ros2_ws/install/interfaz_servicio_suma/local/lib/python3.10/dist-packages/interfaz_servicio_suma-0.0.0-py3.10.egg-info/top_level.txt
[0.964s] -- Up-to-date: /workspace/ros2_ws/install/interfaz_servicio_suma/local/lib/python3.10/dist-packages/interfaz_servicio_suma
[0.964s] -- Up-to-date: /workspace/ros2_ws/install/interfaz_servicio_suma/local/lib/python3.10/dist-packages/interfaz_servicio_suma/_interfaz_servicio_suma_s.ep.rosidl_typesupport_c.c
[0.965s] -- Up-to-date: /workspace/ros2_ws/install/interfaz_servicio_suma/local/lib/python3.10/dist-packages/interfaz_servicio_suma/interfaz_servicio_suma_s__rosidl_typesupport_c.cpython-310-x86_64-linux-gnu.so
[0.965s] -- Up-to-date: /workspace/ros2_ws/install/interfaz_servicio_suma/local/lib/python3.10/dist-packages/interfaz_servicio_suma/__init__.py
[0.965s] -- Up-to-date: /workspace/ros2_ws/install/interfaz_servicio_suma/local/lib/python3.10/dist-packages/interfaz_servicio_suma/_interfaz_servicio_suma_s.ep.rosidl_typesupport_fastrtps_c.c
[0.965s] -- Up-to-date: /workspace/ros2_ws/install/interfaz_servicio_suma/local/lib/python3.10/dist-packages/interfaz_servicio_suma/_interfaz_servicio_suma_s.ep.rosidl_typesupport_introspection_c.c
[0.965s] -- Up-to-date: /workspace/ros2_ws/install/interfaz_servicio_suma/local/lib/python3.10/dist-packages/interfaz_servicio_suma/srv
[0.966s] -- Up-to-date: /workspace/ros2_ws/install/interfaz_servicio_suma/local/lib/python3.10/dist-packages/interfaz_servicio_suma/srv/__init__.py
[0.966s] -- Up-to-date: /workspace/ros2_ws/install/interfaz_servicio_suma/local/lib/python3.10/dist-packages/interfaz_servicio_suma/srv/_add_two_ints.py
[0.966s] -- Up-to-date: /workspace/ros2_ws/install/interfaz_servicio_suma/local/lib/python3.10/dist-packages/interfaz_servicio_suma/srv/_add_two_ints_s.c
[0.966s] -- Up-to-date: /workspace/ros2_ws/install/interfaz_servicio_suma/local/lib/python3.10/dist-packages/interfaz_servicio_suma/libinterfaz_servicio_suma__rosidl_generator_py.so
[0.966s] -- Up-to-date: /workspace/ros2_ws/install/interfaz_servicio_suma/local/lib/python3.10/dist-packages/interfaz_servicio_suma/interfaz_servicio_suma_s__rosidl_typesupport_introspection_c.cpython-310-x86_64-linux-gnu.so
[0.966s] -- Up-to-date: /workspace/ros2_ws/install/interfaz_servicio_suma/local/lib/python3.10/dist-packages/interfaz_servicio_suma/interfaz_servicio_suma_s__rosidl_typesupport_fastrtps_c.cpython-310-x86_64-linux-gnu.so
[1.032s] Listing '/workspace/ros2_ws/install/interfaz_servicio_suma/local/lib/python3.10/dist-packages/interfaz_servicio_suma'...
[1.032s] Listing '/workspace/ros2_ws/install/interfaz_servicio_suma/local/lib/python3.10/dist-packages/interfaz_servicio_suma/srv'...
[1.040s] -- Up-to-date: /workspace/ros2_ws/install/interfaz_servicio_suma/local/lib/python3.10/dist-packages/interfaz_servicio_suma/interfaz_servicio_suma_s__rosidl_typesupport_fastrtps_c.cpython-310-x86_64-linux-gnu.so
[1.041s] -- Up-to-date: /workspace/ros2_ws/install/interfaz_servicio_suma/local/lib/python3.10/dist-packages/interfaz_servicio_suma/interfaz_servicio_suma_s__rosidl_typesupport_introspection_c.cpython-310-x86_64-linux-gnu.so
[1.042s] -- Up-to-date: /workspace/ros2_ws/install/interfaz_servicio_suma/local/lib/python3.10/dist-packages/interfaz_servicio_suma/interfaz_servicio_suma_s__rosidl_typesupport_c.cpython-310-x86_64-linux-gnu.so
[1.042s] -- Up-to-date: /workspace/ros2_ws/install/interfaz_servicio_suma/lib/libinterfaz_servicio_suma__rosidl_generator_py.so
[1.043s] -- Up-to-date: /workspace/ros2_ws/install/interfaz_servicio_suma/share/interfaz_servicio_suma/srv/AddTwoInts.idl
[1.043s] -- Up-to-date: /workspace/ros2_ws/install/interfaz_servicio_suma/share/interfaz_servicio_suma/srv/AddTwoInts.srv
[1.043s] -- Up-to-date: /workspace/ros2_ws/install/interfaz_servicio_suma/share/interfaz_servicio_suma/srv/AddTwoInts_Request.msg
[1.044s] -- Up-to-date: /workspace/ros2_ws/install/interfaz_servicio_suma/share/interfaz_servicio_suma/srv/AddTwoInts_Response.msg
[1.044s] -- Up-to-date: /workspace/ros2_ws/install/interfaz_servicio_suma/share/ament_index/resource_index/package_run_dependencies/interfaz_servicio_suma
[1.044s] -- Up-to-date: /workspace/ros2_ws/install/interfaz_servicio_suma/share/ament_index/resource_index/parent_prefix_path/interfaz_servicio_suma
[1.044s] -- Up-to-date: /workspace/ros2_ws/install/interfaz_servicio_suma/share/interfaz_servicio_suma/environment/ament_prefix_path.sh
[1.045s] -- Up-to-date: /workspace/ros2_ws/install/interfaz_servicio_suma/share/interfaz_servicio_suma/environment/ament_prefix_path.dsv
[1.045s] -- Up-to-date: /workspace/ros2_ws/install/interfaz_servicio_suma/share/interfaz_servicio_suma/environment/path.sh
[1.045s] -- Up-to-date: /workspace/ros2_ws/install/interfaz_servicio_suma/share/interfaz_servicio_suma/environment/path.dsv
[1.045s] -- Up-to-date: /workspace/ros2_ws/install/interfaz_servicio_suma/share/interfaz_servicio_suma/local_setup.bash
[1.045s] -- Up-to-date: /workspace/ros2_ws/install/interfaz_servicio_suma/share/interfaz_servicio_suma/local_setup.sh
[1.045s] -- Up-to-date: /workspace/ros2_ws/install/interfaz_servicio_suma/share/interfaz_servicio_suma/local_setup.zsh
[1.045s] -- Up-to-date: /workspace/ros2_ws/install/interfaz_servicio_suma/share/interfaz_servicio_suma/local_setup.dsv
[1.046s] -- Installing: /workspace/ros2_ws/install/interfaz_servicio_suma/share/interfaz_servicio_suma/package.dsv
[1.046s] -- Up-to-date: /workspace/ros2_ws/install/interfaz_servicio_suma/share/ament_index/resource_index/packages/interfaz_servicio_suma
[1.046s] -- Up-to-date: /workspace/ros2_ws/install/interfaz_servicio_suma/share/interfaz_servicio_suma/cmake/export_interfaz_servicio_suma__rosidl_generator_cExport.cmake
[1.047s] -- Up-to-date: /workspace/ros2_ws/install/interfaz_servicio_suma/share/interfaz_servicio_suma/cmake/export_interfaz_servicio_suma__rosidl_generator_cExport-noconfig.cmake
[1.047s] -- Up-to-date: /workspace/ros2_ws/install/interfaz_servicio_suma/share/interfaz_servicio_suma/cmake/export_interfaz_servicio_suma__rosidl_typesupport_fastrtps_cExport.cmake
[1.047s] -- Up-to-date: /workspace/ros2_ws/install/interfaz_servicio_suma/share/interfaz_servicio_suma/cmake/export_interfaz_servicio_suma__rosidl_typesupport_fastrtps_cExport-noconfig.cmake
[1.047s] -- Up-to-date: /workspace/ros2_ws/install/interfaz_servicio_suma/share/interfaz_servicio_suma/cmake/export_interfaz_servicio_suma__rosidl_generator_cppExport.cmake
[1.048s] -- Up-to-date: /workspace/ros2_ws/install/interfaz_servicio_suma/share/interfaz_servicio_suma/cmake/export_interfaz_servicio_suma__rosidl_typesupport_fastrtps_cppExport.cmake
[1.048s] -- Up-to-date: /workspace/ros2_ws/install/interfaz_servicio_suma/share/interfaz_servicio_suma/cmake/export_interfaz_servicio_suma__rosidl_typesupport_fastrtps_cppExport-noconfig.cmake
[1.048s] -- Up-to-date: /workspace/ros2_ws/install/interfaz_servicio_suma/share/interfaz_servicio_suma/cmake/interfaz_servicio_suma__rosidl_typesupport_introspection_cExport.cmake
[1.048s] -- Up-to-date: /workspace/ros2_ws/install/interfaz_servicio_suma/share/interfaz_servicio_suma/cmake/interfaz_servicio_suma__rosidl_typesupport_introspection_cExport-noconfig.cmake
[1.049s] -- Up-to-date: /workspace/ros2_ws/install/interfaz_servicio_suma/share/interfaz_servicio_suma/cmake/interfaz_servicio_suma__rosidl_typesupport_cExport.cmake
[1.049s] -- Up-to-date: /workspace/ros2_ws/install/interfaz_servicio_suma/share/interfaz_servicio_suma/cmake/interfaz_servicio_suma__rosidl_typesupport_cExport-noconfig.cmake
[1.049s] -- Up-to-date: /workspace/ros2_ws/install/interfaz_servicio_suma/share/interfaz_servicio_suma/cmake/interfaz_servicio_suma__rosidl_typesupport_introspection_cppExport.cmake
[1.049s] -- Up-to-date: /workspace/ros2_ws/install/interfaz_servicio_suma/share/interfaz_servicio_suma/cmake/interfaz_servicio_suma__rosidl_typesupport_introspection_cppExport-noconfig.cmake
[1.049s] -- Up-to-date: /workspace/ros2_ws/install/interfaz_servicio_suma/share/interfaz_servicio_suma/cmake/interfaz_servicio_suma__rosidl_typesupport_cppExport.cmake
[1.049s] -- Up-to-date: /workspace/ros2_ws/install/interfaz_servicio_suma/share/interfaz_servicio_suma/cmake/interfaz_servicio_suma__rosidl_typesupport_cppExport-noconfig.cmake
[1.049s] -- Up-to-date: /workspace/ros2_ws/install/interfaz_servicio_suma/share/interfaz_servicio_suma/cmake/export_interfaz_servicio_suma__rosidl_generator_pyExport.cmake
[1.050s] -- Up-to-date: /workspace/ros2_ws/install/interfaz_servicio_suma/share/interfaz_servicio_suma/cmake/export_interfaz_servicio_suma__rosidl_generator_pyExport-noconfig.cmake
[1.050s] -- Up-to-date: /workspace/ros2_ws/install/interfaz_servicio_suma/share/interfaz_servicio_suma/cmake/rosidl_cmake-extras.cmake
[1.050s] -- Up-to-date: /workspace/ros2_ws/install/interfaz_servicio_suma/share/interfaz_servicio_suma/cmake/ament_cmake_export_dependencies-extras.cmake
[1.051s] -- Up-to-date: /workspace/ros2_ws/install/interfaz_servicio_suma/share/interfaz_servicio_suma/cmake/ament_cmake_export_include_directories-extras.cmake
[1.051s] -- Up-to-date: /workspace/ros2_ws/install/interfaz_servicio_suma/share/interfaz_servicio_suma/cmake/ament_cmake_export_libraries-extras.cmake
[1.051s] -- Up-to-date: /workspace/ros2_ws/install/interfaz_servicio_suma/share/interfaz_servicio_suma/cmake/ament_cmake_export_targets-extras.cmake
[1.051s] -- Up-to-date: /workspace/ros2_ws/install/interfaz_servicio_suma/share/interfaz_servicio_suma/cmake/rosidl_cmake_export_typesupport_targets-extras.cmake
[1.051s] -- Up-to-date: /workspace/ros2_ws/install/interfaz_servicio_suma/share/interfaz_servicio_suma/cmake/rosidl_cmake_export_typesupport_libraries-extras.cmake
[1.051s] -- Up-to-date: /workspace/ros2_ws/install/interfaz_servicio_suma/share/interfaz_servicio_suma/cmake/interfaz_servicio_sumaConfig.cmake
[1.052s] -- Up-to-date: /workspace/ros2_ws/install/interfaz_servicio_suma/share/interfaz_servicio_suma/cmake/interfaz_servicio_sumaConfig-version.cmake
[1.052s] -- Up-to-date: /workspace/ros2_ws/install/interfaz_servicio_suma/share/interfaz_servicio_suma/package.xml
[1.116s] Invoked command in '/workspace/ros2_ws/build/interfaz_servicio_suma' returned '0': CMAKE_PREFIX_PATH=${CMAKE_PREFIX_PATH}:/workspace/ros2_ws/install/servicio_suma:/workspace/ros2_ws/install/primer_paquete:/workspace/ros2_ws/install/p2pkg:/workspace/ros2_ws/install/mi_accion:/opt/ros/humble /usr/bin/cmake --install /workspace/ros2_ws/build/interfaz_servicio_suma
