[0.292s] Invoking command in '/workspace/ros2_ws/build/interfaz_servicio_suma': CMAKE_PREFIX_PATH=${CMAKE_PREFIX_PATH}:/workspace/ros2_ws/install/servicio_suma:/workspace/ros2_ws/install/service_temp:/workspace/ros2_ws/install/primer_paquete:/workspace/ros2_ws/install/p2pkg:/workspace/ros2_ws/install/mi_accion:/workspace/ros2_ws/install/battery_act:/opt/ros/humble /usr/bin/cmake --build /workspace/ros2_ws/build/interfaz_servicio_suma -- -j8 -l8
[0.933s] [  3%] Built target interfaz_servicio_suma__cpp
[0.933s] [ 12%] Built target interfaz_servicio_suma__rosidl_generator_c
[0.933s] [ 12%] Built target ament_cmake_python_copy_interfaz_servicio_suma
[0.933s] [ 22%] Built target interfaz_servicio_suma__rosidl_typesupport_cpp
[0.933s] [ 32%] Built target interfaz_servicio_suma__rosidl_typesupport_fastrtps_c
[0.933s] [ 45%] Built target interfaz_servicio_suma__rosidl_typesupport_introspection_c
[0.933s] [ 51%] Built target interfaz_servicio_suma__rosidl_typesupport_c
[0.933s] [ 61%] Built target interfaz_servicio_suma__rosidl_typesupport_fastrtps_cpp
[0.934s] [ 70%] Built target interfaz_servicio_suma__rosidl_typesupport_introspection_cpp
[0.934s] [ 70%] Built target interfaz_servicio_suma
[0.934s] [ 74%] Built target interfaz_servicio_suma__py
[0.934s] [ 80%] Built target interfaz_servicio_suma__rosidl_generator_py
[0.934s] [ 87%] Built target interfaz_servicio_suma__rosidl_typesupport_fastrtps_c__pyext
[0.934s] [ 93%] Built target interfaz_servicio_suma__rosidl_typesupport_c__pyext
[0.934s] [100%] Built target interfaz_servicio_suma__rosidl_typesupport_introspection_c__pyext
[0.934s] running egg_info
[0.934s] writing interfaz_servicio_suma.egg-info/PKG-INFO
[0.934s] writing dependency_links to interfaz_servicio_suma.egg-info/dependency_links.txt
[0.934s] writing top-level names to interfaz_servicio_suma.egg-info/top_level.txt
[0.935s] reading manifest file 'interfaz_servicio_suma.egg-info/SOURCES.txt'
[0.935s] writing manifest file 'interfaz_servicio_suma.egg-info/SOURCES.txt'
[0.935s] [100%] Built target ament_cmake_python_build_interfaz_servicio_suma_egg
[1.189s] Invoked command in '/workspace/ros2_ws/build/interfaz_servicio_suma' returned '0': CMAKE_PREFIX_PATH=${CMAKE_PREFIX_PATH}:/workspace/ros2_ws/install/servicio_suma:/workspace/ros2_ws/install/service_temp:/workspace/ros2_ws/install/primer_paquete:/workspace/ros2_ws/install/p2pkg:/workspace/ros2_ws/install/mi_accion:/workspace/ros2_ws/install/battery_act:/opt/ros/humble /usr/bin/cmake --build /workspace/ros2_ws/build/interfaz_servicio_suma -- -j8 -l8
[1.199s] Invoking command in '/workspace/ros2_ws/build/interfaz_servicio_suma': CMAKE_PREFIX_PATH=${CMAKE_PREFIX_PATH}:/workspace/ros2_ws/install/servicio_suma:/workspace/ros2_ws/install/service_temp:/workspace/ros2_ws/install/primer_paquete:/workspace/ros2_ws/install/p2pkg:/workspace/ros2_ws/install/mi_accion:/workspace/ros2_ws/install/battery_act:/opt/ros/humble /usr/bin/cmake --install /workspace/ros2_ws/build/interfaz_servicio_suma
[1.208s] -- Install configuration: ""
[1.209s] -- Up-to-date: /workspace/ros2_ws/install/interfaz_servicio_suma/share/ament_index/resource_index/rosidl_interfaces/interfaz_servicio_suma
[1.209s] -- Up-to-date: /workspace/ros2_ws/install/interfaz_servicio_suma/include/interfaz_servicio_suma/interfaz_servicio_suma
[1.209s] -- Up-to-date: /workspace/ros2_ws/install/interfaz_servicio_suma/include/interfaz_servicio_suma/interfaz_servicio_suma/srv
[1.209s] -- Up-to-date: /workspace/ros2_ws/install/interfaz_servicio_suma/include/interfaz_servicio_suma/interfaz_servicio_suma/srv/add_two_ints.h
[1.209s] -- Up-to-date: /workspace/ros2_ws/install/interfaz_servicio_suma/include/interfaz_servicio_suma/interfaz_servicio_suma/srv/detail
[1.209s] -- Up-to-date: /workspace/ros2_ws/install/interfaz_servicio_suma/include/interfaz_servicio_suma/interfaz_servicio_suma/srv/detail/add_two_ints__functions.c
[1.210s] -- Up-to-date: /workspace/ros2_ws/install/interfaz_servicio_suma/include/interfaz_servicio_suma/interfaz_servicio_suma/srv/detail/add_two_ints__functions.h
[1.210s] -- Up-to-date: /workspace/ros2_ws/install/interfaz_servicio_suma/include/interfaz_servicio_suma/interfaz_servicio_suma/srv/detail/add_two_ints__type_support.h
[1.210s] -- Up-to-date: /workspace/ros2_ws/install/interfaz_servicio_suma/include/interfaz_servicio_suma/interfaz_servicio_suma/srv/detail/add_two_ints__struct.h
[1.210s] -- Up-to-date: /workspace/ros2_ws/install/interfaz_servicio_suma/include/interfaz_servicio_suma/interfaz_servicio_suma/msg
[1.210s] -- Up-to-date: /workspace/ros2_ws/install/interfaz_servicio_suma/include/interfaz_servicio_suma/interfaz_servicio_suma/msg/rosidl_generator_c__visibility_control.h
[1.210s] -- Up-to-date: /workspace/ros2_ws/install/interfaz_servicio_suma/share/interfaz_servicio_suma/environment/library_path.sh
[1.210s] -- Up-to-date: /workspace/ros2_ws/install/interfaz_servicio_suma/share/interfaz_servicio_suma/environment/library_path.dsv
[1.210s] -- Up-to-date: /workspace/ros2_ws/install/interfaz_servicio_suma/lib/libinterfaz_servicio_suma__rosidl_generator_c.so
[1.210s] -- Up-to-date: /workspace/ros2_ws/install/interfaz_servicio_suma/include/interfaz_servicio_suma/interfaz_servicio_suma
[1.210s] -- Up-to-date: /workspace/ros2_ws/install/interfaz_servicio_suma/include/interfaz_servicio_suma/interfaz_servicio_suma/srv
[1.210s] -- Up-to-date: /workspace/ros2_ws/install/interfaz_servicio_suma/include/interfaz_servicio_suma/interfaz_servicio_suma/srv/detail
[1.211s] -- Up-to-date: /workspace/ros2_ws/install/interfaz_servicio_suma/include/interfaz_servicio_suma/interfaz_servicio_suma/srv/detail/add_two_ints__rosidl_typesupport_fastrtps_c.h
[1.211s] -- Up-to-date: /workspace/ros2_ws/install/interfaz_servicio_suma/include/interfaz_servicio_suma/interfaz_servicio_suma/msg
[1.211s] -- Up-to-date: /workspace/ros2_ws/install/interfaz_servicio_suma/include/interfaz_servicio_suma/interfaz_servicio_suma/msg/rosidl_typesupport_fastrtps_c__visibility_control.h
[1.211s] -- Up-to-date: /workspace/ros2_ws/install/interfaz_servicio_suma/lib/libinterfaz_servicio_suma__rosidl_typesupport_fastrtps_c.so
[1.211s] -- Up-to-date: /workspace/ros2_ws/install/interfaz_servicio_suma/include/interfaz_servicio_suma/interfaz_servicio_suma
[1.211s] -- Up-to-date: /workspace/ros2_ws/install/interfaz_servicio_suma/include/interfaz_servicio_suma/interfaz_servicio_suma/srv
[1.211s] -- Up-to-date: /workspace/ros2_ws/install/interfaz_servicio_suma/include/interfaz_servicio_suma/interfaz_servicio_suma/srv/add_two_ints.hpp
[1.212s] -- Up-to-date: /workspace/ros2_ws/install/interfaz_servicio_suma/include/interfaz_servicio_suma/interfaz_servicio_suma/srv/detail
[1.212s] -- Up-to-date: /workspace/ros2_ws/install/interfaz_servicio_suma/include/interfaz_servicio_suma/interfaz_servicio_suma/srv/detail/add_two_ints__builder.hpp
[1.212s] -- Up-to-date: /workspace/ros2_ws/install/interfaz_servicio_suma/include/interfaz_servicio_suma/interfaz_servicio_suma/srv/detail/add_two_ints__type_support.hpp
[1.212s] -- Up-to-date: /workspace/ros2_ws/install/interfaz_servicio_suma/include/interfaz_servicio_suma/interfaz_servicio_suma/srv/detail/add_two_ints__struct.hpp
[1.212s] -- Up-to-date: /workspace/ros2_ws/install/interfaz_servicio_suma/include/interfaz_servicio_suma/interfaz_servicio_suma/srv/detail/add_two_ints__traits.hpp
[1.212s] -- Up-to-date: /workspace/ros2_ws/install/interfaz_servicio_suma/include/interfaz_servicio_suma/interfaz_servicio_suma/msg
[1.212s] -- Up-to-date: /workspace/ros2_ws/install/interfaz_servicio_suma/include/interfaz_servicio_suma/interfaz_servicio_suma/msg/rosidl_generator_cpp__visibility_control.hpp
[1.213s] -- Up-to-date: /workspace/ros2_ws/install/interfaz_servicio_suma/include/interfaz_servicio_suma/interfaz_servicio_suma
[1.213s] -- Up-to-date: /workspace/ros2_ws/install/interfaz_servicio_suma/include/interfaz_servicio_suma/interfaz_servicio_suma/srv
[1.213s] -- Up-to-date: /workspace/ros2_ws/install/interfaz_servicio_suma/include/interfaz_servicio_suma/interfaz_servicio_suma/srv/detail
[1.213s] -- Up-to-date: /workspace/ros2_ws/install/interfaz_servicio_suma/include/interfaz_servicio_suma/interfaz_servicio_suma/srv/detail/add_two_ints__rosidl_typesupport_fastrtps_cpp.hpp
[1.213s] -- Up-to-date: /workspace/ros2_ws/install/interfaz_servicio_suma/include/interfaz_servicio_suma/interfaz_servicio_suma/srv/detail/dds_fastrtps
[1.213s] -- Up-to-date: /workspace/ros2_ws/install/interfaz_servicio_suma/include/interfaz_servicio_suma/interfaz_servicio_suma/msg
[1.213s] -- Up-to-date: /workspace/ros2_ws/install/interfaz_servicio_suma/include/interfaz_servicio_suma/interfaz_servicio_suma/msg/rosidl_typesupport_fastrtps_cpp__visibility_control.h
[1.213s] -- Up-to-date: /workspace/ros2_ws/install/interfaz_servicio_suma/lib/libinterfaz_servicio_suma__rosidl_typesupport_fastrtps_cpp.so
[1.214s] -- Up-to-date: /workspace/ros2_ws/install/interfaz_servicio_suma/include/interfaz_servicio_suma/interfaz_servicio_suma
[1.214s] -- Up-to-date: /workspace/ros2_ws/install/interfaz_servicio_suma/include/interfaz_servicio_suma/interfaz_servicio_suma/srv
[1.214s] -- Up-to-date: /workspace/ros2_ws/install/interfaz_servicio_suma/include/interfaz_servicio_suma/interfaz_servicio_suma/srv/detail
[1.214s] -- Up-to-date: /workspace/ros2_ws/install/interfaz_servicio_suma/include/interfaz_servicio_suma/interfaz_servicio_suma/srv/detail/add_two_ints__type_support.c
[1.214s] -- Up-to-date: /workspace/ros2_ws/install/interfaz_servicio_suma/include/interfaz_servicio_suma/interfaz_servicio_suma/srv/detail/add_two_ints__rosidl_typesupport_introspection_c.h
[1.214s] -- Up-to-date: /workspace/ros2_ws/install/interfaz_servicio_suma/include/interfaz_servicio_suma/interfaz_servicio_suma/msg
[1.214s] -- Up-to-date: /workspace/ros2_ws/install/interfaz_servicio_suma/include/interfaz_servicio_suma/interfaz_servicio_suma/msg/rosidl_typesupport_introspection_c__visibility_control.h
[1.214s] -- Up-to-date: /workspace/ros2_ws/install/interfaz_servicio_suma/lib/libinterfaz_servicio_suma__rosidl_typesupport_introspection_c.so
[1.215s] -- Up-to-date: /workspace/ros2_ws/install/interfaz_servicio_suma/lib/libinterfaz_servicio_suma__rosidl_typesupport_c.so
[1.215s] -- Up-to-date: /workspace/ros2_ws/install/interfaz_servicio_suma/include/interfaz_servicio_suma/interfaz_servicio_suma
[1.215s] -- Up-to-date: /workspace/ros2_ws/install/interfaz_servicio_suma/include/interfaz_servicio_suma/interfaz_servicio_suma/srv
[1.215s] -- Up-to-date: /workspace/ros2_ws/install/interfaz_servicio_suma/include/interfaz_servicio_suma/interfaz_servicio_suma/srv/detail
[1.215s] -- Up-to-date: /workspace/ros2_ws/install/interfaz_servicio_suma/include/interfaz_servicio_suma/interfaz_servicio_suma/srv/detail/add_two_ints__type_support.cpp
[1.215s] -- Up-to-date: /workspace/ros2_ws/install/interfaz_servicio_suma/include/interfaz_servicio_suma/interfaz_servicio_suma/srv/detail/add_two_ints__rosidl_typesupport_introspection_cpp.hpp
[1.215s] -- Up-to-date: /workspace/ros2_ws/install/interfaz_servicio_suma/lib/libinterfaz_servicio_suma__rosidl_typesupport_introspection_cpp.so
[1.216s] -- Up-to-date: /workspace/ros2_ws/install/interfaz_servicio_suma/lib/libinterfaz_servicio_suma__rosidl_typesupport_cpp.so
[1.216s] -- Up-to-date: /workspace/ros2_ws/install/interfaz_servicio_suma/share/interfaz_servicio_suma/environment/pythonpath.sh
[1.216s] -- Up-to-date: /workspace/ros2_ws/install/interfaz_servicio_suma/share/interfaz_servicio_suma/environment/pythonpath.dsv
[1.216s] -- Up-to-date: /workspace/ros2_ws/install/interfaz_servicio_suma/local/lib/python3.10/dist-packages/interfaz_servicio_suma-0.0.0-py3.10.egg-info
[1.216s] -- Installing: /workspace/ros2_ws/install/interfaz_servicio_suma/local/lib/python3.10/dist-packages/interfaz_servicio_suma-0.0.0-py3.10.egg-info/PKG-INFO
[1.216s] -- Installing: /workspace/ros2_ws/install/interfaz_servicio_suma/local/lib/python3.10/dist-packages/interfaz_servicio_suma-0.0.0-py3.10.egg-info/dependency_links.txt
[1.216s] -- Installing: /workspace/ros2_ws/install/interfaz_servicio_suma/local/lib/python3.10/dist-packages/interfaz_servicio_suma-0.0.0-py3.10.egg-info/SOURCES.txt
[1.216s] -- Installing: /workspace/ros2_ws/install/interfaz_servicio_suma/local/lib/python3.10/dist-packages/interfaz_servicio_suma-0.0.0-py3.10.egg-info/top_level.txt
[1.217s] -- Up-to-date: /workspace/ros2_ws/install/interfaz_servicio_suma/local/lib/python3.10/dist-packages/interfaz_servicio_suma
[1.217s] -- Up-to-date: /workspace/ros2_ws/install/interfaz_servicio_suma/local/lib/python3.10/dist-packages/interfaz_servicio_suma/_interfaz_servicio_suma_s.ep.rosidl_typesupport_c.c
[1.217s] -- Up-to-date: /workspace/ros2_ws/install/interfaz_servicio_suma/local/lib/python3.10/dist-packages/interfaz_servicio_suma/interfaz_servicio_suma_s__rosidl_typesupport_c.cpython-310-x86_64-linux-gnu.so
[1.217s] -- Up-to-date: /workspace/ros2_ws/install/interfaz_servicio_suma/local/lib/python3.10/dist-packages/interfaz_servicio_suma/__init__.py
[1.217s] -- Up-to-date: /workspace/ros2_ws/install/interfaz_servicio_suma/local/lib/python3.10/dist-packages/interfaz_servicio_suma/_interfaz_servicio_suma_s.ep.rosidl_typesupport_fastrtps_c.c
[1.217s] -- Up-to-date: /workspace/ros2_ws/install/interfaz_servicio_suma/local/lib/python3.10/dist-packages/interfaz_servicio_suma/_interfaz_servicio_suma_s.ep.rosidl_typesupport_introspection_c.c
[1.217s] -- Up-to-date: /workspace/ros2_ws/install/interfaz_servicio_suma/local/lib/python3.10/dist-packages/interfaz_servicio_suma/srv
[1.217s] -- Up-to-date: /workspace/ros2_ws/install/interfaz_servicio_suma/local/lib/python3.10/dist-packages/interfaz_servicio_suma/srv/__init__.py
[1.217s] -- Up-to-date: /workspace/ros2_ws/install/interfaz_servicio_suma/local/lib/python3.10/dist-packages/interfaz_servicio_suma/srv/_add_two_ints.py
[1.218s] -- Up-to-date: /workspace/ros2_ws/install/interfaz_servicio_suma/local/lib/python3.10/dist-packages/interfaz_servicio_suma/srv/_add_two_ints_s.c
[1.218s] -- Up-to-date: /workspace/ros2_ws/install/interfaz_servicio_suma/local/lib/python3.10/dist-packages/interfaz_servicio_suma/libinterfaz_servicio_suma__rosidl_generator_py.so
[1.218s] -- Up-to-date: /workspace/ros2_ws/install/interfaz_servicio_suma/local/lib/python3.10/dist-packages/interfaz_servicio_suma/interfaz_servicio_suma_s__rosidl_typesupport_introspection_c.cpython-310-x86_64-linux-gnu.so
[1.218s] -- Up-to-date: /workspace/ros2_ws/install/interfaz_servicio_suma/local/lib/python3.10/dist-packages/interfaz_servicio_suma/interfaz_servicio_suma_s__rosidl_typesupport_fastrtps_c.cpython-310-x86_64-linux-gnu.so
[1.275s] Listing '/workspace/ros2_ws/install/interfaz_servicio_suma/local/lib/python3.10/dist-packages/interfaz_servicio_suma'...
[1.275s] Listing '/workspace/ros2_ws/install/interfaz_servicio_suma/local/lib/python3.10/dist-packages/interfaz_servicio_suma/srv'...
[1.281s] -- Up-to-date: /workspace/ros2_ws/install/interfaz_servicio_suma/local/lib/python3.10/dist-packages/interfaz_servicio_suma/interfaz_servicio_suma_s__rosidl_typesupport_fastrtps_c.cpython-310-x86_64-linux-gnu.so
[1.281s] -- Up-to-date: /workspace/ros2_ws/install/interfaz_servicio_suma/local/lib/python3.10/dist-packages/interfaz_servicio_suma/interfaz_servicio_suma_s__rosidl_typesupport_introspection_c.cpython-310-x86_64-linux-gnu.so
[1.281s] -- Up-to-date: /workspace/ros2_ws/install/interfaz_servicio_suma/local/lib/python3.10/dist-packages/interfaz_servicio_suma/interfaz_servicio_suma_s__rosidl_typesupport_c.cpython-310-x86_64-linux-gnu.so
[1.282s] -- Up-to-date: /workspace/ros2_ws/install/interfaz_servicio_suma/lib/libinterfaz_servicio_suma__rosidl_generator_py.so
[1.282s] -- Up-to-date: /workspace/ros2_ws/install/interfaz_servicio_suma/share/interfaz_servicio_suma/srv/AddTwoInts.idl
[1.283s] -- Up-to-date: /workspace/ros2_ws/install/interfaz_servicio_suma/share/interfaz_servicio_suma/srv/AddTwoInts.srv
[1.283s] -- Up-to-date: /workspace/ros2_ws/install/interfaz_servicio_suma/share/interfaz_servicio_suma/srv/AddTwoInts_Request.msg
[1.283s] -- Up-to-date: /workspace/ros2_ws/install/interfaz_servicio_suma/share/interfaz_servicio_suma/srv/AddTwoInts_Response.msg
[1.284s] -- Up-to-date: /workspace/ros2_ws/install/interfaz_servicio_suma/share/ament_index/resource_index/package_run_dependencies/interfaz_servicio_suma
[1.284s] -- Up-to-date: /workspace/ros2_ws/install/interfaz_servicio_suma/share/ament_index/resource_index/parent_prefix_path/interfaz_servicio_suma
[1.284s] -- Up-to-date: /workspace/ros2_ws/install/interfaz_servicio_suma/share/interfaz_servicio_suma/environment/ament_prefix_path.sh
[1.285s] -- Up-to-date: /workspace/ros2_ws/install/interfaz_servicio_suma/share/interfaz_servicio_suma/environment/ament_prefix_path.dsv
[1.285s] -- Up-to-date: /workspace/ros2_ws/install/interfaz_servicio_suma/share/interfaz_servicio_suma/environment/path.sh
[1.285s] -- Up-to-date: /workspace/ros2_ws/install/interfaz_servicio_suma/share/interfaz_servicio_suma/environment/path.dsv
[1.285s] -- Up-to-date: /workspace/ros2_ws/install/interfaz_servicio_suma/share/interfaz_servicio_suma/local_setup.bash
[1.286s] -- Up-to-date: /workspace/ros2_ws/install/interfaz_servicio_suma/share/interfaz_servicio_suma/local_setup.sh
[1.286s] -- Up-to-date: /workspace/ros2_ws/install/interfaz_servicio_suma/share/interfaz_servicio_suma/local_setup.zsh
[1.287s] -- Up-to-date: /workspace/ros2_ws/install/interfaz_servicio_suma/share/interfaz_servicio_suma/local_setup.dsv
[1.287s] -- Installing: /workspace/ros2_ws/install/interfaz_servicio_suma/share/interfaz_servicio_suma/package.dsv
[1.287s] -- Up-to-date: /workspace/ros2_ws/install/interfaz_servicio_suma/share/ament_index/resource_index/packages/interfaz_servicio_suma
[1.288s] -- Up-to-date: /workspace/ros2_ws/install/interfaz_servicio_suma/share/interfaz_servicio_suma/cmake/export_interfaz_servicio_suma__rosidl_generator_cExport.cmake
[1.288s] -- Up-to-date: /workspace/ros2_ws/install/interfaz_servicio_suma/share/interfaz_servicio_suma/cmake/export_interfaz_servicio_suma__rosidl_generator_cExport-noconfig.cmake
[1.288s] -- Up-to-date: /workspace/ros2_ws/install/interfaz_servicio_suma/share/interfaz_servicio_suma/cmake/export_interfaz_servicio_suma__rosidl_typesupport_fastrtps_cExport.cmake
[1.288s] -- Up-to-date: /workspace/ros2_ws/install/interfaz_servicio_suma/share/interfaz_servicio_suma/cmake/export_interfaz_servicio_suma__rosidl_typesupport_fastrtps_cExport-noconfig.cmake
[1.289s] -- Up-to-date: /workspace/ros2_ws/install/interfaz_servicio_suma/share/interfaz_servicio_suma/cmake/export_interfaz_servicio_suma__rosidl_generator_cppExport.cmake
[1.289s] -- Up-to-date: /workspace/ros2_ws/install/interfaz_servicio_suma/share/interfaz_servicio_suma/cmake/export_interfaz_servicio_suma__rosidl_typesupport_fastrtps_cppExport.cmake
[1.290s] -- Up-to-date: /workspace/ros2_ws/install/interfaz_servicio_suma/share/interfaz_servicio_suma/cmake/export_interfaz_servicio_suma__rosidl_typesupport_fastrtps_cppExport-noconfig.cmake
[1.290s] -- Up-to-date: /workspace/ros2_ws/install/interfaz_servicio_suma/share/interfaz_servicio_suma/cmake/interfaz_servicio_suma__rosidl_typesupport_introspection_cExport.cmake
[1.290s] -- Up-to-date: /workspace/ros2_ws/install/interfaz_servicio_suma/share/interfaz_servicio_suma/cmake/interfaz_servicio_suma__rosidl_typesupport_introspection_cExport-noconfig.cmake
[1.291s] -- Up-to-date: /workspace/ros2_ws/install/interfaz_servicio_suma/share/interfaz_servicio_suma/cmake/interfaz_servicio_suma__rosidl_typesupport_cExport.cmake
[1.291s] -- Up-to-date: /workspace/ros2_ws/install/interfaz_servicio_suma/share/interfaz_servicio_suma/cmake/interfaz_servicio_suma__rosidl_typesupport_cExport-noconfig.cmake
[1.291s] -- Up-to-date: /workspace/ros2_ws/install/interfaz_servicio_suma/share/interfaz_servicio_suma/cmake/interfaz_servicio_suma__rosidl_typesupport_introspection_cppExport.cmake
[1.293s] -- Up-to-date: /workspace/ros2_ws/install/interfaz_servicio_suma/share/interfaz_servicio_suma/cmake/interfaz_servicio_suma__rosidl_typesupport_introspection_cppExport-noconfig.cmake
[1.293s] -- Up-to-date: /workspace/ros2_ws/install/interfaz_servicio_suma/share/interfaz_servicio_suma/cmake/interfaz_servicio_suma__rosidl_typesupport_cppExport.cmake
[1.293s] -- Up-to-date: /workspace/ros2_ws/install/interfaz_servicio_suma/share/interfaz_servicio_suma/cmake/interfaz_servicio_suma__rosidl_typesupport_cppExport-noconfig.cmake
[1.294s] -- Up-to-date: /workspace/ros2_ws/install/interfaz_servicio_suma/share/interfaz_servicio_suma/cmake/export_interfaz_servicio_suma__rosidl_generator_pyExport.cmake
[1.294s] -- Up-to-date: /workspace/ros2_ws/install/interfaz_servicio_suma/share/interfaz_servicio_suma/cmake/export_interfaz_servicio_suma__rosidl_generator_pyExport-noconfig.cmake
[1.295s] -- Up-to-date: /workspace/ros2_ws/install/interfaz_servicio_suma/share/interfaz_servicio_suma/cmake/rosidl_cmake-extras.cmake
[1.295s] -- Up-to-date: /workspace/ros2_ws/install/interfaz_servicio_suma/share/interfaz_servicio_suma/cmake/ament_cmake_export_dependencies-extras.cmake
[1.295s] -- Up-to-date: /workspace/ros2_ws/install/interfaz_servicio_suma/share/interfaz_servicio_suma/cmake/ament_cmake_export_include_directories-extras.cmake
[1.295s] -- Up-to-date: /workspace/ros2_ws/install/interfaz_servicio_suma/share/interfaz_servicio_suma/cmake/ament_cmake_export_libraries-extras.cmake
[1.296s] -- Up-to-date: /workspace/ros2_ws/install/interfaz_servicio_suma/share/interfaz_servicio_suma/cmake/ament_cmake_export_targets-extras.cmake
[1.296s] -- Up-to-date: /workspace/ros2_ws/install/interfaz_servicio_suma/share/interfaz_servicio_suma/cmake/rosidl_cmake_export_typesupport_targets-extras.cmake
[1.296s] -- Up-to-date: /workspace/ros2_ws/install/interfaz_servicio_suma/share/interfaz_servicio_suma/cmake/rosidl_cmake_export_typesupport_libraries-extras.cmake
[1.296s] -- Up-to-date: /workspace/ros2_ws/install/interfaz_servicio_suma/share/interfaz_servicio_suma/cmake/interfaz_servicio_sumaConfig.cmake
[1.296s] -- Up-to-date: /workspace/ros2_ws/install/interfaz_servicio_suma/share/interfaz_servicio_suma/cmake/interfaz_servicio_sumaConfig-version.cmake
[1.298s] -- Up-to-date: /workspace/ros2_ws/install/interfaz_servicio_suma/share/interfaz_servicio_suma/package.xml
[1.305s] Invoked command in '/workspace/ros2_ws/build/interfaz_servicio_suma' returned '0': CMAKE_PREFIX_PATH=${CMAKE_PREFIX_PATH}:/workspace/ros2_ws/install/servicio_suma:/workspace/ros2_ws/install/service_temp:/workspace/ros2_ws/install/primer_paquete:/workspace/ros2_ws/install/p2pkg:/workspace/ros2_ws/install/mi_accion:/workspace/ros2_ws/install/battery_act:/opt/ros/humble /usr/bin/cmake --install /workspace/ros2_ws/build/interfaz_servicio_suma
