[  1%] Built target interfaz__cpp
[ 12%] Built target interfaz__rosidl_generator_c
[ 12%] Built target ament_cmake_python_copy_interfaz
[ 23%] Built target interfaz__rosidl_typesupport_introspection_c
[ 34%] Built target interfaz__rosidl_typesupport_cpp
[ 46%] Built target interfaz__rosidl_typesupport_fastrtps_cpp
[ 57%] Built target interfaz__rosidl_typesupport_introspection_cpp
[ 68%] Built target interfaz__rosidl_typesupport_fastrtps_c
[ 79%] Built target interfaz__rosidl_typesupport_c
[ 79%] Built target interfaz
[ 80%] Built target interfaz__py
[ 90%] Built target interfaz__rosidl_generator_py
[ 93%] Built target interfaz__rosidl_typesupport_fastrtps_c__pyext
[100%] Built target interfaz__rosidl_typesupport_c__pyext
[100%] Built target interfaz__rosidl_typesupport_introspection_c__pyext
running egg_info
writing interfaz.egg-info/PKG-INFO
writing dependency_links to interfaz.egg-info/dependency_links.txt
writing top-level names to interfaz.egg-info/top_level.txt
reading manifest file 'interfaz.egg-info/SOURCES.txt'
writing manifest file 'interfaz.egg-info/SOURCES.txt'
[100%] Built target ament_cmake_python_build_interfaz_egg
-- Install configuration: ""
-- Installing: /workspace/ros2_ws/install/interfaz/share/ament_index/resource_index/rosidl_interfaces/interfaz
-- Up-to-date: /workspace/ros2_ws/install/interfaz/include/interfaz/interfaz
-- Installing: /workspace/ros2_ws/install/interfaz/include/interfaz/interfaz/srv
-- Installing: /workspace/ros2_ws/install/interfaz/include/interfaz/interfaz/srv/detail
-- Installing: /workspace/ros2_ws/install/interfaz/include/interfaz/interfaz/srv/detail/convert_temp__functions.c
-- Installing: /workspace/ros2_ws/install/interfaz/include/interfaz/interfaz/srv/detail/convert_temp__type_support.h
-- Installing: /workspace/ros2_ws/install/interfaz/include/interfaz/interfaz/srv/detail/convert_temp__functions.h
-- Installing: /workspace/ros2_ws/install/interfaz/include/interfaz/interfaz/srv/detail/convert_temp__struct.h
-- Installing: /workspace/ros2_ws/install/interfaz/include/interfaz/interfaz/srv/convert_temp.h
-- Up-to-date: /workspace/ros2_ws/install/interfaz/include/interfaz/interfaz/msg
-- Up-to-date: /workspace/ros2_ws/install/interfaz/include/interfaz/interfaz/msg/detail
-- Installing: /workspace/ros2_ws/install/interfaz/include/interfaz/interfaz/msg/detail/p2pkg_mensaje__functions.c
-- Installing: /workspace/ros2_ws/install/interfaz/include/interfaz/interfaz/msg/detail/p2pkg_mensaje__struct.h
-- Installing: /workspace/ros2_ws/install/interfaz/include/interfaz/interfaz/msg/detail/p2pkg_mensaje__type_support.h
-- Installing: /workspace/ros2_ws/install/interfaz/include/interfaz/interfaz/msg/detail/mi_mensaje__functions.h
-- Installing: /workspace/ros2_ws/install/interfaz/include/interfaz/interfaz/msg/detail/mi_mensaje__type_support.h
-- Installing: /workspace/ros2_ws/install/interfaz/include/interfaz/interfaz/msg/detail/mi_mensaje__functions.c
-- Installing: /workspace/ros2_ws/install/interfaz/include/interfaz/interfaz/msg/detail/p2pkg_mensaje__functions.h
-- Installing: /workspace/ros2_ws/install/interfaz/include/interfaz/interfaz/msg/detail/mi_mensaje__struct.h
-- Up-to-date: /workspace/ros2_ws/install/interfaz/include/interfaz/interfaz/msg/rosidl_generator_c__visibility_control.h
-- Installing: /workspace/ros2_ws/install/interfaz/include/interfaz/interfaz/msg/mi_mensaje.h
-- Installing: /workspace/ros2_ws/install/interfaz/include/interfaz/interfaz/msg/p2pkg_mensaje.h
-- Up-to-date: /workspace/ros2_ws/install/interfaz/include/interfaz/interfaz/action
-- Up-to-date: /workspace/ros2_ws/install/interfaz/include/interfaz/interfaz/action/detail
-- Installing: /workspace/ros2_ws/install/interfaz/include/interfaz/interfaz/action/detail/ej_fibonacci__functions.c
-- Installing: /workspace/ros2_ws/install/interfaz/include/interfaz/interfaz/action/detail/fibonacci__functions.h
-- Installing: /workspace/ros2_ws/install/interfaz/include/interfaz/interfaz/action/detail/fibonacci__struct.h
-- Installing: /workspace/ros2_ws/install/interfaz/include/interfaz/interfaz/action/detail/ej_fibonacci__struct.h
-- Installing: /workspace/ros2_ws/install/interfaz/include/interfaz/interfaz/action/detail/ej_fibonacci__type_support.h
-- Installing: /workspace/ros2_ws/install/interfaz/include/interfaz/interfaz/action/detail/fibonacci__type_support.h
-- Installing: /workspace/ros2_ws/install/interfaz/include/interfaz/interfaz/action/detail/ej_fibonacci__functions.h
-- Installing: /workspace/ros2_ws/install/interfaz/include/interfaz/interfaz/action/detail/fibonacci__functions.c
-- Installing: /workspace/ros2_ws/install/interfaz/include/interfaz/interfaz/action/ej_fibonacci.h
-- Installing: /workspace/ros2_ws/install/interfaz/include/interfaz/interfaz/action/fibonacci.h
-- Up-to-date: /workspace/ros2_ws/install/interfaz/share/interfaz/environment/library_path.sh
-- Installing: /workspace/ros2_ws/install/interfaz/share/interfaz/environment/library_path.dsv
-- Installing: /workspace/ros2_ws/install/interfaz/lib/libinterfaz__rosidl_generator_c.so
-- Set runtime path of "/workspace/ros2_ws/install/interfaz/lib/libinterfaz__rosidl_generator_c.so" to ""
-- Up-to-date: /workspace/ros2_ws/install/interfaz/include/interfaz/interfaz
-- Up-to-date: /workspace/ros2_ws/install/interfaz/include/interfaz/interfaz/srv
-- Up-to-date: /workspace/ros2_ws/install/interfaz/include/interfaz/interfaz/srv/detail
-- Installing: /workspace/ros2_ws/install/interfaz/include/interfaz/interfaz/srv/detail/convert_temp__rosidl_typesupport_fastrtps_c.h
-- Up-to-date: /workspace/ros2_ws/install/interfaz/include/interfaz/interfaz/msg
-- Up-to-date: /workspace/ros2_ws/install/interfaz/include/interfaz/interfaz/msg/rosidl_typesupport_fastrtps_c__visibility_control.h
-- Up-to-date: /workspace/ros2_ws/install/interfaz/include/interfaz/interfaz/msg/detail
-- Installing: /workspace/ros2_ws/install/interfaz/include/interfaz/interfaz/msg/detail/p2pkg_mensaje__rosidl_typesupport_fastrtps_c.h
-- Installing: /workspace/ros2_ws/install/interfaz/include/interfaz/interfaz/msg/detail/mi_mensaje__rosidl_typesupport_fastrtps_c.h
-- Up-to-date: /workspace/ros2_ws/install/interfaz/include/interfaz/interfaz/action
-- Up-to-date: /workspace/ros2_ws/install/interfaz/include/interfaz/interfaz/action/detail
-- Installing: /workspace/ros2_ws/install/interfaz/include/interfaz/interfaz/action/detail/ej_fibonacci__rosidl_typesupport_fastrtps_c.h
-- Installing: /workspace/ros2_ws/install/interfaz/include/interfaz/interfaz/action/detail/fibonacci__rosidl_typesupport_fastrtps_c.h
-- Installing: /workspace/ros2_ws/install/interfaz/lib/libinterfaz__rosidl_typesupport_fastrtps_c.so
-- Set runtime path of "/workspace/ros2_ws/install/interfaz/lib/libinterfaz__rosidl_typesupport_fastrtps_c.so" to ""
-- Up-to-date: /workspace/ros2_ws/install/interfaz/include/interfaz/interfaz
-- Up-to-date: /workspace/ros2_ws/install/interfaz/include/interfaz/interfaz/srv
-- Up-to-date: /workspace/ros2_ws/install/interfaz/include/interfaz/interfaz/srv/detail
-- Installing: /workspace/ros2_ws/install/interfaz/include/interfaz/interfaz/srv/detail/convert_temp__traits.hpp
-- Installing: /workspace/ros2_ws/install/interfaz/include/interfaz/interfaz/srv/detail/convert_temp__type_support.hpp
-- Installing: /workspace/ros2_ws/install/interfaz/include/interfaz/interfaz/srv/detail/convert_temp__builder.hpp
-- Installing: /workspace/ros2_ws/install/interfaz/include/interfaz/interfaz/srv/detail/convert_temp__struct.hpp
-- Installing: /workspace/ros2_ws/install/interfaz/include/interfaz/interfaz/srv/convert_temp.hpp
-- Up-to-date: /workspace/ros2_ws/install/interfaz/include/interfaz/interfaz/msg
-- Installing: /workspace/ros2_ws/install/interfaz/include/interfaz/interfaz/msg/mi_mensaje.hpp
-- Installing: /workspace/ros2_ws/install/interfaz/include/interfaz/interfaz/msg/p2pkg_mensaje.hpp
-- Up-to-date: /workspace/ros2_ws/install/interfaz/include/interfaz/interfaz/msg/detail
-- Installing: /workspace/ros2_ws/install/interfaz/include/interfaz/interfaz/msg/detail/p2pkg_mensaje__type_support.hpp
-- Installing: /workspace/ros2_ws/install/interfaz/include/interfaz/interfaz/msg/detail/p2pkg_mensaje__builder.hpp
-- Installing: /workspace/ros2_ws/install/interfaz/include/interfaz/interfaz/msg/detail/mi_mensaje__type_support.hpp
-- Installing: /workspace/ros2_ws/install/interfaz/include/interfaz/interfaz/msg/detail/p2pkg_mensaje__traits.hpp
-- Installing: /workspace/ros2_ws/install/interfaz/include/interfaz/interfaz/msg/detail/p2pkg_mensaje__struct.hpp
-- Installing: /workspace/ros2_ws/install/interfaz/include/interfaz/interfaz/msg/detail/mi_mensaje__struct.hpp
-- Installing: /workspace/ros2_ws/install/interfaz/include/interfaz/interfaz/msg/detail/mi_mensaje__builder.hpp
-- Installing: /workspace/ros2_ws/install/interfaz/include/interfaz/interfaz/msg/detail/mi_mensaje__traits.hpp
-- Up-to-date: /workspace/ros2_ws/install/interfaz/include/interfaz/interfaz/msg/rosidl_generator_cpp__visibility_control.hpp
-- Up-to-date: /workspace/ros2_ws/install/interfaz/include/interfaz/interfaz/action
-- Installing: /workspace/ros2_ws/install/interfaz/include/interfaz/interfaz/action/fibonacci.hpp
-- Up-to-date: /workspace/ros2_ws/install/interfaz/include/interfaz/interfaz/action/detail
-- Installing: /workspace/ros2_ws/install/interfaz/include/interfaz/interfaz/action/detail/ej_fibonacci__builder.hpp
-- Installing: /workspace/ros2_ws/install/interfaz/include/interfaz/interfaz/action/detail/fibonacci__struct.hpp
-- Installing: /workspace/ros2_ws/install/interfaz/include/interfaz/interfaz/action/detail/fibonacci__traits.hpp
-- Installing: /workspace/ros2_ws/install/interfaz/include/interfaz/interfaz/action/detail/fibonacci__type_support.hpp
-- Installing: /workspace/ros2_ws/install/interfaz/include/interfaz/interfaz/action/detail/ej_fibonacci__traits.hpp
-- Installing: /workspace/ros2_ws/install/interfaz/include/interfaz/interfaz/action/detail/ej_fibonacci__type_support.hpp
-- Installing: /workspace/ros2_ws/install/interfaz/include/interfaz/interfaz/action/detail/ej_fibonacci__struct.hpp
-- Installing: /workspace/ros2_ws/install/interfaz/include/interfaz/interfaz/action/detail/fibonacci__builder.hpp
-- Installing: /workspace/ros2_ws/install/interfaz/include/interfaz/interfaz/action/ej_fibonacci.hpp
-- Up-to-date: /workspace/ros2_ws/install/interfaz/include/interfaz/interfaz
-- Up-to-date: /workspace/ros2_ws/install/interfaz/include/interfaz/interfaz/srv
-- Up-to-date: /workspace/ros2_ws/install/interfaz/include/interfaz/interfaz/srv/detail
-- Installing: /workspace/ros2_ws/install/interfaz/include/interfaz/interfaz/srv/detail/convert_temp__rosidl_typesupport_fastrtps_cpp.hpp
-- Installing: /workspace/ros2_ws/install/interfaz/include/interfaz/interfaz/srv/detail/dds_fastrtps
-- Up-to-date: /workspace/ros2_ws/install/interfaz/include/interfaz/interfaz/msg
-- Up-to-date: /workspace/ros2_ws/install/interfaz/include/interfaz/interfaz/msg/rosidl_typesupport_fastrtps_cpp__visibility_control.h
-- Up-to-date: /workspace/ros2_ws/install/interfaz/include/interfaz/interfaz/msg/detail
-- Installing: /workspace/ros2_ws/install/interfaz/include/interfaz/interfaz/msg/detail/p2pkg_mensaje__rosidl_typesupport_fastrtps_cpp.hpp
-- Up-to-date: /workspace/ros2_ws/install/interfaz/include/interfaz/interfaz/msg/detail/dds_fastrtps
-- Installing: /workspace/ros2_ws/install/interfaz/include/interfaz/interfaz/msg/detail/mi_mensaje__rosidl_typesupport_fastrtps_cpp.hpp
-- Up-to-date: /workspace/ros2_ws/install/interfaz/include/interfaz/interfaz/action
-- Up-to-date: /workspace/ros2_ws/install/interfaz/include/interfaz/interfaz/action/detail
-- Installing: /workspace/ros2_ws/install/interfaz/include/interfaz/interfaz/action/detail/fibonacci__rosidl_typesupport_fastrtps_cpp.hpp
-- Installing: /workspace/ros2_ws/install/interfaz/include/interfaz/interfaz/action/detail/ej_fibonacci__rosidl_typesupport_fastrtps_cpp.hpp
-- Up-to-date: /workspace/ros2_ws/install/interfaz/include/interfaz/interfaz/action/detail/dds_fastrtps
-- Installing: /workspace/ros2_ws/install/interfaz/lib/libinterfaz__rosidl_typesupport_fastrtps_cpp.so
-- Set runtime path of "/workspace/ros2_ws/install/interfaz/lib/libinterfaz__rosidl_typesupport_fastrtps_cpp.so" to ""
-- Up-to-date: /workspace/ros2_ws/install/interfaz/include/interfaz/interfaz
-- Up-to-date: /workspace/ros2_ws/install/interfaz/include/interfaz/interfaz/srv
-- Up-to-date: /workspace/ros2_ws/install/interfaz/include/interfaz/interfaz/srv/detail
-- Installing: /workspace/ros2_ws/install/interfaz/include/interfaz/interfaz/srv/detail/convert_temp__type_support.c
-- Installing: /workspace/ros2_ws/install/interfaz/include/interfaz/interfaz/srv/detail/convert_temp__rosidl_typesupport_introspection_c.h
-- Up-to-date: /workspace/ros2_ws/install/interfaz/include/interfaz/interfaz/msg
-- Up-to-date: /workspace/ros2_ws/install/interfaz/include/interfaz/interfaz/msg/detail
-- Installing: /workspace/ros2_ws/install/interfaz/include/interfaz/interfaz/msg/detail/mi_mensaje__rosidl_typesupport_introspection_c.h
-- Installing: /workspace/ros2_ws/install/interfaz/include/interfaz/interfaz/msg/detail/p2pkg_mensaje__rosidl_typesupport_introspection_c.h
-- Installing: /workspace/ros2_ws/install/interfaz/include/interfaz/interfaz/msg/detail/mi_mensaje__type_support.c
-- Installing: /workspace/ros2_ws/install/interfaz/include/interfaz/interfaz/msg/detail/p2pkg_mensaje__type_support.c
-- Up-to-date: /workspace/ros2_ws/install/interfaz/include/interfaz/interfaz/msg/rosidl_typesupport_introspection_c__visibility_control.h
-- Up-to-date: /workspace/ros2_ws/install/interfaz/include/interfaz/interfaz/action
-- Up-to-date: /workspace/ros2_ws/install/interfaz/include/interfaz/interfaz/action/detail
-- Installing: /workspace/ros2_ws/install/interfaz/include/interfaz/interfaz/action/detail/ej_fibonacci__type_support.c
-- Installing: /workspace/ros2_ws/install/interfaz/include/interfaz/interfaz/action/detail/ej_fibonacci__rosidl_typesupport_introspection_c.h
-- Installing: /workspace/ros2_ws/install/interfaz/include/interfaz/interfaz/action/detail/fibonacci__type_support.c
-- Installing: /workspace/ros2_ws/install/interfaz/include/interfaz/interfaz/action/detail/fibonacci__rosidl_typesupport_introspection_c.h
-- Installing: /workspace/ros2_ws/install/interfaz/lib/libinterfaz__rosidl_typesupport_introspection_c.so
-- Set runtime path of "/workspace/ros2_ws/install/interfaz/lib/libinterfaz__rosidl_typesupport_introspection_c.so" to ""
-- Installing: /workspace/ros2_ws/install/interfaz/lib/libinterfaz__rosidl_typesupport_c.so
-- Set runtime path of "/workspace/ros2_ws/install/interfaz/lib/libinterfaz__rosidl_typesupport_c.so" to ""
-- Up-to-date: /workspace/ros2_ws/install/interfaz/include/interfaz/interfaz
-- Up-to-date: /workspace/ros2_ws/install/interfaz/include/interfaz/interfaz/srv
-- Up-to-date: /workspace/ros2_ws/install/interfaz/include/interfaz/interfaz/srv/detail
-- Installing: /workspace/ros2_ws/install/interfaz/include/interfaz/interfaz/srv/detail/convert_temp__type_support.cpp
-- Installing: /workspace/ros2_ws/install/interfaz/include/interfaz/interfaz/srv/detail/convert_temp__rosidl_typesupport_introspection_cpp.hpp
-- Up-to-date: /workspace/ros2_ws/install/interfaz/include/interfaz/interfaz/msg
-- Up-to-date: /workspace/ros2_ws/install/interfaz/include/interfaz/interfaz/msg/detail
-- Installing: /workspace/ros2_ws/install/interfaz/include/interfaz/interfaz/msg/detail/p2pkg_mensaje__type_support.cpp
-- Installing: /workspace/ros2_ws/install/interfaz/include/interfaz/interfaz/msg/detail/mi_mensaje__rosidl_typesupport_introspection_cpp.hpp
-- Installing: /workspace/ros2_ws/install/interfaz/include/interfaz/interfaz/msg/detail/mi_mensaje__type_support.cpp
-- Installing: /workspace/ros2_ws/install/interfaz/include/interfaz/interfaz/msg/detail/p2pkg_mensaje__rosidl_typesupport_introspection_cpp.hpp
-- Up-to-date: /workspace/ros2_ws/install/interfaz/include/interfaz/interfaz/action
-- Up-to-date: /workspace/ros2_ws/install/interfaz/include/interfaz/interfaz/action/detail
-- Installing: /workspace/ros2_ws/install/interfaz/include/interfaz/interfaz/action/detail/fibonacci__type_support.cpp
-- Installing: /workspace/ros2_ws/install/interfaz/include/interfaz/interfaz/action/detail/ej_fibonacci__rosidl_typesupport_introspection_cpp.hpp
-- Installing: /workspace/ros2_ws/install/interfaz/include/interfaz/interfaz/action/detail/fibonacci__rosidl_typesupport_introspection_cpp.hpp
-- Installing: /workspace/ros2_ws/install/interfaz/include/interfaz/interfaz/action/detail/ej_fibonacci__type_support.cpp
-- Installing: /workspace/ros2_ws/install/interfaz/lib/libinterfaz__rosidl_typesupport_introspection_cpp.so
-- Set runtime path of "/workspace/ros2_ws/install/interfaz/lib/libinterfaz__rosidl_typesupport_introspection_cpp.so" to ""
-- Installing: /workspace/ros2_ws/install/interfaz/lib/libinterfaz__rosidl_typesupport_cpp.so
-- Set runtime path of "/workspace/ros2_ws/install/interfaz/lib/libinterfaz__rosidl_typesupport_cpp.so" to ""
-- Up-to-date: /workspace/ros2_ws/install/interfaz/share/interfaz/environment/pythonpath.sh
-- Installing: /workspace/ros2_ws/install/interfaz/share/interfaz/environment/pythonpath.dsv
-- Up-to-date: /workspace/ros2_ws/install/interfaz/local/lib/python3.10/dist-packages/interfaz-0.0.0-py3.10.egg-info
-- Installing: /workspace/ros2_ws/install/interfaz/local/lib/python3.10/dist-packages/interfaz-0.0.0-py3.10.egg-info/PKG-INFO
-- Installing: /workspace/ros2_ws/install/interfaz/local/lib/python3.10/dist-packages/interfaz-0.0.0-py3.10.egg-info/dependency_links.txt
-- Installing: /workspace/ros2_ws/install/interfaz/local/lib/python3.10/dist-packages/interfaz-0.0.0-py3.10.egg-info/SOURCES.txt
-- Installing: /workspace/ros2_ws/install/interfaz/local/lib/python3.10/dist-packages/interfaz-0.0.0-py3.10.egg-info/top_level.txt
-- Up-to-date: /workspace/ros2_ws/install/interfaz/local/lib/python3.10/dist-packages/interfaz
-- Installing: /workspace/ros2_ws/install/interfaz/local/lib/python3.10/dist-packages/interfaz/_interfaz_s.ep.rosidl_typesupport_introspection_c.c
-- Installing: /workspace/ros2_ws/install/interfaz/local/lib/python3.10/dist-packages/interfaz/_interfaz_s.ep.rosidl_typesupport_fastrtps_c.c
-- Installing: /workspace/ros2_ws/install/interfaz/local/lib/python3.10/dist-packages/interfaz/libinterfaz__rosidl_generator_py.so
-- Installing: /workspace/ros2_ws/install/interfaz/local/lib/python3.10/dist-packages/interfaz/__init__.py
-- Installing: /workspace/ros2_ws/install/interfaz/local/lib/python3.10/dist-packages/interfaz/_interfaz_s.ep.rosidl_typesupport_c.c
-- Installing: /workspace/ros2_ws/install/interfaz/local/lib/python3.10/dist-packages/interfaz/interfaz_s__rosidl_typesupport_introspection_c.cpython-310-x86_64-linux-gnu.so
-- Installing: /workspace/ros2_ws/install/interfaz/local/lib/python3.10/dist-packages/interfaz/interfaz_s__rosidl_typesupport_c.cpython-310-x86_64-linux-gnu.so
-- Installing: /workspace/ros2_ws/install/interfaz/local/lib/python3.10/dist-packages/interfaz/srv
-- Installing: /workspace/ros2_ws/install/interfaz/local/lib/python3.10/dist-packages/interfaz/srv/__init__.py
-- Installing: /workspace/ros2_ws/install/interfaz/local/lib/python3.10/dist-packages/interfaz/srv/_convert_temp.py
-- Installing: /workspace/ros2_ws/install/interfaz/local/lib/python3.10/dist-packages/interfaz/srv/_convert_temp_s.c
-- Installing: /workspace/ros2_ws/install/interfaz/local/lib/python3.10/dist-packages/interfaz/interfaz_s__rosidl_typesupport_fastrtps_c.cpython-310-x86_64-linux-gnu.so
-- Up-to-date: /workspace/ros2_ws/install/interfaz/local/lib/python3.10/dist-packages/interfaz/msg
-- Installing: /workspace/ros2_ws/install/interfaz/local/lib/python3.10/dist-packages/interfaz/msg/_mi_mensaje_s.c
-- Installing: /workspace/ros2_ws/install/interfaz/local/lib/python3.10/dist-packages/interfaz/msg/__init__.py
-- Installing: /workspace/ros2_ws/install/interfaz/local/lib/python3.10/dist-packages/interfaz/msg/_p2pkg_mensaje.py
-- Installing: /workspace/ros2_ws/install/interfaz/local/lib/python3.10/dist-packages/interfaz/msg/_p2pkg_mensaje_s.c
-- Installing: /workspace/ros2_ws/install/interfaz/local/lib/python3.10/dist-packages/interfaz/msg/_mi_mensaje.py
-- Up-to-date: /workspace/ros2_ws/install/interfaz/local/lib/python3.10/dist-packages/interfaz/action
-- Installing: /workspace/ros2_ws/install/interfaz/local/lib/python3.10/dist-packages/interfaz/action/_ej_fibonacci.py
-- Installing: /workspace/ros2_ws/install/interfaz/local/lib/python3.10/dist-packages/interfaz/action/_fibonacci_s.c
-- Installing: /workspace/ros2_ws/install/interfaz/local/lib/python3.10/dist-packages/interfaz/action/__init__.py
-- Installing: /workspace/ros2_ws/install/interfaz/local/lib/python3.10/dist-packages/interfaz/action/_fibonacci.py
-- Installing: /workspace/ros2_ws/install/interfaz/local/lib/python3.10/dist-packages/interfaz/action/_ej_fibonacci_s.c
Listing '/workspace/ros2_ws/install/interfaz/local/lib/python3.10/dist-packages/interfaz'...
Compiling '/workspace/ros2_ws/install/interfaz/local/lib/python3.10/dist-packages/interfaz/__init__.py'...
Listing '/workspace/ros2_ws/install/interfaz/local/lib/python3.10/dist-packages/interfaz/action'...
Compiling '/workspace/ros2_ws/install/interfaz/local/lib/python3.10/dist-packages/interfaz/action/__init__.py'...
Compiling '/workspace/ros2_ws/install/interfaz/local/lib/python3.10/dist-packages/interfaz/action/_ej_fibonacci.py'...
Compiling '/workspace/ros2_ws/install/interfaz/local/lib/python3.10/dist-packages/interfaz/action/_fibonacci.py'...
Listing '/workspace/ros2_ws/install/interfaz/local/lib/python3.10/dist-packages/interfaz/msg'...
Compiling '/workspace/ros2_ws/install/interfaz/local/lib/python3.10/dist-packages/interfaz/msg/__init__.py'...
Compiling '/workspace/ros2_ws/install/interfaz/local/lib/python3.10/dist-packages/interfaz/msg/_mi_mensaje.py'...
Compiling '/workspace/ros2_ws/install/interfaz/local/lib/python3.10/dist-packages/interfaz/msg/_p2pkg_mensaje.py'...
Listing '/workspace/ros2_ws/install/interfaz/local/lib/python3.10/dist-packages/interfaz/srv'...
Compiling '/workspace/ros2_ws/install/interfaz/local/lib/python3.10/dist-packages/interfaz/srv/__init__.py'...
Compiling '/workspace/ros2_ws/install/interfaz/local/lib/python3.10/dist-packages/interfaz/srv/_convert_temp.py'...
-- Installing: /workspace/ros2_ws/install/interfaz/local/lib/python3.10/dist-packages/interfaz/interfaz_s__rosidl_typesupport_fastrtps_c.cpython-310-x86_64-linux-gnu.so
-- Set runtime path of "/workspace/ros2_ws/install/interfaz/local/lib/python3.10/dist-packages/interfaz/interfaz_s__rosidl_typesupport_fastrtps_c.cpython-310-x86_64-linux-gnu.so" to ""
-- Installing: /workspace/ros2_ws/install/interfaz/local/lib/python3.10/dist-packages/interfaz/interfaz_s__rosidl_typesupport_introspection_c.cpython-310-x86_64-linux-gnu.so
-- Set runtime path of "/workspace/ros2_ws/install/interfaz/local/lib/python3.10/dist-packages/interfaz/interfaz_s__rosidl_typesupport_introspection_c.cpython-310-x86_64-linux-gnu.so" to ""
-- Installing: /workspace/ros2_ws/install/interfaz/local/lib/python3.10/dist-packages/interfaz/interfaz_s__rosidl_typesupport_c.cpython-310-x86_64-linux-gnu.so
-- Set runtime path of "/workspace/ros2_ws/install/interfaz/local/lib/python3.10/dist-packages/interfaz/interfaz_s__rosidl_typesupport_c.cpython-310-x86_64-linux-gnu.so" to ""
-- Installing: /workspace/ros2_ws/install/interfaz/lib/libinterfaz__rosidl_generator_py.so
-- Set runtime path of "/workspace/ros2_ws/install/interfaz/lib/libinterfaz__rosidl_generator_py.so" to ""
-- Up-to-date: /workspace/ros2_ws/install/interfaz/share/interfaz/msg/MiMensaje.idl
-- Up-to-date: /workspace/ros2_ws/install/interfaz/share/interfaz/msg/P2pkgMensaje.idl
-- Up-to-date: /workspace/ros2_ws/install/interfaz/share/interfaz/action/Fibonacci.idl
-- Up-to-date: /workspace/ros2_ws/install/interfaz/share/interfaz/action/EjFibonacci.idl
-- Installing: /workspace/ros2_ws/install/interfaz/share/interfaz/srv/ConvertTemp.idl
-- Up-to-date: /workspace/ros2_ws/install/interfaz/share/interfaz/msg/MiMensaje.msg
-- Up-to-date: /workspace/ros2_ws/install/interfaz/share/interfaz/msg/P2pkgMensaje.msg
-- Up-to-date: /workspace/ros2_ws/install/interfaz/share/interfaz/action/Fibonacci.action
-- Up-to-date: /workspace/ros2_ws/install/interfaz/share/interfaz/action/EjFibonacci.action
-- Installing: /workspace/ros2_ws/install/interfaz/share/interfaz/srv/ConvertTemp.srv
-- Installing: /workspace/ros2_ws/install/interfaz/share/interfaz/srv/ConvertTemp_Request.msg
-- Installing: /workspace/ros2_ws/install/interfaz/share/interfaz/srv/ConvertTemp_Response.msg
-- Up-to-date: /workspace/ros2_ws/install/interfaz/share/ament_index/resource_index/package_run_dependencies/interfaz
-- Installing: /workspace/ros2_ws/install/interfaz/share/ament_index/resource_index/parent_prefix_path/interfaz
-- Up-to-date: /workspace/ros2_ws/install/interfaz/share/interfaz/environment/ament_prefix_path.sh
-- Installing: /workspace/ros2_ws/install/interfaz/share/interfaz/environment/ament_prefix_path.dsv
-- Up-to-date: /workspace/ros2_ws/install/interfaz/share/interfaz/environment/path.sh
-- Installing: /workspace/ros2_ws/install/interfaz/share/interfaz/environment/path.dsv
-- Up-to-date: /workspace/ros2_ws/install/interfaz/share/interfaz/local_setup.bash
-- Up-to-date: /workspace/ros2_ws/install/interfaz/share/interfaz/local_setup.sh
-- Up-to-date: /workspace/ros2_ws/install/interfaz/share/interfaz/local_setup.zsh
-- Installing: /workspace/ros2_ws/install/interfaz/share/interfaz/local_setup.dsv
-- Installing: /workspace/ros2_ws/install/interfaz/share/interfaz/package.dsv
-- Up-to-date: /workspace/ros2_ws/install/interfaz/share/ament_index/resource_index/packages/interfaz
-- Up-to-date: /workspace/ros2_ws/install/interfaz/share/interfaz/cmake/export_interfaz__rosidl_generator_cExport.cmake
-- Up-to-date: /workspace/ros2_ws/install/interfaz/share/interfaz/cmake/export_interfaz__rosidl_generator_cExport-noconfig.cmake
-- Up-to-date: /workspace/ros2_ws/install/interfaz/share/interfaz/cmake/export_interfaz__rosidl_typesupport_fastrtps_cExport.cmake
-- Up-to-date: /workspace/ros2_ws/install/interfaz/share/interfaz/cmake/export_interfaz__rosidl_typesupport_fastrtps_cExport-noconfig.cmake
-- Up-to-date: /workspace/ros2_ws/install/interfaz/share/interfaz/cmake/export_interfaz__rosidl_generator_cppExport.cmake
-- Up-to-date: /workspace/ros2_ws/install/interfaz/share/interfaz/cmake/export_interfaz__rosidl_typesupport_fastrtps_cppExport.cmake
-- Up-to-date: /workspace/ros2_ws/install/interfaz/share/interfaz/cmake/export_interfaz__rosidl_typesupport_fastrtps_cppExport-noconfig.cmake
-- Up-to-date: /workspace/ros2_ws/install/interfaz/share/interfaz/cmake/interfaz__rosidl_typesupport_introspection_cExport.cmake
-- Up-to-date: /workspace/ros2_ws/install/interfaz/share/interfaz/cmake/interfaz__rosidl_typesupport_introspection_cExport-noconfig.cmake
-- Up-to-date: /workspace/ros2_ws/install/interfaz/share/interfaz/cmake/interfaz__rosidl_typesupport_cExport.cmake
-- Up-to-date: /workspace/ros2_ws/install/interfaz/share/interfaz/cmake/interfaz__rosidl_typesupport_cExport-noconfig.cmake
-- Up-to-date: /workspace/ros2_ws/install/interfaz/share/interfaz/cmake/interfaz__rosidl_typesupport_introspection_cppExport.cmake
-- Up-to-date: /workspace/ros2_ws/install/interfaz/share/interfaz/cmake/interfaz__rosidl_typesupport_introspection_cppExport-noconfig.cmake
-- Up-to-date: /workspace/ros2_ws/install/interfaz/share/interfaz/cmake/interfaz__rosidl_typesupport_cppExport.cmake
-- Up-to-date: /workspace/ros2_ws/install/interfaz/share/interfaz/cmake/interfaz__rosidl_typesupport_cppExport-noconfig.cmake
-- Up-to-date: /workspace/ros2_ws/install/interfaz/share/interfaz/cmake/export_interfaz__rosidl_generator_pyExport.cmake
-- Up-to-date: /workspace/ros2_ws/install/interfaz/share/interfaz/cmake/export_interfaz__rosidl_generator_pyExport-noconfig.cmake
-- Installing: /workspace/ros2_ws/install/interfaz/share/interfaz/cmake/rosidl_cmake-extras.cmake
-- Up-to-date: /workspace/ros2_ws/install/interfaz/share/interfaz/cmake/ament_cmake_export_dependencies-extras.cmake
-- Up-to-date: /workspace/ros2_ws/install/interfaz/share/interfaz/cmake/ament_cmake_export_include_directories-extras.cmake
-- Up-to-date: /workspace/ros2_ws/install/interfaz/share/interfaz/cmake/ament_cmake_export_libraries-extras.cmake
-- Up-to-date: /workspace/ros2_ws/install/interfaz/share/interfaz/cmake/ament_cmake_export_targets-extras.cmake
-- Up-to-date: /workspace/ros2_ws/install/interfaz/share/interfaz/cmake/rosidl_cmake_export_typesupport_targets-extras.cmake
-- Up-to-date: /workspace/ros2_ws/install/interfaz/share/interfaz/cmake/rosidl_cmake_export_typesupport_libraries-extras.cmake
-- Up-to-date: /workspace/ros2_ws/install/interfaz/share/interfaz/cmake/interfazConfig.cmake
-- Up-to-date: /workspace/ros2_ws/install/interfaz/share/interfaz/cmake/interfazConfig-version.cmake
-- Up-to-date: /workspace/ros2_ws/install/interfaz/share/interfaz/package.xml
