[1.719s] Invoking command in '/workspace/ros2_ws/src/mi_accion': PYTHONPATH=/workspace/ros2_ws/build/mi_accion/prefix_override:/usr/lib/python3/dist-packages/colcon_core/task/python/colcon_distutils_commands:/workspace/ros2_ws/install/mi_accion/lib/python3.10/site-packages:${PYTHONPATH} /usr/bin/python3 -W ignore:setup.py install is deprecated -W ignore:easy_install command is deprecated setup.py egg_info --egg-base ../../build/mi_accion build --build-base /workspace/ros2_ws/build/mi_accion/build install --record /workspace/ros2_ws/build/mi_accion/install.log --single-version-externally-managed install_data
[2.030s] running egg_info
[2.031s] writing ../../build/mi_accion/mi_accion.egg-info/PKG-INFO
[2.031s] writing dependency_links to ../../build/mi_accion/mi_accion.egg-info/dependency_links.txt
[2.031s] writing entry points to ../../build/mi_accion/mi_accion.egg-info/entry_points.txt
[2.032s] writing requirements to ../../build/mi_accion/mi_accion.egg-info/requires.txt
[2.032s] writing top-level names to ../../build/mi_accion/mi_accion.egg-info/top_level.txt
[2.035s] reading manifest file '../../build/mi_accion/mi_accion.egg-info/SOURCES.txt'
[2.035s] adding license file 'LICENSE'
[2.037s] writing manifest file '../../build/mi_accion/mi_accion.egg-info/SOURCES.txt'
[2.037s] running build
[2.038s] running build_py
[2.038s] copying mi_accion/ejercicio_fibClient.py -> /workspace/ros2_ws/build/mi_accion/build/lib/mi_accion
[2.038s] running install
[2.038s] running install_lib
[2.039s] copying /workspace/ros2_ws/build/mi_accion/build/lib/mi_accion/ejercicio_fibClient.py -> /workspace/ros2_ws/install/mi_accion/lib/python3.10/site-packages/mi_accion
[2.040s] byte-compiling /workspace/ros2_ws/install/mi_accion/lib/python3.10/site-packages/mi_accion/ejercicio_fibClient.py to ejercicio_fibClient.cpython-310.pyc
[2.041s] running install_data
[2.041s] running install_egg_info
[2.044s] removing '/workspace/ros2_ws/install/mi_accion/lib/python3.10/site-packages/mi_accion-0.0.0-py3.10.egg-info' (and everything under it)
[2.045s] Copying ../../build/mi_accion/mi_accion.egg-info to /workspace/ros2_ws/install/mi_accion/lib/python3.10/site-packages/mi_accion-0.0.0-py3.10.egg-info
[2.046s] running install_scripts
[2.079s] Installing client script to /workspace/ros2_ws/install/mi_accion/lib/mi_accion
[2.080s] Installing ej_fibClient script to /workspace/ros2_ws/install/mi_accion/lib/mi_accion
[2.080s] Installing ej_fibServer script to /workspace/ros2_ws/install/mi_accion/lib/mi_accion
[2.080s] Installing server script to /workspace/ros2_ws/install/mi_accion/lib/mi_accion
[2.081s] writing list of installed files to '/workspace/ros2_ws/build/mi_accion/install.log'
[2.119s] Invoked command in '/workspace/ros2_ws/src/mi_accion' returned '0': PYTHONPATH=/workspace/ros2_ws/build/mi_accion/prefix_override:/usr/lib/python3/dist-packages/colcon_core/task/python/colcon_distutils_commands:/workspace/ros2_ws/install/mi_accion/lib/python3.10/site-packages:${PYTHONPATH} /usr/bin/python3 -W ignore:setup.py install is deprecated -W ignore:easy_install command is deprecated setup.py egg_info --egg-base ../../build/mi_accion build --build-base /workspace/ros2_ws/build/mi_accion/build install --record /workspace/ros2_ws/build/mi_accion/install.log --single-version-externally-managed install_data
