[3.738s] Invoking command in '/workspace/ros2_ws/src/servicio_suma': PYTHONPATH=/workspace/ros2_ws/build/servicio_suma/prefix_override:/usr/lib/python3/dist-packages/colcon_core/task/python/colcon_distutils_commands:/workspace/ros2_ws/install/servicio_suma/lib/python3.10/site-packages:${PYTHONPATH} /usr/bin/python3 -W ignore:setup.py install is deprecated -W ignore:easy_install command is deprecated setup.py egg_info --egg-base ../../build/servicio_suma build --build-base /workspace/ros2_ws/build/servicio_suma/build install --record /workspace/ros2_ws/build/servicio_suma/install.log --single-version-externally-managed install_data
[4.494s] running egg_info
[4.496s] writing ../../build/servicio_suma/servicio_suma.egg-info/PKG-INFO
[4.501s] writing dependency_links to ../../build/servicio_suma/servicio_suma.egg-info/dependency_links.txt
[4.501s] writing entry points to ../../build/servicio_suma/servicio_suma.egg-info/entry_points.txt
[4.501s] writing requirements to ../../build/servicio_suma/servicio_suma.egg-info/requires.txt
[4.501s] writing top-level names to ../../build/servicio_suma/servicio_suma.egg-info/top_level.txt
[4.507s] reading manifest file '../../build/servicio_suma/servicio_suma.egg-info/SOURCES.txt'
[4.511s] adding license file 'LICENSE'
[4.512s] writing manifest file '../../build/servicio_suma/servicio_suma.egg-info/SOURCES.txt'
[4.512s] running build
[4.512s] running build_py
[4.517s] running install
[4.519s] running install_lib
[4.523s] running install_data
[4.523s] running install_egg_info
[4.531s] removing '/workspace/ros2_ws/install/servicio_suma/lib/python3.10/site-packages/servicio_suma-0.0.0-py3.10.egg-info' (and everything under it)
[4.532s] Copying ../../build/servicio_suma/servicio_suma.egg-info to /workspace/ros2_ws/install/servicio_suma/lib/python3.10/site-packages/servicio_suma-0.0.0-py3.10.egg-info
[4.534s] running install_scripts
[4.582s] Installing client script to /workspace/ros2_ws/install/servicio_suma/lib/servicio_suma
[4.582s] Installing server script to /workspace/ros2_ws/install/servicio_suma/lib/servicio_suma
[4.583s] writing list of installed files to '/workspace/ros2_ws/build/servicio_suma/install.log'
[4.646s] Invoked command in '/workspace/ros2_ws/src/servicio_suma' returned '0': PYTHONPATH=/workspace/ros2_ws/build/servicio_suma/prefix_override:/usr/lib/python3/dist-packages/colcon_core/task/python/colcon_distutils_commands:/workspace/ros2_ws/install/servicio_suma/lib/python3.10/site-packages:${PYTHONPATH} /usr/bin/python3 -W ignore:setup.py install is deprecated -W ignore:easy_install command is deprecated setup.py egg_info --egg-base ../../build/servicio_suma build --build-base /workspace/ros2_ws/build/servicio_suma/build install --record /workspace/ros2_ws/build/servicio_suma/install.log --single-version-externally-managed install_data
